"d558e95b-08c4-4c42-b17a-dd6de6332e26",OpsManager,"6/26/2024, 5:11:13.596 PM","Microsoft-Windows-Security-Auditing",Security,forensicsacl2,0,Information,"<Param>S-1-5-18</Param><Param>forensicsacl2$</Param><Param>WORKGROUP</Param><Param>0x3e7</Param><Param>S-1-5-18</Param><Param>SYSTEM</Param><Param>NT AUTHORITY</Param><Param>0x3e7</Param><Param>5</Param><Param>Advapi  </Param><Param>Negotiate</Param><Param>-</Param><Param>{00000000-0000-0000-0000-000000000000}</Param><Param>-</Param><Param>-</Param><Param>0</Param><Param>0x2e8</Param><Param>C:\Windows\System32\services.exe</Param><Param>-</Param><Param>-</Param><Param>%%1833</Param><Param>-</Param><Param>-</Param><Param>-</Param><Param>%%1843</Param><Param>0x0</Param><Param>%%1842</Param>","<DataItem Type=""System.XmlData"" time=""2024-06-26T17:11:13.5963851Z"" sourceHealthServiceId=""a0cf1214-78a1-4446-8ef1-04b39ec9b972""><EventData xmlns=""http://schemas.microsoft.com/win/2004/08/events/event""><Data Name=""SubjectUserSid"">S-1-5-18</Data><Data Name=""SubjectUserName"">forensicsacl2$</Data><Data Name=""SubjectDomainName"">WORKGROUP</Data><Data Name=""SubjectLogonId"">0x3e7</Data><Data Name=""TargetUserSid"">S-1-5-18</Data><Data Name=""TargetUserName"">SYSTEM</Data><Data Name=""TargetDomainName"">NT AUTHORITY</Data><Data Name=""TargetLogonId"">0x3e7</Data><Data Name=""LogonType"">5</Data><Data Name=""LogonProcessName"">Advapi  </Data><Data Name=""AuthenticationPackageName"">Negotiate</Data><Data Name=""WorkstationName"">-</Data><Data Name=""LogonGuid"">{00000000-0000-0000-0000-000000000000}</Data><Data Name=""TransmittedServices"">-</Data><Data Name=""LmPackageName"">-</Data><Data Name=""KeyLength"">0</Data><Data Name=""ProcessId"">0x2e8</Data><Data Name=""ProcessName"">C:\Windows\System32\services.exe</Data><Data Name=""IpAddress"">-</Data><Data Name=""IpPort"">-</Data><Data Name=""ImpersonationLevel"">%%1833</Data><Data Name=""RestrictedAdminMode"">-</Data><Data Name=""TargetOutboundUserName"">-</Data><Data Name=""TargetOutboundDomainName"">-</Data><Data Name=""VirtualAccount"">%%1843</Data><Data Name=""TargetLinkedLogonId"">0x0</Data><Data Name=""ElevatedToken"">%%1842</Data></EventData></DataItem>",4624,"An account was successfully logged on.  Subject: 	Security ID:		S-1-5-18 	Account Name:		forensicsacl2$ 	Account Domain:		WORKGROUP 	Logon ID:		0x3E7  Logon Information: 	Logon Type:		5 	Restricted Admin Mode:	- 	Virtual Account:		No 	Elevated Token:		Yes  Impersonation Level:		Impersonation  New Logon: 	Security ID:		S-1-5-18 	Account Name:		SYSTEM 	Account Domain:		NT AUTHORITY 	Logon ID:		0x3E7 	Linked Logon ID:		0x0 	Network Account Name:	- 	Network Account Domain:	- 	Logon GUID:		{00000000-0000-0000-0000-000000000000}  Process Information: 	Process ID:		0x2e8 	Process Name:		C:\Windows\System32\services.exe  Network Information: 	Workstation Name:	- 	Source Network Address:	- 	Source Port:		-  Detailed Authentication Information: 	Logon Process:		Advapi   	Authentication Package:	Negotiate 	Transited Services:	- 	Package Name (NTLM only):	- 	Key Length:		0  This event is generated when a logon session is created. It is generated on the computer that was accessed.  The subject fields indicate the account on the local system which requested the logon. This is most commonly a service such as the Server service, or a local process such as Winlogon.exe or Services.exe.  The logon type field indicates the kind of logon that occurred. The most common types are 2 (interactive) and 3 (network).  The New Logon fields indicate the account for whom the new logon was created, i.e. the account that was logged on.  The network fields indicate where a remote logon request originated. Workstation name is not always available and may be left blank in some cases.  The impersonation level field indicates the extent to which a process in the logon session can impersonate.  The authentication information fields provide detailed information about this specific logon request. 	- Logon GUID is a unique identifier that can be used to correlate this event with a KDC event. 	- Transited services indicate which intermediate services have participated in this logon request. 	- Package name indicates which sub-protocol was used among the NTLM protocols. 	- Key length indicates the length of the generated session key. This will be 0 if no session key was requested.",,,12544,"N/A",,"00000000-0000-0000-0000-000000000001","AOI-d558e95b-08c4-4c42-b17a-dd6de6332e26",Event,"/subscriptions/da2ead26-5eba-476e-90f5-13d2028a4531/resourcegroups/cloudforensics_group/providers/microsoft.compute/virtualmachines/forensicsacl2"
"d558e95b-08c4-4c42-b17a-dd6de6332e26",OpsManager,"6/26/2024, 5:11:13.596 PM","Microsoft-Windows-Security-Auditing",Security,forensicsacl2,0,Information,"<Param>S-1-5-18</Param><Param>SYSTEM</Param><Param>NT AUTHORITY</Param><Param>0x3e7</Param><Param>SeAssignPrimaryTokenPrivilege 			SeTcbPrivilege 			SeSecurityPrivilege 			SeTakeOwnershipPrivilege 			SeLoadDriverPrivilege 			SeBackupPrivilege 			SeRestorePrivilege 			SeDebugPrivilege 			SeAuditPrivilege 			SeSystemEnvironmentPrivilege 			SeImpersonatePrivilege 			SeDelegateSessionUserImpersonatePrivilege</Param>","<DataItem Type=""System.XmlData"" time=""2024-06-26T17:11:13.5963965Z"" sourceHealthServiceId=""a0cf1214-78a1-4446-8ef1-04b39ec9b972""><EventData xmlns=""http://schemas.microsoft.com/win/2004/08/events/event""><Data Name=""SubjectUserSid"">S-1-5-18</Data><Data Name=""SubjectUserName"">SYSTEM</Data><Data Name=""SubjectDomainName"">NT AUTHORITY</Data><Data Name=""SubjectLogonId"">0x3e7</Data><Data Name=""PrivilegeList"">SeAssignPrimaryTokenPrivilege 			SeTcbPrivilege 			SeSecurityPrivilege 			SeTakeOwnershipPrivilege 			SeLoadDriverPrivilege 			SeBackupPrivilege 			SeRestorePrivilege 			SeDebugPrivilege 			SeAuditPrivilege 			SeSystemEnvironmentPrivilege 			SeImpersonatePrivilege 			SeDelegateSessionUserImpersonatePrivilege</Data></EventData></DataItem>",4672,"Special privileges assigned to new logon.  Subject: 	Security ID:		S-1-5-18 	Account Name:		SYSTEM 	Account Domain:		NT AUTHORITY 	Logon ID:		0x3E7  Privileges:		SeAssignPrimaryTokenPrivilege 			SeTcbPrivilege 			SeSecurityPrivilege 			SeTakeOwnershipPrivilege 			SeLoadDriverPrivilege 			SeBackupPrivilege 			SeRestorePrivilege 			SeDebugPrivilege 			SeAuditPrivilege 			SeSystemEnvironmentPrivilege 			SeImpersonatePrivilege 			SeDelegateSessionUserImpersonatePrivilege",,,12548,"N/A",,"00000000-0000-0000-0000-000000000001","AOI-d558e95b-08c4-4c42-b17a-dd6de6332e26",Event,"/subscriptions/da2ead26-5eba-476e-90f5-13d2028a4531/resourcegroups/cloudforensics_group/providers/microsoft.compute/virtualmachines/forensicsacl2"
"d558e95b-08c4-4c42-b17a-dd6de6332e26",OpsManager,"6/26/2024, 5:11:14.946 PM","Microsoft-Windows-Security-Auditing",Security,forensicsacl2,0,Information,"<Param>S-1-5-18</Param><Param>forensicsacl2$</Param><Param>WORKGROUP</Param><Param>0x3e7</Param><Param>S-1-5-18</Param><Param>SYSTEM</Param><Param>NT AUTHORITY</Param><Param>0x3e7</Param><Param>5</Param><Param>Advapi  </Param><Param>Negotiate</Param><Param>-</Param><Param>{00000000-0000-0000-0000-000000000000}</Param><Param>-</Param><Param>-</Param><Param>0</Param><Param>0x2e8</Param><Param>C:\Windows\System32\services.exe</Param><Param>-</Param><Param>-</Param><Param>%%1833</Param><Param>-</Param><Param>-</Param><Param>-</Param><Param>%%1843</Param><Param>0x0</Param><Param>%%1842</Param>","<DataItem Type=""System.XmlData"" time=""2024-06-26T17:11:14.9469948Z"" sourceHealthServiceId=""a0cf1214-78a1-4446-8ef1-04b39ec9b972""><EventData xmlns=""http://schemas.microsoft.com/win/2004/08/events/event""><Data Name=""SubjectUserSid"">S-1-5-18</Data><Data Name=""SubjectUserName"">forensicsacl2$</Data><Data Name=""SubjectDomainName"">WORKGROUP</Data><Data Name=""SubjectLogonId"">0x3e7</Data><Data Name=""TargetUserSid"">S-1-5-18</Data><Data Name=""TargetUserName"">SYSTEM</Data><Data Name=""TargetDomainName"">NT AUTHORITY</Data><Data Name=""TargetLogonId"">0x3e7</Data><Data Name=""LogonType"">5</Data><Data Name=""LogonProcessName"">Advapi  </Data><Data Name=""AuthenticationPackageName"">Negotiate</Data><Data Name=""WorkstationName"">-</Data><Data Name=""LogonGuid"">{00000000-0000-0000-0000-000000000000}</Data><Data Name=""TransmittedServices"">-</Data><Data Name=""LmPackageName"">-</Data><Data Name=""KeyLength"">0</Data><Data Name=""ProcessId"">0x2e8</Data><Data Name=""ProcessName"">C:\Windows\System32\services.exe</Data><Data Name=""IpAddress"">-</Data><Data Name=""IpPort"">-</Data><Data Name=""ImpersonationLevel"">%%1833</Data><Data Name=""RestrictedAdminMode"">-</Data><Data Name=""TargetOutboundUserName"">-</Data><Data Name=""TargetOutboundDomainName"">-</Data><Data Name=""VirtualAccount"">%%1843</Data><Data Name=""TargetLinkedLogonId"">0x0</Data><Data Name=""ElevatedToken"">%%1842</Data></EventData></DataItem>",4624,"An account was successfully logged on.  Subject: 	Security ID:		S-1-5-18 	Account Name:		forensicsacl2$ 	Account Domain:		WORKGROUP 	Logon ID:		0x3E7  Logon Information: 	Logon Type:		5 	Restricted Admin Mode:	- 	Virtual Account:		No 	Elevated Token:		Yes  Impersonation Level:		Impersonation  New Logon: 	Security ID:		S-1-5-18 	Account Name:		SYSTEM 	Account Domain:		NT AUTHORITY 	Logon ID:		0x3E7 	Linked Logon ID:		0x0 	Network Account Name:	- 	Network Account Domain:	- 	Logon GUID:		{00000000-0000-0000-0000-000000000000}  Process Information: 	Process ID:		0x2e8 	Process Name:		C:\Windows\System32\services.exe  Network Information: 	Workstation Name:	- 	Source Network Address:	- 	Source Port:		-  Detailed Authentication Information: 	Logon Process:		Advapi   	Authentication Package:	Negotiate 	Transited Services:	- 	Package Name (NTLM only):	- 	Key Length:		0  This event is generated when a logon session is created. It is generated on the computer that was accessed.  The subject fields indicate the account on the local system which requested the logon. This is most commonly a service such as the Server service, or a local process such as Winlogon.exe or Services.exe.  The logon type field indicates the kind of logon that occurred. The most common types are 2 (interactive) and 3 (network).  The New Logon fields indicate the account for whom the new logon was created, i.e. the account that was logged on.  The network fields indicate where a remote logon request originated. Workstation name is not always available and may be left blank in some cases.  The impersonation level field indicates the extent to which a process in the logon session can impersonate.  The authentication information fields provide detailed information about this specific logon request. 	- Logon GUID is a unique identifier that can be used to correlate this event with a KDC event. 	- Transited services indicate which intermediate services have participated in this logon request. 	- Package name indicates which sub-protocol was used among the NTLM protocols. 	- Key length indicates the length of the generated session key. This will be 0 if no session key was requested.",,,12544,"N/A",,"00000000-0000-0000-0000-000000000001","AOI-d558e95b-08c4-4c42-b17a-dd6de6332e26",Event,"/subscriptions/da2ead26-5eba-476e-90f5-13d2028a4531/resourcegroups/cloudforensics_group/providers/microsoft.compute/virtualmachines/forensicsacl2"
"d558e95b-08c4-4c42-b17a-dd6de6332e26",OpsManager,"6/26/2024, 5:11:14.947 PM","Microsoft-Windows-Security-Auditing",Security,forensicsacl2,0,Information,"<Param>S-1-5-18</Param><Param>SYSTEM</Param><Param>NT AUTHORITY</Param><Param>0x3e7</Param><Param>SeAssignPrimaryTokenPrivilege 			SeTcbPrivilege 			SeSecurityPrivilege 			SeTakeOwnershipPrivilege 			SeLoadDriverPrivilege 			SeBackupPrivilege 			SeRestorePrivilege 			SeDebugPrivilege 			SeAuditPrivilege 			SeSystemEnvironmentPrivilege 			SeImpersonatePrivilege 			SeDelegateSessionUserImpersonatePrivilege</Param>","<DataItem Type=""System.XmlData"" time=""2024-06-26T17:11:14.9470367Z"" sourceHealthServiceId=""a0cf1214-78a1-4446-8ef1-04b39ec9b972""><EventData xmlns=""http://schemas.microsoft.com/win/2004/08/events/event""><Data Name=""SubjectUserSid"">S-1-5-18</Data><Data Name=""SubjectUserName"">SYSTEM</Data><Data Name=""SubjectDomainName"">NT AUTHORITY</Data><Data Name=""SubjectLogonId"">0x3e7</Data><Data Name=""PrivilegeList"">SeAssignPrimaryTokenPrivilege 			SeTcbPrivilege 			SeSecurityPrivilege 			SeTakeOwnershipPrivilege 			SeLoadDriverPrivilege 			SeBackupPrivilege 			SeRestorePrivilege 			SeDebugPrivilege 			SeAuditPrivilege 			SeSystemEnvironmentPrivilege 			SeImpersonatePrivilege 			SeDelegateSessionUserImpersonatePrivilege</Data></EventData></DataItem>",4672,"Special privileges assigned to new logon.  Subject: 	Security ID:		S-1-5-18 	Account Name:		SYSTEM 	Account Domain:		NT AUTHORITY 	Logon ID:		0x3E7  Privileges:		SeAssignPrimaryTokenPrivilege 			SeTcbPrivilege 			SeSecurityPrivilege 			SeTakeOwnershipPrivilege 			SeLoadDriverPrivilege 			SeBackupPrivilege 			SeRestorePrivilege 			SeDebugPrivilege 			SeAuditPrivilege 			SeSystemEnvironmentPrivilege 			SeImpersonatePrivilege 			SeDelegateSessionUserImpersonatePrivilege",,,12548,"N/A",,"00000000-0000-0000-0000-000000000001","AOI-d558e95b-08c4-4c42-b17a-dd6de6332e26",Event,"/subscriptions/da2ead26-5eba-476e-90f5-13d2028a4531/resourcegroups/cloudforensics_group/providers/microsoft.compute/virtualmachines/forensicsacl2"
"d558e95b-08c4-4c42-b17a-dd6de6332e26",OpsManager,"6/26/2024, 5:11:15.047 PM","Microsoft-Windows-Security-Auditing",Security,forensicsacl2,0,Information,"<Param>S-1-5-18</Param><Param>forensicsacl2$</Param><Param>WORKGROUP</Param><Param>0x3e7</Param><Param>S-1-5-18</Param><Param>SYSTEM</Param><Param>NT AUTHORITY</Param><Param>0x3e7</Param><Param>5</Param><Param>Advapi  </Param><Param>Negotiate</Param><Param>-</Param><Param>{00000000-0000-0000-0000-000000000000}</Param><Param>-</Param><Param>-</Param><Param>0</Param><Param>0x2e8</Param><Param>C:\Windows\System32\services.exe</Param><Param>-</Param><Param>-</Param><Param>%%1833</Param><Param>-</Param><Param>-</Param><Param>-</Param><Param>%%1843</Param><Param>0x0</Param><Param>%%1842</Param>","<DataItem Type=""System.XmlData"" time=""2024-06-26T17:11:15.0474801Z"" sourceHealthServiceId=""a0cf1214-78a1-4446-8ef1-04b39ec9b972""><EventData xmlns=""http://schemas.microsoft.com/win/2004/08/events/event""><Data Name=""SubjectUserSid"">S-1-5-18</Data><Data Name=""SubjectUserName"">forensicsacl2$</Data><Data Name=""SubjectDomainName"">WORKGROUP</Data><Data Name=""SubjectLogonId"">0x3e7</Data><Data Name=""TargetUserSid"">S-1-5-18</Data><Data Name=""TargetUserName"">SYSTEM</Data><Data Name=""TargetDomainName"">NT AUTHORITY</Data><Data Name=""TargetLogonId"">0x3e7</Data><Data Name=""LogonType"">5</Data><Data Name=""LogonProcessName"">Advapi  </Data><Data Name=""AuthenticationPackageName"">Negotiate</Data><Data Name=""WorkstationName"">-</Data><Data Name=""LogonGuid"">{00000000-0000-0000-0000-000000000000}</Data><Data Name=""TransmittedServices"">-</Data><Data Name=""LmPackageName"">-</Data><Data Name=""KeyLength"">0</Data><Data Name=""ProcessId"">0x2e8</Data><Data Name=""ProcessName"">C:\Windows\System32\services.exe</Data><Data Name=""IpAddress"">-</Data><Data Name=""IpPort"">-</Data><Data Name=""ImpersonationLevel"">%%1833</Data><Data Name=""RestrictedAdminMode"">-</Data><Data Name=""TargetOutboundUserName"">-</Data><Data Name=""TargetOutboundDomainName"">-</Data><Data Name=""VirtualAccount"">%%1843</Data><Data Name=""TargetLinkedLogonId"">0x0</Data><Data Name=""ElevatedToken"">%%1842</Data></EventData></DataItem>",4624,"An account was successfully logged on.  Subject: 	Security ID:		S-1-5-18 	Account Name:		forensicsacl2$ 	Account Domain:		WORKGROUP 	Logon ID:		0x3E7  Logon Information: 	Logon Type:		5 	Restricted Admin Mode:	- 	Virtual Account:		No 	Elevated Token:		Yes  Impersonation Level:		Impersonation  New Logon: 	Security ID:		S-1-5-18 	Account Name:		SYSTEM 	Account Domain:		NT AUTHORITY 	Logon ID:		0x3E7 	Linked Logon ID:		0x0 	Network Account Name:	- 	Network Account Domain:	- 	Logon GUID:		{00000000-0000-0000-0000-000000000000}  Process Information: 	Process ID:		0x2e8 	Process Name:		C:\Windows\System32\services.exe  Network Information: 	Workstation Name:	- 	Source Network Address:	- 	Source Port:		-  Detailed Authentication Information: 	Logon Process:		Advapi   	Authentication Package:	Negotiate 	Transited Services:	- 	Package Name (NTLM only):	- 	Key Length:		0  This event is generated when a logon session is created. It is generated on the computer that was accessed.  The subject fields indicate the account on the local system which requested the logon. This is most commonly a service such as the Server service, or a local process such as Winlogon.exe or Services.exe.  The logon type field indicates the kind of logon that occurred. The most common types are 2 (interactive) and 3 (network).  The New Logon fields indicate the account for whom the new logon was created, i.e. the account that was logged on.  The network fields indicate where a remote logon request originated. Workstation name is not always available and may be left blank in some cases.  The impersonation level field indicates the extent to which a process in the logon session can impersonate.  The authentication information fields provide detailed information about this specific logon request. 	- Logon GUID is a unique identifier that can be used to correlate this event with a KDC event. 	- Transited services indicate which intermediate services have participated in this logon request. 	- Package name indicates which sub-protocol was used among the NTLM protocols. 	- Key length indicates the length of the generated session key. This will be 0 if no session key was requested.",,,12544,"N/A",,"00000000-0000-0000-0000-000000000001","AOI-d558e95b-08c4-4c42-b17a-dd6de6332e26",Event,"/subscriptions/da2ead26-5eba-476e-90f5-13d2028a4531/resourcegroups/cloudforensics_group/providers/microsoft.compute/virtualmachines/forensicsacl2"
"d558e95b-08c4-4c42-b17a-dd6de6332e26",OpsManager,"6/26/2024, 5:11:15.047 PM","Microsoft-Windows-Security-Auditing",Security,forensicsacl2,0,Information,"<Param>S-1-5-18</Param><Param>SYSTEM</Param><Param>NT AUTHORITY</Param><Param>0x3e7</Param><Param>SeAssignPrimaryTokenPrivilege 			SeTcbPrivilege 			SeSecurityPrivilege 			SeTakeOwnershipPrivilege 			SeLoadDriverPrivilege 			SeBackupPrivilege 			SeRestorePrivilege 			SeDebugPrivilege 			SeAuditPrivilege 			SeSystemEnvironmentPrivilege 			SeImpersonatePrivilege 			SeDelegateSessionUserImpersonatePrivilege</Param>","<DataItem Type=""System.XmlData"" time=""2024-06-26T17:11:15.0474897Z"" sourceHealthServiceId=""a0cf1214-78a1-4446-8ef1-04b39ec9b972""><EventData xmlns=""http://schemas.microsoft.com/win/2004/08/events/event""><Data Name=""SubjectUserSid"">S-1-5-18</Data><Data Name=""SubjectUserName"">SYSTEM</Data><Data Name=""SubjectDomainName"">NT AUTHORITY</Data><Data Name=""SubjectLogonId"">0x3e7</Data><Data Name=""PrivilegeList"">SeAssignPrimaryTokenPrivilege 			SeTcbPrivilege 			SeSecurityPrivilege 			SeTakeOwnershipPrivilege 			SeLoadDriverPrivilege 			SeBackupPrivilege 			SeRestorePrivilege 			SeDebugPrivilege 			SeAuditPrivilege 			SeSystemEnvironmentPrivilege 			SeImpersonatePrivilege 			SeDelegateSessionUserImpersonatePrivilege</Data></EventData></DataItem>",4672,"Special privileges assigned to new logon.  Subject: 	Security ID:		S-1-5-18 	Account Name:		SYSTEM 	Account Domain:		NT AUTHORITY 	Logon ID:		0x3E7  Privileges:		SeAssignPrimaryTokenPrivilege 			SeTcbPrivilege 			SeSecurityPrivilege 			SeTakeOwnershipPrivilege 			SeLoadDriverPrivilege 			SeBackupPrivilege 			SeRestorePrivilege 			SeDebugPrivilege 			SeAuditPrivilege 			SeSystemEnvironmentPrivilege 			SeImpersonatePrivilege 			SeDelegateSessionUserImpersonatePrivilege",,,12548,"N/A",,"00000000-0000-0000-0000-000000000001","AOI-d558e95b-08c4-4c42-b17a-dd6de6332e26",Event,"/subscriptions/da2ead26-5eba-476e-90f5-13d2028a4531/resourcegroups/cloudforensics_group/providers/microsoft.compute/virtualmachines/forensicsacl2"
"d558e95b-08c4-4c42-b17a-dd6de6332e26",OpsManager,"6/26/2024, 5:11:15.068 PM","Microsoft-Windows-Security-Auditing",Security,forensicsacl2,0,Information,"<Param>S-1-5-21-1413295808-2032686517-1925176222-500</Param><Param>forensicsacl2</Param><Param>forensicsacl2</Param><Param>0x38c895</Param><Param>Security</Param><Param>File</Param><Param>C:\Users\FORENS~1\AppData\Local\Temp\winre\ExtractedFromWim</Param><Param>0x74c</Param><Param></Param><Param>S:ARAI(AU;SAFA;DCLCRPCRSDWDWO;;;WD)</Param><Param>0x1c84</Param><Param>C:\Windows\System32\taskhostw.exe</Param>","<DataItem Type=""System.XmlData"" time=""2024-06-26T17:11:15.0684838Z"" sourceHealthServiceId=""a0cf1214-78a1-4446-8ef1-04b39ec9b972""><EventData xmlns=""http://schemas.microsoft.com/win/2004/08/events/event""><Data Name=""SubjectUserSid"">S-1-5-21-1413295808-2032686517-1925176222-500</Data><Data Name=""SubjectUserName"">forensicsacl2</Data><Data Name=""SubjectDomainName"">forensicsacl2</Data><Data Name=""SubjectLogonId"">0x38c895</Data><Data Name=""ObjectServer"">Security</Data><Data Name=""ObjectType"">File</Data><Data Name=""ObjectName"">C:\Users\FORENS~1\AppData\Local\Temp\winre\ExtractedFromWim</Data><Data Name=""HandleId"">0x74c</Data><Data Name=""OldSd"" /><Data Name=""NewSd"">S:ARAI(AU;SAFA;DCLCRPCRSDWDWO;;;WD)</Data><Data Name=""ProcessId"">0x1c84</Data><Data Name=""ProcessName"">C:\Windows\System32\taskhostw.exe</Data></EventData></DataItem>",4907,"Auditing settings on object were changed.  Subject: 	Security ID:		S-1-5-21-1413295808-2032686517-1925176222-500 	Account Name:		forensicsacl2 	Account Domain:		forensicsacl2 	Logon ID:		0x38C895  Object: 	Object Server:	Security 	Object Type:	File 	Object Name:	C:\Users\FORENS~1\AppData\Local\Temp\winre\ExtractedFromWim 	Handle ID:	0x74c  Process Information: 	Process ID:	0x1c84 	Process Name:	C:\Windows\System32\taskhostw.exe  Auditing Settings: 	Original Security Descriptor:	 	New Security Descriptor:		S:ARAI(AU;SAFA;DCLCRPCRSDWDWO;;;WD)",,,13568,"N/A",,"00000000-0000-0000-0000-000000000001","AOI-d558e95b-08c4-4c42-b17a-dd6de6332e26",Event,"/subscriptions/da2ead26-5eba-476e-90f5-13d2028a4531/resourcegroups/cloudforensics_group/providers/microsoft.compute/virtualmachines/forensicsacl2"
"d558e95b-08c4-4c42-b17a-dd6de6332e26",OpsManager,"6/26/2024, 5:11:15.901 PM","Microsoft-Windows-Security-Auditing",Security,forensicsacl2,0,Information,"<Param>S-1-5-18</Param><Param>forensicsacl2$</Param><Param>WORKGROUP</Param><Param>0x3e7</Param><Param>S-1-5-18</Param><Param>SYSTEM</Param><Param>NT AUTHORITY</Param><Param>0x3e7</Param><Param>5</Param><Param>Advapi  </Param><Param>Negotiate</Param><Param>-</Param><Param>{00000000-0000-0000-0000-000000000000}</Param><Param>-</Param><Param>-</Param><Param>0</Param><Param>0x2e8</Param><Param>C:\Windows\System32\services.exe</Param><Param>-</Param><Param>-</Param><Param>%%1833</Param><Param>-</Param><Param>-</Param><Param>-</Param><Param>%%1843</Param><Param>0x0</Param><Param>%%1842</Param>","<DataItem Type=""System.XmlData"" time=""2024-06-26T17:11:15.9011820Z"" sourceHealthServiceId=""a0cf1214-78a1-4446-8ef1-04b39ec9b972""><EventData xmlns=""http://schemas.microsoft.com/win/2004/08/events/event""><Data Name=""SubjectUserSid"">S-1-5-18</Data><Data Name=""SubjectUserName"">forensicsacl2$</Data><Data Name=""SubjectDomainName"">WORKGROUP</Data><Data Name=""SubjectLogonId"">0x3e7</Data><Data Name=""TargetUserSid"">S-1-5-18</Data><Data Name=""TargetUserName"">SYSTEM</Data><Data Name=""TargetDomainName"">NT AUTHORITY</Data><Data Name=""TargetLogonId"">0x3e7</Data><Data Name=""LogonType"">5</Data><Data Name=""LogonProcessName"">Advapi  </Data><Data Name=""AuthenticationPackageName"">Negotiate</Data><Data Name=""WorkstationName"">-</Data><Data Name=""LogonGuid"">{00000000-0000-0000-0000-000000000000}</Data><Data Name=""TransmittedServices"">-</Data><Data Name=""LmPackageName"">-</Data><Data Name=""KeyLength"">0</Data><Data Name=""ProcessId"">0x2e8</Data><Data Name=""ProcessName"">C:\Windows\System32\services.exe</Data><Data Name=""IpAddress"">-</Data><Data Name=""IpPort"">-</Data><Data Name=""ImpersonationLevel"">%%1833</Data><Data Name=""RestrictedAdminMode"">-</Data><Data Name=""TargetOutboundUserName"">-</Data><Data Name=""TargetOutboundDomainName"">-</Data><Data Name=""VirtualAccount"">%%1843</Data><Data Name=""TargetLinkedLogonId"">0x0</Data><Data Name=""ElevatedToken"">%%1842</Data></EventData></DataItem>",4624,"An account was successfully logged on.  Subject: 	Security ID:		S-1-5-18 	Account Name:		forensicsacl2$ 	Account Domain:		WORKGROUP 	Logon ID:		0x3E7  Logon Information: 	Logon Type:		5 	Restricted Admin Mode:	- 	Virtual Account:		No 	Elevated Token:		Yes  Impersonation Level:		Impersonation  New Logon: 	Security ID:		S-1-5-18 	Account Name:		SYSTEM 	Account Domain:		NT AUTHORITY 	Logon ID:		0x3E7 	Linked Logon ID:		0x0 	Network Account Name:	- 	Network Account Domain:	- 	Logon GUID:		{00000000-0000-0000-0000-000000000000}  Process Information: 	Process ID:		0x2e8 	Process Name:		C:\Windows\System32\services.exe  Network Information: 	Workstation Name:	- 	Source Network Address:	- 	Source Port:		-  Detailed Authentication Information: 	Logon Process:		Advapi   	Authentication Package:	Negotiate 	Transited Services:	- 	Package Name (NTLM only):	- 	Key Length:		0  This event is generated when a logon session is created. It is generated on the computer that was accessed.  The subject fields indicate the account on the local system which requested the logon. This is most commonly a service such as the Server service, or a local process such as Winlogon.exe or Services.exe.  The logon type field indicates the kind of logon that occurred. The most common types are 2 (interactive) and 3 (network).  The New Logon fields indicate the account for whom the new logon was created, i.e. the account that was logged on.  The network fields indicate where a remote logon request originated. Workstation name is not always available and may be left blank in some cases.  The impersonation level field indicates the extent to which a process in the logon session can impersonate.  The authentication information fields provide detailed information about this specific logon request. 	- Logon GUID is a unique identifier that can be used to correlate this event with a KDC event. 	- Transited services indicate which intermediate services have participated in this logon request. 	- Package name indicates which sub-protocol was used among the NTLM protocols. 	- Key length indicates the length of the generated session key. This will be 0 if no session key was requested.",,,12544,"N/A",,"00000000-0000-0000-0000-000000000001","AOI-d558e95b-08c4-4c42-b17a-dd6de6332e26",Event,"/subscriptions/da2ead26-5eba-476e-90f5-13d2028a4531/resourcegroups/cloudforensics_group/providers/microsoft.compute/virtualmachines/forensicsacl2"
"d558e95b-08c4-4c42-b17a-dd6de6332e26",OpsManager,"6/26/2024, 5:11:15.901 PM","Microsoft-Windows-Security-Auditing",Security,forensicsacl2,0,Information,"<Param>S-1-5-18</Param><Param>SYSTEM</Param><Param>NT AUTHORITY</Param><Param>0x3e7</Param><Param>SeAssignPrimaryTokenPrivilege 			SeTcbPrivilege 			SeSecurityPrivilege 			SeTakeOwnershipPrivilege 			SeLoadDriverPrivilege 			SeBackupPrivilege 			SeRestorePrivilege 			SeDebugPrivilege 			SeAuditPrivilege 			SeSystemEnvironmentPrivilege 			SeImpersonatePrivilege 			SeDelegateSessionUserImpersonatePrivilege</Param>","<DataItem Type=""System.XmlData"" time=""2024-06-26T17:11:15.9011912Z"" sourceHealthServiceId=""a0cf1214-78a1-4446-8ef1-04b39ec9b972""><EventData xmlns=""http://schemas.microsoft.com/win/2004/08/events/event""><Data Name=""SubjectUserSid"">S-1-5-18</Data><Data Name=""SubjectUserName"">SYSTEM</Data><Data Name=""SubjectDomainName"">NT AUTHORITY</Data><Data Name=""SubjectLogonId"">0x3e7</Data><Data Name=""PrivilegeList"">SeAssignPrimaryTokenPrivilege 			SeTcbPrivilege 			SeSecurityPrivilege 			SeTakeOwnershipPrivilege 			SeLoadDriverPrivilege 			SeBackupPrivilege 			SeRestorePrivilege 			SeDebugPrivilege 			SeAuditPrivilege 			SeSystemEnvironmentPrivilege 			SeImpersonatePrivilege 			SeDelegateSessionUserImpersonatePrivilege</Data></EventData></DataItem>",4672,"Special privileges assigned to new logon.  Subject: 	Security ID:		S-1-5-18 	Account Name:		SYSTEM 	Account Domain:		NT AUTHORITY 	Logon ID:		0x3E7  Privileges:		SeAssignPrimaryTokenPrivilege 			SeTcbPrivilege 			SeSecurityPrivilege 			SeTakeOwnershipPrivilege 			SeLoadDriverPrivilege 			SeBackupPrivilege 			SeRestorePrivilege 			SeDebugPrivilege 			SeAuditPrivilege 			SeSystemEnvironmentPrivilege 			SeImpersonatePrivilege 			SeDelegateSessionUserImpersonatePrivilege",,,12548,"N/A",,"00000000-0000-0000-0000-000000000001","AOI-d558e95b-08c4-4c42-b17a-dd6de6332e26",Event,"/subscriptions/da2ead26-5eba-476e-90f5-13d2028a4531/resourcegroups/cloudforensics_group/providers/microsoft.compute/virtualmachines/forensicsacl2"
"d558e95b-08c4-4c42-b17a-dd6de6332e26",OpsManager,"6/26/2024, 5:11:40.398 PM","Microsoft-Windows-Security-Auditing",Security,forensicsacl2,0,Information,"<Param>S-1-5-18</Param><Param>forensicsacl2$</Param><Param>WORKGROUP</Param><Param>0x3e7</Param><Param>S-1-5-18</Param><Param>SYSTEM</Param><Param>NT AUTHORITY</Param><Param>0x3e7</Param><Param>5</Param><Param>Advapi  </Param><Param>Negotiate</Param><Param>-</Param><Param>{00000000-0000-0000-0000-000000000000}</Param><Param>-</Param><Param>-</Param><Param>0</Param><Param>0x2e8</Param><Param>C:\Windows\System32\services.exe</Param><Param>-</Param><Param>-</Param><Param>%%1833</Param><Param>-</Param><Param>-</Param><Param>-</Param><Param>%%1843</Param><Param>0x0</Param><Param>%%1842</Param>","<DataItem Type=""System.XmlData"" time=""2024-06-26T17:11:40.3981931Z"" sourceHealthServiceId=""a0cf1214-78a1-4446-8ef1-04b39ec9b972""><EventData xmlns=""http://schemas.microsoft.com/win/2004/08/events/event""><Data Name=""SubjectUserSid"">S-1-5-18</Data><Data Name=""SubjectUserName"">forensicsacl2$</Data><Data Name=""SubjectDomainName"">WORKGROUP</Data><Data Name=""SubjectLogonId"">0x3e7</Data><Data Name=""TargetUserSid"">S-1-5-18</Data><Data Name=""TargetUserName"">SYSTEM</Data><Data Name=""TargetDomainName"">NT AUTHORITY</Data><Data Name=""TargetLogonId"">0x3e7</Data><Data Name=""LogonType"">5</Data><Data Name=""LogonProcessName"">Advapi  </Data><Data Name=""AuthenticationPackageName"">Negotiate</Data><Data Name=""WorkstationName"">-</Data><Data Name=""LogonGuid"">{00000000-0000-0000-0000-000000000000}</Data><Data Name=""TransmittedServices"">-</Data><Data Name=""LmPackageName"">-</Data><Data Name=""KeyLength"">0</Data><Data Name=""ProcessId"">0x2e8</Data><Data Name=""ProcessName"">C:\Windows\System32\services.exe</Data><Data Name=""IpAddress"">-</Data><Data Name=""IpPort"">-</Data><Data Name=""ImpersonationLevel"">%%1833</Data><Data Name=""RestrictedAdminMode"">-</Data><Data Name=""TargetOutboundUserName"">-</Data><Data Name=""TargetOutboundDomainName"">-</Data><Data Name=""VirtualAccount"">%%1843</Data><Data Name=""TargetLinkedLogonId"">0x0</Data><Data Name=""ElevatedToken"">%%1842</Data></EventData></DataItem>",4624,"An account was successfully logged on.  Subject: 	Security ID:		S-1-5-18 	Account Name:		forensicsacl2$ 	Account Domain:		WORKGROUP 	Logon ID:		0x3E7  Logon Information: 	Logon Type:		5 	Restricted Admin Mode:	- 	Virtual Account:		No 	Elevated Token:		Yes  Impersonation Level:		Impersonation  New Logon: 	Security ID:		S-1-5-18 	Account Name:		SYSTEM 	Account Domain:		NT AUTHORITY 	Logon ID:		0x3E7 	Linked Logon ID:		0x0 	Network Account Name:	- 	Network Account Domain:	- 	Logon GUID:		{00000000-0000-0000-0000-000000000000}  Process Information: 	Process ID:		0x2e8 	Process Name:		C:\Windows\System32\services.exe  Network Information: 	Workstation Name:	- 	Source Network Address:	- 	Source Port:		-  Detailed Authentication Information: 	Logon Process:		Advapi   	Authentication Package:	Negotiate 	Transited Services:	- 	Package Name (NTLM only):	- 	Key Length:		0  This event is generated when a logon session is created. It is generated on the computer that was accessed.  The subject fields indicate the account on the local system which requested the logon. This is most commonly a service such as the Server service, or a local process such as Winlogon.exe or Services.exe.  The logon type field indicates the kind of logon that occurred. The most common types are 2 (interactive) and 3 (network).  The New Logon fields indicate the account for whom the new logon was created, i.e. the account that was logged on.  The network fields indicate where a remote logon request originated. Workstation name is not always available and may be left blank in some cases.  The impersonation level field indicates the extent to which a process in the logon session can impersonate.  The authentication information fields provide detailed information about this specific logon request. 	- Logon GUID is a unique identifier that can be used to correlate this event with a KDC event. 	- Transited services indicate which intermediate services have participated in this logon request. 	- Package name indicates which sub-protocol was used among the NTLM protocols. 	- Key length indicates the length of the generated session key. This will be 0 if no session key was requested.",,,12544,"N/A",,"00000000-0000-0000-0000-000000000001","AOI-d558e95b-08c4-4c42-b17a-dd6de6332e26",Event,"/subscriptions/da2ead26-5eba-476e-90f5-13d2028a4531/resourcegroups/cloudforensics_group/providers/microsoft.compute/virtualmachines/forensicsacl2"
"d558e95b-08c4-4c42-b17a-dd6de6332e26",OpsManager,"6/26/2024, 5:11:40.398 PM","Microsoft-Windows-Security-Auditing",Security,forensicsacl2,0,Information,"<Param>S-1-5-18</Param><Param>SYSTEM</Param><Param>NT AUTHORITY</Param><Param>0x3e7</Param><Param>SeAssignPrimaryTokenPrivilege 			SeTcbPrivilege 			SeSecurityPrivilege 			SeTakeOwnershipPrivilege 			SeLoadDriverPrivilege 			SeBackupPrivilege 			SeRestorePrivilege 			SeDebugPrivilege 			SeAuditPrivilege 			SeSystemEnvironmentPrivilege 			SeImpersonatePrivilege 			SeDelegateSessionUserImpersonatePrivilege</Param>","<DataItem Type=""System.XmlData"" time=""2024-06-26T17:11:40.3982046Z"" sourceHealthServiceId=""a0cf1214-78a1-4446-8ef1-04b39ec9b972""><EventData xmlns=""http://schemas.microsoft.com/win/2004/08/events/event""><Data Name=""SubjectUserSid"">S-1-5-18</Data><Data Name=""SubjectUserName"">SYSTEM</Data><Data Name=""SubjectDomainName"">NT AUTHORITY</Data><Data Name=""SubjectLogonId"">0x3e7</Data><Data Name=""PrivilegeList"">SeAssignPrimaryTokenPrivilege 			SeTcbPrivilege 			SeSecurityPrivilege 			SeTakeOwnershipPrivilege 			SeLoadDriverPrivilege 			SeBackupPrivilege 			SeRestorePrivilege 			SeDebugPrivilege 			SeAuditPrivilege 			SeSystemEnvironmentPrivilege 			SeImpersonatePrivilege 			SeDelegateSessionUserImpersonatePrivilege</Data></EventData></DataItem>",4672,"Special privileges assigned to new logon.  Subject: 	Security ID:		S-1-5-18 	Account Name:		SYSTEM 	Account Domain:		NT AUTHORITY 	Logon ID:		0x3E7  Privileges:		SeAssignPrimaryTokenPrivilege 			SeTcbPrivilege 			SeSecurityPrivilege 			SeTakeOwnershipPrivilege 			SeLoadDriverPrivilege 			SeBackupPrivilege 			SeRestorePrivilege 			SeDebugPrivilege 			SeAuditPrivilege 			SeSystemEnvironmentPrivilege 			SeImpersonatePrivilege 			SeDelegateSessionUserImpersonatePrivilege",,,12548,"N/A",,"00000000-0000-0000-0000-000000000001","AOI-d558e95b-08c4-4c42-b17a-dd6de6332e26",Event,"/subscriptions/da2ead26-5eba-476e-90f5-13d2028a4531/resourcegroups/cloudforensics_group/providers/microsoft.compute/virtualmachines/forensicsacl2"
"d558e95b-08c4-4c42-b17a-dd6de6332e26",OpsManager,"6/26/2024, 5:12:10.442 PM","Microsoft-Windows-Security-Auditing",Security,forensicsacl2,0,Information,"<Param>S-1-5-18</Param><Param>forensicsacl2$</Param><Param>WORKGROUP</Param><Param>0x3e7</Param><Param>S-1-5-18</Param><Param>SYSTEM</Param><Param>NT AUTHORITY</Param><Param>0x3e7</Param><Param>5</Param><Param>Advapi  </Param><Param>Negotiate</Param><Param>-</Param><Param>{00000000-0000-0000-0000-000000000000}</Param><Param>-</Param><Param>-</Param><Param>0</Param><Param>0x2e8</Param><Param>C:\Windows\System32\services.exe</Param><Param>-</Param><Param>-</Param><Param>%%1833</Param><Param>-</Param><Param>-</Param><Param>-</Param><Param>%%1843</Param><Param>0x0</Param><Param>%%1842</Param>","<DataItem Type=""System.XmlData"" time=""2024-06-26T17:12:10.4422376Z"" sourceHealthServiceId=""a0cf1214-78a1-4446-8ef1-04b39ec9b972""><EventData xmlns=""http://schemas.microsoft.com/win/2004/08/events/event""><Data Name=""SubjectUserSid"">S-1-5-18</Data><Data Name=""SubjectUserName"">forensicsacl2$</Data><Data Name=""SubjectDomainName"">WORKGROUP</Data><Data Name=""SubjectLogonId"">0x3e7</Data><Data Name=""TargetUserSid"">S-1-5-18</Data><Data Name=""TargetUserName"">SYSTEM</Data><Data Name=""TargetDomainName"">NT AUTHORITY</Data><Data Name=""TargetLogonId"">0x3e7</Data><Data Name=""LogonType"">5</Data><Data Name=""LogonProcessName"">Advapi  </Data><Data Name=""AuthenticationPackageName"">Negotiate</Data><Data Name=""WorkstationName"">-</Data><Data Name=""LogonGuid"">{00000000-0000-0000-0000-000000000000}</Data><Data Name=""TransmittedServices"">-</Data><Data Name=""LmPackageName"">-</Data><Data Name=""KeyLength"">0</Data><Data Name=""ProcessId"">0x2e8</Data><Data Name=""ProcessName"">C:\Windows\System32\services.exe</Data><Data Name=""IpAddress"">-</Data><Data Name=""IpPort"">-</Data><Data Name=""ImpersonationLevel"">%%1833</Data><Data Name=""RestrictedAdminMode"">-</Data><Data Name=""TargetOutboundUserName"">-</Data><Data Name=""TargetOutboundDomainName"">-</Data><Data Name=""VirtualAccount"">%%1843</Data><Data Name=""TargetLinkedLogonId"">0x0</Data><Data Name=""ElevatedToken"">%%1842</Data></EventData></DataItem>",4624,"An account was successfully logged on.  Subject: 	Security ID:		S-1-5-18 	Account Name:		forensicsacl2$ 	Account Domain:		WORKGROUP 	Logon ID:		0x3E7  Logon Information: 	Logon Type:		5 	Restricted Admin Mode:	- 	Virtual Account:		No 	Elevated Token:		Yes  Impersonation Level:		Impersonation  New Logon: 	Security ID:		S-1-5-18 	Account Name:		SYSTEM 	Account Domain:		NT AUTHORITY 	Logon ID:		0x3E7 	Linked Logon ID:		0x0 	Network Account Name:	- 	Network Account Domain:	- 	Logon GUID:		{00000000-0000-0000-0000-000000000000}  Process Information: 	Process ID:		0x2e8 	Process Name:		C:\Windows\System32\services.exe  Network Information: 	Workstation Name:	- 	Source Network Address:	- 	Source Port:		-  Detailed Authentication Information: 	Logon Process:		Advapi   	Authentication Package:	Negotiate 	Transited Services:	- 	Package Name (NTLM only):	- 	Key Length:		0  This event is generated when a logon session is created. It is generated on the computer that was accessed.  The subject fields indicate the account on the local system which requested the logon. This is most commonly a service such as the Server service, or a local process such as Winlogon.exe or Services.exe.  The logon type field indicates the kind of logon that occurred. The most common types are 2 (interactive) and 3 (network).  The New Logon fields indicate the account for whom the new logon was created, i.e. the account that was logged on.  The network fields indicate where a remote logon request originated. Workstation name is not always available and may be left blank in some cases.  The impersonation level field indicates the extent to which a process in the logon session can impersonate.  The authentication information fields provide detailed information about this specific logon request. 	- Logon GUID is a unique identifier that can be used to correlate this event with a KDC event. 	- Transited services indicate which intermediate services have participated in this logon request. 	- Package name indicates which sub-protocol was used among the NTLM protocols. 	- Key length indicates the length of the generated session key. This will be 0 if no session key was requested.",,,12544,"N/A",,"00000000-0000-0000-0000-000000000001","AOI-d558e95b-08c4-4c42-b17a-dd6de6332e26",Event,"/subscriptions/da2ead26-5eba-476e-90f5-13d2028a4531/resourcegroups/cloudforensics_group/providers/microsoft.compute/virtualmachines/forensicsacl2"
"d558e95b-08c4-4c42-b17a-dd6de6332e26",OpsManager,"6/26/2024, 5:12:10.442 PM","Microsoft-Windows-Security-Auditing",Security,forensicsacl2,0,Information,"<Param>S-1-5-18</Param><Param>SYSTEM</Param><Param>NT AUTHORITY</Param><Param>0x3e7</Param><Param>SeAssignPrimaryTokenPrivilege 			SeTcbPrivilege 			SeSecurityPrivilege 			SeTakeOwnershipPrivilege 			SeLoadDriverPrivilege 			SeBackupPrivilege 			SeRestorePrivilege 			SeDebugPrivilege 			SeAuditPrivilege 			SeSystemEnvironmentPrivilege 			SeImpersonatePrivilege 			SeDelegateSessionUserImpersonatePrivilege</Param>","<DataItem Type=""System.XmlData"" time=""2024-06-26T17:12:10.4422477Z"" sourceHealthServiceId=""a0cf1214-78a1-4446-8ef1-04b39ec9b972""><EventData xmlns=""http://schemas.microsoft.com/win/2004/08/events/event""><Data Name=""SubjectUserSid"">S-1-5-18</Data><Data Name=""SubjectUserName"">SYSTEM</Data><Data Name=""SubjectDomainName"">NT AUTHORITY</Data><Data Name=""SubjectLogonId"">0x3e7</Data><Data Name=""PrivilegeList"">SeAssignPrimaryTokenPrivilege 			SeTcbPrivilege 			SeSecurityPrivilege 			SeTakeOwnershipPrivilege 			SeLoadDriverPrivilege 			SeBackupPrivilege 			SeRestorePrivilege 			SeDebugPrivilege 			SeAuditPrivilege 			SeSystemEnvironmentPrivilege 			SeImpersonatePrivilege 			SeDelegateSessionUserImpersonatePrivilege</Data></EventData></DataItem>",4672,"Special privileges assigned to new logon.  Subject: 	Security ID:		S-1-5-18 	Account Name:		SYSTEM 	Account Domain:		NT AUTHORITY 	Logon ID:		0x3E7  Privileges:		SeAssignPrimaryTokenPrivilege 			SeTcbPrivilege 			SeSecurityPrivilege 			SeTakeOwnershipPrivilege 			SeLoadDriverPrivilege 			SeBackupPrivilege 			SeRestorePrivilege 			SeDebugPrivilege 			SeAuditPrivilege 			SeSystemEnvironmentPrivilege 			SeImpersonatePrivilege 			SeDelegateSessionUserImpersonatePrivilege",,,12548,"N/A",,"00000000-0000-0000-0000-000000000001","AOI-d558e95b-08c4-4c42-b17a-dd6de6332e26",Event,"/subscriptions/da2ead26-5eba-476e-90f5-13d2028a4531/resourcegroups/cloudforensics_group/providers/microsoft.compute/virtualmachines/forensicsacl2"
"d558e95b-08c4-4c42-b17a-dd6de6332e26",OpsManager,"6/26/2024, 5:12:26.096 PM","Microsoft-Windows-Security-SPP",Application,forensicsacl2,4,Information,"<Param>2024-07-03T16:53:26Z</Param><Param>RulesEngine</Param>","<DataItem Type=""System.XmlData"" time=""2024-06-26T17:12:26.0969741Z"" sourceHealthServiceId=""a0cf1214-78a1-4446-8ef1-04b39ec9b972""><EventData xmlns=""http://schemas.microsoft.com/win/2004/08/events/event""><Data>2024-07-03T16:53:26Z</Data><Data>RulesEngine</Data></EventData></DataItem>",16384,"Successfully scheduled Software Protection service for re-start at 2024-07-03T16:53:26Z. Reason: RulesEngine.",,,0,"N/A",,"00000000-0000-0000-0000-000000000001","AOI-d558e95b-08c4-4c42-b17a-dd6de6332e26",Event,"/subscriptions/da2ead26-5eba-476e-90f5-13d2028a4531/resourcegroups/cloudforensics_group/providers/microsoft.compute/virtualmachines/forensicsacl2"
"d558e95b-08c4-4c42-b17a-dd6de6332e26",OpsManager,"6/26/2024, 5:13:00.034 PM","Microsoft-Windows-Security-SPP",Application,forensicsacl2,4,Information,,"<DataItem Type=""System.XmlData"" time=""2024-06-26T17:13:00.0344265Z"" sourceHealthServiceId=""a0cf1214-78a1-4446-8ef1-04b39ec9b972""><EventData xmlns=""http://schemas.microsoft.com/win/2004/08/events/event"" /></DataItem>",16394,"Offline downlevel migration succeeded.",,,0,"N/A",,"00000000-0000-0000-0000-000000000001","AOI-d558e95b-08c4-4c42-b17a-dd6de6332e26",Event,"/subscriptions/da2ead26-5eba-476e-90f5-13d2028a4531/resourcegroups/cloudforensics_group/providers/microsoft.compute/virtualmachines/forensicsacl2"
"d558e95b-08c4-4c42-b17a-dd6de6332e26",OpsManager,"6/26/2024, 5:12:59.342 PM","Microsoft-Windows-Security-Auditing",Security,forensicsacl2,0,Information,"<Param>S-1-5-18</Param><Param>forensicsacl2$</Param><Param>WORKGROUP</Param><Param>0x3e7</Param><Param>S-1-5-18</Param><Param>SYSTEM</Param><Param>NT AUTHORITY</Param><Param>0x3e7</Param><Param>5</Param><Param>Advapi  </Param><Param>Negotiate</Param><Param>-</Param><Param>{00000000-0000-0000-0000-000000000000}</Param><Param>-</Param><Param>-</Param><Param>0</Param><Param>0x2e8</Param><Param>C:\Windows\System32\services.exe</Param><Param>-</Param><Param>-</Param><Param>%%1833</Param><Param>-</Param><Param>-</Param><Param>-</Param><Param>%%1843</Param><Param>0x0</Param><Param>%%1842</Param>","<DataItem Type=""System.XmlData"" time=""2024-06-26T17:12:59.3429405Z"" sourceHealthServiceId=""a0cf1214-78a1-4446-8ef1-04b39ec9b972""><EventData xmlns=""http://schemas.microsoft.com/win/2004/08/events/event""><Data Name=""SubjectUserSid"">S-1-5-18</Data><Data Name=""SubjectUserName"">forensicsacl2$</Data><Data Name=""SubjectDomainName"">WORKGROUP</Data><Data Name=""SubjectLogonId"">0x3e7</Data><Data Name=""TargetUserSid"">S-1-5-18</Data><Data Name=""TargetUserName"">SYSTEM</Data><Data Name=""TargetDomainName"">NT AUTHORITY</Data><Data Name=""TargetLogonId"">0x3e7</Data><Data Name=""LogonType"">5</Data><Data Name=""LogonProcessName"">Advapi  </Data><Data Name=""AuthenticationPackageName"">Negotiate</Data><Data Name=""WorkstationName"">-</Data><Data Name=""LogonGuid"">{00000000-0000-0000-0000-000000000000}</Data><Data Name=""TransmittedServices"">-</Data><Data Name=""LmPackageName"">-</Data><Data Name=""KeyLength"">0</Data><Data Name=""ProcessId"">0x2e8</Data><Data Name=""ProcessName"">C:\Windows\System32\services.exe</Data><Data Name=""IpAddress"">-</Data><Data Name=""IpPort"">-</Data><Data Name=""ImpersonationLevel"">%%1833</Data><Data Name=""RestrictedAdminMode"">-</Data><Data Name=""TargetOutboundUserName"">-</Data><Data Name=""TargetOutboundDomainName"">-</Data><Data Name=""VirtualAccount"">%%1843</Data><Data Name=""TargetLinkedLogonId"">0x0</Data><Data Name=""ElevatedToken"">%%1842</Data></EventData></DataItem>",4624,"An account was successfully logged on.  Subject: 	Security ID:		S-1-5-18 	Account Name:		forensicsacl2$ 	Account Domain:		WORKGROUP 	Logon ID:		0x3E7  Logon Information: 	Logon Type:		5 	Restricted Admin Mode:	- 	Virtual Account:		No 	Elevated Token:		Yes  Impersonation Level:		Impersonation  New Logon: 	Security ID:		S-1-5-18 	Account Name:		SYSTEM 	Account Domain:		NT AUTHORITY 	Logon ID:		0x3E7 	Linked Logon ID:		0x0 	Network Account Name:	- 	Network Account Domain:	- 	Logon GUID:		{00000000-0000-0000-0000-000000000000}  Process Information: 	Process ID:		0x2e8 	Process Name:		C:\Windows\System32\services.exe  Network Information: 	Workstation Name:	- 	Source Network Address:	- 	Source Port:		-  Detailed Authentication Information: 	Logon Process:		Advapi   	Authentication Package:	Negotiate 	Transited Services:	- 	Package Name (NTLM only):	- 	Key Length:		0  This event is generated when a logon session is created. It is generated on the computer that was accessed.  The subject fields indicate the account on the local system which requested the logon. This is most commonly a service such as the Server service, or a local process such as Winlogon.exe or Services.exe.  The logon type field indicates the kind of logon that occurred. The most common types are 2 (interactive) and 3 (network).  The New Logon fields indicate the account for whom the new logon was created, i.e. the account that was logged on.  The network fields indicate where a remote logon request originated. Workstation name is not always available and may be left blank in some cases.  The impersonation level field indicates the extent to which a process in the logon session can impersonate.  The authentication information fields provide detailed information about this specific logon request. 	- Logon GUID is a unique identifier that can be used to correlate this event with a KDC event. 	- Transited services indicate which intermediate services have participated in this logon request. 	- Package name indicates which sub-protocol was used among the NTLM protocols. 	- Key length indicates the length of the generated session key. This will be 0 if no session key was requested.",,,12544,"N/A",,"00000000-0000-0000-0000-000000000001","AOI-d558e95b-08c4-4c42-b17a-dd6de6332e26",Event,"/subscriptions/da2ead26-5eba-476e-90f5-13d2028a4531/resourcegroups/cloudforensics_group/providers/microsoft.compute/virtualmachines/forensicsacl2"
