"d558e95b-08c4-4c42-b17a-dd6de6332e26",OpsManager,"6/26/2024, 5:04:09.988 PM","Microsoft-Windows-Security-Auditing",Security,forensicsacl2,0,Information,"<Param>S-1-5-21-1413295808-2032686517-1925176222-500</Param><Param>forensicsacl2</Param><Param>forensicsacl2</Param><Param>0x38c895</Param><Param>MicrosoftAccount:user=02alysbxkrazhqmm</Param><Param>0</Param><Param>0</Param><Param>%%8100</Param><Param>3221226021</Param><Param>2024-06-26T17:01:07.0391904Z</Param><Param>5396</Param>","<DataItem Type=""System.XmlData"" time=""2024-06-26T17:04:09.9888144Z"" sourceHealthServiceId=""a0cf1214-78a1-4446-8ef1-04b39ec9b972""><EventData xmlns=""http://schemas.microsoft.com/win/2004/08/events/event""><Data Name=""SubjectUserSid"">S-1-5-21-1413295808-2032686517-1925176222-500</Data><Data Name=""SubjectUserName"">forensicsacl2</Data><Data Name=""SubjectDomainName"">forensicsacl2</Data><Data Name=""SubjectLogonId"">0x38c895</Data><Data Name=""TargetName"">MicrosoftAccount:user=02alysbxkrazhqmm</Data><Data Name=""Type"">0</Data><Data Name=""CountOfCredentialsReturned"">0</Data><Data Name=""ReadOperation"">%%8100</Data><Data Name=""ReturnCode"">3221226021</Data><Data Name=""ProcessCreationTime"">2024-06-26T17:01:07.0391904Z</Data><Data Name=""ClientProcessId"">5396</Data></EventData></DataItem>",5379,"Credential Manager credentials were read.  Subject: 	Security ID:		S-1-5-21-1413295808-2032686517-1925176222-500 	Account Name:		forensicsacl2 	Account Domain:		forensicsacl2 	Logon ID:		0x38C895 	Read Operation:		Enumerate Credentials  This event occurs when a user performs a read operation on stored credentials in Credential Manager.",,,13824,"N/A",,"00000000-0000-0000-0000-000000000001","AOI-d558e95b-08c4-4c42-b17a-dd6de6332e26",Event,"/subscriptions/da2ead26-5eba-476e-90f5-13d2028a4531/resourcegroups/cloudforensics_group/providers/microsoft.compute/virtualmachines/forensicsacl2"
"d558e95b-08c4-4c42-b17a-dd6de6332e26",OpsManager,"6/26/2024, 5:04:10.000 PM","Microsoft-Windows-Security-Auditing",Security,forensicsacl2,0,Information,"<Param>S-1-5-21-1413295808-2032686517-1925176222-500</Param><Param>forensicsacl2</Param><Param>forensicsacl2</Param><Param>0x38c895</Param><Param>MicrosoftAccount:user=02alysbxkrazhqmm</Param><Param>0</Param><Param>0</Param><Param>%%8100</Param><Param>3221226021</Param><Param>2024-06-26T17:01:07.0391904Z</Param><Param>5396</Param>","<DataItem Type=""System.XmlData"" time=""2024-06-26T17:04:10.0009376Z"" sourceHealthServiceId=""a0cf1214-78a1-4446-8ef1-04b39ec9b972""><EventData xmlns=""http://schemas.microsoft.com/win/2004/08/events/event""><Data Name=""SubjectUserSid"">S-1-5-21-1413295808-2032686517-1925176222-500</Data><Data Name=""SubjectUserName"">forensicsacl2</Data><Data Name=""SubjectDomainName"">forensicsacl2</Data><Data Name=""SubjectLogonId"">0x38c895</Data><Data Name=""TargetName"">MicrosoftAccount:user=02alysbxkrazhqmm</Data><Data Name=""Type"">0</Data><Data Name=""CountOfCredentialsReturned"">0</Data><Data Name=""ReadOperation"">%%8100</Data><Data Name=""ReturnCode"">3221226021</Data><Data Name=""ProcessCreationTime"">2024-06-26T17:01:07.0391904Z</Data><Data Name=""ClientProcessId"">5396</Data></EventData></DataItem>",5379,"Credential Manager credentials were read.  Subject: 	Security ID:		S-1-5-21-1413295808-2032686517-1925176222-500 	Account Name:		forensicsacl2 	Account Domain:		forensicsacl2 	Logon ID:		0x38C895 	Read Operation:		Enumerate Credentials  This event occurs when a user performs a read operation on stored credentials in Credential Manager.",,,13824,"N/A",,"00000000-0000-0000-0000-000000000001","AOI-d558e95b-08c4-4c42-b17a-dd6de6332e26",Event,"/subscriptions/da2ead26-5eba-476e-90f5-13d2028a4531/resourcegroups/cloudforensics_group/providers/microsoft.compute/virtualmachines/forensicsacl2"
"d558e95b-08c4-4c42-b17a-dd6de6332e26",OpsManager,"6/26/2024, 5:04:10.008 PM","Microsoft-Windows-Security-Auditing",Security,forensicsacl2,0,Information,"<Param>S-1-5-21-1413295808-2032686517-1925176222-500</Param><Param>forensicsacl2</Param><Param>forensicsacl2</Param><Param>0x38c895</Param><Param>MicrosoftAccount:user=02alysbxkrazhqmm</Param><Param>0</Param><Param>0</Param><Param>%%8100</Param><Param>3221226021</Param><Param>2024-06-26T17:01:07.0391904Z</Param><Param>5396</Param>","<DataItem Type=""System.XmlData"" time=""2024-06-26T17:04:10.0085482Z"" sourceHealthServiceId=""a0cf1214-78a1-4446-8ef1-04b39ec9b972""><EventData xmlns=""http://schemas.microsoft.com/win/2004/08/events/event""><Data Name=""SubjectUserSid"">S-1-5-21-1413295808-2032686517-1925176222-500</Data><Data Name=""SubjectUserName"">forensicsacl2</Data><Data Name=""SubjectDomainName"">forensicsacl2</Data><Data Name=""SubjectLogonId"">0x38c895</Data><Data Name=""TargetName"">MicrosoftAccount:user=02alysbxkrazhqmm</Data><Data Name=""Type"">0</Data><Data Name=""CountOfCredentialsReturned"">0</Data><Data Name=""ReadOperation"">%%8100</Data><Data Name=""ReturnCode"">3221226021</Data><Data Name=""ProcessCreationTime"">2024-06-26T17:01:07.0391904Z</Data><Data Name=""ClientProcessId"">5396</Data></EventData></DataItem>",5379,"Credential Manager credentials were read.  Subject: 	Security ID:		S-1-5-21-1413295808-2032686517-1925176222-500 	Account Name:		forensicsacl2 	Account Domain:		forensicsacl2 	Logon ID:		0x38C895 	Read Operation:		Enumerate Credentials  This event occurs when a user performs a read operation on stored credentials in Credential Manager.",,,13824,"N/A",,"00000000-0000-0000-0000-000000000001","AOI-d558e95b-08c4-4c42-b17a-dd6de6332e26",Event,"/subscriptions/da2ead26-5eba-476e-90f5-13d2028a4531/resourcegroups/cloudforensics_group/providers/microsoft.compute/virtualmachines/forensicsacl2"
"d558e95b-08c4-4c42-b17a-dd6de6332e26",OpsManager,"6/26/2024, 5:04:10.008 PM","Microsoft-Windows-Security-Auditing",Security,forensicsacl2,0,Information,"<Param>S-1-5-21-1413295808-2032686517-1925176222-500</Param><Param>forensicsacl2</Param><Param>forensicsacl2</Param><Param>0x38c895</Param><Param>MicrosoftAccount:user=02alysbxkrazhqmm</Param><Param>0</Param><Param>0</Param><Param>%%8100</Param><Param>3221226021</Param><Param>2024-06-26T17:01:07.0391904Z</Param><Param>5396</Param>","<DataItem Type=""System.XmlData"" time=""2024-06-26T17:04:10.0086817Z"" sourceHealthServiceId=""a0cf1214-78a1-4446-8ef1-04b39ec9b972""><EventData xmlns=""http://schemas.microsoft.com/win/2004/08/events/event""><Data Name=""SubjectUserSid"">S-1-5-21-1413295808-2032686517-1925176222-500</Data><Data Name=""SubjectUserName"">forensicsacl2</Data><Data Name=""SubjectDomainName"">forensicsacl2</Data><Data Name=""SubjectLogonId"">0x38c895</Data><Data Name=""TargetName"">MicrosoftAccount:user=02alysbxkrazhqmm</Data><Data Name=""Type"">0</Data><Data Name=""CountOfCredentialsReturned"">0</Data><Data Name=""ReadOperation"">%%8100</Data><Data Name=""ReturnCode"">3221226021</Data><Data Name=""ProcessCreationTime"">2024-06-26T17:01:07.0391904Z</Data><Data Name=""ClientProcessId"">5396</Data></EventData></DataItem>",5379,"Credential Manager credentials were read.  Subject: 	Security ID:		S-1-5-21-1413295808-2032686517-1925176222-500 	Account Name:		forensicsacl2 	Account Domain:		forensicsacl2 	Logon ID:		0x38C895 	Read Operation:		Enumerate Credentials  This event occurs when a user performs a read operation on stored credentials in Credential Manager.",,,13824,"N/A",,"00000000-0000-0000-0000-000000000001","AOI-d558e95b-08c4-4c42-b17a-dd6de6332e26",Event,"/subscriptions/da2ead26-5eba-476e-90f5-13d2028a4531/resourcegroups/cloudforensics_group/providers/microsoft.compute/virtualmachines/forensicsacl2"
"d558e95b-08c4-4c42-b17a-dd6de6332e26",OpsManager,"6/26/2024, 5:04:14.976 PM",SecurityCenter,Application,forensicsacl2,4,Information,"<Param>Windows Defender</Param><Param>SECURITY_PRODUCT_STATE_ON</Param>","<DataItem Type=""System.XmlData"" time=""2024-06-26T17:04:14.9769624Z"" sourceHealthServiceId=""a0cf1214-78a1-4446-8ef1-04b39ec9b972""><EventData xmlns=""http://schemas.microsoft.com/win/2004/08/events/event""><Data>Windows Defender</Data><Data>SECURITY_PRODUCT_STATE_ON</Data></EventData></DataItem>",15,"Updated Windows Defender status successfully to SECURITY_PRODUCT_STATE_ON.",,,0,"N/A",,"00000000-0000-0000-0000-000000000001","AOI-d558e95b-08c4-4c42-b17a-dd6de6332e26",Event,"/subscriptions/da2ead26-5eba-476e-90f5-13d2028a4531/resourcegroups/cloudforensics_group/providers/microsoft.compute/virtualmachines/forensicsacl2"
"d558e95b-08c4-4c42-b17a-dd6de6332e26",OpsManager,"6/26/2024, 5:04:17.101 PM",SecurityCenter,Application,forensicsacl2,4,Information,"<Param>Windows Defender</Param><Param>SECURITY_PRODUCT_STATE_ON</Param>","<DataItem Type=""System.XmlData"" time=""2024-06-26T17:04:17.1016956Z"" sourceHealthServiceId=""a0cf1214-78a1-4446-8ef1-04b39ec9b972""><EventData xmlns=""http://schemas.microsoft.com/win/2004/08/events/event""><Data>Windows Defender</Data><Data>SECURITY_PRODUCT_STATE_ON</Data></EventData></DataItem>",15,"Updated Windows Defender status successfully to SECURITY_PRODUCT_STATE_ON.",,,0,"N/A",,"00000000-0000-0000-0000-000000000001","AOI-d558e95b-08c4-4c42-b17a-dd6de6332e26",Event,"/subscriptions/da2ead26-5eba-476e-90f5-13d2028a4531/resourcegroups/cloudforensics_group/providers/microsoft.compute/virtualmachines/forensicsacl2"
"d558e95b-08c4-4c42-b17a-dd6de6332e26",OpsManager,"6/26/2024, 5:04:19.091 PM","Microsoft-Windows-Kernel-General",System,forensicsacl2,4,Information,"<Param>113</Param><Param>\??\C:\Users\forensicsacl2\AppData\Local\Packages\Microsoft.XboxGamingOverlay_8wekyb3d8bbwe\Settings\settings.dat</Param><Param>3</Param><Param>1</Param>","<DataItem Type=""System.XmlData"" time=""2024-06-26T17:04:19.0912026Z"" sourceHealthServiceId=""a0cf1214-78a1-4446-8ef1-04b39ec9b972""><EventData xmlns=""http://schemas.microsoft.com/win/2004/08/events/event""><Data Name=""HiveNameLength"">113</Data><Data Name=""HiveName"">\??\C:\Users\forensicsacl2\AppData\Local\Packages\Microsoft.XboxGamingOverlay_8wekyb3d8bbwe\Settings\settings.dat</Data><Data Name=""KeysUpdated"">3</Data><Data Name=""DirtyPages"">1</Data></EventData></DataItem>",16,"The access history in hive \??\C:\Users\forensicsacl2\AppData\Local\Packages\Microsoft.XboxGamingOverlay_8wekyb3d8bbwe\Settings\settings.dat was cleared updating 3 keys and creating 1 modified pages.",,,0,"S-1-5-21-1413295808-2032686517-1925176222-500",,"00000000-0000-0000-0000-000000000001","AOI-d558e95b-08c4-4c42-b17a-dd6de6332e26",Event,"/subscriptions/da2ead26-5eba-476e-90f5-13d2028a4531/resourcegroups/cloudforensics_group/providers/microsoft.compute/virtualmachines/forensicsacl2"
"d558e95b-08c4-4c42-b17a-dd6de6332e26",OpsManager,"6/26/2024, 5:04:19.304 PM",SecurityCenter,Application,forensicsacl2,4,Information,"<Param>Windows Defender</Param><Param>SECURITY_PRODUCT_STATE_ON</Param>","<DataItem Type=""System.XmlData"" time=""2024-06-26T17:04:19.3048343Z"" sourceHealthServiceId=""a0cf1214-78a1-4446-8ef1-04b39ec9b972""><EventData xmlns=""http://schemas.microsoft.com/win/2004/08/events/event""><Data>Windows Defender</Data><Data>SECURITY_PRODUCT_STATE_ON</Data></EventData></DataItem>",15,"Updated Windows Defender status successfully to SECURITY_PRODUCT_STATE_ON.",,,0,"N/A",,"00000000-0000-0000-0000-000000000001","AOI-d558e95b-08c4-4c42-b17a-dd6de6332e26",Event,"/subscriptions/da2ead26-5eba-476e-90f5-13d2028a4531/resourcegroups/cloudforensics_group/providers/microsoft.compute/virtualmachines/forensicsacl2"
"d558e95b-08c4-4c42-b17a-dd6de6332e26",OpsManager,"6/26/2024, 5:04:20.519 PM","Microsoft-Windows-Security-Auditing",Security,forensicsacl2,0,Information,"<Param>S-1-5-18</Param><Param>forensicsacl2$</Param><Param>WORKGROUP</Param><Param>0x3e7</Param><Param>S-1-5-18</Param><Param>SYSTEM</Param><Param>NT AUTHORITY</Param><Param>0x3e7</Param><Param>5</Param><Param>Advapi  </Param><Param>Negotiate</Param><Param>-</Param><Param>{00000000-0000-0000-0000-000000000000}</Param><Param>-</Param><Param>-</Param><Param>0</Param><Param>0x2e8</Param><Param>C:\Windows\System32\services.exe</Param><Param>-</Param><Param>-</Param><Param>%%1833</Param><Param>-</Param><Param>-</Param><Param>-</Param><Param>%%1843</Param><Param>0x0</Param><Param>%%1842</Param>","<DataItem Type=""System.XmlData"" time=""2024-06-26T17:04:20.5199485Z"" sourceHealthServiceId=""a0cf1214-78a1-4446-8ef1-04b39ec9b972""><EventData xmlns=""http://schemas.microsoft.com/win/2004/08/events/event""><Data Name=""SubjectUserSid"">S-1-5-18</Data><Data Name=""SubjectUserName"">forensicsacl2$</Data><Data Name=""SubjectDomainName"">WORKGROUP</Data><Data Name=""SubjectLogonId"">0x3e7</Data><Data Name=""TargetUserSid"">S-1-5-18</Data><Data Name=""TargetUserName"">SYSTEM</Data><Data Name=""TargetDomainName"">NT AUTHORITY</Data><Data Name=""TargetLogonId"">0x3e7</Data><Data Name=""LogonType"">5</Data><Data Name=""LogonProcessName"">Advapi  </Data><Data Name=""AuthenticationPackageName"">Negotiate</Data><Data Name=""WorkstationName"">-</Data><Data Name=""LogonGuid"">{00000000-0000-0000-0000-000000000000}</Data><Data Name=""TransmittedServices"">-</Data><Data Name=""LmPackageName"">-</Data><Data Name=""KeyLength"">0</Data><Data Name=""ProcessId"">0x2e8</Data><Data Name=""ProcessName"">C:\Windows\System32\services.exe</Data><Data Name=""IpAddress"">-</Data><Data Name=""IpPort"">-</Data><Data Name=""ImpersonationLevel"">%%1833</Data><Data Name=""RestrictedAdminMode"">-</Data><Data Name=""TargetOutboundUserName"">-</Data><Data Name=""TargetOutboundDomainName"">-</Data><Data Name=""VirtualAccount"">%%1843</Data><Data Name=""TargetLinkedLogonId"">0x0</Data><Data Name=""ElevatedToken"">%%1842</Data></EventData></DataItem>",4624,"An account was successfully logged on.  Subject: 	Security ID:		S-1-5-18 	Account Name:		forensicsacl2$ 	Account Domain:		WORKGROUP 	Logon ID:		0x3E7  Logon Information: 	Logon Type:		5 	Restricted Admin Mode:	- 	Virtual Account:		No 	Elevated Token:		Yes  Impersonation Level:		Impersonation  New Logon: 	Security ID:		S-1-5-18 	Account Name:		SYSTEM 	Account Domain:		NT AUTHORITY 	Logon ID:		0x3E7 	Linked Logon ID:		0x0 	Network Account Name:	- 	Network Account Domain:	- 	Logon GUID:		{00000000-0000-0000-0000-000000000000}  Process Information: 	Process ID:		0x2e8 	Process Name:		C:\Windows\System32\services.exe  Network Information: 	Workstation Name:	- 	Source Network Address:	- 	Source Port:		-  Detailed Authentication Information: 	Logon Process:		Advapi   	Authentication Package:	Negotiate 	Transited Services:	- 	Package Name (NTLM only):	- 	Key Length:		0  This event is generated when a logon session is created. It is generated on the computer that was accessed.  The subject fields indicate the account on the local system which requested the logon. This is most commonly a service such as the Server service, or a local process such as Winlogon.exe or Services.exe.  The logon type field indicates the kind of logon that occurred. The most common types are 2 (interactive) and 3 (network).  The New Logon fields indicate the account for whom the new logon was created, i.e. the account that was logged on.  The network fields indicate where a remote logon request originated. Workstation name is not always available and may be left blank in some cases.  The impersonation level field indicates the extent to which a process in the logon session can impersonate.  The authentication information fields provide detailed information about this specific logon request. 	- Logon GUID is a unique identifier that can be used to correlate this event with a KDC event. 	- Transited services indicate which intermediate services have participated in this logon request. 	- Package name indicates which sub-protocol was used among the NTLM protocols. 	- Key length indicates the length of the generated session key. This will be 0 if no session key was requested.",,,12544,"N/A",,"00000000-0000-0000-0000-000000000001","AOI-d558e95b-08c4-4c42-b17a-dd6de6332e26",Event,"/subscriptions/da2ead26-5eba-476e-90f5-13d2028a4531/resourcegroups/cloudforensics_group/providers/microsoft.compute/virtualmachines/forensicsacl2"
"d558e95b-08c4-4c42-b17a-dd6de6332e26",OpsManager,"6/26/2024, 5:04:20.519 PM","Microsoft-Windows-Security-Auditing",Security,forensicsacl2,0,Information,"<Param>S-1-5-18</Param><Param>SYSTEM</Param><Param>NT AUTHORITY</Param><Param>0x3e7</Param><Param>SeAssignPrimaryTokenPrivilege 			SeTcbPrivilege 			SeSecurityPrivilege 			SeTakeOwnershipPrivilege 			SeLoadDriverPrivilege 			SeBackupPrivilege 			SeRestorePrivilege 			SeDebugPrivilege 			SeAuditPrivilege 			SeSystemEnvironmentPrivilege 			SeImpersonatePrivilege 			SeDelegateSessionUserImpersonatePrivilege</Param>","<DataItem Type=""System.XmlData"" time=""2024-06-26T17:04:20.5199585Z"" sourceHealthServiceId=""a0cf1214-78a1-4446-8ef1-04b39ec9b972""><EventData xmlns=""http://schemas.microsoft.com/win/2004/08/events/event""><Data Name=""SubjectUserSid"">S-1-5-18</Data><Data Name=""SubjectUserName"">SYSTEM</Data><Data Name=""SubjectDomainName"">NT AUTHORITY</Data><Data Name=""SubjectLogonId"">0x3e7</Data><Data Name=""PrivilegeList"">SeAssignPrimaryTokenPrivilege 			SeTcbPrivilege 			SeSecurityPrivilege 			SeTakeOwnershipPrivilege 			SeLoadDriverPrivilege 			SeBackupPrivilege 			SeRestorePrivilege 			SeDebugPrivilege 			SeAuditPrivilege 			SeSystemEnvironmentPrivilege 			SeImpersonatePrivilege 			SeDelegateSessionUserImpersonatePrivilege</Data></EventData></DataItem>",4672,"Special privileges assigned to new logon.  Subject: 	Security ID:		S-1-5-18 	Account Name:		SYSTEM 	Account Domain:		NT AUTHORITY 	Logon ID:		0x3E7  Privileges:		SeAssignPrimaryTokenPrivilege 			SeTcbPrivilege 			SeSecurityPrivilege 			SeTakeOwnershipPrivilege 			SeLoadDriverPrivilege 			SeBackupPrivilege 			SeRestorePrivilege 			SeDebugPrivilege 			SeAuditPrivilege 			SeSystemEnvironmentPrivilege 			SeImpersonatePrivilege 			SeDelegateSessionUserImpersonatePrivilege",,,12548,"N/A",,"00000000-0000-0000-0000-000000000001","AOI-d558e95b-08c4-4c42-b17a-dd6de6332e26",Event,"/subscriptions/da2ead26-5eba-476e-90f5-13d2028a4531/resourcegroups/cloudforensics_group/providers/microsoft.compute/virtualmachines/forensicsacl2"
"d558e95b-08c4-4c42-b17a-dd6de6332e26",OpsManager,"6/26/2024, 5:04:20.528 PM","Microsoft-Windows-Security-Auditing",Security,forensicsacl2,0,Information,"<Param>S-1-5-21-1413295808-2032686517-1925176222-500</Param><Param>forensicsacl2</Param><Param>forensicsacl2</Param><Param>0x38c895</Param><Param>MicrosoftOffice16_Data:live:cid=*</Param><Param>0</Param><Param>0</Param><Param>%%8100</Param><Param>3221226021</Param><Param>2024-06-26T17:04:15.3421678Z</Param><Param>8944</Param>","<DataItem Type=""System.XmlData"" time=""2024-06-26T17:04:20.5288157Z"" sourceHealthServiceId=""a0cf1214-78a1-4446-8ef1-04b39ec9b972""><EventData xmlns=""http://schemas.microsoft.com/win/2004/08/events/event""><Data Name=""SubjectUserSid"">S-1-5-21-1413295808-2032686517-1925176222-500</Data><Data Name=""SubjectUserName"">forensicsacl2</Data><Data Name=""SubjectDomainName"">forensicsacl2</Data><Data Name=""SubjectLogonId"">0x38c895</Data><Data Name=""TargetName"">MicrosoftOffice16_Data:live:cid=*</Data><Data Name=""Type"">0</Data><Data Name=""CountOfCredentialsReturned"">0</Data><Data Name=""ReadOperation"">%%8100</Data><Data Name=""ReturnCode"">3221226021</Data><Data Name=""ProcessCreationTime"">2024-06-26T17:04:15.3421678Z</Data><Data Name=""ClientProcessId"">8944</Data></EventData></DataItem>",5379,"Credential Manager credentials were read.  Subject: 	Security ID:		S-1-5-21-1413295808-2032686517-1925176222-500 	Account Name:		forensicsacl2 	Account Domain:		forensicsacl2 	Logon ID:		0x38C895 	Read Operation:		Enumerate Credentials  This event occurs when a user performs a read operation on stored credentials in Credential Manager.",,,13824,"N/A",,"00000000-0000-0000-0000-000000000001","AOI-d558e95b-08c4-4c42-b17a-dd6de6332e26",Event,"/subscriptions/da2ead26-5eba-476e-90f5-13d2028a4531/resourcegroups/cloudforensics_group/providers/microsoft.compute/virtualmachines/forensicsacl2"
"d558e95b-08c4-4c42-b17a-dd6de6332e26",OpsManager,"6/26/2024, 5:04:20.664 PM","Service Control Manager",System,forensicsacl2,4,Information,"<Param>Background Intelligent Transfer Service</Param><Param>demand start</Param><Param>auto start</Param><Param>BITS</Param>","<DataItem Type=""System.XmlData"" time=""2024-06-26T17:04:20.6642483Z"" sourceHealthServiceId=""a0cf1214-78a1-4446-8ef1-04b39ec9b972""><EventData xmlns=""http://schemas.microsoft.com/win/2004/08/events/event""><Data Name=""param1"">Background Intelligent Transfer Service</Data><Data Name=""param2"">demand start</Data><Data Name=""param3"">auto start</Data><Data Name=""param4"">BITS</Data></EventData></DataItem>",7040,"The start type of the Background Intelligent Transfer Service service was changed from demand start to auto start.",,,0,"S-1-5-18",,"00000000-0000-0000-0000-000000000001","AOI-d558e95b-08c4-4c42-b17a-dd6de6332e26",Event,"/subscriptions/da2ead26-5eba-476e-90f5-13d2028a4531/resourcegroups/cloudforensics_group/providers/microsoft.compute/virtualmachines/forensicsacl2"
"d558e95b-08c4-4c42-b17a-dd6de6332e26",OpsManager,"6/26/2024, 5:04:20.848 PM","Microsoft-Windows-Kernel-General",System,forensicsacl2,4,Information,"<Param>105</Param><Param>\??\C:\Users\forensicsacl2\AppData\Local\Packages\Microsoft.ZuneMusic_8wekyb3d8bbwe\Settings\settings.dat</Param><Param>1</Param><Param>1</Param>","<DataItem Type=""System.XmlData"" time=""2024-06-26T17:04:20.8483900Z"" sourceHealthServiceId=""a0cf1214-78a1-4446-8ef1-04b39ec9b972""><EventData xmlns=""http://schemas.microsoft.com/win/2004/08/events/event""><Data Name=""HiveNameLength"">105</Data><Data Name=""HiveName"">\??\C:\Users\forensicsacl2\AppData\Local\Packages\Microsoft.ZuneMusic_8wekyb3d8bbwe\Settings\settings.dat</Data><Data Name=""KeysUpdated"">1</Data><Data Name=""DirtyPages"">1</Data></EventData></DataItem>",16,"The access history in hive \??\C:\Users\forensicsacl2\AppData\Local\Packages\Microsoft.ZuneMusic_8wekyb3d8bbwe\Settings\settings.dat was cleared updating 1 keys and creating 1 modified pages.",,,0,"S-1-5-21-1413295808-2032686517-1925176222-500",,"00000000-0000-0000-0000-000000000001","AOI-d558e95b-08c4-4c42-b17a-dd6de6332e26",Event,"/subscriptions/da2ead26-5eba-476e-90f5-13d2028a4531/resourcegroups/cloudforensics_group/providers/microsoft.compute/virtualmachines/forensicsacl2"
"d558e95b-08c4-4c42-b17a-dd6de6332e26",OpsManager,"6/26/2024, 5:04:21.171 PM","Microsoft-Windows-Security-Auditing",Security,forensicsacl2,0,Information,"<Param>S-1-5-21-1413295808-2032686517-1925176222-500</Param><Param>forensicsacl2</Param><Param>forensicsacl2</Param><Param>0x38c895</Param><Param>MicrosoftOffice*</Param><Param>0</Param><Param>0</Param><Param>%%8100</Param><Param>3221226021</Param><Param>2024-06-26T17:04:15.3421678Z</Param><Param>8944</Param>","<DataItem Type=""System.XmlData"" time=""2024-06-26T17:04:21.1712621Z"" sourceHealthServiceId=""a0cf1214-78a1-4446-8ef1-04b39ec9b972""><EventData xmlns=""http://schemas.microsoft.com/win/2004/08/events/event""><Data Name=""SubjectUserSid"">S-1-5-21-1413295808-2032686517-1925176222-500</Data><Data Name=""SubjectUserName"">forensicsacl2</Data><Data Name=""SubjectDomainName"">forensicsacl2</Data><Data Name=""SubjectLogonId"">0x38c895</Data><Data Name=""TargetName"">MicrosoftOffice*</Data><Data Name=""Type"">0</Data><Data Name=""CountOfCredentialsReturned"">0</Data><Data Name=""ReadOperation"">%%8100</Data><Data Name=""ReturnCode"">3221226021</Data><Data Name=""ProcessCreationTime"">2024-06-26T17:04:15.3421678Z</Data><Data Name=""ClientProcessId"">8944</Data></EventData></DataItem>",5379,"Credential Manager credentials were read.  Subject: 	Security ID:		S-1-5-21-1413295808-2032686517-1925176222-500 	Account Name:		forensicsacl2 	Account Domain:		forensicsacl2 	Logon ID:		0x38C895 	Read Operation:		Enumerate Credentials  This event occurs when a user performs a read operation on stored credentials in Credential Manager.",,,13824,"N/A",,"00000000-0000-0000-0000-000000000001","AOI-d558e95b-08c4-4c42-b17a-dd6de6332e26",Event,"/subscriptions/da2ead26-5eba-476e-90f5-13d2028a4531/resourcegroups/cloudforensics_group/providers/microsoft.compute/virtualmachines/forensicsacl2"
"d558e95b-08c4-4c42-b17a-dd6de6332e26",OpsManager,"6/26/2024, 5:04:21.382 PM",SecurityCenter,Application,forensicsacl2,4,Information,"<Param>Windows Defender</Param><Param>SECURITY_PRODUCT_STATE_ON</Param>","<DataItem Type=""System.XmlData"" time=""2024-06-26T17:04:21.3829638Z"" sourceHealthServiceId=""a0cf1214-78a1-4446-8ef1-04b39ec9b972""><EventData xmlns=""http://schemas.microsoft.com/win/2004/08/events/event""><Data>Windows Defender</Data><Data>SECURITY_PRODUCT_STATE_ON</Data></EventData></DataItem>",15,"Updated Windows Defender status successfully to SECURITY_PRODUCT_STATE_ON.",,,0,"N/A",,"00000000-0000-0000-0000-000000000001","AOI-d558e95b-08c4-4c42-b17a-dd6de6332e26",Event,"/subscriptions/da2ead26-5eba-476e-90f5-13d2028a4531/resourcegroups/cloudforensics_group/providers/microsoft.compute/virtualmachines/forensicsacl2"
"d558e95b-08c4-4c42-b17a-dd6de6332e26",OpsManager,"6/26/2024, 5:04:22.703 PM","Microsoft-Windows-Kernel-General",System,forensicsacl2,4,Information,"<Param>142</Param><Param>\??\C:\ProgramData\Microsoft\Windows\AppRepository\Packages\Microsoft.WindowsFeedbackHub_1.2405.21481.0_x64__8wekyb3d8bbwe\ActivationStore.dat</Param><Param>0</Param><Param>0</Param>","<DataItem Type=""System.XmlData"" time=""2024-06-26T17:04:22.7039440Z"" sourceHealthServiceId=""a0cf1214-78a1-4446-8ef1-04b39ec9b972""><EventData xmlns=""http://schemas.microsoft.com/win/2004/08/events/event""><Data Name=""HiveNameLength"">142</Data><Data Name=""HiveName"">\??\C:\ProgramData\Microsoft\Windows\AppRepository\Packages\Microsoft.WindowsFeedbackHub_1.2405.21481.0_x64__8wekyb3d8bbwe\ActivationStore.dat</Data><Data Name=""KeysUpdated"">0</Data><Data Name=""DirtyPages"">0</Data></EventData></DataItem>",16,"The access history in hive \??\C:\ProgramData\Microsoft\Windows\AppRepository\Packages\Microsoft.WindowsFeedbackHub_1.2405.21481.0_x64__8wekyb3d8bbwe\ActivationStore.dat was cleared updating 0 keys and creating 0 modified pages.",,,0,"S-1-5-18",,"00000000-0000-0000-0000-000000000001","AOI-d558e95b-08c4-4c42-b17a-dd6de6332e26",Event,"/subscriptions/da2ead26-5eba-476e-90f5-13d2028a4531/resourcegroups/cloudforensics_group/providers/microsoft.compute/virtualmachines/forensicsacl2"
"d558e95b-08c4-4c42-b17a-dd6de6332e26",OpsManager,"6/26/2024, 5:04:23.711 PM",SecurityCenter,Application,forensicsacl2,4,Information,"<Param>Windows Defender</Param><Param>SECURITY_PRODUCT_STATE_ON</Param>","<DataItem Type=""System.XmlData"" time=""2024-06-26T17:04:23.7110902Z"" sourceHealthServiceId=""a0cf1214-78a1-4446-8ef1-04b39ec9b972""><EventData xmlns=""http://schemas.microsoft.com/win/2004/08/events/event""><Data>Windows Defender</Data><Data>SECURITY_PRODUCT_STATE_ON</Data></EventData></DataItem>",15,"Updated Windows Defender status successfully to SECURITY_PRODUCT_STATE_ON.",,,0,"N/A",,"00000000-0000-0000-0000-000000000001","AOI-d558e95b-08c4-4c42-b17a-dd6de6332e26",Event,"/subscriptions/da2ead26-5eba-476e-90f5-13d2028a4531/resourcegroups/cloudforensics_group/providers/microsoft.compute/virtualmachines/forensicsacl2"
"d558e95b-08c4-4c42-b17a-dd6de6332e26",OpsManager,"6/26/2024, 5:04:24.467 PM","Microsoft-Windows-Kernel-General",System,forensicsacl2,4,Information,"<Param>107</Param><Param>\??\C:\Users\forensicsacl2\AppData\Local\Packages\Microsoft.BingWeather_8wekyb3d8bbwe\Settings\settings.dat</Param><Param>2</Param><Param>1</Param>","<DataItem Type=""System.XmlData"" time=""2024-06-26T17:04:24.4670799Z"" sourceHealthServiceId=""a0cf1214-78a1-4446-8ef1-04b39ec9b972""><EventData xmlns=""http://schemas.microsoft.com/win/2004/08/events/event""><Data Name=""HiveNameLength"">107</Data><Data Name=""HiveName"">\??\C:\Users\forensicsacl2\AppData\Local\Packages\Microsoft.BingWeather_8wekyb3d8bbwe\Settings\settings.dat</Data><Data Name=""KeysUpdated"">2</Data><Data Name=""DirtyPages"">1</Data></EventData></DataItem>",16,"The access history in hive \??\C:\Users\forensicsacl2\AppData\Local\Packages\Microsoft.BingWeather_8wekyb3d8bbwe\Settings\settings.dat was cleared updating 2 keys and creating 1 modified pages.",,,0,"S-1-5-21-1413295808-2032686517-1925176222-500",,"00000000-0000-0000-0000-000000000001","AOI-d558e95b-08c4-4c42-b17a-dd6de6332e26",Event,"/subscriptions/da2ead26-5eba-476e-90f5-13d2028a4531/resourcegroups/cloudforensics_group/providers/microsoft.compute/virtualmachines/forensicsacl2"
"d558e95b-08c4-4c42-b17a-dd6de6332e26",OpsManager,"6/26/2024, 5:04:25.759 PM","Microsoft-Windows-Security-Auditing",Security,forensicsacl2,0,Information,"<Param>Administrators</Param><Param>Builtin</Param><Param>S-1-5-32-544</Param><Param>S-1-5-18</Param><Param>forensicsacl2$</Param><Param>WORKGROUP</Param><Param>0x3e7</Param><Param>0x2278</Param><Param>C:\Windows\System32\svchost.exe</Param>","<DataItem Type=""System.XmlData"" time=""2024-06-26T17:04:25.7599708Z"" sourceHealthServiceId=""a0cf1214-78a1-4446-8ef1-04b39ec9b972""><EventData xmlns=""http://schemas.microsoft.com/win/2004/08/events/event""><Data Name=""TargetUserName"">Administrators</Data><Data Name=""TargetDomainName"">Builtin</Data><Data Name=""TargetSid"">S-1-5-32-544</Data><Data Name=""SubjectUserSid"">S-1-5-18</Data><Data Name=""SubjectUserName"">forensicsacl2$</Data><Data Name=""SubjectDomainName"">WORKGROUP</Data><Data Name=""SubjectLogonId"">0x3e7</Data><Data Name=""CallerProcessId"">0x2278</Data><Data Name=""CallerProcessName"">C:\Windows\System32\svchost.exe</Data></EventData></DataItem>",4799,"A security-enabled local group membership was enumerated.  Subject: 	Security ID:		S-1-5-18 	Account Name:		forensicsacl2$ 	Account Domain:		WORKGROUP 	Logon ID:		0x3E7  Group: 	Security ID:		S-1-5-32-544 	Group Name:		Administrators 	Group Domain:		Builtin  Process Information: 	Process ID:		0x2278 	Process Name:		C:\Windows\System32\svchost.exe",,,13826,"N/A",,"00000000-0000-0000-0000-000000000001","AOI-d558e95b-08c4-4c42-b17a-dd6de6332e26",Event,"/subscriptions/da2ead26-5eba-476e-90f5-13d2028a4531/resourcegroups/cloudforensics_group/providers/microsoft.compute/virtualmachines/forensicsacl2"
"d558e95b-08c4-4c42-b17a-dd6de6332e26",OpsManager,"6/26/2024, 5:04:25.761 PM","Microsoft-Windows-Security-Auditing",Security,forensicsacl2,0,Information,"<Param>Backup Operators</Param><Param>Builtin</Param><Param>S-1-5-32-551</Param><Param>S-1-5-18</Param><Param>forensicsacl2$</Param><Param>WORKGROUP</Param><Param>0x3e7</Param><Param>0x2278</Param><Param>C:\Windows\System32\svchost.exe</Param>","<DataItem Type=""System.XmlData"" time=""2024-06-26T17:04:25.7616373Z"" sourceHealthServiceId=""a0cf1214-78a1-4446-8ef1-04b39ec9b972""><EventData xmlns=""http://schemas.microsoft.com/win/2004/08/events/event""><Data Name=""TargetUserName"">Backup Operators</Data><Data Name=""TargetDomainName"">Builtin</Data><Data Name=""TargetSid"">S-1-5-32-551</Data><Data Name=""SubjectUserSid"">S-1-5-18</Data><Data Name=""SubjectUserName"">forensicsacl2$</Data><Data Name=""SubjectDomainName"">WORKGROUP</Data><Data Name=""SubjectLogonId"">0x3e7</Data><Data Name=""CallerProcessId"">0x2278</Data><Data Name=""CallerProcessName"">C:\Windows\System32\svchost.exe</Data></EventData></DataItem>",4799,"A security-enabled local group membership was enumerated.  Subject: 	Security ID:		S-1-5-18 	Account Name:		forensicsacl2$ 	Account Domain:		WORKGROUP 	Logon ID:		0x3E7  Group: 	Security ID:		S-1-5-32-551 	Group Name:		Backup Operators 	Group Domain:		Builtin  Process Information: 	Process ID:		0x2278 	Process Name:		C:\Windows\System32\svchost.exe",,,13826,"N/A",,"00000000-0000-0000-0000-000000000001","AOI-d558e95b-08c4-4c42-b17a-dd6de6332e26",Event,"/subscriptions/da2ead26-5eba-476e-90f5-13d2028a4531/resourcegroups/cloudforensics_group/providers/microsoft.compute/virtualmachines/forensicsacl2"
"d558e95b-08c4-4c42-b17a-dd6de6332e26",OpsManager,"6/26/2024, 5:04:25.773 PM",SecurityCenter,Application,forensicsacl2,4,Information,"<Param>Windows Defender</Param><Param>SECURITY_PRODUCT_STATE_ON</Param>","<DataItem Type=""System.XmlData"" time=""2024-06-26T17:04:25.7736092Z"" sourceHealthServiceId=""a0cf1214-78a1-4446-8ef1-04b39ec9b972""><EventData xmlns=""http://schemas.microsoft.com/win/2004/08/events/event""><Data>Windows Defender</Data><Data>SECURITY_PRODUCT_STATE_ON</Data></EventData></DataItem>",15,"Updated Windows Defender status successfully to SECURITY_PRODUCT_STATE_ON.",,,0,"N/A",,"00000000-0000-0000-0000-000000000001","AOI-d558e95b-08c4-4c42-b17a-dd6de6332e26",Event,"/subscriptions/da2ead26-5eba-476e-90f5-13d2028a4531/resourcegroups/cloudforensics_group/providers/microsoft.compute/virtualmachines/forensicsacl2"
"d558e95b-08c4-4c42-b17a-dd6de6332e26",OpsManager,"6/26/2024, 5:04:27.123 PM","Microsoft-Windows-Kernel-General",System,forensicsacl2,4,Information,"<Param>114</Param><Param>\??\C:\Users\forensicsacl2\AppData\Local\Packages\Microsoft.MicrosoftOfficeHub_8wekyb3d8bbwe\Settings\settings.dat</Param><Param>3</Param><Param>1</Param>","<DataItem Type=""System.XmlData"" time=""2024-06-26T17:04:27.1239416Z"" sourceHealthServiceId=""a0cf1214-78a1-4446-8ef1-04b39ec9b972""><EventData xmlns=""http://schemas.microsoft.com/win/2004/08/events/event""><Data Name=""HiveNameLength"">114</Data><Data Name=""HiveName"">\??\C:\Users\forensicsacl2\AppData\Local\Packages\Microsoft.MicrosoftOfficeHub_8wekyb3d8bbwe\Settings\settings.dat</Data><Data Name=""KeysUpdated"">3</Data><Data Name=""DirtyPages"">1</Data></EventData></DataItem>",16,"The access history in hive \??\C:\Users\forensicsacl2\AppData\Local\Packages\Microsoft.MicrosoftOfficeHub_8wekyb3d8bbwe\Settings\settings.dat was cleared updating 3 keys and creating 1 modified pages.",,,0,"S-1-5-21-1413295808-2032686517-1925176222-500",,"00000000-0000-0000-0000-000000000001","AOI-d558e95b-08c4-4c42-b17a-dd6de6332e26",Event,"/subscriptions/da2ead26-5eba-476e-90f5-13d2028a4531/resourcegroups/cloudforensics_group/providers/microsoft.compute/virtualmachines/forensicsacl2"
"d558e95b-08c4-4c42-b17a-dd6de6332e26",OpsManager,"6/26/2024, 5:04:28.158 PM","Microsoft-Windows-Kernel-General",System,forensicsacl2,4,Information,"<Param>116</Param><Param>\??\C:\Users\forensicsacl2\AppData\Local\Packages\Microsoft.MicrosoftEdge.Stable_8wekyb3d8bbwe\Settings\settings.dat</Param><Param>1</Param><Param>1</Param>","<DataItem Type=""System.XmlData"" time=""2024-06-26T17:04:28.1584980Z"" sourceHealthServiceId=""a0cf1214-78a1-4446-8ef1-04b39ec9b972""><EventData xmlns=""http://schemas.microsoft.com/win/2004/08/events/event""><Data Name=""HiveNameLength"">116</Data><Data Name=""HiveName"">\??\C:\Users\forensicsacl2\AppData\Local\Packages\Microsoft.MicrosoftEdge.Stable_8wekyb3d8bbwe\Settings\settings.dat</Data><Data Name=""KeysUpdated"">1</Data><Data Name=""DirtyPages"">1</Data></EventData></DataItem>",16,"The access history in hive \??\C:\Users\forensicsacl2\AppData\Local\Packages\Microsoft.MicrosoftEdge.Stable_8wekyb3d8bbwe\Settings\settings.dat was cleared updating 1 keys and creating 1 modified pages.",,,0,"S-1-5-21-1413295808-2032686517-1925176222-500",,"00000000-0000-0000-0000-000000000001","AOI-d558e95b-08c4-4c42-b17a-dd6de6332e26",Event,"/subscriptions/da2ead26-5eba-476e-90f5-13d2028a4531/resourcegroups/cloudforensics_group/providers/microsoft.compute/virtualmachines/forensicsacl2"
"d558e95b-08c4-4c42-b17a-dd6de6332e26",OpsManager,"6/26/2024, 5:04:31.563 PM","Microsoft-Windows-Kernel-General",System,forensicsacl2,4,Information,"<Param>108</Param><Param>\??\C:\Users\forensicsacl2\AppData\Local\Packages\Microsoft.WindowsStore_8wekyb3d8bbwe\Settings\settings.dat</Param><Param>7</Param><Param>1</Param>","<DataItem Type=""System.XmlData"" time=""2024-06-26T17:04:31.5634358Z"" sourceHealthServiceId=""a0cf1214-78a1-4446-8ef1-04b39ec9b972""><EventData xmlns=""http://schemas.microsoft.com/win/2004/08/events/event""><Data Name=""HiveNameLength"">108</Data><Data Name=""HiveName"">\??\C:\Users\forensicsacl2\AppData\Local\Packages\Microsoft.WindowsStore_8wekyb3d8bbwe\Settings\settings.dat</Data><Data Name=""KeysUpdated"">7</Data><Data Name=""DirtyPages"">1</Data></EventData></DataItem>",16,"The access history in hive \??\C:\Users\forensicsacl2\AppData\Local\Packages\Microsoft.WindowsStore_8wekyb3d8bbwe\Settings\settings.dat was cleared updating 7 keys and creating 1 modified pages.",,,0,"S-1-5-21-1413295808-2032686517-1925176222-500",,"00000000-0000-0000-0000-000000000001","AOI-d558e95b-08c4-4c42-b17a-dd6de6332e26",Event,"/subscriptions/da2ead26-5eba-476e-90f5-13d2028a4531/resourcegroups/cloudforensics_group/providers/microsoft.compute/virtualmachines/forensicsacl2"
"d558e95b-08c4-4c42-b17a-dd6de6332e26",OpsManager,"6/26/2024, 5:04:34.172 PM","Microsoft-Windows-Kernel-General",System,forensicsacl2,4,Information,"<Param>114</Param><Param>\??\C:\Users\forensicsacl2\AppData\Local\Packages\Microsoft.WebMediaExtensions_8wekyb3d8bbwe\Settings\settings.dat</Param><Param>3</Param><Param>1</Param>","<DataItem Type=""System.XmlData"" time=""2024-06-26T17:04:34.1729052Z"" sourceHealthServiceId=""a0cf1214-78a1-4446-8ef1-04b39ec9b972""><EventData xmlns=""http://schemas.microsoft.com/win/2004/08/events/event""><Data Name=""HiveNameLength"">114</Data><Data Name=""HiveName"">\??\C:\Users\forensicsacl2\AppData\Local\Packages\Microsoft.WebMediaExtensions_8wekyb3d8bbwe\Settings\settings.dat</Data><Data Name=""KeysUpdated"">3</Data><Data Name=""DirtyPages"">1</Data></EventData></DataItem>",16,"The access history in hive \??\C:\Users\forensicsacl2\AppData\Local\Packages\Microsoft.WebMediaExtensions_8wekyb3d8bbwe\Settings\settings.dat was cleared updating 3 keys and creating 1 modified pages.",,,0,"S-1-5-21-1413295808-2032686517-1925176222-500",,"00000000-0000-0000-0000-000000000001","AOI-d558e95b-08c4-4c42-b17a-dd6de6332e26",Event,"/subscriptions/da2ead26-5eba-476e-90f5-13d2028a4531/resourcegroups/cloudforensics_group/providers/microsoft.compute/virtualmachines/forensicsacl2"
"d558e95b-08c4-4c42-b17a-dd6de6332e26",OpsManager,"6/26/2024, 5:04:37.367 PM","Microsoft-Windows-Kernel-General",System,forensicsacl2,4,Information,"<Param>141</Param><Param>\??\C:\ProgramData\Microsoft\Windows\AppRepository\Packages\Microsoft.Microsoft3DViewer_7.2405.12012.0_x64__8wekyb3d8bbwe\ActivationStore.dat</Param><Param>0</Param><Param>0</Param>","<DataItem Type=""System.XmlData"" time=""2024-06-26T17:04:37.3670415Z"" sourceHealthServiceId=""a0cf1214-78a1-4446-8ef1-04b39ec9b972""><EventData xmlns=""http://schemas.microsoft.com/win/2004/08/events/event""><Data Name=""HiveNameLength"">141</Data><Data Name=""HiveName"">\??\C:\ProgramData\Microsoft\Windows\AppRepository\Packages\Microsoft.Microsoft3DViewer_7.2405.12012.0_x64__8wekyb3d8bbwe\ActivationStore.dat</Data><Data Name=""KeysUpdated"">0</Data><Data Name=""DirtyPages"">0</Data></EventData></DataItem>",16,"The access history in hive \??\C:\ProgramData\Microsoft\Windows\AppRepository\Packages\Microsoft.Microsoft3DViewer_7.2405.12012.0_x64__8wekyb3d8bbwe\ActivationStore.dat was cleared updating 0 keys and creating 0 modified pages.",,,0,"S-1-5-18",,"00000000-0000-0000-0000-000000000001","AOI-d558e95b-08c4-4c42-b17a-dd6de6332e26",Event,"/subscriptions/da2ead26-5eba-476e-90f5-13d2028a4531/resourcegroups/cloudforensics_group/providers/microsoft.compute/virtualmachines/forensicsacl2"
"d558e95b-08c4-4c42-b17a-dd6de6332e26",OpsManager,"6/26/2024, 5:04:42.224 PM","Microsoft-Windows-WindowsUpdateClient",System,forensicsacl2,4,Information,"<Param>9NBLGGH4R32N-Microsoft.WindowsFeedbackHub</Param><Param>{50db8d0d-c524-41b2-a963-0d13dfd71247}</Param><Param>1</Param>","<DataItem Type=""System.XmlData"" time=""2024-06-26T17:04:42.2248505Z"" sourceHealthServiceId=""a0cf1214-78a1-4446-8ef1-04b39ec9b972""><EventData xmlns=""http://schemas.microsoft.com/win/2004/08/events/event""><Data Name=""updateTitle"">9NBLGGH4R32N-Microsoft.WindowsFeedbackHub</Data><Data Name=""updateGuid"">{50db8d0d-c524-41b2-a963-0d13dfd71247}</Data><Data Name=""updateRevisionNumber"">1</Data></EventData></DataItem>",43,"Installation Started: Windows has started installing the following update: 9NBLGGH4R32N-Microsoft.WindowsFeedbackHub",,,1,"S-1-5-18",,"00000000-0000-0000-0000-000000000001","AOI-d558e95b-08c4-4c42-b17a-dd6de6332e26",Event,"/subscriptions/da2ead26-5eba-476e-90f5-13d2028a4531/resourcegroups/cloudforensics_group/providers/microsoft.compute/virtualmachines/forensicsacl2"
"d558e95b-08c4-4c42-b17a-dd6de6332e26",OpsManager,"6/26/2024, 5:04:42.677 PM","Microsoft-Windows-Kernel-General",System,forensicsacl2,4,Information,"<Param>114</Param><Param>\??\C:\Users\forensicsacl2\AppData\Local\Packages\Microsoft.WindowsFeedbackHub_8wekyb3d8bbwe\Settings\settings.dat</Param><Param>2</Param><Param>1</Param>","<DataItem Type=""System.XmlData"" time=""2024-06-26T17:04:42.6778559Z"" sourceHealthServiceId=""a0cf1214-78a1-4446-8ef1-04b39ec9b972""><EventData xmlns=""http://schemas.microsoft.com/win/2004/08/events/event""><Data Name=""HiveNameLength"">114</Data><Data Name=""HiveName"">\??\C:\Users\forensicsacl2\AppData\Local\Packages\Microsoft.WindowsFeedbackHub_8wekyb3d8bbwe\Settings\settings.dat</Data><Data Name=""KeysUpdated"">2</Data><Data Name=""DirtyPages"">1</Data></EventData></DataItem>",16,"The access history in hive \??\C:\Users\forensicsacl2\AppData\Local\Packages\Microsoft.WindowsFeedbackHub_8wekyb3d8bbwe\Settings\settings.dat was cleared updating 2 keys and creating 1 modified pages.",,,0,"S-1-5-21-1413295808-2032686517-1925176222-500",,"00000000-0000-0000-0000-000000000001","AOI-d558e95b-08c4-4c42-b17a-dd6de6332e26",Event,"/subscriptions/da2ead26-5eba-476e-90f5-13d2028a4531/resourcegroups/cloudforensics_group/providers/microsoft.compute/virtualmachines/forensicsacl2"
"d558e95b-08c4-4c42-b17a-dd6de6332e26",OpsManager,"6/26/2024, 5:04:44.745 PM","Microsoft-Windows-WindowsUpdateClient",System,forensicsacl2,4,Information,"<Param>9NBLGGH4R32N-Microsoft.WindowsFeedbackHub</Param><Param>{50db8d0d-c524-41b2-a963-0d13dfd71247}</Param><Param>1</Param><Param>{855e8a7c-ecb4-4ca3-b045-1dfa50104289}</Param>","<DataItem Type=""System.XmlData"" time=""2024-06-26T17:04:44.7450515Z"" sourceHealthServiceId=""a0cf1214-78a1-4446-8ef1-04b39ec9b972""><EventData xmlns=""http://schemas.microsoft.com/win/2004/08/events/event""><Data Name=""updateTitle"">9NBLGGH4R32N-Microsoft.WindowsFeedbackHub</Data><Data Name=""updateGuid"">{50db8d0d-c524-41b2-a963-0d13dfd71247}</Data><Data Name=""updateRevisionNumber"">1</Data><Data Name=""serviceGuid"">{855e8a7c-ecb4-4ca3-b045-1dfa50104289}</Data></EventData></DataItem>",19,"Installation Successful: Windows successfully installed the following update: 9NBLGGH4R32N-Microsoft.WindowsFeedbackHub",,,1,"S-1-5-18",,"00000000-0000-0000-0000-000000000001","AOI-d558e95b-08c4-4c42-b17a-dd6de6332e26",Event,"/subscriptions/da2ead26-5eba-476e-90f5-13d2028a4531/resourcegroups/cloudforensics_group/providers/microsoft.compute/virtualmachines/forensicsacl2"
"d558e95b-08c4-4c42-b17a-dd6de6332e26",OpsManager,"6/26/2024, 5:04:45.533 PM","Microsoft-Windows-WindowsUpdateClient",System,forensicsacl2,4,Information,"<Param>9NBLGGH42THS-Microsoft.Microsoft3DViewer</Param><Param>{68e09344-c691-4a63-bf1b-7e6af067e67b}</Param><Param>1</Param>","<DataItem Type=""System.XmlData"" time=""2024-06-26T17:04:45.5338117Z"" sourceHealthServiceId=""a0cf1214-78a1-4446-8ef1-04b39ec9b972""><EventData xmlns=""http://schemas.microsoft.com/win/2004/08/events/event""><Data Name=""updateTitle"">9NBLGGH42THS-Microsoft.Microsoft3DViewer</Data><Data Name=""updateGuid"">{68e09344-c691-4a63-bf1b-7e6af067e67b}</Data><Data Name=""updateRevisionNumber"">1</Data></EventData></DataItem>",43,"Installation Started: Windows has started installing the following update: 9NBLGGH42THS-Microsoft.Microsoft3DViewer",,,1,"S-1-5-18",,"00000000-0000-0000-0000-000000000001","AOI-d558e95b-08c4-4c42-b17a-dd6de6332e26",Event,"/subscriptions/da2ead26-5eba-476e-90f5-13d2028a4531/resourcegroups/cloudforensics_group/providers/microsoft.compute/virtualmachines/forensicsacl2"
"d558e95b-08c4-4c42-b17a-dd6de6332e26",OpsManager,"6/26/2024, 5:04:45.898 PM","Microsoft-Windows-Kernel-General",System,forensicsacl2,4,Information,"<Param>113</Param><Param>\??\C:\Users\forensicsacl2\AppData\Local\Packages\Microsoft.Microsoft3DViewer_8wekyb3d8bbwe\Settings\settings.dat</Param><Param>1</Param><Param>1</Param>","<DataItem Type=""System.XmlData"" time=""2024-06-26T17:04:45.8987090Z"" sourceHealthServiceId=""a0cf1214-78a1-4446-8ef1-04b39ec9b972""><EventData xmlns=""http://schemas.microsoft.com/win/2004/08/events/event""><Data Name=""HiveNameLength"">113</Data><Data Name=""HiveName"">\??\C:\Users\forensicsacl2\AppData\Local\Packages\Microsoft.Microsoft3DViewer_8wekyb3d8bbwe\Settings\settings.dat</Data><Data Name=""KeysUpdated"">1</Data><Data Name=""DirtyPages"">1</Data></EventData></DataItem>",16,"The access history in hive \??\C:\Users\forensicsacl2\AppData\Local\Packages\Microsoft.Microsoft3DViewer_8wekyb3d8bbwe\Settings\settings.dat was cleared updating 1 keys and creating 1 modified pages.",,,0,"S-1-5-21-1413295808-2032686517-1925176222-500",,"00000000-0000-0000-0000-000000000001","AOI-d558e95b-08c4-4c42-b17a-dd6de6332e26",Event,"/subscriptions/da2ead26-5eba-476e-90f5-13d2028a4531/resourcegroups/cloudforensics_group/providers/microsoft.compute/virtualmachines/forensicsacl2"
"d558e95b-08c4-4c42-b17a-dd6de6332e26",OpsManager,"6/26/2024, 5:04:47.040 PM","Microsoft-Windows-WindowsUpdateClient",System,forensicsacl2,4,Information,"<Param>9NBLGGH42THS-Microsoft.Microsoft3DViewer</Param><Param>{68e09344-c691-4a63-bf1b-7e6af067e67b}</Param><Param>1</Param><Param>{855e8a7c-ecb4-4ca3-b045-1dfa50104289}</Param>","<DataItem Type=""System.XmlData"" time=""2024-06-26T17:04:47.0404871Z"" sourceHealthServiceId=""a0cf1214-78a1-4446-8ef1-04b39ec9b972""><EventData xmlns=""http://schemas.microsoft.com/win/2004/08/events/event""><Data Name=""updateTitle"">9NBLGGH42THS-Microsoft.Microsoft3DViewer</Data><Data Name=""updateGuid"">{68e09344-c691-4a63-bf1b-7e6af067e67b}</Data><Data Name=""updateRevisionNumber"">1</Data><Data Name=""serviceGuid"">{855e8a7c-ecb4-4ca3-b045-1dfa50104289}</Data></EventData></DataItem>",19,"Installation Successful: Windows successfully installed the following update: 9NBLGGH42THS-Microsoft.Microsoft3DViewer",,,1,"S-1-5-18",,"00000000-0000-0000-0000-000000000001","AOI-d558e95b-08c4-4c42-b17a-dd6de6332e26",Event,"/subscriptions/da2ead26-5eba-476e-90f5-13d2028a4531/resourcegroups/cloudforensics_group/providers/microsoft.compute/virtualmachines/forensicsacl2"
"d558e95b-08c4-4c42-b17a-dd6de6332e26",OpsManager,"6/26/2024, 5:04:48.734 PM","Microsoft-Windows-Kernel-General",System,forensicsacl2,4,Information,"<Param>132</Param><Param>\??\C:\ProgramData\Microsoft\Windows\AppRepository\Packages\Microsoft.YourPhone_1.24052.124.0_x64__8wekyb3d8bbwe\ActivationStore.dat</Param><Param>0</Param><Param>0</Param>","<DataItem Type=""System.XmlData"" time=""2024-06-26T17:04:48.7348670Z"" sourceHealthServiceId=""a0cf1214-78a1-4446-8ef1-04b39ec9b972""><EventData xmlns=""http://schemas.microsoft.com/win/2004/08/events/event""><Data Name=""HiveNameLength"">132</Data><Data Name=""HiveName"">\??\C:\ProgramData\Microsoft\Windows\AppRepository\Packages\Microsoft.YourPhone_1.24052.124.0_x64__8wekyb3d8bbwe\ActivationStore.dat</Data><Data Name=""KeysUpdated"">0</Data><Data Name=""DirtyPages"">0</Data></EventData></DataItem>",16,"The access history in hive \??\C:\ProgramData\Microsoft\Windows\AppRepository\Packages\Microsoft.YourPhone_1.24052.124.0_x64__8wekyb3d8bbwe\ActivationStore.dat was cleared updating 0 keys and creating 0 modified pages.",,,0,"S-1-5-18",,"00000000-0000-0000-0000-000000000001","AOI-d558e95b-08c4-4c42-b17a-dd6de6332e26",Event,"/subscriptions/da2ead26-5eba-476e-90f5-13d2028a4531/resourcegroups/cloudforensics_group/providers/microsoft.compute/virtualmachines/forensicsacl2"
"d558e95b-08c4-4c42-b17a-dd6de6332e26",OpsManager,"6/26/2024, 5:04:50.932 PM","Microsoft-Windows-WindowsUpdateClient",System,forensicsacl2,4,Information,"<Param>9NMPJ99VJBWV-Microsoft.YourPhone</Param><Param>{ffe28cbd-5a2d-4934-aabf-df52cff48a7d}</Param><Param>1</Param>","<DataItem Type=""System.XmlData"" time=""2024-06-26T17:04:50.9320604Z"" sourceHealthServiceId=""a0cf1214-78a1-4446-8ef1-04b39ec9b972""><EventData xmlns=""http://schemas.microsoft.com/win/2004/08/events/event""><Data Name=""updateTitle"">9NMPJ99VJBWV-Microsoft.YourPhone</Data><Data Name=""updateGuid"">{ffe28cbd-5a2d-4934-aabf-df52cff48a7d}</Data><Data Name=""updateRevisionNumber"">1</Data></EventData></DataItem>",43,"Installation Started: Windows has started installing the following update: 9NMPJ99VJBWV-Microsoft.YourPhone",,,1,"S-1-5-18",,"00000000-0000-0000-0000-000000000001","AOI-d558e95b-08c4-4c42-b17a-dd6de6332e26",Event,"/subscriptions/da2ead26-5eba-476e-90f5-13d2028a4531/resourcegroups/cloudforensics_group/providers/microsoft.compute/virtualmachines/forensicsacl2"
