"d558e95b-08c4-4c42-b17a-dd6de6332e26",OpsManager,"6/26/2024, 4:51:20.344 PM","Microsoft-Windows-Security-Auditing",Security,forensicsacl2,0,Information,"<Param>S-1-5-18</Param><Param>-</Param><Param>-</Param><Param>0x3e7</Param><Param>0x214</Param><Param>C:\Windows\System32\csrss.exe</Param><Param>%%1936</Param><Param>0x20c</Param><Param></Param><Param>S-1-0-0</Param><Param>-</Param><Param>-</Param><Param>0x0</Param><Param>C:\Windows\System32\smss.exe</Param><Param>S-1-16-16384</Param>","<DataItem Type=""System.XmlData"" time=""2024-06-26T16:51:20.3446790Z"" sourceHealthServiceId=""a0cf1214-78a1-4446-8ef1-04b39ec9b972""><EventData xmlns=""http://schemas.microsoft.com/win/2004/08/events/event""><Data Name=""SubjectUserSid"">S-1-5-18</Data><Data Name=""SubjectUserName"">-</Data><Data Name=""SubjectDomainName"">-</Data><Data Name=""SubjectLogonId"">0x3e7</Data><Data Name=""NewProcessId"">0x214</Data><Data Name=""NewProcessName"">C:\Windows\System32\csrss.exe</Data><Data Name=""TokenElevationType"">%%1936</Data><Data Name=""ProcessId"">0x20c</Data><Data Name=""CommandLine"" /><Data Name=""TargetUserSid"">S-1-0-0</Data><Data Name=""TargetUserName"">-</Data><Data Name=""TargetDomainName"">-</Data><Data Name=""TargetLogonId"">0x0</Data><Data Name=""ParentProcessName"">C:\Windows\System32\smss.exe</Data><Data Name=""MandatoryLabel"">S-1-16-16384</Data></EventData></DataItem>",4688,"A new process has been created.  Creator Subject: 	Security ID:		S-1-5-18 	Account Name:		- 	Account Domain:		- 	Logon ID:		0x3E7  Target Subject: 	Security ID:		S-1-0-0 	Account Name:		- 	Account Domain:		- 	Logon ID:		0x0  Process Information: 	New Process ID:		0x214 	New Process Name:	C:\Windows\System32\csrss.exe 	Token Elevation Type:	%%1936 	Mandatory Label:		S-1-16-16384 	Creator Process ID:	0x20c 	Creator Process Name:	C:\Windows\System32\smss.exe 	Process Command Line:	  Token Elevation Type indicates the type of token that was assigned to the new process in accordance with User Account Control policy.  Type 1 is a full token with no privileges removed or groups disabled.  A full token is only used if User Account Control is disabled or if the user is the built-in Administrator account or a service account.  Type 2 is an elevated token with no privileges removed or groups disabled.  An elevated token is used when User Account Control is enabled and the user chooses to start the program using Run as administrator.  An elevated token is also used when an application is configured to always require administrative privilege or to always require maximum privilege, and the user is a member of the Administrators group.  Type 3 is a limited token with administrative privileges removed and administrative groups disabled.  The limited token is used when User Account Control is enabled, the application does not require administrative privilege, and the user does not choose to start the program using Run as administrator.",,,13312,"N/A",,"00000000-0000-0000-0000-000000000001","AOI-d558e95b-08c4-4c42-b17a-dd6de6332e26",Event,"/subscriptions/da2ead26-5eba-476e-90f5-13d2028a4531/resourcegroups/cloudforensics_group/providers/microsoft.compute/virtualmachines/forensicsacl2"
"d558e95b-08c4-4c42-b17a-dd6de6332e26",OpsManager,"6/26/2024, 4:51:20.475 PM","Microsoft-Windows-Kernel-General",System,forensicsacl2,4,Information,"<Param>35</Param><Param>\SystemRoot\System32\Config\DEFAULT</Param><Param>299</Param><Param>35</Param>","<DataItem Type=""System.XmlData"" time=""2024-06-26T16:51:20.4751044Z"" sourceHealthServiceId=""a0cf1214-78a1-4446-8ef1-04b39ec9b972""><EventData xmlns=""http://schemas.microsoft.com/win/2004/08/events/event""><Data Name=""HiveNameLength"">35</Data><Data Name=""HiveName"">\SystemRoot\System32\Config\DEFAULT</Data><Data Name=""KeysUpdated"">299</Data><Data Name=""DirtyPages"">35</Data></EventData></DataItem>",16,"The access history in hive \SystemRoot\System32\Config\DEFAULT was cleared updating 299 keys and creating 35 modified pages.",,,0,"S-1-5-18",,"00000000-0000-0000-0000-000000000001","AOI-d558e95b-08c4-4c42-b17a-dd6de6332e26",Event,"/subscriptions/da2ead26-5eba-476e-90f5-13d2028a4531/resourcegroups/cloudforensics_group/providers/microsoft.compute/virtualmachines/forensicsacl2"
"d558e95b-08c4-4c42-b17a-dd6de6332e26",OpsManager,"6/26/2024, 4:51:20.509 PM","Microsoft-Windows-Security-Auditing",Security,forensicsacl2,0,Information,"<Param>S-1-5-18</Param><Param>-</Param><Param>-</Param><Param>0x3e7</Param><Param>0x258</Param><Param>C:\Windows\System32\smss.exe</Param><Param>%%1936</Param><Param>0x1a0</Param><Param></Param><Param>S-1-0-0</Param><Param>-</Param><Param>-</Param><Param>0x0</Param><Param>C:\Windows\System32\smss.exe</Param><Param>S-1-16-16384</Param>","<DataItem Type=""System.XmlData"" time=""2024-06-26T16:51:20.5095125Z"" sourceHealthServiceId=""a0cf1214-78a1-4446-8ef1-04b39ec9b972""><EventData xmlns=""http://schemas.microsoft.com/win/2004/08/events/event""><Data Name=""SubjectUserSid"">S-1-5-18</Data><Data Name=""SubjectUserName"">-</Data><Data Name=""SubjectDomainName"">-</Data><Data Name=""SubjectLogonId"">0x3e7</Data><Data Name=""NewProcessId"">0x258</Data><Data Name=""NewProcessName"">C:\Windows\System32\smss.exe</Data><Data Name=""TokenElevationType"">%%1936</Data><Data Name=""ProcessId"">0x1a0</Data><Data Name=""CommandLine"" /><Data Name=""TargetUserSid"">S-1-0-0</Data><Data Name=""TargetUserName"">-</Data><Data Name=""TargetDomainName"">-</Data><Data Name=""TargetLogonId"">0x0</Data><Data Name=""ParentProcessName"">C:\Windows\System32\smss.exe</Data><Data Name=""MandatoryLabel"">S-1-16-16384</Data></EventData></DataItem>",4688,"A new process has been created.  Creator Subject: 	Security ID:		S-1-5-18 	Account Name:		- 	Account Domain:		- 	Logon ID:		0x3E7  Target Subject: 	Security ID:		S-1-0-0 	Account Name:		- 	Account Domain:		- 	Logon ID:		0x0  Process Information: 	New Process ID:		0x258 	New Process Name:	C:\Windows\System32\smss.exe 	Token Elevation Type:	%%1936 	Mandatory Label:		S-1-16-16384 	Creator Process ID:	0x1a0 	Creator Process Name:	C:\Windows\System32\smss.exe 	Process Command Line:	  Token Elevation Type indicates the type of token that was assigned to the new process in accordance with User Account Control policy.  Type 1 is a full token with no privileges removed or groups disabled.  A full token is only used if User Account Control is disabled or if the user is the built-in Administrator account or a service account.  Type 2 is an elevated token with no privileges removed or groups disabled.  An elevated token is used when User Account Control is enabled and the user chooses to start the program using Run as administrator.  An elevated token is also used when an application is configured to always require administrative privilege or to always require maximum privilege, and the user is a member of the Administrators group.  Type 3 is a limited token with administrative privileges removed and administrative groups disabled.  The limited token is used when User Account Control is enabled, the application does not require administrative privilege, and the user does not choose to start the program using Run as administrator.",,,13312,"N/A",,"00000000-0000-0000-0000-000000000001","AOI-d558e95b-08c4-4c42-b17a-dd6de6332e26",Event,"/subscriptions/da2ead26-5eba-476e-90f5-13d2028a4531/resourcegroups/cloudforensics_group/providers/microsoft.compute/virtualmachines/forensicsacl2"
"d558e95b-08c4-4c42-b17a-dd6de6332e26",OpsManager,"6/26/2024, 4:51:20.511 PM","Microsoft-Windows-Security-Auditing",Security,forensicsacl2,0,Information,"<Param>S-1-5-18</Param><Param>-</Param><Param>-</Param><Param>0x3e7</Param><Param>0x260</Param><Param>C:\Windows\System32\wininit.exe</Param><Param>%%1936</Param><Param>0x20c</Param><Param></Param><Param>S-1-0-0</Param><Param>-</Param><Param>-</Param><Param>0x0</Param><Param>C:\Windows\System32\smss.exe</Param><Param>S-1-16-16384</Param>","<DataItem Type=""System.XmlData"" time=""2024-06-26T16:51:20.5115178Z"" sourceHealthServiceId=""a0cf1214-78a1-4446-8ef1-04b39ec9b972""><EventData xmlns=""http://schemas.microsoft.com/win/2004/08/events/event""><Data Name=""SubjectUserSid"">S-1-5-18</Data><Data Name=""SubjectUserName"">-</Data><Data Name=""SubjectDomainName"">-</Data><Data Name=""SubjectLogonId"">0x3e7</Data><Data Name=""NewProcessId"">0x260</Data><Data Name=""NewProcessName"">C:\Windows\System32\wininit.exe</Data><Data Name=""TokenElevationType"">%%1936</Data><Data Name=""ProcessId"">0x20c</Data><Data Name=""CommandLine"" /><Data Name=""TargetUserSid"">S-1-0-0</Data><Data Name=""TargetUserName"">-</Data><Data Name=""TargetDomainName"">-</Data><Data Name=""TargetLogonId"">0x0</Data><Data Name=""ParentProcessName"">C:\Windows\System32\smss.exe</Data><Data Name=""MandatoryLabel"">S-1-16-16384</Data></EventData></DataItem>",4688,"A new process has been created.  Creator Subject: 	Security ID:		S-1-5-18 	Account Name:		- 	Account Domain:		- 	Logon ID:		0x3E7  Target Subject: 	Security ID:		S-1-0-0 	Account Name:		- 	Account Domain:		- 	Logon ID:		0x0  Process Information: 	New Process ID:		0x260 	New Process Name:	C:\Windows\System32\wininit.exe 	Token Elevation Type:	%%1936 	Mandatory Label:		S-1-16-16384 	Creator Process ID:	0x20c 	Creator Process Name:	C:\Windows\System32\smss.exe 	Process Command Line:	  Token Elevation Type indicates the type of token that was assigned to the new process in accordance with User Account Control policy.  Type 1 is a full token with no privileges removed or groups disabled.  A full token is only used if User Account Control is disabled or if the user is the built-in Administrator account or a service account.  Type 2 is an elevated token with no privileges removed or groups disabled.  An elevated token is used when User Account Control is enabled and the user chooses to start the program using Run as administrator.  An elevated token is also used when an application is configured to always require administrative privilege or to always require maximum privilege, and the user is a member of the Administrators group.  Type 3 is a limited token with administrative privileges removed and administrative groups disabled.  The limited token is used when User Account Control is enabled, the application does not require administrative privilege, and the user does not choose to start the program using Run as administrator.",,,13312,"N/A",,"00000000-0000-0000-0000-000000000001","AOI-d558e95b-08c4-4c42-b17a-dd6de6332e26",Event,"/subscriptions/da2ead26-5eba-476e-90f5-13d2028a4531/resourcegroups/cloudforensics_group/providers/microsoft.compute/virtualmachines/forensicsacl2"
"d558e95b-08c4-4c42-b17a-dd6de6332e26",OpsManager,"6/26/2024, 4:51:20.521 PM","Microsoft-Windows-Security-Auditing",Security,forensicsacl2,0,Information,"<Param>S-1-5-18</Param><Param>-</Param><Param>-</Param><Param>0x3e7</Param><Param>0x26c</Param><Param>C:\Windows\System32\csrss.exe</Param><Param>%%1936</Param><Param>0x258</Param><Param></Param><Param>S-1-0-0</Param><Param>-</Param><Param>-</Param><Param>0x0</Param><Param>C:\Windows\System32\smss.exe</Param><Param>S-1-16-16384</Param>","<DataItem Type=""System.XmlData"" time=""2024-06-26T16:51:20.5211886Z"" sourceHealthServiceId=""a0cf1214-78a1-4446-8ef1-04b39ec9b972""><EventData xmlns=""http://schemas.microsoft.com/win/2004/08/events/event""><Data Name=""SubjectUserSid"">S-1-5-18</Data><Data Name=""SubjectUserName"">-</Data><Data Name=""SubjectDomainName"">-</Data><Data Name=""SubjectLogonId"">0x3e7</Data><Data Name=""NewProcessId"">0x26c</Data><Data Name=""NewProcessName"">C:\Windows\System32\csrss.exe</Data><Data Name=""TokenElevationType"">%%1936</Data><Data Name=""ProcessId"">0x258</Data><Data Name=""CommandLine"" /><Data Name=""TargetUserSid"">S-1-0-0</Data><Data Name=""TargetUserName"">-</Data><Data Name=""TargetDomainName"">-</Data><Data Name=""TargetLogonId"">0x0</Data><Data Name=""ParentProcessName"">C:\Windows\System32\smss.exe</Data><Data Name=""MandatoryLabel"">S-1-16-16384</Data></EventData></DataItem>",4688,"A new process has been created.  Creator Subject: 	Security ID:		S-1-5-18 	Account Name:		- 	Account Domain:		- 	Logon ID:		0x3E7  Target Subject: 	Security ID:		S-1-0-0 	Account Name:		- 	Account Domain:		- 	Logon ID:		0x0  Process Information: 	New Process ID:		0x26c 	New Process Name:	C:\Windows\System32\csrss.exe 	Token Elevation Type:	%%1936 	Mandatory Label:		S-1-16-16384 	Creator Process ID:	0x258 	Creator Process Name:	C:\Windows\System32\smss.exe 	Process Command Line:	  Token Elevation Type indicates the type of token that was assigned to the new process in accordance with User Account Control policy.  Type 1 is a full token with no privileges removed or groups disabled.  A full token is only used if User Account Control is disabled or if the user is the built-in Administrator account or a service account.  Type 2 is an elevated token with no privileges removed or groups disabled.  An elevated token is used when User Account Control is enabled and the user chooses to start the program using Run as administrator.  An elevated token is also used when an application is configured to always require administrative privilege or to always require maximum privilege, and the user is a member of the Administrators group.  Type 3 is a limited token with administrative privileges removed and administrative groups disabled.  The limited token is used when User Account Control is enabled, the application does not require administrative privilege, and the user does not choose to start the program using Run as administrator.",,,13312,"N/A",,"00000000-0000-0000-0000-000000000001","AOI-d558e95b-08c4-4c42-b17a-dd6de6332e26",Event,"/subscriptions/da2ead26-5eba-476e-90f5-13d2028a4531/resourcegroups/cloudforensics_group/providers/microsoft.compute/virtualmachines/forensicsacl2"
"d558e95b-08c4-4c42-b17a-dd6de6332e26",OpsManager,"6/26/2024, 4:51:20.805 PM","Microsoft-Windows-Security-Auditing",Security,forensicsacl2,0,Information,"<Param>S-1-5-18</Param><Param>-</Param><Param>-</Param><Param>0x3e7</Param><Param>0x2bc</Param><Param>C:\Windows\System32\winlogon.exe</Param><Param>%%1936</Param><Param>0x258</Param><Param></Param><Param>S-1-0-0</Param><Param>-</Param><Param>-</Param><Param>0x0</Param><Param>C:\Windows\System32\smss.exe</Param><Param>S-1-16-16384</Param>","<DataItem Type=""System.XmlData"" time=""2024-06-26T16:51:20.8055607Z"" sourceHealthServiceId=""a0cf1214-78a1-4446-8ef1-04b39ec9b972""><EventData xmlns=""http://schemas.microsoft.com/win/2004/08/events/event""><Data Name=""SubjectUserSid"">S-1-5-18</Data><Data Name=""SubjectUserName"">-</Data><Data Name=""SubjectDomainName"">-</Data><Data Name=""SubjectLogonId"">0x3e7</Data><Data Name=""NewProcessId"">0x2bc</Data><Data Name=""NewProcessName"">C:\Windows\System32\winlogon.exe</Data><Data Name=""TokenElevationType"">%%1936</Data><Data Name=""ProcessId"">0x258</Data><Data Name=""CommandLine"" /><Data Name=""TargetUserSid"">S-1-0-0</Data><Data Name=""TargetUserName"">-</Data><Data Name=""TargetDomainName"">-</Data><Data Name=""TargetLogonId"">0x0</Data><Data Name=""ParentProcessName"">C:\Windows\System32\smss.exe</Data><Data Name=""MandatoryLabel"">S-1-16-16384</Data></EventData></DataItem>",4688,"A new process has been created.  Creator Subject: 	Security ID:		S-1-5-18 	Account Name:		- 	Account Domain:		- 	Logon ID:		0x3E7  Target Subject: 	Security ID:		S-1-0-0 	Account Name:		- 	Account Domain:		- 	Logon ID:		0x0  Process Information: 	New Process ID:		0x2bc 	New Process Name:	C:\Windows\System32\winlogon.exe 	Token Elevation Type:	%%1936 	Mandatory Label:		S-1-16-16384 	Creator Process ID:	0x258 	Creator Process Name:	C:\Windows\System32\smss.exe 	Process Command Line:	  Token Elevation Type indicates the type of token that was assigned to the new process in accordance with User Account Control policy.  Type 1 is a full token with no privileges removed or groups disabled.  A full token is only used if User Account Control is disabled or if the user is the built-in Administrator account or a service account.  Type 2 is an elevated token with no privileges removed or groups disabled.  An elevated token is used when User Account Control is enabled and the user chooses to start the program using Run as administrator.  An elevated token is also used when an application is configured to always require administrative privilege or to always require maximum privilege, and the user is a member of the Administrators group.  Type 3 is a limited token with administrative privileges removed and administrative groups disabled.  The limited token is used when User Account Control is enabled, the application does not require administrative privilege, and the user does not choose to start the program using Run as administrator.",,,13312,"N/A",,"00000000-0000-0000-0000-000000000001","AOI-d558e95b-08c4-4c42-b17a-dd6de6332e26",Event,"/subscriptions/da2ead26-5eba-476e-90f5-13d2028a4531/resourcegroups/cloudforensics_group/providers/microsoft.compute/virtualmachines/forensicsacl2"
"d558e95b-08c4-4c42-b17a-dd6de6332e26",OpsManager,"6/26/2024, 4:51:21.653 PM","Microsoft-Windows-Security-Auditing",Security,forensicsacl2,0,Information,"<Param>S-1-5-18</Param><Param>-</Param><Param>-</Param><Param>0x3e7</Param><Param>0x2e8</Param><Param>C:\Windows\System32\services.exe</Param><Param>%%1936</Param><Param>0x260</Param><Param></Param><Param>S-1-0-0</Param><Param>-</Param><Param>-</Param><Param>0x0</Param><Param>C:\Windows\System32\wininit.exe</Param><Param>S-1-16-16384</Param>","<DataItem Type=""System.XmlData"" time=""2024-06-26T16:51:21.6531048Z"" sourceHealthServiceId=""a0cf1214-78a1-4446-8ef1-04b39ec9b972""><EventData xmlns=""http://schemas.microsoft.com/win/2004/08/events/event""><Data Name=""SubjectUserSid"">S-1-5-18</Data><Data Name=""SubjectUserName"">-</Data><Data Name=""SubjectDomainName"">-</Data><Data Name=""SubjectLogonId"">0x3e7</Data><Data Name=""NewProcessId"">0x2e8</Data><Data Name=""NewProcessName"">C:\Windows\System32\services.exe</Data><Data Name=""TokenElevationType"">%%1936</Data><Data Name=""ProcessId"">0x260</Data><Data Name=""CommandLine"" /><Data Name=""TargetUserSid"">S-1-0-0</Data><Data Name=""TargetUserName"">-</Data><Data Name=""TargetDomainName"">-</Data><Data Name=""TargetLogonId"">0x0</Data><Data Name=""ParentProcessName"">C:\Windows\System32\wininit.exe</Data><Data Name=""MandatoryLabel"">S-1-16-16384</Data></EventData></DataItem>",4688,"A new process has been created.  Creator Subject: 	Security ID:		S-1-5-18 	Account Name:		- 	Account Domain:		- 	Logon ID:		0x3E7  Target Subject: 	Security ID:		S-1-0-0 	Account Name:		- 	Account Domain:		- 	Logon ID:		0x0  Process Information: 	New Process ID:		0x2e8 	New Process Name:	C:\Windows\System32\services.exe 	Token Elevation Type:	%%1936 	Mandatory Label:		S-1-16-16384 	Creator Process ID:	0x260 	Creator Process Name:	C:\Windows\System32\wininit.exe 	Process Command Line:	  Token Elevation Type indicates the type of token that was assigned to the new process in accordance with User Account Control policy.  Type 1 is a full token with no privileges removed or groups disabled.  A full token is only used if User Account Control is disabled or if the user is the built-in Administrator account or a service account.  Type 2 is an elevated token with no privileges removed or groups disabled.  An elevated token is used when User Account Control is enabled and the user chooses to start the program using Run as administrator.  An elevated token is also used when an application is configured to always require administrative privilege or to always require maximum privilege, and the user is a member of the Administrators group.  Type 3 is a limited token with administrative privileges removed and administrative groups disabled.  The limited token is used when User Account Control is enabled, the application does not require administrative privilege, and the user does not choose to start the program using Run as administrator.",,,13312,"N/A",,"00000000-0000-0000-0000-000000000001","AOI-d558e95b-08c4-4c42-b17a-dd6de6332e26",Event,"/subscriptions/da2ead26-5eba-476e-90f5-13d2028a4531/resourcegroups/cloudforensics_group/providers/microsoft.compute/virtualmachines/forensicsacl2"
"d558e95b-08c4-4c42-b17a-dd6de6332e26",OpsManager,"6/26/2024, 4:51:21.758 PM","Microsoft-Windows-Wininit",System,forensicsacl2,4,Information,"<Param>0</Param><Param>0</Param>","<DataItem Type=""System.XmlData"" time=""2024-06-26T16:51:21.7586405Z"" sourceHealthServiceId=""a0cf1214-78a1-4446-8ef1-04b39ec9b972""><EventData xmlns=""http://schemas.microsoft.com/win/2004/08/events/event""><Data Name=""Config"">0</Data><Data Name=""IsTestConfig"">0</Data></EventData></DataItem>",14,"Credential Guard configuration: 0x0, 0",,,0,"S-1-5-18",,"00000000-0000-0000-0000-000000000001","AOI-d558e95b-08c4-4c42-b17a-dd6de6332e26",Event,"/subscriptions/da2ead26-5eba-476e-90f5-13d2028a4531/resourcegroups/cloudforensics_group/providers/microsoft.compute/virtualmachines/forensicsacl2"
"d558e95b-08c4-4c42-b17a-dd6de6332e26",OpsManager,"6/26/2024, 4:51:21.815 PM","Microsoft-Windows-Security-Auditing",Security,forensicsacl2,0,Information,"<Param>S-1-5-18</Param><Param>-</Param><Param>-</Param><Param>0x3e7</Param><Param>0x2f8</Param><Param>C:\Windows\System32\lsass.exe</Param><Param>%%1936</Param><Param>0x260</Param><Param></Param><Param>S-1-0-0</Param><Param>-</Param><Param>-</Param><Param>0x0</Param><Param>C:\Windows\System32\wininit.exe</Param><Param>S-1-16-16384</Param>","<DataItem Type=""System.XmlData"" time=""2024-06-26T16:51:21.8151658Z"" sourceHealthServiceId=""a0cf1214-78a1-4446-8ef1-04b39ec9b972""><EventData xmlns=""http://schemas.microsoft.com/win/2004/08/events/event""><Data Name=""SubjectUserSid"">S-1-5-18</Data><Data Name=""SubjectUserName"">-</Data><Data Name=""SubjectDomainName"">-</Data><Data Name=""SubjectLogonId"">0x3e7</Data><Data Name=""NewProcessId"">0x2f8</Data><Data Name=""NewProcessName"">C:\Windows\System32\lsass.exe</Data><Data Name=""TokenElevationType"">%%1936</Data><Data Name=""ProcessId"">0x260</Data><Data Name=""CommandLine"" /><Data Name=""TargetUserSid"">S-1-0-0</Data><Data Name=""TargetUserName"">-</Data><Data Name=""TargetDomainName"">-</Data><Data Name=""TargetLogonId"">0x0</Data><Data Name=""ParentProcessName"">C:\Windows\System32\wininit.exe</Data><Data Name=""MandatoryLabel"">S-1-16-16384</Data></EventData></DataItem>",4688,"A new process has been created.  Creator Subject: 	Security ID:		S-1-5-18 	Account Name:		- 	Account Domain:		- 	Logon ID:		0x3E7  Target Subject: 	Security ID:		S-1-0-0 	Account Name:		- 	Account Domain:		- 	Logon ID:		0x0  Process Information: 	New Process ID:		0x2f8 	New Process Name:	C:\Windows\System32\lsass.exe 	Token Elevation Type:	%%1936 	Mandatory Label:		S-1-16-16384 	Creator Process ID:	0x260 	Creator Process Name:	C:\Windows\System32\wininit.exe 	Process Command Line:	  Token Elevation Type indicates the type of token that was assigned to the new process in accordance with User Account Control policy.  Type 1 is a full token with no privileges removed or groups disabled.  A full token is only used if User Account Control is disabled or if the user is the built-in Administrator account or a service account.  Type 2 is an elevated token with no privileges removed or groups disabled.  An elevated token is used when User Account Control is enabled and the user chooses to start the program using Run as administrator.  An elevated token is also used when an application is configured to always require administrative privilege or to always require maximum privilege, and the user is a member of the Administrators group.  Type 3 is a limited token with administrative privileges removed and administrative groups disabled.  The limited token is used when User Account Control is enabled, the application does not require administrative privilege, and the user does not choose to start the program using Run as administrator.",,,13312,"N/A",,"00000000-0000-0000-0000-000000000001","AOI-d558e95b-08c4-4c42-b17a-dd6de6332e26",Event,"/subscriptions/da2ead26-5eba-476e-90f5-13d2028a4531/resourcegroups/cloudforensics_group/providers/microsoft.compute/virtualmachines/forensicsacl2"
"d558e95b-08c4-4c42-b17a-dd6de6332e26",OpsManager,"6/26/2024, 4:51:22.515 PM","Microsoft-Windows-Kernel-General",System,forensicsacl2,4,Information,"<Param>36</Param><Param>\SystemRoot\System32\Config\SECURITY</Param><Param>76</Param><Param>4</Param>","<DataItem Type=""System.XmlData"" time=""2024-06-26T16:51:22.5158608Z"" sourceHealthServiceId=""a0cf1214-78a1-4446-8ef1-04b39ec9b972""><EventData xmlns=""http://schemas.microsoft.com/win/2004/08/events/event""><Data Name=""HiveNameLength"">36</Data><Data Name=""HiveName"">\SystemRoot\System32\Config\SECURITY</Data><Data Name=""KeysUpdated"">76</Data><Data Name=""DirtyPages"">4</Data></EventData></DataItem>",16,"The access history in hive \SystemRoot\System32\Config\SECURITY was cleared updating 76 keys and creating 4 modified pages.",,,0,"S-1-5-18",,"00000000-0000-0000-0000-000000000001","AOI-d558e95b-08c4-4c42-b17a-dd6de6332e26",Event,"/subscriptions/da2ead26-5eba-476e-90f5-13d2028a4531/resourcegroups/cloudforensics_group/providers/microsoft.compute/virtualmachines/forensicsacl2"
"d558e95b-08c4-4c42-b17a-dd6de6332e26",OpsManager,"6/26/2024, 4:51:22.519 PM","Microsoft-Windows-Security-Auditing",Security,forensicsacl2,0,Information,,"<DataItem Type=""System.XmlData"" time=""2024-06-26T16:51:22.5193887Z"" sourceHealthServiceId=""a0cf1214-78a1-4446-8ef1-04b39ec9b972""><EventData xmlns=""http://schemas.microsoft.com/win/2004/08/events/event"" /></DataItem>",4608,"Windows is starting up.  This event is logged when LSASS.EXE starts and the auditing subsystem is initialized.",,,12288,"N/A",,"00000000-0000-0000-0000-000000000001","AOI-d558e95b-08c4-4c42-b17a-dd6de6332e26",Event,"/subscriptions/da2ead26-5eba-476e-90f5-13d2028a4531/resourcegroups/cloudforensics_group/providers/microsoft.compute/virtualmachines/forensicsacl2"
"d558e95b-08c4-4c42-b17a-dd6de6332e26",OpsManager,"6/26/2024, 4:51:22.522 PM","Microsoft-Windows-Security-Auditing",Security,forensicsacl2,0,Information,"<Param>S-1-0-0</Param><Param>-</Param><Param>-</Param><Param>0x0</Param><Param>S-1-5-18</Param><Param>SYSTEM</Param><Param>NT AUTHORITY</Param><Param>0x3e7</Param><Param>0</Param><Param>-</Param><Param>-</Param><Param>-</Param><Param>{00000000-0000-0000-0000-000000000000}</Param><Param>-</Param><Param>-</Param><Param>0</Param><Param>0x4</Param><Param></Param><Param>-</Param><Param>-</Param><Param>-</Param><Param>-</Param><Param>-</Param><Param>-</Param><Param>%%1843</Param><Param>0x0</Param><Param>%%1842</Param>","<DataItem Type=""System.XmlData"" time=""2024-06-26T16:51:22.5221135Z"" sourceHealthServiceId=""a0cf1214-78a1-4446-8ef1-04b39ec9b972""><EventData xmlns=""http://schemas.microsoft.com/win/2004/08/events/event""><Data Name=""SubjectUserSid"">S-1-0-0</Data><Data Name=""SubjectUserName"">-</Data><Data Name=""SubjectDomainName"">-</Data><Data Name=""SubjectLogonId"">0x0</Data><Data Name=""TargetUserSid"">S-1-5-18</Data><Data Name=""TargetUserName"">SYSTEM</Data><Data Name=""TargetDomainName"">NT AUTHORITY</Data><Data Name=""TargetLogonId"">0x3e7</Data><Data Name=""LogonType"">0</Data><Data Name=""LogonProcessName"">-</Data><Data Name=""AuthenticationPackageName"">-</Data><Data Name=""WorkstationName"">-</Data><Data Name=""LogonGuid"">{00000000-0000-0000-0000-000000000000}</Data><Data Name=""TransmittedServices"">-</Data><Data Name=""LmPackageName"">-</Data><Data Name=""KeyLength"">0</Data><Data Name=""ProcessId"">0x4</Data><Data Name=""ProcessName"" /><Data Name=""IpAddress"">-</Data><Data Name=""IpPort"">-</Data><Data Name=""ImpersonationLevel"">-</Data><Data Name=""RestrictedAdminMode"">-</Data><Data Name=""TargetOutboundUserName"">-</Data><Data Name=""TargetOutboundDomainName"">-</Data><Data Name=""VirtualAccount"">%%1843</Data><Data Name=""TargetLinkedLogonId"">0x0</Data><Data Name=""ElevatedToken"">%%1842</Data></EventData></DataItem>",4624,"An account was successfully logged on.  Subject: 	Security ID:		S-1-0-0 	Account Name:		- 	Account Domain:		- 	Logon ID:		0x0  Logon Information: 	Logon Type:		0 	Restricted Admin Mode:	- 	Virtual Account:		No 	Elevated Token:		Yes  Impersonation Level:		-  New Logon: 	Security ID:		S-1-5-18 	Account Name:		SYSTEM 	Account Domain:		NT AUTHORITY 	Logon ID:		0x3E7 	Linked Logon ID:		0x0 	Network Account Name:	- 	Network Account Domain:	- 	Logon GUID:		{00000000-0000-0000-0000-000000000000}  Process Information: 	Process ID:		0x4 	Process Name:		  Network Information: 	Workstation Name:	- 	Source Network Address:	- 	Source Port:		-  Detailed Authentication Information: 	Logon Process:		- 	Authentication Package:	- 	Transited Services:	- 	Package Name (NTLM only):	- 	Key Length:		0  This event is generated when a logon session is created. It is generated on the computer that was accessed.  The subject fields indicate the account on the local system which requested the logon. This is most commonly a service such as the Server service, or a local process such as Winlogon.exe or Services.exe.  The logon type field indicates the kind of logon that occurred. The most common types are 2 (interactive) and 3 (network).  The New Logon fields indicate the account for whom the new logon was created, i.e. the account that was logged on.  The network fields indicate where a remote logon request originated. Workstation name is not always available and may be left blank in some cases.  The impersonation level field indicates the extent to which a process in the logon session can impersonate.  The authentication information fields provide detailed information about this specific logon request. 	- Logon GUID is a unique identifier that can be used to correlate this event with a KDC event. 	- Transited services indicate which intermediate services have participated in this logon request. 	- Package name indicates which sub-protocol was used among the NTLM protocols. 	- Key length indicates the length of the generated session key. This will be 0 if no session key was requested.",,,12544,"N/A",,"00000000-0000-0000-0000-000000000001","AOI-d558e95b-08c4-4c42-b17a-dd6de6332e26",Event,"/subscriptions/da2ead26-5eba-476e-90f5-13d2028a4531/resourcegroups/cloudforensics_group/providers/microsoft.compute/virtualmachines/forensicsacl2"
"d558e95b-08c4-4c42-b17a-dd6de6332e26",OpsManager,"6/26/2024, 4:51:31.215 PM","Microsoft-Windows-Security-Auditing",Security,forensicsacl2,0,Information,"<Param>0</Param><Param>0x6435</Param>","<DataItem Type=""System.XmlData"" time=""2024-06-26T16:51:31.2154197Z"" sourceHealthServiceId=""a0cf1214-78a1-4446-8ef1-04b39ec9b972""><EventData xmlns=""http://schemas.microsoft.com/win/2004/08/events/event""><Data Name=""PuaCount"">0</Data><Data Name=""PuaPolicyId"">0x6435</Data></EventData></DataItem>",4902,"The Per-user audit policy table was created.  Number of Elements:	0 Policy ID:	0x6435",,,13568,"N/A",,"00000000-0000-0000-0000-000000000001","AOI-d558e95b-08c4-4c42-b17a-dd6de6332e26",Event,"/subscriptions/da2ead26-5eba-476e-90f5-13d2028a4531/resourcegroups/cloudforensics_group/providers/microsoft.compute/virtualmachines/forensicsacl2"
"d558e95b-08c4-4c42-b17a-dd6de6332e26",OpsManager,"6/26/2024, 4:51:31.218 PM","Microsoft-Windows-Directory-Services-SAM",System,forensicsacl2,4,Information,"<Param>O:SYG:SYD:(A;;RC;;;BA)</Param>","<DataItem Type=""System.XmlData"" time=""2024-06-26T16:51:31.2185425Z"" sourceHealthServiceId=""a0cf1214-78a1-4446-8ef1-04b39ec9b972""><EventData Name=""SAMMSG_RESTRICT_REMOTE_SAM_DEFAULT_SD"" xmlns=""http://schemas.microsoft.com/win/2004/08/events/event""><Data Name=""Default SD String:"">O:SYG:SYD:(A;;RC;;;BA)</Data></EventData></DataItem>",16962,"Remote calls to the SAM database are being restricted using the default security descriptor: O:SYG:SYD:(A;;RC;;;BA). For more information please see http://go.microsoft.com/fwlink/?LinkId=787651.",,,0,"S-1-5-18",,"00000000-0000-0000-0000-000000000001","AOI-d558e95b-08c4-4c42-b17a-dd6de6332e26",Event,"/subscriptions/da2ead26-5eba-476e-90f5-13d2028a4531/resourcegroups/cloudforensics_group/providers/microsoft.compute/virtualmachines/forensicsacl2"
"d558e95b-08c4-4c42-b17a-dd6de6332e26",OpsManager,"6/26/2024, 4:51:31.263 PM","Microsoft-Windows-Kernel-General",System,forensicsacl2,4,Information,"<Param>31</Param><Param>\SystemRoot\System32\Config\SAM</Param><Param>67</Param><Param>8</Param>","<DataItem Type=""System.XmlData"" time=""2024-06-26T16:51:31.2635877Z"" sourceHealthServiceId=""a0cf1214-78a1-4446-8ef1-04b39ec9b972""><EventData xmlns=""http://schemas.microsoft.com/win/2004/08/events/event""><Data Name=""HiveNameLength"">31</Data><Data Name=""HiveName"">\SystemRoot\System32\Config\SAM</Data><Data Name=""KeysUpdated"">67</Data><Data Name=""DirtyPages"">8</Data></EventData></DataItem>",16,"The access history in hive \SystemRoot\System32\Config\SAM was cleared updating 67 keys and creating 8 modified pages.",,,0,"S-1-5-18",,"00000000-0000-0000-0000-000000000001","AOI-d558e95b-08c4-4c42-b17a-dd6de6332e26",Event,"/subscriptions/da2ead26-5eba-476e-90f5-13d2028a4531/resourcegroups/cloudforensics_group/providers/microsoft.compute/virtualmachines/forensicsacl2"
"d558e95b-08c4-4c42-b17a-dd6de6332e26",OpsManager,"6/26/2024, 4:51:31.361 PM","Microsoft-Windows-Directory-Services-SAM",System,forensicsacl2,4,Information,"<Param>0</Param><Param>0</Param><Param>-1</Param>","<DataItem Type=""System.XmlData"" time=""2024-06-26T16:51:31.3615014Z"" sourceHealthServiceId=""a0cf1214-78a1-4446-8ef1-04b39ec9b972""><EventData Name=""SAMMSG_MINPWDLEN_SETTINGS_IN_EFFECT"" xmlns=""http://schemas.microsoft.com/win/2004/08/events/event""><Data Name=""MinimumPasswordLength"">0</Data><Data Name=""RelaxMinimumPasswordLengthLimits"">0</Data><Data Name=""MinimumPasswordLengthAudit"">-1</Data></EventData></DataItem>",16977,"The domain is configured with the following minimum password length-related settings.  MinimumPasswordLength: 0  RelaxMinimumPasswordLengthLimits: 0  MinimumPasswordLengthAudit: -1  For more information see https://go.microsoft.com/fwlink/?LinkId=2097191. ",,,0,"S-1-5-18",,"00000000-0000-0000-0000-000000000001","AOI-d558e95b-08c4-4c42-b17a-dd6de6332e26",Event,"/subscriptions/da2ead26-5eba-476e-90f5-13d2028a4531/resourcegroups/cloudforensics_group/providers/microsoft.compute/virtualmachines/forensicsacl2"
"d558e95b-08c4-4c42-b17a-dd6de6332e26",OpsManager,"6/26/2024, 4:51:31.361 PM","Microsoft-Windows-Directory-Services-SAM",System,forensicsacl2,4,Information,,"<DataItem Type=""System.XmlData"" time=""2024-06-26T16:51:31.3615078Z"" sourceHealthServiceId=""a0cf1214-78a1-4446-8ef1-04b39ec9b972""><EventData Name=""SAMMSG_AUDIT_LEGACY_PWD_RPC_METHODS_OFF"" xmlns=""http://schemas.microsoft.com/win/2004/08/events/event"" /></DataItem>",16983,"The security account manager is now logging periodic summary events for remote clients that call legacy password change or set RPC methods.  For more information please see https://go.microsoft.com/fwlink/?linkid=2150956. ",,,0,"S-1-5-18",,"00000000-0000-0000-0000-000000000001","AOI-d558e95b-08c4-4c42-b17a-dd6de6332e26",Event,"/subscriptions/da2ead26-5eba-476e-90f5-13d2028a4531/resourcegroups/cloudforensics_group/providers/microsoft.compute/virtualmachines/forensicsacl2"
"d558e95b-08c4-4c42-b17a-dd6de6332e26",OpsManager,"6/26/2024, 4:51:31.466 PM","Microsoft-Windows-Security-Auditing",Security,forensicsacl2,0,Information,"<Param>S-1-5-18</Param><Param>forensicsacl2$</Param><Param>WORKGROUP</Param><Param>0x3e7</Param><Param>{00000000-0000-0000-0000-000000000000}</Param><Param>UMFD-0</Param><Param>Font Driver Host</Param><Param>{00000000-0000-0000-0000-000000000000}</Param><Param>localhost</Param><Param>localhost</Param><Param>0x260</Param><Param>C:\Windows\System32\wininit.exe</Param><Param>-</Param><Param>-</Param>","<DataItem Type=""System.XmlData"" time=""2024-06-26T16:51:31.4661323Z"" sourceHealthServiceId=""a0cf1214-78a1-4446-8ef1-04b39ec9b972""><EventData xmlns=""http://schemas.microsoft.com/win/2004/08/events/event""><Data Name=""SubjectUserSid"">S-1-5-18</Data><Data Name=""SubjectUserName"">forensicsacl2$</Data><Data Name=""SubjectDomainName"">WORKGROUP</Data><Data Name=""SubjectLogonId"">0x3e7</Data><Data Name=""LogonGuid"">{00000000-0000-0000-0000-000000000000}</Data><Data Name=""TargetUserName"">UMFD-0</Data><Data Name=""TargetDomainName"">Font Driver Host</Data><Data Name=""TargetLogonGuid"">{00000000-0000-0000-0000-000000000000}</Data><Data Name=""TargetServerName"">localhost</Data><Data Name=""TargetInfo"">localhost</Data><Data Name=""ProcessId"">0x260</Data><Data Name=""ProcessName"">C:\Windows\System32\wininit.exe</Data><Data Name=""IpAddress"">-</Data><Data Name=""IpPort"">-</Data></EventData></DataItem>",4648,"A logon was attempted using explicit credentials.  Subject: 	Security ID:		S-1-5-18 	Account Name:		forensicsacl2$ 	Account Domain:		WORKGROUP 	Logon ID:		0x3E7 	Logon GUID:		{00000000-0000-0000-0000-000000000000}  Account Whose Credentials Were Used: 	Account Name:		UMFD-0 	Account Domain:		Font Driver Host 	Logon GUID:		{00000000-0000-0000-0000-000000000000}  Target Server: 	Target Server Name:	localhost 	Additional Information:	localhost  Process Information: 	Process ID:		0x260 	Process Name:		C:\Windows\System32\wininit.exe  Network Information: 	Network Address:	- 	Port:			-  This event is generated when a process attempts to log on an account by explicitly specifying that account’s credentials.  This most commonly occurs in batch-type configurations such as scheduled tasks, or when using the RUNAS command.",,,12544,"N/A",,"00000000-0000-0000-0000-000000000001","AOI-d558e95b-08c4-4c42-b17a-dd6de6332e26",Event,"/subscriptions/da2ead26-5eba-476e-90f5-13d2028a4531/resourcegroups/cloudforensics_group/providers/microsoft.compute/virtualmachines/forensicsacl2"
"d558e95b-08c4-4c42-b17a-dd6de6332e26",OpsManager,"6/26/2024, 4:51:31.466 PM","Microsoft-Windows-Security-Auditing",Security,forensicsacl2,0,Information,"<Param>S-1-5-18</Param><Param>forensicsacl2$</Param><Param>WORKGROUP</Param><Param>0x3e7</Param><Param>S-1-5-96-0-0</Param><Param>UMFD-0</Param><Param>Font Driver Host</Param><Param>0x6636</Param><Param>2</Param><Param>Advapi  </Param><Param>Negotiate</Param><Param>-</Param><Param>{00000000-0000-0000-0000-000000000000}</Param><Param>-</Param><Param>-</Param><Param>0</Param><Param>0x260</Param><Param>C:\Windows\System32\wininit.exe</Param><Param>-</Param><Param>-</Param><Param>%%1833</Param><Param>-</Param><Param>-</Param><Param>-</Param><Param>%%1842</Param><Param>0x0</Param><Param>%%1843</Param>","<DataItem Type=""System.XmlData"" time=""2024-06-26T16:51:31.4661594Z"" sourceHealthServiceId=""a0cf1214-78a1-4446-8ef1-04b39ec9b972""><EventData xmlns=""http://schemas.microsoft.com/win/2004/08/events/event""><Data Name=""SubjectUserSid"">S-1-5-18</Data><Data Name=""SubjectUserName"">forensicsacl2$</Data><Data Name=""SubjectDomainName"">WORKGROUP</Data><Data Name=""SubjectLogonId"">0x3e7</Data><Data Name=""TargetUserSid"">S-1-5-96-0-0</Data><Data Name=""TargetUserName"">UMFD-0</Data><Data Name=""TargetDomainName"">Font Driver Host</Data><Data Name=""TargetLogonId"">0x6636</Data><Data Name=""LogonType"">2</Data><Data Name=""LogonProcessName"">Advapi  </Data><Data Name=""AuthenticationPackageName"">Negotiate</Data><Data Name=""WorkstationName"">-</Data><Data Name=""LogonGuid"">{00000000-0000-0000-0000-000000000000}</Data><Data Name=""TransmittedServices"">-</Data><Data Name=""LmPackageName"">-</Data><Data Name=""KeyLength"">0</Data><Data Name=""ProcessId"">0x260</Data><Data Name=""ProcessName"">C:\Windows\System32\wininit.exe</Data><Data Name=""IpAddress"">-</Data><Data Name=""IpPort"">-</Data><Data Name=""ImpersonationLevel"">%%1833</Data><Data Name=""RestrictedAdminMode"">-</Data><Data Name=""TargetOutboundUserName"">-</Data><Data Name=""TargetOutboundDomainName"">-</Data><Data Name=""VirtualAccount"">%%1842</Data><Data Name=""TargetLinkedLogonId"">0x0</Data><Data Name=""ElevatedToken"">%%1843</Data></EventData></DataItem>",4624,"An account was successfully logged on.  Subject: 	Security ID:		S-1-5-18 	Account Name:		forensicsacl2$ 	Account Domain:		WORKGROUP 	Logon ID:		0x3E7  Logon Information: 	Logon Type:		2 	Restricted Admin Mode:	- 	Virtual Account:		Yes 	Elevated Token:		No  Impersonation Level:		Impersonation  New Logon: 	Security ID:		S-1-5-96-0-0 	Account Name:		UMFD-0 	Account Domain:		Font Driver Host 	Logon ID:		0x6636 	Linked Logon ID:		0x0 	Network Account Name:	- 	Network Account Domain:	- 	Logon GUID:		{00000000-0000-0000-0000-000000000000}  Process Information: 	Process ID:		0x260 	Process Name:		C:\Windows\System32\wininit.exe  Network Information: 	Workstation Name:	- 	Source Network Address:	- 	Source Port:		-  Detailed Authentication Information: 	Logon Process:		Advapi   	Authentication Package:	Negotiate 	Transited Services:	- 	Package Name (NTLM only):	- 	Key Length:		0  This event is generated when a logon session is created. It is generated on the computer that was accessed.  The subject fields indicate the account on the local system which requested the logon. This is most commonly a service such as the Server service, or a local process such as Winlogon.exe or Services.exe.  The logon type field indicates the kind of logon that occurred. The most common types are 2 (interactive) and 3 (network).  The New Logon fields indicate the account for whom the new logon was created, i.e. the account that was logged on.  The network fields indicate where a remote logon request originated. Workstation name is not always available and may be left blank in some cases.  The impersonation level field indicates the extent to which a process in the logon session can impersonate.  The authentication information fields provide detailed information about this specific logon request. 	- Logon GUID is a unique identifier that can be used to correlate this event with a KDC event. 	- Transited services indicate which intermediate services have participated in this logon request. 	- Package name indicates which sub-protocol was used among the NTLM protocols. 	- Key length indicates the length of the generated session key. This will be 0 if no session key was requested.",,,12544,"N/A",,"00000000-0000-0000-0000-000000000001","AOI-d558e95b-08c4-4c42-b17a-dd6de6332e26",Event,"/subscriptions/da2ead26-5eba-476e-90f5-13d2028a4531/resourcegroups/cloudforensics_group/providers/microsoft.compute/virtualmachines/forensicsacl2"
"d558e95b-08c4-4c42-b17a-dd6de6332e26",OpsManager,"6/26/2024, 4:51:31.466 PM","Microsoft-Windows-Security-Auditing",Security,forensicsacl2,0,Information,"<Param>S-1-5-18</Param><Param>forensicsacl2$</Param><Param>WORKGROUP</Param><Param>0x3e7</Param><Param>{00000000-0000-0000-0000-000000000000}</Param><Param>UMFD-1</Param><Param>Font Driver Host</Param><Param>{00000000-0000-0000-0000-000000000000}</Param><Param>localhost</Param><Param>localhost</Param><Param>0x2bc</Param><Param>C:\Windows\System32\winlogon.exe</Param><Param>-</Param><Param>-</Param>","<DataItem Type=""System.XmlData"" time=""2024-06-26T16:51:31.4666801Z"" sourceHealthServiceId=""a0cf1214-78a1-4446-8ef1-04b39ec9b972""><EventData xmlns=""http://schemas.microsoft.com/win/2004/08/events/event""><Data Name=""SubjectUserSid"">S-1-5-18</Data><Data Name=""SubjectUserName"">forensicsacl2$</Data><Data Name=""SubjectDomainName"">WORKGROUP</Data><Data Name=""SubjectLogonId"">0x3e7</Data><Data Name=""LogonGuid"">{00000000-0000-0000-0000-000000000000}</Data><Data Name=""TargetUserName"">UMFD-1</Data><Data Name=""TargetDomainName"">Font Driver Host</Data><Data Name=""TargetLogonGuid"">{00000000-0000-0000-0000-000000000000}</Data><Data Name=""TargetServerName"">localhost</Data><Data Name=""TargetInfo"">localhost</Data><Data Name=""ProcessId"">0x2bc</Data><Data Name=""ProcessName"">C:\Windows\System32\winlogon.exe</Data><Data Name=""IpAddress"">-</Data><Data Name=""IpPort"">-</Data></EventData></DataItem>",4648,"A logon was attempted using explicit credentials.  Subject: 	Security ID:		S-1-5-18 	Account Name:		forensicsacl2$ 	Account Domain:		WORKGROUP 	Logon ID:		0x3E7 	Logon GUID:		{00000000-0000-0000-0000-000000000000}  Account Whose Credentials Were Used: 	Account Name:		UMFD-1 	Account Domain:		Font Driver Host 	Logon GUID:		{00000000-0000-0000-0000-000000000000}  Target Server: 	Target Server Name:	localhost 	Additional Information:	localhost  Process Information: 	Process ID:		0x2bc 	Process Name:		C:\Windows\System32\winlogon.exe  Network Information: 	Network Address:	- 	Port:			-  This event is generated when a process attempts to log on an account by explicitly specifying that account’s credentials.  This most commonly occurs in batch-type configurations such as scheduled tasks, or when using the RUNAS command.",,,12544,"N/A",,"00000000-0000-0000-0000-000000000001","AOI-d558e95b-08c4-4c42-b17a-dd6de6332e26",Event,"/subscriptions/da2ead26-5eba-476e-90f5-13d2028a4531/resourcegroups/cloudforensics_group/providers/microsoft.compute/virtualmachines/forensicsacl2"
"d558e95b-08c4-4c42-b17a-dd6de6332e26",OpsManager,"6/26/2024, 4:51:31.466 PM","Microsoft-Windows-Security-Auditing",Security,forensicsacl2,0,Information,"<Param>S-1-5-18</Param><Param>forensicsacl2$</Param><Param>WORKGROUP</Param><Param>0x3e7</Param><Param>S-1-5-96-0-1</Param><Param>UMFD-1</Param><Param>Font Driver Host</Param><Param>0x665c</Param><Param>2</Param><Param>Advapi  </Param><Param>Negotiate</Param><Param>-</Param><Param>{00000000-0000-0000-0000-000000000000}</Param><Param>-</Param><Param>-</Param><Param>0</Param><Param>0x2bc</Param><Param>C:\Windows\System32\winlogon.exe</Param><Param>-</Param><Param>-</Param><Param>%%1833</Param><Param>-</Param><Param>-</Param><Param>-</Param><Param>%%1842</Param><Param>0x0</Param><Param>%%1843</Param>","<DataItem Type=""System.XmlData"" time=""2024-06-26T16:51:31.4667040Z"" sourceHealthServiceId=""a0cf1214-78a1-4446-8ef1-04b39ec9b972""><EventData xmlns=""http://schemas.microsoft.com/win/2004/08/events/event""><Data Name=""SubjectUserSid"">S-1-5-18</Data><Data Name=""SubjectUserName"">forensicsacl2$</Data><Data Name=""SubjectDomainName"">WORKGROUP</Data><Data Name=""SubjectLogonId"">0x3e7</Data><Data Name=""TargetUserSid"">S-1-5-96-0-1</Data><Data Name=""TargetUserName"">UMFD-1</Data><Data Name=""TargetDomainName"">Font Driver Host</Data><Data Name=""TargetLogonId"">0x665c</Data><Data Name=""LogonType"">2</Data><Data Name=""LogonProcessName"">Advapi  </Data><Data Name=""AuthenticationPackageName"">Negotiate</Data><Data Name=""WorkstationName"">-</Data><Data Name=""LogonGuid"">{00000000-0000-0000-0000-000000000000}</Data><Data Name=""TransmittedServices"">-</Data><Data Name=""LmPackageName"">-</Data><Data Name=""KeyLength"">0</Data><Data Name=""ProcessId"">0x2bc</Data><Data Name=""ProcessName"">C:\Windows\System32\winlogon.exe</Data><Data Name=""IpAddress"">-</Data><Data Name=""IpPort"">-</Data><Data Name=""ImpersonationLevel"">%%1833</Data><Data Name=""RestrictedAdminMode"">-</Data><Data Name=""TargetOutboundUserName"">-</Data><Data Name=""TargetOutboundDomainName"">-</Data><Data Name=""VirtualAccount"">%%1842</Data><Data Name=""TargetLinkedLogonId"">0x0</Data><Data Name=""ElevatedToken"">%%1843</Data></EventData></DataItem>",4624,"An account was successfully logged on.  Subject: 	Security ID:		S-1-5-18 	Account Name:		forensicsacl2$ 	Account Domain:		WORKGROUP 	Logon ID:		0x3E7  Logon Information: 	Logon Type:		2 	Restricted Admin Mode:	- 	Virtual Account:		Yes 	Elevated Token:		No  Impersonation Level:		Impersonation  New Logon: 	Security ID:		S-1-5-96-0-1 	Account Name:		UMFD-1 	Account Domain:		Font Driver Host 	Logon ID:		0x665C 	Linked Logon ID:		0x0 	Network Account Name:	- 	Network Account Domain:	- 	Logon GUID:		{00000000-0000-0000-0000-000000000000}  Process Information: 	Process ID:		0x2bc 	Process Name:		C:\Windows\System32\winlogon.exe  Network Information: 	Workstation Name:	- 	Source Network Address:	- 	Source Port:		-  Detailed Authentication Information: 	Logon Process:		Advapi   	Authentication Package:	Negotiate 	Transited Services:	- 	Package Name (NTLM only):	- 	Key Length:		0  This event is generated when a logon session is created. It is generated on the computer that was accessed.  The subject fields indicate the account on the local system which requested the logon. This is most commonly a service such as the Server service, or a local process such as Winlogon.exe or Services.exe.  The logon type field indicates the kind of logon that occurred. The most common types are 2 (interactive) and 3 (network).  The New Logon fields indicate the account for whom the new logon was created, i.e. the account that was logged on.  The network fields indicate where a remote logon request originated. Workstation name is not always available and may be left blank in some cases.  The impersonation level field indicates the extent to which a process in the logon session can impersonate.  The authentication information fields provide detailed information about this specific logon request. 	- Logon GUID is a unique identifier that can be used to correlate this event with a KDC event. 	- Transited services indicate which intermediate services have participated in this logon request. 	- Package name indicates which sub-protocol was used among the NTLM protocols. 	- Key length indicates the length of the generated session key. This will be 0 if no session key was requested.",,,12544,"N/A",,"00000000-0000-0000-0000-000000000001","AOI-d558e95b-08c4-4c42-b17a-dd6de6332e26",Event,"/subscriptions/da2ead26-5eba-476e-90f5-13d2028a4531/resourcegroups/cloudforensics_group/providers/microsoft.compute/virtualmachines/forensicsacl2"
