"d558e95b-08c4-4c42-b17a-dd6de6332e26",OpsManager,"6/26/2024, 4:56:11.274 PM","Microsoft-Windows-Security-Auditing",Security,forensicsacl2,0,Information,"<Param>DefaultAccount</Param><Param>forensicsacl2</Param><Param>S-1-5-21-1413295808-2032686517-1925176222-503</Param><Param>S-1-5-18</Param><Param>forensicsacl2$</Param><Param>WORKGROUP</Param><Param>0x3e7</Param><Param>0x99c</Param><Param>C:\Windows\System32\CompatTelRunner.exe</Param>","<DataItem Type=""System.XmlData"" time=""2024-06-26T16:56:11.2741021Z"" sourceHealthServiceId=""a0cf1214-78a1-4446-8ef1-04b39ec9b972""><EventData xmlns=""http://schemas.microsoft.com/win/2004/08/events/event""><Data Name=""TargetUserName"">DefaultAccount</Data><Data Name=""TargetDomainName"">forensicsacl2</Data><Data Name=""TargetSid"">S-1-5-21-1413295808-2032686517-1925176222-503</Data><Data Name=""SubjectUserSid"">S-1-5-18</Data><Data Name=""SubjectUserName"">forensicsacl2$</Data><Data Name=""SubjectDomainName"">WORKGROUP</Data><Data Name=""SubjectLogonId"">0x3e7</Data><Data Name=""CallerProcessId"">0x99c</Data><Data Name=""CallerProcessName"">C:\Windows\System32\CompatTelRunner.exe</Data></EventData></DataItem>",4798,"A user's local group membership was enumerated.  Subject: 	Security ID:		S-1-5-18 	Account Name:		forensicsacl2$ 	Account Domain:		WORKGROUP 	Logon ID:		0x3E7  User: 	Security ID:		S-1-5-21-1413295808-2032686517-1925176222-503 	Account Name:		DefaultAccount 	Account Domain:		forensicsacl2  Process Information: 	Process ID:		0x99c 	Process Name:		C:\Windows\System32\CompatTelRunner.exe",,,13824,"N/A",,"00000000-0000-0000-0000-000000000001","AOI-d558e95b-08c4-4c42-b17a-dd6de6332e26",Event,"/subscriptions/da2ead26-5eba-476e-90f5-13d2028a4531/resourcegroups/cloudforensics_group/providers/microsoft.compute/virtualmachines/forensicsacl2"
"d558e95b-08c4-4c42-b17a-dd6de6332e26",OpsManager,"6/26/2024, 4:56:11.274 PM","Microsoft-Windows-Security-Auditing",Security,forensicsacl2,0,Information,"<Param>forensicsacl2</Param><Param>forensicsacl2</Param><Param>S-1-5-21-1413295808-2032686517-1925176222-500</Param><Param>S-1-5-18</Param><Param>forensicsacl2$</Param><Param>WORKGROUP</Param><Param>0x3e7</Param><Param>0x99c</Param><Param>C:\Windows\System32\CompatTelRunner.exe</Param>","<DataItem Type=""System.XmlData"" time=""2024-06-26T16:56:11.2746149Z"" sourceHealthServiceId=""a0cf1214-78a1-4446-8ef1-04b39ec9b972""><EventData xmlns=""http://schemas.microsoft.com/win/2004/08/events/event""><Data Name=""TargetUserName"">forensicsacl2</Data><Data Name=""TargetDomainName"">forensicsacl2</Data><Data Name=""TargetSid"">S-1-5-21-1413295808-2032686517-1925176222-500</Data><Data Name=""SubjectUserSid"">S-1-5-18</Data><Data Name=""SubjectUserName"">forensicsacl2$</Data><Data Name=""SubjectDomainName"">WORKGROUP</Data><Data Name=""SubjectLogonId"">0x3e7</Data><Data Name=""CallerProcessId"">0x99c</Data><Data Name=""CallerProcessName"">C:\Windows\System32\CompatTelRunner.exe</Data></EventData></DataItem>",4798,"A user's local group membership was enumerated.  Subject: 	Security ID:		S-1-5-18 	Account Name:		forensicsacl2$ 	Account Domain:		WORKGROUP 	Logon ID:		0x3E7  User: 	Security ID:		S-1-5-21-1413295808-2032686517-1925176222-500 	Account Name:		forensicsacl2 	Account Domain:		forensicsacl2  Process Information: 	Process ID:		0x99c 	Process Name:		C:\Windows\System32\CompatTelRunner.exe",,,13824,"N/A",,"00000000-0000-0000-0000-000000000001","AOI-d558e95b-08c4-4c42-b17a-dd6de6332e26",Event,"/subscriptions/da2ead26-5eba-476e-90f5-13d2028a4531/resourcegroups/cloudforensics_group/providers/microsoft.compute/virtualmachines/forensicsacl2"
"d558e95b-08c4-4c42-b17a-dd6de6332e26",OpsManager,"6/26/2024, 4:56:11.275 PM","Microsoft-Windows-Security-Auditing",Security,forensicsacl2,0,Information,"<Param>Guest</Param><Param>forensicsacl2</Param><Param>S-1-5-21-1413295808-2032686517-1925176222-501</Param><Param>S-1-5-18</Param><Param>forensicsacl2$</Param><Param>WORKGROUP</Param><Param>0x3e7</Param><Param>0x99c</Param><Param>C:\Windows\System32\CompatTelRunner.exe</Param>","<DataItem Type=""System.XmlData"" time=""2024-06-26T16:56:11.2750110Z"" sourceHealthServiceId=""a0cf1214-78a1-4446-8ef1-04b39ec9b972""><EventData xmlns=""http://schemas.microsoft.com/win/2004/08/events/event""><Data Name=""TargetUserName"">Guest</Data><Data Name=""TargetDomainName"">forensicsacl2</Data><Data Name=""TargetSid"">S-1-5-21-1413295808-2032686517-1925176222-501</Data><Data Name=""SubjectUserSid"">S-1-5-18</Data><Data Name=""SubjectUserName"">forensicsacl2$</Data><Data Name=""SubjectDomainName"">WORKGROUP</Data><Data Name=""SubjectLogonId"">0x3e7</Data><Data Name=""CallerProcessId"">0x99c</Data><Data Name=""CallerProcessName"">C:\Windows\System32\CompatTelRunner.exe</Data></EventData></DataItem>",4798,"A user's local group membership was enumerated.  Subject: 	Security ID:		S-1-5-18 	Account Name:		forensicsacl2$ 	Account Domain:		WORKGROUP 	Logon ID:		0x3E7  User: 	Security ID:		S-1-5-21-1413295808-2032686517-1925176222-501 	Account Name:		Guest 	Account Domain:		forensicsacl2  Process Information: 	Process ID:		0x99c 	Process Name:		C:\Windows\System32\CompatTelRunner.exe",,,13824,"N/A",,"00000000-0000-0000-0000-000000000001","AOI-d558e95b-08c4-4c42-b17a-dd6de6332e26",Event,"/subscriptions/da2ead26-5eba-476e-90f5-13d2028a4531/resourcegroups/cloudforensics_group/providers/microsoft.compute/virtualmachines/forensicsacl2"
"d558e95b-08c4-4c42-b17a-dd6de6332e26",OpsManager,"6/26/2024, 4:56:11.275 PM","Microsoft-Windows-Security-Auditing",Security,forensicsacl2,0,Information,"<Param>WDAGUtilityAccount</Param><Param>forensicsacl2</Param><Param>S-1-5-21-1413295808-2032686517-1925176222-504</Param><Param>S-1-5-18</Param><Param>forensicsacl2$</Param><Param>WORKGROUP</Param><Param>0x3e7</Param><Param>0x99c</Param><Param>C:\Windows\System32\CompatTelRunner.exe</Param>","<DataItem Type=""System.XmlData"" time=""2024-06-26T16:56:11.2753744Z"" sourceHealthServiceId=""a0cf1214-78a1-4446-8ef1-04b39ec9b972""><EventData xmlns=""http://schemas.microsoft.com/win/2004/08/events/event""><Data Name=""TargetUserName"">WDAGUtilityAccount</Data><Data Name=""TargetDomainName"">forensicsacl2</Data><Data Name=""TargetSid"">S-1-5-21-1413295808-2032686517-1925176222-504</Data><Data Name=""SubjectUserSid"">S-1-5-18</Data><Data Name=""SubjectUserName"">forensicsacl2$</Data><Data Name=""SubjectDomainName"">WORKGROUP</Data><Data Name=""SubjectLogonId"">0x3e7</Data><Data Name=""CallerProcessId"">0x99c</Data><Data Name=""CallerProcessName"">C:\Windows\System32\CompatTelRunner.exe</Data></EventData></DataItem>",4798,"A user's local group membership was enumerated.  Subject: 	Security ID:		S-1-5-18 	Account Name:		forensicsacl2$ 	Account Domain:		WORKGROUP 	Logon ID:		0x3E7  User: 	Security ID:		S-1-5-21-1413295808-2032686517-1925176222-504 	Account Name:		WDAGUtilityAccount 	Account Domain:		forensicsacl2  Process Information: 	Process ID:		0x99c 	Process Name:		C:\Windows\System32\CompatTelRunner.exe",,,13824,"N/A",,"00000000-0000-0000-0000-000000000001","AOI-d558e95b-08c4-4c42-b17a-dd6de6332e26",Event,"/subscriptions/da2ead26-5eba-476e-90f5-13d2028a4531/resourcegroups/cloudforensics_group/providers/microsoft.compute/virtualmachines/forensicsacl2"
"d558e95b-08c4-4c42-b17a-dd6de6332e26",OpsManager,"6/26/2024, 4:56:11.281 PM","Microsoft-Windows-Security-Auditing",Security,forensicsacl2,0,Information,"<Param>Administrators</Param><Param>Builtin</Param><Param>S-1-5-32-544</Param><Param>S-1-5-18</Param><Param>forensicsacl2$</Param><Param>WORKGROUP</Param><Param>0x3e7</Param><Param>0x99c</Param><Param>C:\Windows\System32\CompatTelRunner.exe</Param>","<DataItem Type=""System.XmlData"" time=""2024-06-26T16:56:11.2818405Z"" sourceHealthServiceId=""a0cf1214-78a1-4446-8ef1-04b39ec9b972""><EventData xmlns=""http://schemas.microsoft.com/win/2004/08/events/event""><Data Name=""TargetUserName"">Administrators</Data><Data Name=""TargetDomainName"">Builtin</Data><Data Name=""TargetSid"">S-1-5-32-544</Data><Data Name=""SubjectUserSid"">S-1-5-18</Data><Data Name=""SubjectUserName"">forensicsacl2$</Data><Data Name=""SubjectDomainName"">WORKGROUP</Data><Data Name=""SubjectLogonId"">0x3e7</Data><Data Name=""CallerProcessId"">0x99c</Data><Data Name=""CallerProcessName"">C:\Windows\System32\CompatTelRunner.exe</Data></EventData></DataItem>",4799,"A security-enabled local group membership was enumerated.  Subject: 	Security ID:		S-1-5-18 	Account Name:		forensicsacl2$ 	Account Domain:		WORKGROUP 	Logon ID:		0x3E7  Group: 	Security ID:		S-1-5-32-544 	Group Name:		Administrators 	Group Domain:		Builtin  Process Information: 	Process ID:		0x99c 	Process Name:		C:\Windows\System32\CompatTelRunner.exe",,,13826,"N/A",,"00000000-0000-0000-0000-000000000001","AOI-d558e95b-08c4-4c42-b17a-dd6de6332e26",Event,"/subscriptions/da2ead26-5eba-476e-90f5-13d2028a4531/resourcegroups/cloudforensics_group/providers/microsoft.compute/virtualmachines/forensicsacl2"
"d558e95b-08c4-4c42-b17a-dd6de6332e26",OpsManager,"6/26/2024, 4:56:11.283 PM","Microsoft-Windows-Security-Auditing",Security,forensicsacl2,0,Information,"<Param>Users</Param><Param>Builtin</Param><Param>S-1-5-32-545</Param><Param>S-1-5-18</Param><Param>forensicsacl2$</Param><Param>WORKGROUP</Param><Param>0x3e7</Param><Param>0x99c</Param><Param>C:\Windows\System32\CompatTelRunner.exe</Param>","<DataItem Type=""System.XmlData"" time=""2024-06-26T16:56:11.2833183Z"" sourceHealthServiceId=""a0cf1214-78a1-4446-8ef1-04b39ec9b972""><EventData xmlns=""http://schemas.microsoft.com/win/2004/08/events/event""><Data Name=""TargetUserName"">Users</Data><Data Name=""TargetDomainName"">Builtin</Data><Data Name=""TargetSid"">S-1-5-32-545</Data><Data Name=""SubjectUserSid"">S-1-5-18</Data><Data Name=""SubjectUserName"">forensicsacl2$</Data><Data Name=""SubjectDomainName"">WORKGROUP</Data><Data Name=""SubjectLogonId"">0x3e7</Data><Data Name=""CallerProcessId"">0x99c</Data><Data Name=""CallerProcessName"">C:\Windows\System32\CompatTelRunner.exe</Data></EventData></DataItem>",4799,"A security-enabled local group membership was enumerated.  Subject: 	Security ID:		S-1-5-18 	Account Name:		forensicsacl2$ 	Account Domain:		WORKGROUP 	Logon ID:		0x3E7  Group: 	Security ID:		S-1-5-32-545 	Group Name:		Users 	Group Domain:		Builtin  Process Information: 	Process ID:		0x99c 	Process Name:		C:\Windows\System32\CompatTelRunner.exe",,,13826,"N/A",,"00000000-0000-0000-0000-000000000001","AOI-d558e95b-08c4-4c42-b17a-dd6de6332e26",Event,"/subscriptions/da2ead26-5eba-476e-90f5-13d2028a4531/resourcegroups/cloudforensics_group/providers/microsoft.compute/virtualmachines/forensicsacl2"
"d558e95b-08c4-4c42-b17a-dd6de6332e26",OpsManager,"6/26/2024, 4:56:11.284 PM","Microsoft-Windows-Security-Auditing",Security,forensicsacl2,0,Information,"<Param>Guests</Param><Param>Builtin</Param><Param>S-1-5-32-546</Param><Param>S-1-5-18</Param><Param>forensicsacl2$</Param><Param>WORKGROUP</Param><Param>0x3e7</Param><Param>0x99c</Param><Param>C:\Windows\System32\CompatTelRunner.exe</Param>","<DataItem Type=""System.XmlData"" time=""2024-06-26T16:56:11.2847668Z"" sourceHealthServiceId=""a0cf1214-78a1-4446-8ef1-04b39ec9b972""><EventData xmlns=""http://schemas.microsoft.com/win/2004/08/events/event""><Data Name=""TargetUserName"">Guests</Data><Data Name=""TargetDomainName"">Builtin</Data><Data Name=""TargetSid"">S-1-5-32-546</Data><Data Name=""SubjectUserSid"">S-1-5-18</Data><Data Name=""SubjectUserName"">forensicsacl2$</Data><Data Name=""SubjectDomainName"">WORKGROUP</Data><Data Name=""SubjectLogonId"">0x3e7</Data><Data Name=""CallerProcessId"">0x99c</Data><Data Name=""CallerProcessName"">C:\Windows\System32\CompatTelRunner.exe</Data></EventData></DataItem>",4799,"A security-enabled local group membership was enumerated.  Subject: 	Security ID:		S-1-5-18 	Account Name:		forensicsacl2$ 	Account Domain:		WORKGROUP 	Logon ID:		0x3E7  Group: 	Security ID:		S-1-5-32-546 	Group Name:		Guests 	Group Domain:		Builtin  Process Information: 	Process ID:		0x99c 	Process Name:		C:\Windows\System32\CompatTelRunner.exe",,,13826,"N/A",,"00000000-0000-0000-0000-000000000001","AOI-d558e95b-08c4-4c42-b17a-dd6de6332e26",Event,"/subscriptions/da2ead26-5eba-476e-90f5-13d2028a4531/resourcegroups/cloudforensics_group/providers/microsoft.compute/virtualmachines/forensicsacl2"
"d558e95b-08c4-4c42-b17a-dd6de6332e26",OpsManager,"6/26/2024, 4:56:13.175 PM","Microsoft-Windows-Security-Auditing",Security,forensicsacl2,0,Information,"<Param>S-1-5-18</Param><Param>forensicsacl2$</Param><Param>WORKGROUP</Param><Param>0x3e7</Param><Param>S-1-5-18</Param><Param>SYSTEM</Param><Param>NT AUTHORITY</Param><Param>0x3e7</Param><Param>5</Param><Param>Advapi  </Param><Param>Negotiate</Param><Param>-</Param><Param>{00000000-0000-0000-0000-000000000000}</Param><Param>-</Param><Param>-</Param><Param>0</Param><Param>0x2e8</Param><Param>C:\Windows\System32\services.exe</Param><Param>-</Param><Param>-</Param><Param>%%1833</Param><Param>-</Param><Param>-</Param><Param>-</Param><Param>%%1843</Param><Param>0x0</Param><Param>%%1842</Param>","<DataItem Type=""System.XmlData"" time=""2024-06-26T16:56:13.1758583Z"" sourceHealthServiceId=""a0cf1214-78a1-4446-8ef1-04b39ec9b972""><EventData xmlns=""http://schemas.microsoft.com/win/2004/08/events/event""><Data Name=""SubjectUserSid"">S-1-5-18</Data><Data Name=""SubjectUserName"">forensicsacl2$</Data><Data Name=""SubjectDomainName"">WORKGROUP</Data><Data Name=""SubjectLogonId"">0x3e7</Data><Data Name=""TargetUserSid"">S-1-5-18</Data><Data Name=""TargetUserName"">SYSTEM</Data><Data Name=""TargetDomainName"">NT AUTHORITY</Data><Data Name=""TargetLogonId"">0x3e7</Data><Data Name=""LogonType"">5</Data><Data Name=""LogonProcessName"">Advapi  </Data><Data Name=""AuthenticationPackageName"">Negotiate</Data><Data Name=""WorkstationName"">-</Data><Data Name=""LogonGuid"">{00000000-0000-0000-0000-000000000000}</Data><Data Name=""TransmittedServices"">-</Data><Data Name=""LmPackageName"">-</Data><Data Name=""KeyLength"">0</Data><Data Name=""ProcessId"">0x2e8</Data><Data Name=""ProcessName"">C:\Windows\System32\services.exe</Data><Data Name=""IpAddress"">-</Data><Data Name=""IpPort"">-</Data><Data Name=""ImpersonationLevel"">%%1833</Data><Data Name=""RestrictedAdminMode"">-</Data><Data Name=""TargetOutboundUserName"">-</Data><Data Name=""TargetOutboundDomainName"">-</Data><Data Name=""VirtualAccount"">%%1843</Data><Data Name=""TargetLinkedLogonId"">0x0</Data><Data Name=""ElevatedToken"">%%1842</Data></EventData></DataItem>",4624,"An account was successfully logged on.  Subject: 	Security ID:		S-1-5-18 	Account Name:		forensicsacl2$ 	Account Domain:		WORKGROUP 	Logon ID:		0x3E7  Logon Information: 	Logon Type:		5 	Restricted Admin Mode:	- 	Virtual Account:		No 	Elevated Token:		Yes  Impersonation Level:		Impersonation  New Logon: 	Security ID:		S-1-5-18 	Account Name:		SYSTEM 	Account Domain:		NT AUTHORITY 	Logon ID:		0x3E7 	Linked Logon ID:		0x0 	Network Account Name:	- 	Network Account Domain:	- 	Logon GUID:		{00000000-0000-0000-0000-000000000000}  Process Information: 	Process ID:		0x2e8 	Process Name:		C:\Windows\System32\services.exe  Network Information: 	Workstation Name:	- 	Source Network Address:	- 	Source Port:		-  Detailed Authentication Information: 	Logon Process:		Advapi   	Authentication Package:	Negotiate 	Transited Services:	- 	Package Name (NTLM only):	- 	Key Length:		0  This event is generated when a logon session is created. It is generated on the computer that was accessed.  The subject fields indicate the account on the local system which requested the logon. This is most commonly a service such as the Server service, or a local process such as Winlogon.exe or Services.exe.  The logon type field indicates the kind of logon that occurred. The most common types are 2 (interactive) and 3 (network).  The New Logon fields indicate the account for whom the new logon was created, i.e. the account that was logged on.  The network fields indicate where a remote logon request originated. Workstation name is not always available and may be left blank in some cases.  The impersonation level field indicates the extent to which a process in the logon session can impersonate.  The authentication information fields provide detailed information about this specific logon request. 	- Logon GUID is a unique identifier that can be used to correlate this event with a KDC event. 	- Transited services indicate which intermediate services have participated in this logon request. 	- Package name indicates which sub-protocol was used among the NTLM protocols. 	- Key length indicates the length of the generated session key. This will be 0 if no session key was requested.",,,12544,"N/A",,"00000000-0000-0000-0000-000000000001","AOI-d558e95b-08c4-4c42-b17a-dd6de6332e26",Event,"/subscriptions/da2ead26-5eba-476e-90f5-13d2028a4531/resourcegroups/cloudforensics_group/providers/microsoft.compute/virtualmachines/forensicsacl2"
"d558e95b-08c4-4c42-b17a-dd6de6332e26",OpsManager,"6/26/2024, 4:56:13.175 PM","Microsoft-Windows-Security-Auditing",Security,forensicsacl2,0,Information,"<Param>S-1-5-18</Param><Param>SYSTEM</Param><Param>NT AUTHORITY</Param><Param>0x3e7</Param><Param>SeAssignPrimaryTokenPrivilege 			SeTcbPrivilege 			SeSecurityPrivilege 			SeTakeOwnershipPrivilege 			SeLoadDriverPrivilege 			SeBackupPrivilege 			SeRestorePrivilege 			SeDebugPrivilege 			SeAuditPrivilege 			SeSystemEnvironmentPrivilege 			SeImpersonatePrivilege 			SeDelegateSessionUserImpersonatePrivilege</Param>","<DataItem Type=""System.XmlData"" time=""2024-06-26T16:56:13.1758685Z"" sourceHealthServiceId=""a0cf1214-78a1-4446-8ef1-04b39ec9b972""><EventData xmlns=""http://schemas.microsoft.com/win/2004/08/events/event""><Data Name=""SubjectUserSid"">S-1-5-18</Data><Data Name=""SubjectUserName"">SYSTEM</Data><Data Name=""SubjectDomainName"">NT AUTHORITY</Data><Data Name=""SubjectLogonId"">0x3e7</Data><Data Name=""PrivilegeList"">SeAssignPrimaryTokenPrivilege 			SeTcbPrivilege 			SeSecurityPrivilege 			SeTakeOwnershipPrivilege 			SeLoadDriverPrivilege 			SeBackupPrivilege 			SeRestorePrivilege 			SeDebugPrivilege 			SeAuditPrivilege 			SeSystemEnvironmentPrivilege 			SeImpersonatePrivilege 			SeDelegateSessionUserImpersonatePrivilege</Data></EventData></DataItem>",4672,"Special privileges assigned to new logon.  Subject: 	Security ID:		S-1-5-18 	Account Name:		SYSTEM 	Account Domain:		NT AUTHORITY 	Logon ID:		0x3E7  Privileges:		SeAssignPrimaryTokenPrivilege 			SeTcbPrivilege 			SeSecurityPrivilege 			SeTakeOwnershipPrivilege 			SeLoadDriverPrivilege 			SeBackupPrivilege 			SeRestorePrivilege 			SeDebugPrivilege 			SeAuditPrivilege 			SeSystemEnvironmentPrivilege 			SeImpersonatePrivilege 			SeDelegateSessionUserImpersonatePrivilege",,,12548,"N/A",,"00000000-0000-0000-0000-000000000001","AOI-d558e95b-08c4-4c42-b17a-dd6de6332e26",Event,"/subscriptions/da2ead26-5eba-476e-90f5-13d2028a4531/resourcegroups/cloudforensics_group/providers/microsoft.compute/virtualmachines/forensicsacl2"
"d558e95b-08c4-4c42-b17a-dd6de6332e26",OpsManager,"6/26/2024, 4:56:18.277 PM","Microsoft-Windows-WindowsUpdateClient",System,forensicsacl2,4,Information,"<Param>9N5TDP8VCMHS-Microsoft.WebMediaExtensions</Param><Param>{5319d8ab-5fd7-468e-b80d-9b78f53657b1}</Param><Param>1</Param>","<DataItem Type=""System.XmlData"" time=""2024-06-26T16:56:18.2779213Z"" sourceHealthServiceId=""a0cf1214-78a1-4446-8ef1-04b39ec9b972""><EventData xmlns=""http://schemas.microsoft.com/win/2004/08/events/event""><Data Name=""updateTitle"">9N5TDP8VCMHS-Microsoft.WebMediaExtensions</Data><Data Name=""updateGuid"">{5319d8ab-5fd7-468e-b80d-9b78f53657b1}</Data><Data Name=""updateRevisionNumber"">1</Data></EventData></DataItem>",44,"Windows Update started downloading an update.",,,1,"S-1-5-18",,"00000000-0000-0000-0000-000000000001","AOI-d558e95b-08c4-4c42-b17a-dd6de6332e26",Event,"/subscriptions/da2ead26-5eba-476e-90f5-13d2028a4531/resourcegroups/cloudforensics_group/providers/microsoft.compute/virtualmachines/forensicsacl2"
"d558e95b-08c4-4c42-b17a-dd6de6332e26",OpsManager,"6/26/2024, 4:56:18.278 PM","Microsoft-Windows-WindowsUpdateClient",System,forensicsacl2,4,Information,"<Param>9NZKPSTSNW4P-Microsoft.XboxGamingOverlay</Param><Param>{f1d4f2ce-0e92-4c68-8579-3e06e80e8516}</Param><Param>1</Param>","<DataItem Type=""System.XmlData"" time=""2024-06-26T16:56:18.2784533Z"" sourceHealthServiceId=""a0cf1214-78a1-4446-8ef1-04b39ec9b972""><EventData xmlns=""http://schemas.microsoft.com/win/2004/08/events/event""><Data Name=""updateTitle"">9NZKPSTSNW4P-Microsoft.XboxGamingOverlay</Data><Data Name=""updateGuid"">{f1d4f2ce-0e92-4c68-8579-3e06e80e8516}</Data><Data Name=""updateRevisionNumber"">1</Data></EventData></DataItem>",44,"Windows Update started downloading an update.",,,1,"S-1-5-18",,"00000000-0000-0000-0000-000000000001","AOI-d558e95b-08c4-4c42-b17a-dd6de6332e26",Event,"/subscriptions/da2ead26-5eba-476e-90f5-13d2028a4531/resourcegroups/cloudforensics_group/providers/microsoft.compute/virtualmachines/forensicsacl2"
"d558e95b-08c4-4c42-b17a-dd6de6332e26",OpsManager,"6/26/2024, 4:56:18.278 PM","Microsoft-Windows-WindowsUpdateClient",System,forensicsacl2,4,Information,"<Param>9WZDNCRFJBMP-MICROSOFT.WINDOWSSTORE</Param><Param>{05fd6207-315f-44a7-aa4f-e90c642b651c}</Param><Param>1</Param>","<DataItem Type=""System.XmlData"" time=""2024-06-26T16:56:18.2787451Z"" sourceHealthServiceId=""a0cf1214-78a1-4446-8ef1-04b39ec9b972""><EventData xmlns=""http://schemas.microsoft.com/win/2004/08/events/event""><Data Name=""updateTitle"">9WZDNCRFJBMP-MICROSOFT.WINDOWSSTORE</Data><Data Name=""updateGuid"">{05fd6207-315f-44a7-aa4f-e90c642b651c}</Data><Data Name=""updateRevisionNumber"">1</Data></EventData></DataItem>",44,"Windows Update started downloading an update.",,,1,"S-1-5-18",,"00000000-0000-0000-0000-000000000001","AOI-d558e95b-08c4-4c42-b17a-dd6de6332e26",Event,"/subscriptions/da2ead26-5eba-476e-90f5-13d2028a4531/resourcegroups/cloudforensics_group/providers/microsoft.compute/virtualmachines/forensicsacl2"
"d558e95b-08c4-4c42-b17a-dd6de6332e26",OpsManager,"6/26/2024, 4:56:34.142 PM","Microsoft-Windows-Security-SPP",Application,forensicsacl2,4,Information,"<Param>2024-07-03T16:53:34Z</Param><Param>RulesEngine</Param>","<DataItem Type=""System.XmlData"" time=""2024-06-26T16:56:34.1429201Z"" sourceHealthServiceId=""a0cf1214-78a1-4446-8ef1-04b39ec9b972""><EventData xmlns=""http://schemas.microsoft.com/win/2004/08/events/event""><Data>2024-07-03T16:53:34Z</Data><Data>RulesEngine</Data></EventData></DataItem>",16384,"Successfully scheduled Software Protection service for re-start at 2024-07-03T16:53:34Z. Reason: RulesEngine.",,,0,"N/A",,"00000000-0000-0000-0000-000000000001","AOI-d558e95b-08c4-4c42-b17a-dd6de6332e26",Event,"/subscriptions/da2ead26-5eba-476e-90f5-13d2028a4531/resourcegroups/cloudforensics_group/providers/microsoft.compute/virtualmachines/forensicsacl2"
"d558e95b-08c4-4c42-b17a-dd6de6332e26",OpsManager,"6/26/2024, 4:56:34.142 PM","Microsoft-Windows-Security-SPP",Application,forensicsacl2,0,Information,,"<DataItem Type=""System.XmlData"" time=""2024-06-26T16:56:34.1429201Z"" sourceHealthServiceId=""a0cf1214-78a1-4446-8ef1-04b39ec9b972""><EventData xmlns=""http://schemas.microsoft.com/win/2004/08/events/event"" /></DataItem>",903,"The Software Protection service has stopped. ",,,0,"N/A",,"00000000-0000-0000-0000-000000000001","AOI-d558e95b-08c4-4c42-b17a-dd6de6332e26",Event,"/subscriptions/da2ead26-5eba-476e-90f5-13d2028a4531/resourcegroups/cloudforensics_group/providers/microsoft.compute/virtualmachines/forensicsacl2"
"d558e95b-08c4-4c42-b17a-dd6de6332e26",OpsManager,"6/26/2024, 4:57:40.053 PM","Microsoft-Windows-Kernel-General",System,forensicsacl2,4,Information,"<Param>138</Param><Param>\??\C:\ProgramData\Microsoft\Windows\AppRepository\Packages\Microsoft.WebMediaExtensions_1.1.1295.0_x64__8wekyb3d8bbwe\ActivationStore.dat</Param><Param>0</Param><Param>0</Param>","<DataItem Type=""System.XmlData"" time=""2024-06-26T16:57:40.0530804Z"" sourceHealthServiceId=""a0cf1214-78a1-4446-8ef1-04b39ec9b972""><EventData xmlns=""http://schemas.microsoft.com/win/2004/08/events/event""><Data Name=""HiveNameLength"">138</Data><Data Name=""HiveName"">\??\C:\ProgramData\Microsoft\Windows\AppRepository\Packages\Microsoft.WebMediaExtensions_1.1.1295.0_x64__8wekyb3d8bbwe\ActivationStore.dat</Data><Data Name=""KeysUpdated"">0</Data><Data Name=""DirtyPages"">0</Data></EventData></DataItem>",16,"The access history in hive \??\C:\ProgramData\Microsoft\Windows\AppRepository\Packages\Microsoft.WebMediaExtensions_1.1.1295.0_x64__8wekyb3d8bbwe\ActivationStore.dat was cleared updating 0 keys and creating 0 modified pages.",,,0,"S-1-5-18",,"00000000-0000-0000-0000-000000000001","AOI-d558e95b-08c4-4c42-b17a-dd6de6332e26",Event,"/subscriptions/da2ead26-5eba-476e-90f5-13d2028a4531/resourcegroups/cloudforensics_group/providers/microsoft.compute/virtualmachines/forensicsacl2"
"d558e95b-08c4-4c42-b17a-dd6de6332e26",OpsManager,"6/26/2024, 4:58:00.911 PM","Microsoft-Windows-Kernel-General",System,forensicsacl2,4,Information,"<Param>139</Param><Param>\??\C:\ProgramData\Microsoft\Windows\AppRepository\Packages\Microsoft.XboxGamingOverlay_7.124.5142.0_x64__8wekyb3d8bbwe\ActivationStore.dat</Param><Param>0</Param><Param>0</Param>","<DataItem Type=""System.XmlData"" time=""2024-06-26T16:58:00.9110555Z"" sourceHealthServiceId=""a0cf1214-78a1-4446-8ef1-04b39ec9b972""><EventData xmlns=""http://schemas.microsoft.com/win/2004/08/events/event""><Data Name=""HiveNameLength"">139</Data><Data Name=""HiveName"">\??\C:\ProgramData\Microsoft\Windows\AppRepository\Packages\Microsoft.XboxGamingOverlay_7.124.5142.0_x64__8wekyb3d8bbwe\ActivationStore.dat</Data><Data Name=""KeysUpdated"">0</Data><Data Name=""DirtyPages"">0</Data></EventData></DataItem>",16,"The access history in hive \??\C:\ProgramData\Microsoft\Windows\AppRepository\Packages\Microsoft.XboxGamingOverlay_7.124.5142.0_x64__8wekyb3d8bbwe\ActivationStore.dat was cleared updating 0 keys and creating 0 modified pages.",,,0,"S-1-5-18",,"00000000-0000-0000-0000-000000000001","AOI-d558e95b-08c4-4c42-b17a-dd6de6332e26",Event,"/subscriptions/da2ead26-5eba-476e-90f5-13d2028a4531/resourcegroups/cloudforensics_group/providers/microsoft.compute/virtualmachines/forensicsacl2"
"d558e95b-08c4-4c42-b17a-dd6de6332e26",OpsManager,"6/26/2024, 4:58:15.990 PM","Microsoft-Windows-WindowsUpdateClient",System,forensicsacl2,4,Information,"<Param>9NH2SW16MQ7F-Microsoft.WindowsAppRuntime.1.5</Param><Param>{78c3c459-c6df-4f02-8e48-e15535af7243}</Param><Param>1</Param>","<DataItem Type=""System.XmlData"" time=""2024-06-26T16:58:15.9908180Z"" sourceHealthServiceId=""a0cf1214-78a1-4446-8ef1-04b39ec9b972""><EventData xmlns=""http://schemas.microsoft.com/win/2004/08/events/event""><Data Name=""updateTitle"">9NH2SW16MQ7F-Microsoft.WindowsAppRuntime.1.5</Data><Data Name=""updateGuid"">{78c3c459-c6df-4f02-8e48-e15535af7243}</Data><Data Name=""updateRevisionNumber"">1</Data></EventData></DataItem>",44,"Windows Update started downloading an update.",,,1,"S-1-5-18",,"00000000-0000-0000-0000-000000000001","AOI-d558e95b-08c4-4c42-b17a-dd6de6332e26",Event,"/subscriptions/da2ead26-5eba-476e-90f5-13d2028a4531/resourcegroups/cloudforensics_group/providers/microsoft.compute/virtualmachines/forensicsacl2"
"d558e95b-08c4-4c42-b17a-dd6de6332e26",OpsManager,"6/26/2024, 4:58:29.408 PM","Microsoft-Windows-Kernel-General",System,forensicsacl2,4,Information,"<Param>136</Param><Param>\??\C:\ProgramData\Microsoft\Windows\AppRepository\Packages\Microsoft.WindowsStore_22405.1401.5.0_x64__8wekyb3d8bbwe\ActivationStore.dat</Param><Param>0</Param><Param>0</Param>","<DataItem Type=""System.XmlData"" time=""2024-06-26T16:58:29.4080483Z"" sourceHealthServiceId=""a0cf1214-78a1-4446-8ef1-04b39ec9b972""><EventData xmlns=""http://schemas.microsoft.com/win/2004/08/events/event""><Data Name=""HiveNameLength"">136</Data><Data Name=""HiveName"">\??\C:\ProgramData\Microsoft\Windows\AppRepository\Packages\Microsoft.WindowsStore_22405.1401.5.0_x64__8wekyb3d8bbwe\ActivationStore.dat</Data><Data Name=""KeysUpdated"">0</Data><Data Name=""DirtyPages"">0</Data></EventData></DataItem>",16,"The access history in hive \??\C:\ProgramData\Microsoft\Windows\AppRepository\Packages\Microsoft.WindowsStore_22405.1401.5.0_x64__8wekyb3d8bbwe\ActivationStore.dat was cleared updating 0 keys and creating 0 modified pages.",,,0,"S-1-5-18",,"00000000-0000-0000-0000-000000000001","AOI-d558e95b-08c4-4c42-b17a-dd6de6332e26",Event,"/subscriptions/da2ead26-5eba-476e-90f5-13d2028a4531/resourcegroups/cloudforensics_group/providers/microsoft.compute/virtualmachines/forensicsacl2"
"d558e95b-08c4-4c42-b17a-dd6de6332e26",OpsManager,"6/26/2024, 4:58:36.301 PM","Microsoft-Windows-WindowsUpdateClient",System,forensicsacl2,4,Information,"<Param>9WZDNCRD29V9-MICROSOFT.MICROSOFTOFFICEHUB</Param><Param>{0470e03f-909c-4f3d-b465-d7dc8dfdc77e}</Param><Param>1</Param>","<DataItem Type=""System.XmlData"" time=""2024-06-26T16:58:36.3010192Z"" sourceHealthServiceId=""a0cf1214-78a1-4446-8ef1-04b39ec9b972""><EventData xmlns=""http://schemas.microsoft.com/win/2004/08/events/event""><Data Name=""updateTitle"">9WZDNCRD29V9-MICROSOFT.MICROSOFTOFFICEHUB</Data><Data Name=""updateGuid"">{0470e03f-909c-4f3d-b465-d7dc8dfdc77e}</Data><Data Name=""updateRevisionNumber"">1</Data></EventData></DataItem>",44,"Windows Update started downloading an update.",,,1,"S-1-5-18",,"00000000-0000-0000-0000-000000000001","AOI-d558e95b-08c4-4c42-b17a-dd6de6332e26",Event,"/subscriptions/da2ead26-5eba-476e-90f5-13d2028a4531/resourcegroups/cloudforensics_group/providers/microsoft.compute/virtualmachines/forensicsacl2"
"d558e95b-08c4-4c42-b17a-dd6de6332e26",OpsManager,"6/26/2024, 4:59:30.611 PM","Microsoft-Windows-Kernel-General",System,forensicsacl2,4,Information,"<Param>144</Param><Param>\??\C:\ProgramData\Microsoft\Windows\AppRepository\Packages\Microsoft.WindowsAppRuntime.1.5_5001.159.55.0_x64__8wekyb3d8bbwe\ActivationStore.dat</Param><Param>0</Param><Param>0</Param>","<DataItem Type=""System.XmlData"" time=""2024-06-26T16:59:30.6118629Z"" sourceHealthServiceId=""a0cf1214-78a1-4446-8ef1-04b39ec9b972""><EventData xmlns=""http://schemas.microsoft.com/win/2004/08/events/event""><Data Name=""HiveNameLength"">144</Data><Data Name=""HiveName"">\??\C:\ProgramData\Microsoft\Windows\AppRepository\Packages\Microsoft.WindowsAppRuntime.1.5_5001.159.55.0_x64__8wekyb3d8bbwe\ActivationStore.dat</Data><Data Name=""KeysUpdated"">0</Data><Data Name=""DirtyPages"">0</Data></EventData></DataItem>",16,"The access history in hive \??\C:\ProgramData\Microsoft\Windows\AppRepository\Packages\Microsoft.WindowsAppRuntime.1.5_5001.159.55.0_x64__8wekyb3d8bbwe\ActivationStore.dat was cleared updating 0 keys and creating 0 modified pages.",,,0,"S-1-5-18",,"00000000-0000-0000-0000-000000000001","AOI-d558e95b-08c4-4c42-b17a-dd6de6332e26",Event,"/subscriptions/da2ead26-5eba-476e-90f5-13d2028a4531/resourcegroups/cloudforensics_group/providers/microsoft.compute/virtualmachines/forensicsacl2"
"d558e95b-08c4-4c42-b17a-dd6de6332e26",OpsManager,"6/26/2024, 4:59:55.782 PM","Microsoft-Windows-Kernel-General",System,forensicsacl2,4,Information,"<Param>142</Param><Param>\??\C:\ProgramData\Microsoft\Windows\AppRepository\Packages\Microsoft.MicrosoftOfficeHub_18.2405.1221.0_x64__8wekyb3d8bbwe\ActivationStore.dat</Param><Param>0</Param><Param>0</Param>","<DataItem Type=""System.XmlData"" time=""2024-06-26T16:59:55.7823526Z"" sourceHealthServiceId=""a0cf1214-78a1-4446-8ef1-04b39ec9b972""><EventData xmlns=""http://schemas.microsoft.com/win/2004/08/events/event""><Data Name=""HiveNameLength"">142</Data><Data Name=""HiveName"">\??\C:\ProgramData\Microsoft\Windows\AppRepository\Packages\Microsoft.MicrosoftOfficeHub_18.2405.1221.0_x64__8wekyb3d8bbwe\ActivationStore.dat</Data><Data Name=""KeysUpdated"">0</Data><Data Name=""DirtyPages"">0</Data></EventData></DataItem>",16,"The access history in hive \??\C:\ProgramData\Microsoft\Windows\AppRepository\Packages\Microsoft.MicrosoftOfficeHub_18.2405.1221.0_x64__8wekyb3d8bbwe\ActivationStore.dat was cleared updating 0 keys and creating 0 modified pages.",,,0,"S-1-5-18",,"00000000-0000-0000-0000-000000000001","AOI-d558e95b-08c4-4c42-b17a-dd6de6332e26",Event,"/subscriptions/da2ead26-5eba-476e-90f5-13d2028a4531/resourcegroups/cloudforensics_group/providers/microsoft.compute/virtualmachines/forensicsacl2"
"d558e95b-08c4-4c42-b17a-dd6de6332e26",OpsManager,"6/26/2024, 4:59:59.480 PM","Microsoft-Windows-Kernel-General",System,forensicsacl2,4,Information,"<Param>144</Param><Param>\??\C:\ProgramData\Microsoft\Windows\AppRepository\Packages\Microsoft.WindowsAppRuntime.1.5_5001.159.55.0_x86__8wekyb3d8bbwe\ActivationStore.dat</Param><Param>0</Param><Param>0</Param>","<DataItem Type=""System.XmlData"" time=""2024-06-26T16:59:59.4808680Z"" sourceHealthServiceId=""a0cf1214-78a1-4446-8ef1-04b39ec9b972""><EventData xmlns=""http://schemas.microsoft.com/win/2004/08/events/event""><Data Name=""HiveNameLength"">144</Data><Data Name=""HiveName"">\??\C:\ProgramData\Microsoft\Windows\AppRepository\Packages\Microsoft.WindowsAppRuntime.1.5_5001.159.55.0_x86__8wekyb3d8bbwe\ActivationStore.dat</Data><Data Name=""KeysUpdated"">0</Data><Data Name=""DirtyPages"">0</Data></EventData></DataItem>",16,"The access history in hive \??\C:\ProgramData\Microsoft\Windows\AppRepository\Packages\Microsoft.WindowsAppRuntime.1.5_5001.159.55.0_x86__8wekyb3d8bbwe\ActivationStore.dat was cleared updating 0 keys and creating 0 modified pages.",,,0,"S-1-5-18",,"00000000-0000-0000-0000-000000000001","AOI-d558e95b-08c4-4c42-b17a-dd6de6332e26",Event,"/subscriptions/da2ead26-5eba-476e-90f5-13d2028a4531/resourcegroups/cloudforensics_group/providers/microsoft.compute/virtualmachines/forensicsacl2"
"d558e95b-08c4-4c42-b17a-dd6de6332e26",OpsManager,"6/26/2024, 5:00:06.839 PM","Microsoft-Windows-WindowsUpdateClient",System,forensicsacl2,4,Information,"<Param>9WZDNCRFJ3Q2-Microsoft.BingWeather</Param><Param>{be2d4667-ccfd-4ebc-b0d2-1324d64dc36e}</Param><Param>1</Param>","<DataItem Type=""System.XmlData"" time=""2024-06-26T17:00:06.8391906Z"" sourceHealthServiceId=""a0cf1214-78a1-4446-8ef1-04b39ec9b972""><EventData xmlns=""http://schemas.microsoft.com/win/2004/08/events/event""><Data Name=""updateTitle"">9WZDNCRFJ3Q2-Microsoft.BingWeather</Data><Data Name=""updateGuid"">{be2d4667-ccfd-4ebc-b0d2-1324d64dc36e}</Data><Data Name=""updateRevisionNumber"">1</Data></EventData></DataItem>",44,"Windows Update started downloading an update.",,,1,"S-1-5-18",,"00000000-0000-0000-0000-000000000001","AOI-d558e95b-08c4-4c42-b17a-dd6de6332e26",Event,"/subscriptions/da2ead26-5eba-476e-90f5-13d2028a4531/resourcegroups/cloudforensics_group/providers/microsoft.compute/virtualmachines/forensicsacl2"
"d558e95b-08c4-4c42-b17a-dd6de6332e26",OpsManager,"6/26/2024, 5:00:19.532 PM","Microsoft-Windows-WindowsUpdateClient",System,forensicsacl2,4,Information,"<Param>9NMPJ99VJBWV-Microsoft.YourPhone</Param><Param>{ffe28cbd-5a2d-4934-aabf-df52cff48a7d}</Param><Param>1</Param>","<DataItem Type=""System.XmlData"" time=""2024-06-26T17:00:19.5328564Z"" sourceHealthServiceId=""a0cf1214-78a1-4446-8ef1-04b39ec9b972""><EventData xmlns=""http://schemas.microsoft.com/win/2004/08/events/event""><Data Name=""updateTitle"">9NMPJ99VJBWV-Microsoft.YourPhone</Data><Data Name=""updateGuid"">{ffe28cbd-5a2d-4934-aabf-df52cff48a7d}</Data><Data Name=""updateRevisionNumber"">1</Data></EventData></DataItem>",44,"Windows Update started downloading an update.",,,1,"S-1-5-18",,"00000000-0000-0000-0000-000000000001","AOI-d558e95b-08c4-4c42-b17a-dd6de6332e26",Event,"/subscriptions/da2ead26-5eba-476e-90f5-13d2028a4531/resourcegroups/cloudforensics_group/providers/microsoft.compute/virtualmachines/forensicsacl2"
"d558e95b-08c4-4c42-b17a-dd6de6332e26",OpsManager,"6/26/2024, 5:00:38.199 PM","Microsoft-Windows-WindowsUpdateClient",System,forensicsacl2,4,Information,"<Param>9WZDNCRFJ3PT-MICROSOFT.ZUNEMUSIC</Param><Param>{873828c3-cfc7-4f14-bd1c-1f2eb0887654}</Param><Param>1</Param>","<DataItem Type=""System.XmlData"" time=""2024-06-26T17:00:38.1994537Z"" sourceHealthServiceId=""a0cf1214-78a1-4446-8ef1-04b39ec9b972""><EventData xmlns=""http://schemas.microsoft.com/win/2004/08/events/event""><Data Name=""updateTitle"">9WZDNCRFJ3PT-MICROSOFT.ZUNEMUSIC</Data><Data Name=""updateGuid"">{873828c3-cfc7-4f14-bd1c-1f2eb0887654}</Data><Data Name=""updateRevisionNumber"">1</Data></EventData></DataItem>",44,"Windows Update started downloading an update.",,,1,"S-1-5-18",,"00000000-0000-0000-0000-000000000001","AOI-d558e95b-08c4-4c42-b17a-dd6de6332e26",Event,"/subscriptions/da2ead26-5eba-476e-90f5-13d2028a4531/resourcegroups/cloudforensics_group/providers/microsoft.compute/virtualmachines/forensicsacl2"
"d558e95b-08c4-4c42-b17a-dd6de6332e26",OpsManager,"6/26/2024, 5:01:07.036 PM","Microsoft-Windows-Security-Auditing",Security,forensicsacl2,0,Information,"<Param>S-1-5-18</Param><Param>forensicsacl2$</Param><Param>WORKGROUP</Param><Param>0x3e7</Param><Param>S-1-5-18</Param><Param>SYSTEM</Param><Param>NT AUTHORITY</Param><Param>0x3e7</Param><Param>5</Param><Param>Advapi  </Param><Param>Negotiate</Param><Param>-</Param><Param>{00000000-0000-0000-0000-000000000000}</Param><Param>-</Param><Param>-</Param><Param>0</Param><Param>0x2e8</Param><Param>C:\Windows\System32\services.exe</Param><Param>-</Param><Param>-</Param><Param>%%1833</Param><Param>-</Param><Param>-</Param><Param>-</Param><Param>%%1843</Param><Param>0x0</Param><Param>%%1842</Param>","<DataItem Type=""System.XmlData"" time=""2024-06-26T17:01:07.0369404Z"" sourceHealthServiceId=""a0cf1214-78a1-4446-8ef1-04b39ec9b972""><EventData xmlns=""http://schemas.microsoft.com/win/2004/08/events/event""><Data Name=""SubjectUserSid"">S-1-5-18</Data><Data Name=""SubjectUserName"">forensicsacl2$</Data><Data Name=""SubjectDomainName"">WORKGROUP</Data><Data Name=""SubjectLogonId"">0x3e7</Data><Data Name=""TargetUserSid"">S-1-5-18</Data><Data Name=""TargetUserName"">SYSTEM</Data><Data Name=""TargetDomainName"">NT AUTHORITY</Data><Data Name=""TargetLogonId"">0x3e7</Data><Data Name=""LogonType"">5</Data><Data Name=""LogonProcessName"">Advapi  </Data><Data Name=""AuthenticationPackageName"">Negotiate</Data><Data Name=""WorkstationName"">-</Data><Data Name=""LogonGuid"">{00000000-0000-0000-0000-000000000000}</Data><Data Name=""TransmittedServices"">-</Data><Data Name=""LmPackageName"">-</Data><Data Name=""KeyLength"">0</Data><Data Name=""ProcessId"">0x2e8</Data><Data Name=""ProcessName"">C:\Windows\System32\services.exe</Data><Data Name=""IpAddress"">-</Data><Data Name=""IpPort"">-</Data><Data Name=""ImpersonationLevel"">%%1833</Data><Data Name=""RestrictedAdminMode"">-</Data><Data Name=""TargetOutboundUserName"">-</Data><Data Name=""TargetOutboundDomainName"">-</Data><Data Name=""VirtualAccount"">%%1843</Data><Data Name=""TargetLinkedLogonId"">0x0</Data><Data Name=""ElevatedToken"">%%1842</Data></EventData></DataItem>",4624,"An account was successfully logged on.  Subject: 	Security ID:		S-1-5-18 	Account Name:		forensicsacl2$ 	Account Domain:		WORKGROUP 	Logon ID:		0x3E7  Logon Information: 	Logon Type:		5 	Restricted Admin Mode:	- 	Virtual Account:		No 	Elevated Token:		Yes  Impersonation Level:		Impersonation  New Logon: 	Security ID:		S-1-5-18 	Account Name:		SYSTEM 	Account Domain:		NT AUTHORITY 	Logon ID:		0x3E7 	Linked Logon ID:		0x0 	Network Account Name:	- 	Network Account Domain:	- 	Logon GUID:		{00000000-0000-0000-0000-000000000000}  Process Information: 	Process ID:		0x2e8 	Process Name:		C:\Windows\System32\services.exe  Network Information: 	Workstation Name:	- 	Source Network Address:	- 	Source Port:		-  Detailed Authentication Information: 	Logon Process:		Advapi   	Authentication Package:	Negotiate 	Transited Services:	- 	Package Name (NTLM only):	- 	Key Length:		0  This event is generated when a logon session is created. It is generated on the computer that was accessed.  The subject fields indicate the account on the local system which requested the logon. This is most commonly a service such as the Server service, or a local process such as Winlogon.exe or Services.exe.  The logon type field indicates the kind of logon that occurred. The most common types are 2 (interactive) and 3 (network).  The New Logon fields indicate the account for whom the new logon was created, i.e. the account that was logged on.  The network fields indicate where a remote logon request originated. Workstation name is not always available and may be left blank in some cases.  The impersonation level field indicates the extent to which a process in the logon session can impersonate.  The authentication information fields provide detailed information about this specific logon request. 	- Logon GUID is a unique identifier that can be used to correlate this event with a KDC event. 	- Transited services indicate which intermediate services have participated in this logon request. 	- Package name indicates which sub-protocol was used among the NTLM protocols. 	- Key length indicates the length of the generated session key. This will be 0 if no session key was requested.",,,12544,"N/A",,"00000000-0000-0000-0000-000000000001","AOI-d558e95b-08c4-4c42-b17a-dd6de6332e26",Event,"/subscriptions/da2ead26-5eba-476e-90f5-13d2028a4531/resourcegroups/cloudforensics_group/providers/microsoft.compute/virtualmachines/forensicsacl2"
"d558e95b-08c4-4c42-b17a-dd6de6332e26",OpsManager,"6/26/2024, 5:01:07.036 PM","Microsoft-Windows-Security-Auditing",Security,forensicsacl2,0,Information,"<Param>S-1-5-18</Param><Param>SYSTEM</Param><Param>NT AUTHORITY</Param><Param>0x3e7</Param><Param>SeAssignPrimaryTokenPrivilege 			SeTcbPrivilege 			SeSecurityPrivilege 			SeTakeOwnershipPrivilege 			SeLoadDriverPrivilege 			SeBackupPrivilege 			SeRestorePrivilege 			SeDebugPrivilege 			SeAuditPrivilege 			SeSystemEnvironmentPrivilege 			SeImpersonatePrivilege 			SeDelegateSessionUserImpersonatePrivilege</Param>","<DataItem Type=""System.XmlData"" time=""2024-06-26T17:01:07.0369519Z"" sourceHealthServiceId=""a0cf1214-78a1-4446-8ef1-04b39ec9b972""><EventData xmlns=""http://schemas.microsoft.com/win/2004/08/events/event""><Data Name=""SubjectUserSid"">S-1-5-18</Data><Data Name=""SubjectUserName"">SYSTEM</Data><Data Name=""SubjectDomainName"">NT AUTHORITY</Data><Data Name=""SubjectLogonId"">0x3e7</Data><Data Name=""PrivilegeList"">SeAssignPrimaryTokenPrivilege 			SeTcbPrivilege 			SeSecurityPrivilege 			SeTakeOwnershipPrivilege 			SeLoadDriverPrivilege 			SeBackupPrivilege 			SeRestorePrivilege 			SeDebugPrivilege 			SeAuditPrivilege 			SeSystemEnvironmentPrivilege 			SeImpersonatePrivilege 			SeDelegateSessionUserImpersonatePrivilege</Data></EventData></DataItem>",4672,"Special privileges assigned to new logon.  Subject: 	Security ID:		S-1-5-18 	Account Name:		SYSTEM 	Account Domain:		NT AUTHORITY 	Logon ID:		0x3E7  Privileges:		SeAssignPrimaryTokenPrivilege 			SeTcbPrivilege 			SeSecurityPrivilege 			SeTakeOwnershipPrivilege 			SeLoadDriverPrivilege 			SeBackupPrivilege 			SeRestorePrivilege 			SeDebugPrivilege 			SeAuditPrivilege 			SeSystemEnvironmentPrivilege 			SeImpersonatePrivilege 			SeDelegateSessionUserImpersonatePrivilege",,,12548,"N/A",,"00000000-0000-0000-0000-000000000001","AOI-d558e95b-08c4-4c42-b17a-dd6de6332e26",Event,"/subscriptions/da2ead26-5eba-476e-90f5-13d2028a4531/resourcegroups/cloudforensics_group/providers/microsoft.compute/virtualmachines/forensicsacl2"
"d558e95b-08c4-4c42-b17a-dd6de6332e26",OpsManager,"6/26/2024, 5:01:07.256 PM","Microsoft-Windows-Security-Auditing",Security,forensicsacl2,0,Information,"<Param>S-1-5-18</Param><Param>forensicsacl2$</Param><Param>WORKGROUP</Param><Param>0x3e7</Param><Param>WindowsLive:(token):name=02hreucciegrqlpl;serviceuri=*</Param><Param>0</Param><Param>0</Param><Param>%%8100</Param><Param>3221226021</Param><Param>2024-06-26T17:01:07.0391904Z</Param><Param>5396</Param>","<DataItem Type=""System.XmlData"" time=""2024-06-26T17:01:07.2567828Z"" sourceHealthServiceId=""a0cf1214-78a1-4446-8ef1-04b39ec9b972""><EventData xmlns=""http://schemas.microsoft.com/win/2004/08/events/event""><Data Name=""SubjectUserSid"">S-1-5-18</Data><Data Name=""SubjectUserName"">forensicsacl2$</Data><Data Name=""SubjectDomainName"">WORKGROUP</Data><Data Name=""SubjectLogonId"">0x3e7</Data><Data Name=""TargetName"">WindowsLive:(token):name=02hreucciegrqlpl;serviceuri=*</Data><Data Name=""Type"">0</Data><Data Name=""CountOfCredentialsReturned"">0</Data><Data Name=""ReadOperation"">%%8100</Data><Data Name=""ReturnCode"">3221226021</Data><Data Name=""ProcessCreationTime"">2024-06-26T17:01:07.0391904Z</Data><Data Name=""ClientProcessId"">5396</Data></EventData></DataItem>",5379,"Credential Manager credentials were read.  Subject: 	Security ID:		S-1-5-18 	Account Name:		forensicsacl2$ 	Account Domain:		WORKGROUP 	Logon ID:		0x3E7 	Read Operation:		Enumerate Credentials  This event occurs when a user performs a read operation on stored credentials in Credential Manager.",,,13824,"N/A",,"00000000-0000-0000-0000-000000000001","AOI-d558e95b-08c4-4c42-b17a-dd6de6332e26",Event,"/subscriptions/da2ead26-5eba-476e-90f5-13d2028a4531/resourcegroups/cloudforensics_group/providers/microsoft.compute/virtualmachines/forensicsacl2"
"d558e95b-08c4-4c42-b17a-dd6de6332e26",OpsManager,"6/26/2024, 5:01:07.257 PM","Microsoft-Windows-Security-Auditing",Security,forensicsacl2,0,Information,"<Param>S-1-5-18</Param><Param>forensicsacl2$</Param><Param>WORKGROUP</Param><Param>0x3e7</Param><Param>WindowsLive:(cert):name=02hreucciegrqlpl;serviceuri=*</Param><Param>0</Param><Param>0</Param><Param>%%8100</Param><Param>3221226021</Param><Param>2024-06-26T17:01:07.0391904Z</Param><Param>5396</Param>","<DataItem Type=""System.XmlData"" time=""2024-06-26T17:01:07.2571234Z"" sourceHealthServiceId=""a0cf1214-78a1-4446-8ef1-04b39ec9b972""><EventData xmlns=""http://schemas.microsoft.com/win/2004/08/events/event""><Data Name=""SubjectUserSid"">S-1-5-18</Data><Data Name=""SubjectUserName"">forensicsacl2$</Data><Data Name=""SubjectDomainName"">WORKGROUP</Data><Data Name=""SubjectLogonId"">0x3e7</Data><Data Name=""TargetName"">WindowsLive:(cert):name=02hreucciegrqlpl;serviceuri=*</Data><Data Name=""Type"">0</Data><Data Name=""CountOfCredentialsReturned"">0</Data><Data Name=""ReadOperation"">%%8100</Data><Data Name=""ReturnCode"">3221226021</Data><Data Name=""ProcessCreationTime"">2024-06-26T17:01:07.0391904Z</Data><Data Name=""ClientProcessId"">5396</Data></EventData></DataItem>",5379,"Credential Manager credentials were read.  Subject: 	Security ID:		S-1-5-18 	Account Name:		forensicsacl2$ 	Account Domain:		WORKGROUP 	Logon ID:		0x3E7 	Read Operation:		Enumerate Credentials  This event occurs when a user performs a read operation on stored credentials in Credential Manager.",,,13824,"N/A",,"00000000-0000-0000-0000-000000000001","AOI-d558e95b-08c4-4c42-b17a-dd6de6332e26",Event,"/subscriptions/da2ead26-5eba-476e-90f5-13d2028a4531/resourcegroups/cloudforensics_group/providers/microsoft.compute/virtualmachines/forensicsacl2"
"d558e95b-08c4-4c42-b17a-dd6de6332e26",OpsManager,"6/26/2024, 5:01:07.257 PM","Microsoft-Windows-Security-Auditing",Security,forensicsacl2,0,Information,"<Param>S-1-5-18</Param><Param>forensicsacl2$</Param><Param>WORKGROUP</Param><Param>0x3e7</Param><Param>WindowsLive:target=virtualapp/didlogical</Param><Param>0</Param><Param>1</Param><Param>%%8100</Param><Param>0</Param><Param>2024-06-26T17:01:07.0391904Z</Param><Param>5396</Param>","<DataItem Type=""System.XmlData"" time=""2024-06-26T17:01:07.2572488Z"" sourceHealthServiceId=""a0cf1214-78a1-4446-8ef1-04b39ec9b972""><EventData xmlns=""http://schemas.microsoft.com/win/2004/08/events/event""><Data Name=""SubjectUserSid"">S-1-5-18</Data><Data Name=""SubjectUserName"">forensicsacl2$</Data><Data Name=""SubjectDomainName"">WORKGROUP</Data><Data Name=""SubjectLogonId"">0x3e7</Data><Data Name=""TargetName"">WindowsLive:target=virtualapp/didlogical</Data><Data Name=""Type"">0</Data><Data Name=""CountOfCredentialsReturned"">1</Data><Data Name=""ReadOperation"">%%8100</Data><Data Name=""ReturnCode"">0</Data><Data Name=""ProcessCreationTime"">2024-06-26T17:01:07.0391904Z</Data><Data Name=""ClientProcessId"">5396</Data></EventData></DataItem>",5379,"Credential Manager credentials were read.  Subject: 	Security ID:		S-1-5-18 	Account Name:		forensicsacl2$ 	Account Domain:		WORKGROUP 	Logon ID:		0x3E7 	Read Operation:		Enumerate Credentials  This event occurs when a user performs a read operation on stored credentials in Credential Manager.",,,13824,"N/A",,"00000000-0000-0000-0000-000000000001","AOI-d558e95b-08c4-4c42-b17a-dd6de6332e26",Event,"/subscriptions/da2ead26-5eba-476e-90f5-13d2028a4531/resourcegroups/cloudforensics_group/providers/microsoft.compute/virtualmachines/forensicsacl2"
