"d558e95b-08c4-4c42-b17a-dd6de6332e26",OpsManager,"6/26/2024, 4:54:54.680 PM","Microsoft-Windows-Security-Auditing",Security,forensicsacl2,0,Information,"<Param>S-1-5-18</Param><Param>forensicsacl2$</Param><Param>WORKGROUP</Param><Param>0x3e7</Param><Param>S-1-5-18</Param><Param>SYSTEM</Param><Param>NT AUTHORITY</Param><Param>0x3e7</Param><Param>5</Param><Param>Advapi  </Param><Param>Negotiate</Param><Param>-</Param><Param>{00000000-0000-0000-0000-000000000000}</Param><Param>-</Param><Param>-</Param><Param>0</Param><Param>0x2e8</Param><Param>C:\Windows\System32\services.exe</Param><Param>-</Param><Param>-</Param><Param>%%1833</Param><Param>-</Param><Param>-</Param><Param>-</Param><Param>%%1843</Param><Param>0x0</Param><Param>%%1842</Param>","<DataItem Type=""System.XmlData"" time=""2024-06-26T16:54:54.6801349Z"" sourceHealthServiceId=""a0cf1214-78a1-4446-8ef1-04b39ec9b972""><EventData xmlns=""http://schemas.microsoft.com/win/2004/08/events/event""><Data Name=""SubjectUserSid"">S-1-5-18</Data><Data Name=""SubjectUserName"">forensicsacl2$</Data><Data Name=""SubjectDomainName"">WORKGROUP</Data><Data Name=""SubjectLogonId"">0x3e7</Data><Data Name=""TargetUserSid"">S-1-5-18</Data><Data Name=""TargetUserName"">SYSTEM</Data><Data Name=""TargetDomainName"">NT AUTHORITY</Data><Data Name=""TargetLogonId"">0x3e7</Data><Data Name=""LogonType"">5</Data><Data Name=""LogonProcessName"">Advapi  </Data><Data Name=""AuthenticationPackageName"">Negotiate</Data><Data Name=""WorkstationName"">-</Data><Data Name=""LogonGuid"">{00000000-0000-0000-0000-000000000000}</Data><Data Name=""TransmittedServices"">-</Data><Data Name=""LmPackageName"">-</Data><Data Name=""KeyLength"">0</Data><Data Name=""ProcessId"">0x2e8</Data><Data Name=""ProcessName"">C:\Windows\System32\services.exe</Data><Data Name=""IpAddress"">-</Data><Data Name=""IpPort"">-</Data><Data Name=""ImpersonationLevel"">%%1833</Data><Data Name=""RestrictedAdminMode"">-</Data><Data Name=""TargetOutboundUserName"">-</Data><Data Name=""TargetOutboundDomainName"">-</Data><Data Name=""VirtualAccount"">%%1843</Data><Data Name=""TargetLinkedLogonId"">0x0</Data><Data Name=""ElevatedToken"">%%1842</Data></EventData></DataItem>",4624,"An account was successfully logged on.  Subject: 	Security ID:		S-1-5-18 	Account Name:		forensicsacl2$ 	Account Domain:		WORKGROUP 	Logon ID:		0x3E7  Logon Information: 	Logon Type:		5 	Restricted Admin Mode:	- 	Virtual Account:		No 	Elevated Token:		Yes  Impersonation Level:		Impersonation  New Logon: 	Security ID:		S-1-5-18 	Account Name:		SYSTEM 	Account Domain:		NT AUTHORITY 	Logon ID:		0x3E7 	Linked Logon ID:		0x0 	Network Account Name:	- 	Network Account Domain:	- 	Logon GUID:		{00000000-0000-0000-0000-000000000000}  Process Information: 	Process ID:		0x2e8 	Process Name:		C:\Windows\System32\services.exe  Network Information: 	Workstation Name:	- 	Source Network Address:	- 	Source Port:		-  Detailed Authentication Information: 	Logon Process:		Advapi   	Authentication Package:	Negotiate 	Transited Services:	- 	Package Name (NTLM only):	- 	Key Length:		0  This event is generated when a logon session is created. It is generated on the computer that was accessed.  The subject fields indicate the account on the local system which requested the logon. This is most commonly a service such as the Server service, or a local process such as Winlogon.exe or Services.exe.  The logon type field indicates the kind of logon that occurred. The most common types are 2 (interactive) and 3 (network).  The New Logon fields indicate the account for whom the new logon was created, i.e. the account that was logged on.  The network fields indicate where a remote logon request originated. Workstation name is not always available and may be left blank in some cases.  The impersonation level field indicates the extent to which a process in the logon session can impersonate.  The authentication information fields provide detailed information about this specific logon request. 	- Logon GUID is a unique identifier that can be used to correlate this event with a KDC event. 	- Transited services indicate which intermediate services have participated in this logon request. 	- Package name indicates which sub-protocol was used among the NTLM protocols. 	- Key length indicates the length of the generated session key. This will be 0 if no session key was requested.",,,12544,"N/A",,"00000000-0000-0000-0000-000000000001","AOI-d558e95b-08c4-4c42-b17a-dd6de6332e26",Event,"/subscriptions/da2ead26-5eba-476e-90f5-13d2028a4531/resourcegroups/cloudforensics_group/providers/microsoft.compute/virtualmachines/forensicsacl2"
"d558e95b-08c4-4c42-b17a-dd6de6332e26",OpsManager,"6/26/2024, 4:54:54.680 PM","Microsoft-Windows-Security-Auditing",Security,forensicsacl2,0,Information,"<Param>S-1-5-18</Param><Param>SYSTEM</Param><Param>NT AUTHORITY</Param><Param>0x3e7</Param><Param>SeAssignPrimaryTokenPrivilege 			SeTcbPrivilege 			SeSecurityPrivilege 			SeTakeOwnershipPrivilege 			SeLoadDriverPrivilege 			SeBackupPrivilege 			SeRestorePrivilege 			SeDebugPrivilege 			SeAuditPrivilege 			SeSystemEnvironmentPrivilege 			SeImpersonatePrivilege 			SeDelegateSessionUserImpersonatePrivilege</Param>","<DataItem Type=""System.XmlData"" time=""2024-06-26T16:54:54.6801438Z"" sourceHealthServiceId=""a0cf1214-78a1-4446-8ef1-04b39ec9b972""><EventData xmlns=""http://schemas.microsoft.com/win/2004/08/events/event""><Data Name=""SubjectUserSid"">S-1-5-18</Data><Data Name=""SubjectUserName"">SYSTEM</Data><Data Name=""SubjectDomainName"">NT AUTHORITY</Data><Data Name=""SubjectLogonId"">0x3e7</Data><Data Name=""PrivilegeList"">SeAssignPrimaryTokenPrivilege 			SeTcbPrivilege 			SeSecurityPrivilege 			SeTakeOwnershipPrivilege 			SeLoadDriverPrivilege 			SeBackupPrivilege 			SeRestorePrivilege 			SeDebugPrivilege 			SeAuditPrivilege 			SeSystemEnvironmentPrivilege 			SeImpersonatePrivilege 			SeDelegateSessionUserImpersonatePrivilege</Data></EventData></DataItem>",4672,"Special privileges assigned to new logon.  Subject: 	Security ID:		S-1-5-18 	Account Name:		SYSTEM 	Account Domain:		NT AUTHORITY 	Logon ID:		0x3E7  Privileges:		SeAssignPrimaryTokenPrivilege 			SeTcbPrivilege 			SeSecurityPrivilege 			SeTakeOwnershipPrivilege 			SeLoadDriverPrivilege 			SeBackupPrivilege 			SeRestorePrivilege 			SeDebugPrivilege 			SeAuditPrivilege 			SeSystemEnvironmentPrivilege 			SeImpersonatePrivilege 			SeDelegateSessionUserImpersonatePrivilege",,,12548,"N/A",,"00000000-0000-0000-0000-000000000001","AOI-d558e95b-08c4-4c42-b17a-dd6de6332e26",Event,"/subscriptions/da2ead26-5eba-476e-90f5-13d2028a4531/resourcegroups/cloudforensics_group/providers/microsoft.compute/virtualmachines/forensicsacl2"
"d558e95b-08c4-4c42-b17a-dd6de6332e26",OpsManager,"6/26/2024, 4:54:54.916 PM","Microsoft-Windows-Security-Auditing",Security,forensicsacl2,0,Information,"<Param>S-1-5-18</Param><Param>forensicsacl2$</Param><Param>WORKGROUP</Param><Param>0x3e7</Param><Param>MicrosoftAccount:user=02hreucciegrqlpl</Param><Param>0</Param><Param>0</Param><Param>%%8100</Param><Param>3221226021</Param><Param>2024-06-26T16:52:21.3188554Z</Param><Param>4948</Param>","<DataItem Type=""System.XmlData"" time=""2024-06-26T16:54:54.9160689Z"" sourceHealthServiceId=""a0cf1214-78a1-4446-8ef1-04b39ec9b972""><EventData xmlns=""http://schemas.microsoft.com/win/2004/08/events/event""><Data Name=""SubjectUserSid"">S-1-5-18</Data><Data Name=""SubjectUserName"">forensicsacl2$</Data><Data Name=""SubjectDomainName"">WORKGROUP</Data><Data Name=""SubjectLogonId"">0x3e7</Data><Data Name=""TargetName"">MicrosoftAccount:user=02hreucciegrqlpl</Data><Data Name=""Type"">0</Data><Data Name=""CountOfCredentialsReturned"">0</Data><Data Name=""ReadOperation"">%%8100</Data><Data Name=""ReturnCode"">3221226021</Data><Data Name=""ProcessCreationTime"">2024-06-26T16:52:21.3188554Z</Data><Data Name=""ClientProcessId"">4948</Data></EventData></DataItem>",5379,"Credential Manager credentials were read.  Subject: 	Security ID:		S-1-5-18 	Account Name:		forensicsacl2$ 	Account Domain:		WORKGROUP 	Logon ID:		0x3E7 	Read Operation:		Enumerate Credentials  This event occurs when a user performs a read operation on stored credentials in Credential Manager.",,,13824,"N/A",,"00000000-0000-0000-0000-000000000001","AOI-d558e95b-08c4-4c42-b17a-dd6de6332e26",Event,"/subscriptions/da2ead26-5eba-476e-90f5-13d2028a4531/resourcegroups/cloudforensics_group/providers/microsoft.compute/virtualmachines/forensicsacl2"
"d558e95b-08c4-4c42-b17a-dd6de6332e26",OpsManager,"6/26/2024, 4:54:54.916 PM","Microsoft-Windows-Security-Auditing",Security,forensicsacl2,0,Information,"<Param>S-1-5-18</Param><Param>forensicsacl2$</Param><Param>WORKGROUP</Param><Param>0x3e7</Param><Param>WindowsLive:(token):name=02hreucciegrqlpl;serviceuri=*</Param><Param>0</Param><Param>0</Param><Param>%%8100</Param><Param>3221226021</Param><Param>2024-06-26T16:52:21.3188554Z</Param><Param>4948</Param>","<DataItem Type=""System.XmlData"" time=""2024-06-26T16:54:54.9161838Z"" sourceHealthServiceId=""a0cf1214-78a1-4446-8ef1-04b39ec9b972""><EventData xmlns=""http://schemas.microsoft.com/win/2004/08/events/event""><Data Name=""SubjectUserSid"">S-1-5-18</Data><Data Name=""SubjectUserName"">forensicsacl2$</Data><Data Name=""SubjectDomainName"">WORKGROUP</Data><Data Name=""SubjectLogonId"">0x3e7</Data><Data Name=""TargetName"">WindowsLive:(token):name=02hreucciegrqlpl;serviceuri=*</Data><Data Name=""Type"">0</Data><Data Name=""CountOfCredentialsReturned"">0</Data><Data Name=""ReadOperation"">%%8100</Data><Data Name=""ReturnCode"">3221226021</Data><Data Name=""ProcessCreationTime"">2024-06-26T16:52:21.3188554Z</Data><Data Name=""ClientProcessId"">4948</Data></EventData></DataItem>",5379,"Credential Manager credentials were read.  Subject: 	Security ID:		S-1-5-18 	Account Name:		forensicsacl2$ 	Account Domain:		WORKGROUP 	Logon ID:		0x3E7 	Read Operation:		Enumerate Credentials  This event occurs when a user performs a read operation on stored credentials in Credential Manager.",,,13824,"N/A",,"00000000-0000-0000-0000-000000000001","AOI-d558e95b-08c4-4c42-b17a-dd6de6332e26",Event,"/subscriptions/da2ead26-5eba-476e-90f5-13d2028a4531/resourcegroups/cloudforensics_group/providers/microsoft.compute/virtualmachines/forensicsacl2"
"d558e95b-08c4-4c42-b17a-dd6de6332e26",OpsManager,"6/26/2024, 4:54:54.916 PM","Microsoft-Windows-Security-Auditing",Security,forensicsacl2,0,Information,"<Param>S-1-5-18</Param><Param>forensicsacl2$</Param><Param>WORKGROUP</Param><Param>0x3e7</Param><Param>WindowsLive:(cert):name=02hreucciegrqlpl;serviceuri=*</Param><Param>0</Param><Param>0</Param><Param>%%8100</Param><Param>3221226021</Param><Param>2024-06-26T16:52:21.3188554Z</Param><Param>4948</Param>","<DataItem Type=""System.XmlData"" time=""2024-06-26T16:54:54.9165826Z"" sourceHealthServiceId=""a0cf1214-78a1-4446-8ef1-04b39ec9b972""><EventData xmlns=""http://schemas.microsoft.com/win/2004/08/events/event""><Data Name=""SubjectUserSid"">S-1-5-18</Data><Data Name=""SubjectUserName"">forensicsacl2$</Data><Data Name=""SubjectDomainName"">WORKGROUP</Data><Data Name=""SubjectLogonId"">0x3e7</Data><Data Name=""TargetName"">WindowsLive:(cert):name=02hreucciegrqlpl;serviceuri=*</Data><Data Name=""Type"">0</Data><Data Name=""CountOfCredentialsReturned"">0</Data><Data Name=""ReadOperation"">%%8100</Data><Data Name=""ReturnCode"">3221226021</Data><Data Name=""ProcessCreationTime"">2024-06-26T16:52:21.3188554Z</Data><Data Name=""ClientProcessId"">4948</Data></EventData></DataItem>",5379,"Credential Manager credentials were read.  Subject: 	Security ID:		S-1-5-18 	Account Name:		forensicsacl2$ 	Account Domain:		WORKGROUP 	Logon ID:		0x3E7 	Read Operation:		Enumerate Credentials  This event occurs when a user performs a read operation on stored credentials in Credential Manager.",,,13824,"N/A",,"00000000-0000-0000-0000-000000000001","AOI-d558e95b-08c4-4c42-b17a-dd6de6332e26",Event,"/subscriptions/da2ead26-5eba-476e-90f5-13d2028a4531/resourcegroups/cloudforensics_group/providers/microsoft.compute/virtualmachines/forensicsacl2"
"d558e95b-08c4-4c42-b17a-dd6de6332e26",OpsManager,"6/26/2024, 4:54:55.141 PM","Microsoft-Windows-Security-Auditing",Security,forensicsacl2,0,Information,"<Param>S-1-5-18</Param><Param>forensicsacl2$</Param><Param>WORKGROUP</Param><Param>0x3e7</Param><Param>MicrosoftAccount:user=02hreucciegrqlpl</Param><Param>0</Param><Param>0</Param><Param>%%8100</Param><Param>3221226021</Param><Param>2024-06-26T16:52:21.3188554Z</Param><Param>4948</Param>","<DataItem Type=""System.XmlData"" time=""2024-06-26T16:54:55.1416413Z"" sourceHealthServiceId=""a0cf1214-78a1-4446-8ef1-04b39ec9b972""><EventData xmlns=""http://schemas.microsoft.com/win/2004/08/events/event""><Data Name=""SubjectUserSid"">S-1-5-18</Data><Data Name=""SubjectUserName"">forensicsacl2$</Data><Data Name=""SubjectDomainName"">WORKGROUP</Data><Data Name=""SubjectLogonId"">0x3e7</Data><Data Name=""TargetName"">MicrosoftAccount:user=02hreucciegrqlpl</Data><Data Name=""Type"">0</Data><Data Name=""CountOfCredentialsReturned"">0</Data><Data Name=""ReadOperation"">%%8100</Data><Data Name=""ReturnCode"">3221226021</Data><Data Name=""ProcessCreationTime"">2024-06-26T16:52:21.3188554Z</Data><Data Name=""ClientProcessId"">4948</Data></EventData></DataItem>",5379,"Credential Manager credentials were read.  Subject: 	Security ID:		S-1-5-18 	Account Name:		forensicsacl2$ 	Account Domain:		WORKGROUP 	Logon ID:		0x3E7 	Read Operation:		Enumerate Credentials  This event occurs when a user performs a read operation on stored credentials in Credential Manager.",,,13824,"N/A",,"00000000-0000-0000-0000-000000000001","AOI-d558e95b-08c4-4c42-b17a-dd6de6332e26",Event,"/subscriptions/da2ead26-5eba-476e-90f5-13d2028a4531/resourcegroups/cloudforensics_group/providers/microsoft.compute/virtualmachines/forensicsacl2"
"d558e95b-08c4-4c42-b17a-dd6de6332e26",OpsManager,"6/26/2024, 4:54:55.142 PM","Microsoft-Windows-Security-Auditing",Security,forensicsacl2,0,Information,"<Param>S-1-5-18</Param><Param>forensicsacl2$</Param><Param>WORKGROUP</Param><Param>0x3e7</Param><Param>MicrosoftAccount:user=02hreucciegrqlpl</Param><Param>0</Param><Param>0</Param><Param>%%8100</Param><Param>3221226021</Param><Param>2024-06-26T16:52:21.3188554Z</Param><Param>4948</Param>","<DataItem Type=""System.XmlData"" time=""2024-06-26T16:54:55.1422757Z"" sourceHealthServiceId=""a0cf1214-78a1-4446-8ef1-04b39ec9b972""><EventData xmlns=""http://schemas.microsoft.com/win/2004/08/events/event""><Data Name=""SubjectUserSid"">S-1-5-18</Data><Data Name=""SubjectUserName"">forensicsacl2$</Data><Data Name=""SubjectDomainName"">WORKGROUP</Data><Data Name=""SubjectLogonId"">0x3e7</Data><Data Name=""TargetName"">MicrosoftAccount:user=02hreucciegrqlpl</Data><Data Name=""Type"">0</Data><Data Name=""CountOfCredentialsReturned"">0</Data><Data Name=""ReadOperation"">%%8100</Data><Data Name=""ReturnCode"">3221226021</Data><Data Name=""ProcessCreationTime"">2024-06-26T16:52:21.3188554Z</Data><Data Name=""ClientProcessId"">4948</Data></EventData></DataItem>",5379,"Credential Manager credentials were read.  Subject: 	Security ID:		S-1-5-18 	Account Name:		forensicsacl2$ 	Account Domain:		WORKGROUP 	Logon ID:		0x3E7 	Read Operation:		Enumerate Credentials  This event occurs when a user performs a read operation on stored credentials in Credential Manager.",,,13824,"N/A",,"00000000-0000-0000-0000-000000000001","AOI-d558e95b-08c4-4c42-b17a-dd6de6332e26",Event,"/subscriptions/da2ead26-5eba-476e-90f5-13d2028a4531/resourcegroups/cloudforensics_group/providers/microsoft.compute/virtualmachines/forensicsacl2"
"d558e95b-08c4-4c42-b17a-dd6de6332e26",OpsManager,"6/26/2024, 4:54:55.218 PM","Microsoft-Windows-Security-Auditing",Security,forensicsacl2,0,Information,"<Param>S-1-5-18</Param><Param>forensicsacl2$</Param><Param>WORKGROUP</Param><Param>0x3e7</Param><Param>MicrosoftAccount:user=02hreucciegrqlpl</Param><Param>0</Param><Param>0</Param><Param>%%8100</Param><Param>3221226021</Param><Param>2024-06-26T16:52:21.3188554Z</Param><Param>4948</Param>","<DataItem Type=""System.XmlData"" time=""2024-06-26T16:54:55.2187352Z"" sourceHealthServiceId=""a0cf1214-78a1-4446-8ef1-04b39ec9b972""><EventData xmlns=""http://schemas.microsoft.com/win/2004/08/events/event""><Data Name=""SubjectUserSid"">S-1-5-18</Data><Data Name=""SubjectUserName"">forensicsacl2$</Data><Data Name=""SubjectDomainName"">WORKGROUP</Data><Data Name=""SubjectLogonId"">0x3e7</Data><Data Name=""TargetName"">MicrosoftAccount:user=02hreucciegrqlpl</Data><Data Name=""Type"">0</Data><Data Name=""CountOfCredentialsReturned"">0</Data><Data Name=""ReadOperation"">%%8100</Data><Data Name=""ReturnCode"">3221226021</Data><Data Name=""ProcessCreationTime"">2024-06-26T16:52:21.3188554Z</Data><Data Name=""ClientProcessId"">4948</Data></EventData></DataItem>",5379,"Credential Manager credentials were read.  Subject: 	Security ID:		S-1-5-18 	Account Name:		forensicsacl2$ 	Account Domain:		WORKGROUP 	Logon ID:		0x3E7 	Read Operation:		Enumerate Credentials  This event occurs when a user performs a read operation on stored credentials in Credential Manager.",,,13824,"N/A",,"00000000-0000-0000-0000-000000000001","AOI-d558e95b-08c4-4c42-b17a-dd6de6332e26",Event,"/subscriptions/da2ead26-5eba-476e-90f5-13d2028a4531/resourcegroups/cloudforensics_group/providers/microsoft.compute/virtualmachines/forensicsacl2"
"d558e95b-08c4-4c42-b17a-dd6de6332e26",OpsManager,"6/26/2024, 4:54:55.218 PM","Microsoft-Windows-Security-Auditing",Security,forensicsacl2,0,Information,"<Param>S-1-5-18</Param><Param>forensicsacl2$</Param><Param>WORKGROUP</Param><Param>0x3e7</Param><Param>MicrosoftAccount:user=02hreucciegrqlpl</Param><Param>0</Param><Param>0</Param><Param>%%8100</Param><Param>3221226021</Param><Param>2024-06-26T16:52:21.3188554Z</Param><Param>4948</Param>","<DataItem Type=""System.XmlData"" time=""2024-06-26T16:54:55.2188692Z"" sourceHealthServiceId=""a0cf1214-78a1-4446-8ef1-04b39ec9b972""><EventData xmlns=""http://schemas.microsoft.com/win/2004/08/events/event""><Data Name=""SubjectUserSid"">S-1-5-18</Data><Data Name=""SubjectUserName"">forensicsacl2$</Data><Data Name=""SubjectDomainName"">WORKGROUP</Data><Data Name=""SubjectLogonId"">0x3e7</Data><Data Name=""TargetName"">MicrosoftAccount:user=02hreucciegrqlpl</Data><Data Name=""Type"">0</Data><Data Name=""CountOfCredentialsReturned"">0</Data><Data Name=""ReadOperation"">%%8100</Data><Data Name=""ReturnCode"">3221226021</Data><Data Name=""ProcessCreationTime"">2024-06-26T16:52:21.3188554Z</Data><Data Name=""ClientProcessId"">4948</Data></EventData></DataItem>",5379,"Credential Manager credentials were read.  Subject: 	Security ID:		S-1-5-18 	Account Name:		forensicsacl2$ 	Account Domain:		WORKGROUP 	Logon ID:		0x3E7 	Read Operation:		Enumerate Credentials  This event occurs when a user performs a read operation on stored credentials in Credential Manager.",,,13824,"N/A",,"00000000-0000-0000-0000-000000000001","AOI-d558e95b-08c4-4c42-b17a-dd6de6332e26",Event,"/subscriptions/da2ead26-5eba-476e-90f5-13d2028a4531/resourcegroups/cloudforensics_group/providers/microsoft.compute/virtualmachines/forensicsacl2"
"d558e95b-08c4-4c42-b17a-dd6de6332e26",OpsManager,"6/26/2024, 4:54:56.049 PM","Service Control Manager",System,forensicsacl2,4,Information,"<Param>Windows Modules Installer</Param><Param>demand start</Param><Param>auto start</Param><Param>TrustedInstaller</Param>","<DataItem Type=""System.XmlData"" time=""2024-06-26T16:54:56.0491585Z"" sourceHealthServiceId=""a0cf1214-78a1-4446-8ef1-04b39ec9b972""><EventData xmlns=""http://schemas.microsoft.com/win/2004/08/events/event""><Data Name=""param1"">Windows Modules Installer</Data><Data Name=""param2"">demand start</Data><Data Name=""param3"">auto start</Data><Data Name=""param4"">TrustedInstaller</Data></EventData></DataItem>",7040,"The start type of the Windows Modules Installer service was changed from demand start to auto start.",,,0,"S-1-5-18",,"00000000-0000-0000-0000-000000000001","AOI-d558e95b-08c4-4c42-b17a-dd6de6332e26",Event,"/subscriptions/da2ead26-5eba-476e-90f5-13d2028a4531/resourcegroups/cloudforensics_group/providers/microsoft.compute/virtualmachines/forensicsacl2"
"d558e95b-08c4-4c42-b17a-dd6de6332e26",OpsManager,"6/26/2024, 4:54:56.459 PM","Microsoft-Windows-Kernel-General",System,forensicsacl2,4,Information,"<Param>52</Param><Param>\??\C:\Windows\System32\SMI\Store\Machine\SCHEMA.DAT</Param><Param>1</Param><Param>1</Param>","<DataItem Type=""System.XmlData"" time=""2024-06-26T16:54:56.4598343Z"" sourceHealthServiceId=""a0cf1214-78a1-4446-8ef1-04b39ec9b972""><EventData xmlns=""http://schemas.microsoft.com/win/2004/08/events/event""><Data Name=""HiveNameLength"">52</Data><Data Name=""HiveName"">\??\C:\Windows\System32\SMI\Store\Machine\SCHEMA.DAT</Data><Data Name=""KeysUpdated"">1</Data><Data Name=""DirtyPages"">1</Data></EventData></DataItem>",16,"The access history in hive \??\C:\Windows\System32\SMI\Store\Machine\SCHEMA.DAT was cleared updating 1 keys and creating 1 modified pages.",,,0,"S-1-5-18",,"00000000-0000-0000-0000-000000000001","AOI-d558e95b-08c4-4c42-b17a-dd6de6332e26",Event,"/subscriptions/da2ead26-5eba-476e-90f5-13d2028a4531/resourcegroups/cloudforensics_group/providers/microsoft.compute/virtualmachines/forensicsacl2"
"d558e95b-08c4-4c42-b17a-dd6de6332e26",OpsManager,"6/26/2024, 4:54:56.517 PM","Service Control Manager",System,forensicsacl2,4,Information,"<Param>Windows Modules Installer</Param><Param>auto start</Param><Param>demand start</Param><Param>TrustedInstaller</Param>","<DataItem Type=""System.XmlData"" time=""2024-06-26T16:54:56.5179084Z"" sourceHealthServiceId=""a0cf1214-78a1-4446-8ef1-04b39ec9b972""><EventData xmlns=""http://schemas.microsoft.com/win/2004/08/events/event""><Data Name=""param1"">Windows Modules Installer</Data><Data Name=""param2"">auto start</Data><Data Name=""param3"">demand start</Data><Data Name=""param4"">TrustedInstaller</Data></EventData></DataItem>",7040,"The start type of the Windows Modules Installer service was changed from auto start to demand start.",,,0,"S-1-5-18",,"00000000-0000-0000-0000-000000000001","AOI-d558e95b-08c4-4c42-b17a-dd6de6332e26",Event,"/subscriptions/da2ead26-5eba-476e-90f5-13d2028a4531/resourcegroups/cloudforensics_group/providers/microsoft.compute/virtualmachines/forensicsacl2"
"d558e95b-08c4-4c42-b17a-dd6de6332e26",OpsManager,"6/26/2024, 4:55:04.174 PM","Service Control Manager",System,forensicsacl2,4,Information,"<Param>Background Intelligent Transfer Service</Param><Param>auto start</Param><Param>demand start</Param><Param>BITS</Param>","<DataItem Type=""System.XmlData"" time=""2024-06-26T16:55:04.1741963Z"" sourceHealthServiceId=""a0cf1214-78a1-4446-8ef1-04b39ec9b972""><EventData xmlns=""http://schemas.microsoft.com/win/2004/08/events/event""><Data Name=""param1"">Background Intelligent Transfer Service</Data><Data Name=""param2"">auto start</Data><Data Name=""param3"">demand start</Data><Data Name=""param4"">BITS</Data></EventData></DataItem>",7040,"The start type of the Background Intelligent Transfer Service service was changed from auto start to demand start.",,,0,"S-1-5-18",,"00000000-0000-0000-0000-000000000001","AOI-d558e95b-08c4-4c42-b17a-dd6de6332e26",Event,"/subscriptions/da2ead26-5eba-476e-90f5-13d2028a4531/resourcegroups/cloudforensics_group/providers/microsoft.compute/virtualmachines/forensicsacl2"
"d558e95b-08c4-4c42-b17a-dd6de6332e26",OpsManager,"6/26/2024, 4:55:09.352 PM","Microsoft-Windows-WindowsUpdateClient",System,forensicsacl2,4,Information,"<Param>Security Intelligence Update for Microsoft Defender Antivirus - KB2267602 (Version 1.413.531.0) - Current Channel (Broad)</Param><Param>{d3004718-d056-4fba-8a29-91f0c8264893}</Param><Param>200</Param><Param>{9482f4b4-e343-43b6-b170-9a65bc822c77}</Param>","<DataItem Type=""System.XmlData"" time=""2024-06-26T16:55:09.3527365Z"" sourceHealthServiceId=""a0cf1214-78a1-4446-8ef1-04b39ec9b972""><EventData xmlns=""http://schemas.microsoft.com/win/2004/08/events/event""><Data Name=""updateTitle"">Security Intelligence Update for Microsoft Defender Antivirus - KB2267602 (Version 1.413.531.0) - Current Channel (Broad)</Data><Data Name=""updateGuid"">{d3004718-d056-4fba-8a29-91f0c8264893}</Data><Data Name=""updateRevisionNumber"">200</Data><Data Name=""serviceGuid"">{9482f4b4-e343-43b6-b170-9a65bc822c77}</Data></EventData></DataItem>",19,"Installation Successful: Windows successfully installed the following update: Security Intelligence Update for Microsoft Defender Antivirus - KB2267602 (Version 1.413.531.0) - Current Channel (Broad)",,,1,"S-1-5-18",,"00000000-0000-0000-0000-000000000001","AOI-d558e95b-08c4-4c42-b17a-dd6de6332e26",Event,"/subscriptions/da2ead26-5eba-476e-90f5-13d2028a4531/resourcegroups/cloudforensics_group/providers/microsoft.compute/virtualmachines/forensicsacl2"
"d558e95b-08c4-4c42-b17a-dd6de6332e26",OpsManager,"6/26/2024, 4:55:10.502 PM",SecurityCenter,Application,forensicsacl2,4,Information,"<Param>Windows Defender</Param><Param>SECURITY_PRODUCT_STATE_ON</Param>","<DataItem Type=""System.XmlData"" time=""2024-06-26T16:55:10.5022858Z"" sourceHealthServiceId=""a0cf1214-78a1-4446-8ef1-04b39ec9b972""><EventData xmlns=""http://schemas.microsoft.com/win/2004/08/events/event""><Data>Windows Defender</Data><Data>SECURITY_PRODUCT_STATE_ON</Data></EventData></DataItem>",15,"Updated Windows Defender status successfully to SECURITY_PRODUCT_STATE_ON.",,,0,"N/A",,"00000000-0000-0000-0000-000000000001","AOI-d558e95b-08c4-4c42-b17a-dd6de6332e26",Event,"/subscriptions/da2ead26-5eba-476e-90f5-13d2028a4531/resourcegroups/cloudforensics_group/providers/microsoft.compute/virtualmachines/forensicsacl2"
"d558e95b-08c4-4c42-b17a-dd6de6332e26",OpsManager,"6/26/2024, 4:55:12.529 PM","Microsoft-Windows-Security-Auditing",Security,forensicsacl2,0,Information,"<Param>S-1-5-18</Param><Param>forensicsacl2$</Param><Param>WORKGROUP</Param><Param>0x3e7</Param><Param>S-1-5-18</Param><Param>SYSTEM</Param><Param>NT AUTHORITY</Param><Param>0x3e7</Param><Param>5</Param><Param>Advapi  </Param><Param>Negotiate</Param><Param>-</Param><Param>{00000000-0000-0000-0000-000000000000}</Param><Param>-</Param><Param>-</Param><Param>0</Param><Param>0x2e8</Param><Param>C:\Windows\System32\services.exe</Param><Param>-</Param><Param>-</Param><Param>%%1833</Param><Param>-</Param><Param>-</Param><Param>-</Param><Param>%%1843</Param><Param>0x0</Param><Param>%%1842</Param>","<DataItem Type=""System.XmlData"" time=""2024-06-26T16:55:12.5292612Z"" sourceHealthServiceId=""a0cf1214-78a1-4446-8ef1-04b39ec9b972""><EventData xmlns=""http://schemas.microsoft.com/win/2004/08/events/event""><Data Name=""SubjectUserSid"">S-1-5-18</Data><Data Name=""SubjectUserName"">forensicsacl2$</Data><Data Name=""SubjectDomainName"">WORKGROUP</Data><Data Name=""SubjectLogonId"">0x3e7</Data><Data Name=""TargetUserSid"">S-1-5-18</Data><Data Name=""TargetUserName"">SYSTEM</Data><Data Name=""TargetDomainName"">NT AUTHORITY</Data><Data Name=""TargetLogonId"">0x3e7</Data><Data Name=""LogonType"">5</Data><Data Name=""LogonProcessName"">Advapi  </Data><Data Name=""AuthenticationPackageName"">Negotiate</Data><Data Name=""WorkstationName"">-</Data><Data Name=""LogonGuid"">{00000000-0000-0000-0000-000000000000}</Data><Data Name=""TransmittedServices"">-</Data><Data Name=""LmPackageName"">-</Data><Data Name=""KeyLength"">0</Data><Data Name=""ProcessId"">0x2e8</Data><Data Name=""ProcessName"">C:\Windows\System32\services.exe</Data><Data Name=""IpAddress"">-</Data><Data Name=""IpPort"">-</Data><Data Name=""ImpersonationLevel"">%%1833</Data><Data Name=""RestrictedAdminMode"">-</Data><Data Name=""TargetOutboundUserName"">-</Data><Data Name=""TargetOutboundDomainName"">-</Data><Data Name=""VirtualAccount"">%%1843</Data><Data Name=""TargetLinkedLogonId"">0x0</Data><Data Name=""ElevatedToken"">%%1842</Data></EventData></DataItem>",4624,"An account was successfully logged on.  Subject: 	Security ID:		S-1-5-18 	Account Name:		forensicsacl2$ 	Account Domain:		WORKGROUP 	Logon ID:		0x3E7  Logon Information: 	Logon Type:		5 	Restricted Admin Mode:	- 	Virtual Account:		No 	Elevated Token:		Yes  Impersonation Level:		Impersonation  New Logon: 	Security ID:		S-1-5-18 	Account Name:		SYSTEM 	Account Domain:		NT AUTHORITY 	Logon ID:		0x3E7 	Linked Logon ID:		0x0 	Network Account Name:	- 	Network Account Domain:	- 	Logon GUID:		{00000000-0000-0000-0000-000000000000}  Process Information: 	Process ID:		0x2e8 	Process Name:		C:\Windows\System32\services.exe  Network Information: 	Workstation Name:	- 	Source Network Address:	- 	Source Port:		-  Detailed Authentication Information: 	Logon Process:		Advapi   	Authentication Package:	Negotiate 	Transited Services:	- 	Package Name (NTLM only):	- 	Key Length:		0  This event is generated when a logon session is created. It is generated on the computer that was accessed.  The subject fields indicate the account on the local system which requested the logon. This is most commonly a service such as the Server service, or a local process such as Winlogon.exe or Services.exe.  The logon type field indicates the kind of logon that occurred. The most common types are 2 (interactive) and 3 (network).  The New Logon fields indicate the account for whom the new logon was created, i.e. the account that was logged on.  The network fields indicate where a remote logon request originated. Workstation name is not always available and may be left blank in some cases.  The impersonation level field indicates the extent to which a process in the logon session can impersonate.  The authentication information fields provide detailed information about this specific logon request. 	- Logon GUID is a unique identifier that can be used to correlate this event with a KDC event. 	- Transited services indicate which intermediate services have participated in this logon request. 	- Package name indicates which sub-protocol was used among the NTLM protocols. 	- Key length indicates the length of the generated session key. This will be 0 if no session key was requested.",,,12544,"N/A",,"00000000-0000-0000-0000-000000000001","AOI-d558e95b-08c4-4c42-b17a-dd6de6332e26",Event,"/subscriptions/da2ead26-5eba-476e-90f5-13d2028a4531/resourcegroups/cloudforensics_group/providers/microsoft.compute/virtualmachines/forensicsacl2"
"d558e95b-08c4-4c42-b17a-dd6de6332e26",OpsManager,"6/26/2024, 4:55:12.529 PM","Microsoft-Windows-Security-Auditing",Security,forensicsacl2,0,Information,"<Param>S-1-5-18</Param><Param>SYSTEM</Param><Param>NT AUTHORITY</Param><Param>0x3e7</Param><Param>SeAssignPrimaryTokenPrivilege 			SeTcbPrivilege 			SeSecurityPrivilege 			SeTakeOwnershipPrivilege 			SeLoadDriverPrivilege 			SeBackupPrivilege 			SeRestorePrivilege 			SeDebugPrivilege 			SeAuditPrivilege 			SeSystemEnvironmentPrivilege 			SeImpersonatePrivilege 			SeDelegateSessionUserImpersonatePrivilege</Param>","<DataItem Type=""System.XmlData"" time=""2024-06-26T16:55:12.5292722Z"" sourceHealthServiceId=""a0cf1214-78a1-4446-8ef1-04b39ec9b972""><EventData xmlns=""http://schemas.microsoft.com/win/2004/08/events/event""><Data Name=""SubjectUserSid"">S-1-5-18</Data><Data Name=""SubjectUserName"">SYSTEM</Data><Data Name=""SubjectDomainName"">NT AUTHORITY</Data><Data Name=""SubjectLogonId"">0x3e7</Data><Data Name=""PrivilegeList"">SeAssignPrimaryTokenPrivilege 			SeTcbPrivilege 			SeSecurityPrivilege 			SeTakeOwnershipPrivilege 			SeLoadDriverPrivilege 			SeBackupPrivilege 			SeRestorePrivilege 			SeDebugPrivilege 			SeAuditPrivilege 			SeSystemEnvironmentPrivilege 			SeImpersonatePrivilege 			SeDelegateSessionUserImpersonatePrivilege</Data></EventData></DataItem>",4672,"Special privileges assigned to new logon.  Subject: 	Security ID:		S-1-5-18 	Account Name:		SYSTEM 	Account Domain:		NT AUTHORITY 	Logon ID:		0x3E7  Privileges:		SeAssignPrimaryTokenPrivilege 			SeTcbPrivilege 			SeSecurityPrivilege 			SeTakeOwnershipPrivilege 			SeLoadDriverPrivilege 			SeBackupPrivilege 			SeRestorePrivilege 			SeDebugPrivilege 			SeAuditPrivilege 			SeSystemEnvironmentPrivilege 			SeImpersonatePrivilege 			SeDelegateSessionUserImpersonatePrivilege",,,12548,"N/A",,"00000000-0000-0000-0000-000000000001","AOI-d558e95b-08c4-4c42-b17a-dd6de6332e26",Event,"/subscriptions/da2ead26-5eba-476e-90f5-13d2028a4531/resourcegroups/cloudforensics_group/providers/microsoft.compute/virtualmachines/forensicsacl2"
"d558e95b-08c4-4c42-b17a-dd6de6332e26",OpsManager,"6/26/2024, 4:55:12.581 PM","Microsoft-Windows-Security-Auditing",Security,forensicsacl2,0,Information,"<Param>S-1-5-18</Param><Param>forensicsacl2$</Param><Param>WORKGROUP</Param><Param>0x3e7</Param><Param>S-1-5-18</Param><Param>SYSTEM</Param><Param>NT AUTHORITY</Param><Param>0x3e7</Param><Param>5</Param><Param>Advapi  </Param><Param>Negotiate</Param><Param>-</Param><Param>{00000000-0000-0000-0000-000000000000}</Param><Param>-</Param><Param>-</Param><Param>0</Param><Param>0x2e8</Param><Param>C:\Windows\System32\services.exe</Param><Param>-</Param><Param>-</Param><Param>%%1833</Param><Param>-</Param><Param>-</Param><Param>-</Param><Param>%%1843</Param><Param>0x0</Param><Param>%%1842</Param>","<DataItem Type=""System.XmlData"" time=""2024-06-26T16:55:12.5815217Z"" sourceHealthServiceId=""a0cf1214-78a1-4446-8ef1-04b39ec9b972""><EventData xmlns=""http://schemas.microsoft.com/win/2004/08/events/event""><Data Name=""SubjectUserSid"">S-1-5-18</Data><Data Name=""SubjectUserName"">forensicsacl2$</Data><Data Name=""SubjectDomainName"">WORKGROUP</Data><Data Name=""SubjectLogonId"">0x3e7</Data><Data Name=""TargetUserSid"">S-1-5-18</Data><Data Name=""TargetUserName"">SYSTEM</Data><Data Name=""TargetDomainName"">NT AUTHORITY</Data><Data Name=""TargetLogonId"">0x3e7</Data><Data Name=""LogonType"">5</Data><Data Name=""LogonProcessName"">Advapi  </Data><Data Name=""AuthenticationPackageName"">Negotiate</Data><Data Name=""WorkstationName"">-</Data><Data Name=""LogonGuid"">{00000000-0000-0000-0000-000000000000}</Data><Data Name=""TransmittedServices"">-</Data><Data Name=""LmPackageName"">-</Data><Data Name=""KeyLength"">0</Data><Data Name=""ProcessId"">0x2e8</Data><Data Name=""ProcessName"">C:\Windows\System32\services.exe</Data><Data Name=""IpAddress"">-</Data><Data Name=""IpPort"">-</Data><Data Name=""ImpersonationLevel"">%%1833</Data><Data Name=""RestrictedAdminMode"">-</Data><Data Name=""TargetOutboundUserName"">-</Data><Data Name=""TargetOutboundDomainName"">-</Data><Data Name=""VirtualAccount"">%%1843</Data><Data Name=""TargetLinkedLogonId"">0x0</Data><Data Name=""ElevatedToken"">%%1842</Data></EventData></DataItem>",4624,"An account was successfully logged on.  Subject: 	Security ID:		S-1-5-18 	Account Name:		forensicsacl2$ 	Account Domain:		WORKGROUP 	Logon ID:		0x3E7  Logon Information: 	Logon Type:		5 	Restricted Admin Mode:	- 	Virtual Account:		No 	Elevated Token:		Yes  Impersonation Level:		Impersonation  New Logon: 	Security ID:		S-1-5-18 	Account Name:		SYSTEM 	Account Domain:		NT AUTHORITY 	Logon ID:		0x3E7 	Linked Logon ID:		0x0 	Network Account Name:	- 	Network Account Domain:	- 	Logon GUID:		{00000000-0000-0000-0000-000000000000}  Process Information: 	Process ID:		0x2e8 	Process Name:		C:\Windows\System32\services.exe  Network Information: 	Workstation Name:	- 	Source Network Address:	- 	Source Port:		-  Detailed Authentication Information: 	Logon Process:		Advapi   	Authentication Package:	Negotiate 	Transited Services:	- 	Package Name (NTLM only):	- 	Key Length:		0  This event is generated when a logon session is created. It is generated on the computer that was accessed.  The subject fields indicate the account on the local system which requested the logon. This is most commonly a service such as the Server service, or a local process such as Winlogon.exe or Services.exe.  The logon type field indicates the kind of logon that occurred. The most common types are 2 (interactive) and 3 (network).  The New Logon fields indicate the account for whom the new logon was created, i.e. the account that was logged on.  The network fields indicate where a remote logon request originated. Workstation name is not always available and may be left blank in some cases.  The impersonation level field indicates the extent to which a process in the logon session can impersonate.  The authentication information fields provide detailed information about this specific logon request. 	- Logon GUID is a unique identifier that can be used to correlate this event with a KDC event. 	- Transited services indicate which intermediate services have participated in this logon request. 	- Package name indicates which sub-protocol was used among the NTLM protocols. 	- Key length indicates the length of the generated session key. This will be 0 if no session key was requested.",,,12544,"N/A",,"00000000-0000-0000-0000-000000000001","AOI-d558e95b-08c4-4c42-b17a-dd6de6332e26",Event,"/subscriptions/da2ead26-5eba-476e-90f5-13d2028a4531/resourcegroups/cloudforensics_group/providers/microsoft.compute/virtualmachines/forensicsacl2"
"d558e95b-08c4-4c42-b17a-dd6de6332e26",OpsManager,"6/26/2024, 4:55:12.581 PM","Microsoft-Windows-Security-Auditing",Security,forensicsacl2,0,Information,"<Param>S-1-5-18</Param><Param>SYSTEM</Param><Param>NT AUTHORITY</Param><Param>0x3e7</Param><Param>SeAssignPrimaryTokenPrivilege 			SeTcbPrivilege 			SeSecurityPrivilege 			SeTakeOwnershipPrivilege 			SeLoadDriverPrivilege 			SeBackupPrivilege 			SeRestorePrivilege 			SeDebugPrivilege 			SeAuditPrivilege 			SeSystemEnvironmentPrivilege 			SeImpersonatePrivilege 			SeDelegateSessionUserImpersonatePrivilege</Param>","<DataItem Type=""System.XmlData"" time=""2024-06-26T16:55:12.5815299Z"" sourceHealthServiceId=""a0cf1214-78a1-4446-8ef1-04b39ec9b972""><EventData xmlns=""http://schemas.microsoft.com/win/2004/08/events/event""><Data Name=""SubjectUserSid"">S-1-5-18</Data><Data Name=""SubjectUserName"">SYSTEM</Data><Data Name=""SubjectDomainName"">NT AUTHORITY</Data><Data Name=""SubjectLogonId"">0x3e7</Data><Data Name=""PrivilegeList"">SeAssignPrimaryTokenPrivilege 			SeTcbPrivilege 			SeSecurityPrivilege 			SeTakeOwnershipPrivilege 			SeLoadDriverPrivilege 			SeBackupPrivilege 			SeRestorePrivilege 			SeDebugPrivilege 			SeAuditPrivilege 			SeSystemEnvironmentPrivilege 			SeImpersonatePrivilege 			SeDelegateSessionUserImpersonatePrivilege</Data></EventData></DataItem>",4672,"Special privileges assigned to new logon.  Subject: 	Security ID:		S-1-5-18 	Account Name:		SYSTEM 	Account Domain:		NT AUTHORITY 	Logon ID:		0x3E7  Privileges:		SeAssignPrimaryTokenPrivilege 			SeTcbPrivilege 			SeSecurityPrivilege 			SeTakeOwnershipPrivilege 			SeLoadDriverPrivilege 			SeBackupPrivilege 			SeRestorePrivilege 			SeDebugPrivilege 			SeAuditPrivilege 			SeSystemEnvironmentPrivilege 			SeImpersonatePrivilege 			SeDelegateSessionUserImpersonatePrivilege",,,12548,"N/A",,"00000000-0000-0000-0000-000000000001","AOI-d558e95b-08c4-4c42-b17a-dd6de6332e26",Event,"/subscriptions/da2ead26-5eba-476e-90f5-13d2028a4531/resourcegroups/cloudforensics_group/providers/microsoft.compute/virtualmachines/forensicsacl2"
"d558e95b-08c4-4c42-b17a-dd6de6332e26",OpsManager,"6/26/2024, 4:55:21.549 PM",edgeupdate,Application,forensicsacl2,4,Information,"<Param>Service stopped</Param>","<DataItem Type=""System.XmlData"" time=""2024-06-26T16:55:21.5491625Z"" sourceHealthServiceId=""a0cf1214-78a1-4446-8ef1-04b39ec9b972""><EventData xmlns=""http://schemas.microsoft.com/win/2004/08/events/event""><Data>Service stopped</Data></EventData></DataItem>",0,"Service stopped.",,,0,"N/A",,"00000000-0000-0000-0000-000000000001","AOI-d558e95b-08c4-4c42-b17a-dd6de6332e26",Event,"/subscriptions/da2ead26-5eba-476e-90f5-13d2028a4531/resourcegroups/cloudforensics_group/providers/microsoft.compute/virtualmachines/forensicsacl2"
"d558e95b-08c4-4c42-b17a-dd6de6332e26",OpsManager,"6/26/2024, 4:55:57.556 PM","Microsoft-Windows-Security-Auditing",Security,forensicsacl2,0,Information,"<Param>S-1-5-18</Param><Param>forensicsacl2$</Param><Param>WORKGROUP</Param><Param>0x3e7</Param><Param>S-1-5-18</Param><Param>SYSTEM</Param><Param>NT AUTHORITY</Param><Param>0x3e7</Param><Param>5</Param><Param>Advapi  </Param><Param>Negotiate</Param><Param>-</Param><Param>{00000000-0000-0000-0000-000000000000}</Param><Param>-</Param><Param>-</Param><Param>0</Param><Param>0x2e8</Param><Param>C:\Windows\System32\services.exe</Param><Param>-</Param><Param>-</Param><Param>%%1833</Param><Param>-</Param><Param>-</Param><Param>-</Param><Param>%%1843</Param><Param>0x0</Param><Param>%%1842</Param>","<DataItem Type=""System.XmlData"" time=""2024-06-26T16:55:57.5569557Z"" sourceHealthServiceId=""a0cf1214-78a1-4446-8ef1-04b39ec9b972""><EventData xmlns=""http://schemas.microsoft.com/win/2004/08/events/event""><Data Name=""SubjectUserSid"">S-1-5-18</Data><Data Name=""SubjectUserName"">forensicsacl2$</Data><Data Name=""SubjectDomainName"">WORKGROUP</Data><Data Name=""SubjectLogonId"">0x3e7</Data><Data Name=""TargetUserSid"">S-1-5-18</Data><Data Name=""TargetUserName"">SYSTEM</Data><Data Name=""TargetDomainName"">NT AUTHORITY</Data><Data Name=""TargetLogonId"">0x3e7</Data><Data Name=""LogonType"">5</Data><Data Name=""LogonProcessName"">Advapi  </Data><Data Name=""AuthenticationPackageName"">Negotiate</Data><Data Name=""WorkstationName"">-</Data><Data Name=""LogonGuid"">{00000000-0000-0000-0000-000000000000}</Data><Data Name=""TransmittedServices"">-</Data><Data Name=""LmPackageName"">-</Data><Data Name=""KeyLength"">0</Data><Data Name=""ProcessId"">0x2e8</Data><Data Name=""ProcessName"">C:\Windows\System32\services.exe</Data><Data Name=""IpAddress"">-</Data><Data Name=""IpPort"">-</Data><Data Name=""ImpersonationLevel"">%%1833</Data><Data Name=""RestrictedAdminMode"">-</Data><Data Name=""TargetOutboundUserName"">-</Data><Data Name=""TargetOutboundDomainName"">-</Data><Data Name=""VirtualAccount"">%%1843</Data><Data Name=""TargetLinkedLogonId"">0x0</Data><Data Name=""ElevatedToken"">%%1842</Data></EventData></DataItem>",4624,"An account was successfully logged on.  Subject: 	Security ID:		S-1-5-18 	Account Name:		forensicsacl2$ 	Account Domain:		WORKGROUP 	Logon ID:		0x3E7  Logon Information: 	Logon Type:		5 	Restricted Admin Mode:	- 	Virtual Account:		No 	Elevated Token:		Yes  Impersonation Level:		Impersonation  New Logon: 	Security ID:		S-1-5-18 	Account Name:		SYSTEM 	Account Domain:		NT AUTHORITY 	Logon ID:		0x3E7 	Linked Logon ID:		0x0 	Network Account Name:	- 	Network Account Domain:	- 	Logon GUID:		{00000000-0000-0000-0000-000000000000}  Process Information: 	Process ID:		0x2e8 	Process Name:		C:\Windows\System32\services.exe  Network Information: 	Workstation Name:	- 	Source Network Address:	- 	Source Port:		-  Detailed Authentication Information: 	Logon Process:		Advapi   	Authentication Package:	Negotiate 	Transited Services:	- 	Package Name (NTLM only):	- 	Key Length:		0  This event is generated when a logon session is created. It is generated on the computer that was accessed.  The subject fields indicate the account on the local system which requested the logon. This is most commonly a service such as the Server service, or a local process such as Winlogon.exe or Services.exe.  The logon type field indicates the kind of logon that occurred. The most common types are 2 (interactive) and 3 (network).  The New Logon fields indicate the account for whom the new logon was created, i.e. the account that was logged on.  The network fields indicate where a remote logon request originated. Workstation name is not always available and may be left blank in some cases.  The impersonation level field indicates the extent to which a process in the logon session can impersonate.  The authentication information fields provide detailed information about this specific logon request. 	- Logon GUID is a unique identifier that can be used to correlate this event with a KDC event. 	- Transited services indicate which intermediate services have participated in this logon request. 	- Package name indicates which sub-protocol was used among the NTLM protocols. 	- Key length indicates the length of the generated session key. This will be 0 if no session key was requested.",,,12544,"N/A",,"00000000-0000-0000-0000-000000000001","AOI-d558e95b-08c4-4c42-b17a-dd6de6332e26",Event,"/subscriptions/da2ead26-5eba-476e-90f5-13d2028a4531/resourcegroups/cloudforensics_group/providers/microsoft.compute/virtualmachines/forensicsacl2"
"d558e95b-08c4-4c42-b17a-dd6de6332e26",OpsManager,"6/26/2024, 4:55:57.556 PM","Microsoft-Windows-Security-Auditing",Security,forensicsacl2,0,Information,"<Param>S-1-5-18</Param><Param>SYSTEM</Param><Param>NT AUTHORITY</Param><Param>0x3e7</Param><Param>SeAssignPrimaryTokenPrivilege 			SeTcbPrivilege 			SeSecurityPrivilege 			SeTakeOwnershipPrivilege 			SeLoadDriverPrivilege 			SeBackupPrivilege 			SeRestorePrivilege 			SeDebugPrivilege 			SeAuditPrivilege 			SeSystemEnvironmentPrivilege 			SeImpersonatePrivilege 			SeDelegateSessionUserImpersonatePrivilege</Param>","<DataItem Type=""System.XmlData"" time=""2024-06-26T16:55:57.5569643Z"" sourceHealthServiceId=""a0cf1214-78a1-4446-8ef1-04b39ec9b972""><EventData xmlns=""http://schemas.microsoft.com/win/2004/08/events/event""><Data Name=""SubjectUserSid"">S-1-5-18</Data><Data Name=""SubjectUserName"">SYSTEM</Data><Data Name=""SubjectDomainName"">NT AUTHORITY</Data><Data Name=""SubjectLogonId"">0x3e7</Data><Data Name=""PrivilegeList"">SeAssignPrimaryTokenPrivilege 			SeTcbPrivilege 			SeSecurityPrivilege 			SeTakeOwnershipPrivilege 			SeLoadDriverPrivilege 			SeBackupPrivilege 			SeRestorePrivilege 			SeDebugPrivilege 			SeAuditPrivilege 			SeSystemEnvironmentPrivilege 			SeImpersonatePrivilege 			SeDelegateSessionUserImpersonatePrivilege</Data></EventData></DataItem>",4672,"Special privileges assigned to new logon.  Subject: 	Security ID:		S-1-5-18 	Account Name:		SYSTEM 	Account Domain:		NT AUTHORITY 	Logon ID:		0x3E7  Privileges:		SeAssignPrimaryTokenPrivilege 			SeTcbPrivilege 			SeSecurityPrivilege 			SeTakeOwnershipPrivilege 			SeLoadDriverPrivilege 			SeBackupPrivilege 			SeRestorePrivilege 			SeDebugPrivilege 			SeAuditPrivilege 			SeSystemEnvironmentPrivilege 			SeImpersonatePrivilege 			SeDelegateSessionUserImpersonatePrivilege",,,12548,"N/A",,"00000000-0000-0000-0000-000000000001","AOI-d558e95b-08c4-4c42-b17a-dd6de6332e26",Event,"/subscriptions/da2ead26-5eba-476e-90f5-13d2028a4531/resourcegroups/cloudforensics_group/providers/microsoft.compute/virtualmachines/forensicsacl2"
"d558e95b-08c4-4c42-b17a-dd6de6332e26",OpsManager,"6/26/2024, 4:56:03.836 PM","Microsoft-Windows-Security-Auditing",Security,forensicsacl2,0,Information,"<Param>Guest</Param><Param>forensicsacl2</Param><Param>S-1-5-21-1413295808-2032686517-1925176222-501</Param><Param>S-1-5-18</Param><Param>forensicsacl2$</Param><Param>WORKGROUP</Param><Param>0x3e7</Param><Param>0x844</Param><Param>C:\Windows\System32\CompatTelRunner.exe</Param>","<DataItem Type=""System.XmlData"" time=""2024-06-26T16:56:03.8360246Z"" sourceHealthServiceId=""a0cf1214-78a1-4446-8ef1-04b39ec9b972""><EventData xmlns=""http://schemas.microsoft.com/win/2004/08/events/event""><Data Name=""TargetUserName"">Guest</Data><Data Name=""TargetDomainName"">forensicsacl2</Data><Data Name=""TargetSid"">S-1-5-21-1413295808-2032686517-1925176222-501</Data><Data Name=""SubjectUserSid"">S-1-5-18</Data><Data Name=""SubjectUserName"">forensicsacl2$</Data><Data Name=""SubjectDomainName"">WORKGROUP</Data><Data Name=""SubjectLogonId"">0x3e7</Data><Data Name=""CallerProcessId"">0x844</Data><Data Name=""CallerProcessName"">C:\Windows\System32\CompatTelRunner.exe</Data></EventData></DataItem>",4798,"A user's local group membership was enumerated.  Subject: 	Security ID:		S-1-5-18 	Account Name:		forensicsacl2$ 	Account Domain:		WORKGROUP 	Logon ID:		0x3E7  User: 	Security ID:		S-1-5-21-1413295808-2032686517-1925176222-501 	Account Name:		Guest 	Account Domain:		forensicsacl2  Process Information: 	Process ID:		0x844 	Process Name:		C:\Windows\System32\CompatTelRunner.exe",,,13824,"N/A",,"00000000-0000-0000-0000-000000000001","AOI-d558e95b-08c4-4c42-b17a-dd6de6332e26",Event,"/subscriptions/da2ead26-5eba-476e-90f5-13d2028a4531/resourcegroups/cloudforensics_group/providers/microsoft.compute/virtualmachines/forensicsacl2"
