TenantId,SourceSystem,"TimeGenerated [UTC]",Source,EventLog,Computer,EventLevel,EventLevelName,ParameterXml,EventData,EventID,RenderedDescription,AzureDeploymentID,Role,EventCategory,UserName,Message,MG,ManagementGroupName,Type,"_ResourceId"
"d558e95b-08c4-4c42-b17a-dd6de6332e26",OpsManager,"6/26/2024, 4:50:35.925 PM","Microsoft-Windows-Kernel-General",System,forensicsacl2,4,Information,"<Param>10</Param><Param>0</Param><Param>19041</Param><Param>4412</Param><Param>0</Param><Param>0</Param><Param>2024-06-26T16:50:35.5000000Z</Param>","<DataItem Type=""System.XmlData"" time=""2024-06-26T16:50:35.9255449Z"" sourceHealthServiceId=""a0cf1214-78a1-4446-8ef1-04b39ec9b972""><EventData xmlns=""http://schemas.microsoft.com/win/2004/08/events/event""><Data Name=""MajorVersion"">10</Data><Data Name=""MinorVersion"">0</Data><Data Name=""BuildVersion"">19041</Data><Data Name=""QfeVersion"">4412</Data><Data Name=""ServiceVersion"">0</Data><Data Name=""BootMode"">0</Data><Data Name=""StartTime"">2024-06-26T16:50:35.5000000Z</Data></EventData></DataItem>",12,"The operating system started at system time ‎2024‎-‎06‎-‎26T16:50:35.500000000Z.",,,1,"S-1-5-18",,"00000000-0000-0000-0000-000000000001","AOI-d558e95b-08c4-4c42-b17a-dd6de6332e26",Event,"/subscriptions/da2ead26-5eba-476e-90f5-13d2028a4531/resourcegroups/cloudforensics_group/providers/microsoft.compute/virtualmachines/forensicsacl2"
"d558e95b-08c4-4c42-b17a-dd6de6332e26",OpsManager,"6/26/2024, 4:50:35.925 PM","Microsoft-Windows-Kernel-Boot",System,forensicsacl2,4,Information,"<Param>0</Param><Param>0</Param><Param>0</Param>","<DataItem Type=""System.XmlData"" time=""2024-06-26T16:50:35.9256169Z"" sourceHealthServiceId=""a0cf1214-78a1-4446-8ef1-04b39ec9b972""><EventData xmlns=""http://schemas.microsoft.com/win/2004/08/events/event""><Data Name=""Status"">0</Data><Data Name=""EnableDisableReason"">0</Data><Data Name=""VsmPolicy"">0</Data></EventData></DataItem>",153,"Virtualization-based security (policies: 0) is disabled.",,,62,"S-1-5-18",,"00000000-0000-0000-0000-000000000001","AOI-d558e95b-08c4-4c42-b17a-dd6de6332e26",Event,"/subscriptions/da2ead26-5eba-476e-90f5-13d2028a4531/resourcegroups/cloudforensics_group/providers/microsoft.compute/virtualmachines/forensicsacl2"
"d558e95b-08c4-4c42-b17a-dd6de6332e26",OpsManager,"6/26/2024, 4:50:35.925 PM","Microsoft-Windows-Kernel-Boot",System,forensicsacl2,4,Information,"<Param>true</Param><Param>true</Param><Param>7</Param><Param>1</Param>","<DataItem Type=""System.XmlData"" time=""2024-06-26T16:50:35.9257063Z"" sourceHealthServiceId=""a0cf1214-78a1-4446-8ef1-04b39ec9b972""><EventData xmlns=""http://schemas.microsoft.com/win/2004/08/events/event""><Data Name=""LastShutdownGood"">true</Data><Data Name=""LastBootGood"">true</Data><Data Name=""LastBootId"">7</Data><Data Name=""BootStatusPolicy"">1</Data></EventData></DataItem>",20,"The last shutdown's success status was true. The last boot's success status was true.",,,31,"S-1-5-18",,"00000000-0000-0000-0000-000000000001","AOI-d558e95b-08c4-4c42-b17a-dd6de6332e26",Event,"/subscriptions/da2ead26-5eba-476e-90f5-13d2028a4531/resourcegroups/cloudforensics_group/providers/microsoft.compute/virtualmachines/forensicsacl2"
"d558e95b-08c4-4c42-b17a-dd6de6332e26",OpsManager,"6/26/2024, 4:50:35.925 PM","Microsoft-Windows-Kernel-Boot",System,forensicsacl2,4,Information,"<Param>2047</Param><Param>0</Param>","<DataItem Type=""System.XmlData"" time=""2024-06-26T16:50:35.9257107Z"" sourceHealthServiceId=""a0cf1214-78a1-4446-8ef1-04b39ec9b972""><EventData xmlns=""http://schemas.microsoft.com/win/2004/08/events/event""><Data Name=""EfiTimeZoneBias"">2047</Data><Data Name=""EfiDaylightFlags"">0</Data></EventData></DataItem>",238,"EFI time zone bias: 2047. Daylight flags: 0",,,101,"S-1-5-18",,"00000000-0000-0000-0000-000000000001","AOI-d558e95b-08c4-4c42-b17a-dd6de6332e26",Event,"/subscriptions/da2ead26-5eba-476e-90f5-13d2028a4531/resourcegroups/cloudforensics_group/providers/microsoft.compute/virtualmachines/forensicsacl2"
"d558e95b-08c4-4c42-b17a-dd6de6332e26",OpsManager,"6/26/2024, 4:50:35.925 PM","Microsoft-Windows-Kernel-Boot",System,forensicsacl2,4,Information,"<Param>1</Param>","<DataItem Type=""System.XmlData"" time=""2024-06-26T16:50:35.9257112Z"" sourceHealthServiceId=""a0cf1214-78a1-4446-8ef1-04b39ec9b972""><EventData xmlns=""http://schemas.microsoft.com/win/2004/08/events/event""><Data Name=""BootMenuPolicy"">1</Data></EventData></DataItem>",25,"The boot menu policy was 0x1.",,,32,"S-1-5-18",,"00000000-0000-0000-0000-000000000001","AOI-d558e95b-08c4-4c42-b17a-dd6de6332e26",Event,"/subscriptions/da2ead26-5eba-476e-90f5-13d2028a4531/resourcegroups/cloudforensics_group/providers/microsoft.compute/virtualmachines/forensicsacl2"
"d558e95b-08c4-4c42-b17a-dd6de6332e26",OpsManager,"6/26/2024, 4:50:35.925 PM","Microsoft-Windows-Kernel-Boot",System,forensicsacl2,4,Information,"<Param>0</Param><Param> NOEXECUTE=OPTIN  REDIRECT  NOVGA</Param>","<DataItem Type=""System.XmlData"" time=""2024-06-26T16:50:35.9257117Z"" sourceHealthServiceId=""a0cf1214-78a1-4446-8ef1-04b39ec9b972""><EventData xmlns=""http://schemas.microsoft.com/win/2004/08/events/event""><Data Name=""BootType"">0</Data><Data Name=""LoadOptions""> NOEXECUTE=OPTIN  REDIRECT  NOVGA</Data></EventData></DataItem>",27,"The boot type was 0x0.",,,33,"S-1-5-18",,"00000000-0000-0000-0000-000000000001","AOI-d558e95b-08c4-4c42-b17a-dd6de6332e26",Event,"/subscriptions/da2ead26-5eba-476e-90f5-13d2028a4531/resourcegroups/cloudforensics_group/providers/microsoft.compute/virtualmachines/forensicsacl2"
"d558e95b-08c4-4c42-b17a-dd6de6332e26",OpsManager,"6/26/2024, 4:50:35.925 PM","Microsoft-Windows-Kernel-Boot",System,forensicsacl2,4,Information,"<Param>1</Param>","<DataItem Type=""System.XmlData"" time=""2024-06-26T16:50:35.9257516Z"" sourceHealthServiceId=""a0cf1214-78a1-4446-8ef1-04b39ec9b972""><EventData xmlns=""http://schemas.microsoft.com/win/2004/08/events/event""><Data Name=""EntryCount"">1</Data></EventData></DataItem>",18,"There are 0x1 boot options on this system.",,,57,"S-1-5-18",,"00000000-0000-0000-0000-000000000001","AOI-d558e95b-08c4-4c42-b17a-dd6de6332e26",Event,"/subscriptions/da2ead26-5eba-476e-90f5-13d2028a4531/resourcegroups/cloudforensics_group/providers/microsoft.compute/virtualmachines/forensicsacl2"
"d558e95b-08c4-4c42-b17a-dd6de6332e26",OpsManager,"6/26/2024, 4:50:35.925 PM","Microsoft-Windows-Kernel-Boot",System,forensicsacl2,4,Information,"<Param>0</Param>","<DataItem Type=""System.XmlData"" time=""2024-06-26T16:50:35.9257819Z"" sourceHealthServiceId=""a0cf1214-78a1-4446-8ef1-04b39ec9b972""><EventData xmlns=""http://schemas.microsoft.com/win/2004/08/events/event""><Data Name=""BitlockerUserInputTime"">0</Data></EventData></DataItem>",32,"The bootmgr spent 0 ms waiting for user input.",,,58,"S-1-5-18",,"00000000-0000-0000-0000-000000000001","AOI-d558e95b-08c4-4c42-b17a-dd6de6332e26",Event,"/subscriptions/da2ead26-5eba-476e-90f5-13d2028a4531/resourcegroups/cloudforensics_group/providers/microsoft.compute/virtualmachines/forensicsacl2"
"d558e95b-08c4-4c42-b17a-dd6de6332e26",OpsManager,"6/26/2024, 4:50:35.925 PM","Microsoft-Windows-Kernel-Boot",System,forensicsacl2,4,Information,"<Param>0</Param><Param>2441</Param><Param>2519</Param><Param>13100</Param><Param>13102</Param>","<DataItem Type=""System.XmlData"" time=""2024-06-26T16:50:35.9258219Z"" sourceHealthServiceId=""a0cf1214-78a1-4446-8ef1-04b39ec9b972""><EventData xmlns=""http://schemas.microsoft.com/win/2004/08/events/event""><Data Name=""ResetEndStart"">0</Data><Data Name=""LoadOSImageStart"">2441</Data><Data Name=""StartOSImageStart"">2519</Data><Data Name=""ExitBootServicesEntry"">13100</Data><Data Name=""ExitBootServicesExit"">13102</Data></EventData></DataItem>",30,"The firmware reported boot metrics.",,,21,"S-1-5-18",,"00000000-0000-0000-0000-000000000001","AOI-d558e95b-08c4-4c42-b17a-dd6de6332e26",Event,"/subscriptions/da2ead26-5eba-476e-90f5-13d2028a4531/resourcegroups/cloudforensics_group/providers/microsoft.compute/virtualmachines/forensicsacl2"
"d558e95b-08c4-4c42-b17a-dd6de6332e26",OpsManager,"6/26/2024, 4:50:35.929 PM","Microsoft-Windows-Kernel-General",System,forensicsacl2,4,Information,"<Param>0</Param><Param>true</Param><Param>0</Param><Param>0</Param>","<DataItem Type=""System.XmlData"" time=""2024-06-26T16:50:35.9290827Z"" sourceHealthServiceId=""a0cf1214-78a1-4446-8ef1-04b39ec9b972""><EventData xmlns=""http://schemas.microsoft.com/win/2004/08/events/event""><Data Name=""UpdateReason"">0</Data><Data Name=""EnabledNew"">true</Data><Data Name=""CountNew"">0</Data><Data Name=""CountOld"">0</Data></EventData></DataItem>",20,"The leap second configuration has been updated. Reason: Leap second data initialized from registry during boot Leap seconds enabled: true New leap second count: 0 Old leap second count: 0",,,6,"S-1-5-18",,"00000000-0000-0000-0000-000000000001","AOI-d558e95b-08c4-4c42-b17a-dd6de6332e26",Event,"/subscriptions/da2ead26-5eba-476e-90f5-13d2028a4531/resourcegroups/cloudforensics_group/providers/microsoft.compute/virtualmachines/forensicsacl2"
"d558e95b-08c4-4c42-b17a-dd6de6332e26",OpsManager,"6/26/2024, 4:50:35.984 PM","Microsoft-Windows-HAL",System,forensicsacl2,4,Information,,"<DataItem Type=""System.XmlData"" time=""2024-06-26T16:50:35.9844624Z"" sourceHealthServiceId=""a0cf1214-78a1-4446-8ef1-04b39ec9b972""><EventData xmlns=""http://schemas.microsoft.com/win/2004/08/events/event"" /></DataItem>",16,"The iommu fault reporting has been initialized.",,,0,"S-1-5-18",,"00000000-0000-0000-0000-000000000001","AOI-d558e95b-08c4-4c42-b17a-dd6de6332e26",Event,"/subscriptions/da2ead26-5eba-476e-90f5-13d2028a4531/resourcegroups/cloudforensics_group/providers/microsoft.compute/virtualmachines/forensicsacl2"
"d558e95b-08c4-4c42-b17a-dd6de6332e26",OpsManager,"6/26/2024, 4:50:36.280 PM","Microsoft-Windows-FilterManager",System,forensicsacl2,4,Information,"<Param>0x0</Param><Param>10</Param><Param>0</Param><Param>8</Param><Param>FileInfo</Param><Param>2062-12-23T05:21:06.0000000Z</Param>","<DataItem Type=""System.XmlData"" time=""2024-06-26T16:50:36.2802744Z"" sourceHealthServiceId=""a0cf1214-78a1-4446-8ef1-04b39ec9b972""><EventData xmlns=""http://schemas.microsoft.com/win/2004/08/events/event""><Data Name=""FinalStatus"">0x0</Data><Data Name=""DeviceVersionMajor"">10</Data><Data Name=""DeviceVersionMinor"">0</Data><Data Name=""DeviceNameLength"">8</Data><Data Name=""DeviceName"">FileInfo</Data><Data Name=""DeviceTime"">2062-12-23T05:21:06.0000000Z</Data></EventData></DataItem>",6,"File System Filter 'FileInfo' (10.0, ‎2062‎-‎12‎-‎23T05:21:06.000000000Z) has successfully loaded and registered with Filter Manager.",,,0,"S-1-5-18",,"00000000-0000-0000-0000-000000000001","AOI-d558e95b-08c4-4c42-b17a-dd6de6332e26",Event,"/subscriptions/da2ead26-5eba-476e-90f5-13d2028a4531/resourcegroups/cloudforensics_group/providers/microsoft.compute/virtualmachines/forensicsacl2"
"d558e95b-08c4-4c42-b17a-dd6de6332e26",OpsManager,"6/26/2024, 4:50:36.280 PM","Microsoft-Windows-FilterManager",System,forensicsacl2,4,Information,"<Param>0x0</Param><Param>10</Param><Param>0</Param><Param>3</Param><Param>Wof</Param><Param>2090-03-16T18:56:17.0000000Z</Param>","<DataItem Type=""System.XmlData"" time=""2024-06-26T16:50:36.2807430Z"" sourceHealthServiceId=""a0cf1214-78a1-4446-8ef1-04b39ec9b972""><EventData xmlns=""http://schemas.microsoft.com/win/2004/08/events/event""><Data Name=""FinalStatus"">0x0</Data><Data Name=""DeviceVersionMajor"">10</Data><Data Name=""DeviceVersionMinor"">0</Data><Data Name=""DeviceNameLength"">3</Data><Data Name=""DeviceName"">Wof</Data><Data Name=""DeviceTime"">2090-03-16T18:56:17.0000000Z</Data></EventData></DataItem>",6,"File System Filter 'Wof' (10.0, ‎2090‎-‎03‎-‎16T18:56:17.000000000Z) has successfully loaded and registered with Filter Manager.",,,0,"S-1-5-18",,"00000000-0000-0000-0000-000000000001","AOI-d558e95b-08c4-4c42-b17a-dd6de6332e26",Event,"/subscriptions/da2ead26-5eba-476e-90f5-13d2028a4531/resourcegroups/cloudforensics_group/providers/microsoft.compute/virtualmachines/forensicsacl2"
"d558e95b-08c4-4c42-b17a-dd6de6332e26",OpsManager,"6/26/2024, 4:50:36.281 PM","Microsoft-Windows-FilterManager",System,forensicsacl2,4,Information,"<Param>0x0</Param><Param>10</Param><Param>0</Param><Param>8</Param><Param>WdFilter</Param><Param>2024-04-14T18:21:22.0000000Z</Param>","<DataItem Type=""System.XmlData"" time=""2024-06-26T16:50:36.2814942Z"" sourceHealthServiceId=""a0cf1214-78a1-4446-8ef1-04b39ec9b972""><EventData xmlns=""http://schemas.microsoft.com/win/2004/08/events/event""><Data Name=""FinalStatus"">0x0</Data><Data Name=""DeviceVersionMajor"">10</Data><Data Name=""DeviceVersionMinor"">0</Data><Data Name=""DeviceNameLength"">8</Data><Data Name=""DeviceName"">WdFilter</Data><Data Name=""DeviceTime"">2024-04-14T18:21:22.0000000Z</Data></EventData></DataItem>",6,"File System Filter 'WdFilter' (10.0, ‎2024‎-‎04‎-‎14T18:21:22.000000000Z) has successfully loaded and registered with Filter Manager.",,,0,"S-1-5-18",,"00000000-0000-0000-0000-000000000001","AOI-d558e95b-08c4-4c42-b17a-dd6de6332e26",Event,"/subscriptions/da2ead26-5eba-476e-90f5-13d2028a4531/resourcegroups/cloudforensics_group/providers/microsoft.compute/virtualmachines/forensicsacl2"
"d558e95b-08c4-4c42-b17a-dd6de6332e26",OpsManager,"6/26/2024, 4:50:47.461 PM","Microsoft-Windows-Ntfs",System,forensicsacl2,4,Information,"<Param>C:</Param><Param>\Device\HarddiskVolume4</Param><Param>0</Param>","<DataItem Type=""System.XmlData"" time=""2024-06-26T16:50:47.4612482Z"" sourceHealthServiceId=""a0cf1214-78a1-4446-8ef1-04b39ec9b972""><EventData xmlns=""http://schemas.microsoft.com/win/2004/08/events/event""><Data Name=""DriveName"">C:</Data><Data Name=""DeviceName"">\Device\HarddiskVolume4</Data><Data Name=""CorruptionActionState"">0</Data></EventData></DataItem>",98,"Volume C: (\Device\HarddiskVolume4) is healthy.  No action is needed.",,,0,"S-1-5-18",,"00000000-0000-0000-0000-000000000001","AOI-d558e95b-08c4-4c42-b17a-dd6de6332e26",Event,"/subscriptions/da2ead26-5eba-476e-90f5-13d2028a4531/resourcegroups/cloudforensics_group/providers/microsoft.compute/virtualmachines/forensicsacl2"
"d558e95b-08c4-4c42-b17a-dd6de6332e26",OpsManager,"6/26/2024, 4:50:48.758 PM","Microsoft-Windows-Ntfs",System,forensicsacl2,4,Information,"<Param>D:</Param><Param>\Device\HarddiskVolume5</Param><Param>0</Param>","<DataItem Type=""System.XmlData"" time=""2024-06-26T16:50:48.7582256Z"" sourceHealthServiceId=""a0cf1214-78a1-4446-8ef1-04b39ec9b972""><EventData xmlns=""http://schemas.microsoft.com/win/2004/08/events/event""><Data Name=""DriveName"">D:</Data><Data Name=""DeviceName"">\Device\HarddiskVolume5</Data><Data Name=""CorruptionActionState"">0</Data></EventData></DataItem>",98,"Volume D: (\Device\HarddiskVolume5) is healthy.  No action is needed.",,,0,"S-1-5-18",,"00000000-0000-0000-0000-000000000001","AOI-d558e95b-08c4-4c42-b17a-dd6de6332e26",Event,"/subscriptions/da2ead26-5eba-476e-90f5-13d2028a4531/resourcegroups/cloudforensics_group/providers/microsoft.compute/virtualmachines/forensicsacl2"
"d558e95b-08c4-4c42-b17a-dd6de6332e26",OpsManager,"6/26/2024, 4:50:49.116 PM",volmgr,System,forensicsacl2,2,Error,"<Param>\Device\HarddiskVolume4</Param>","<DataItem Type=""System.XmlData"" time=""2024-06-26T16:50:49.1168237Z"" sourceHealthServiceId=""a0cf1214-78a1-4446-8ef1-04b39ec9b972""><EventData xmlns=""http://schemas.microsoft.com/win/2004/08/events/event""><Data>\Device\HarddiskVolume4</Data><Binary>0000000001000000000000002E0004C0091000000F0000C000000000000000000000000000000000</Binary></EventData></DataItem>",46,"Crash dump initialization failed!",,,0,"N/A",,"00000000-0000-0000-0000-000000000001","AOI-d558e95b-08c4-4c42-b17a-dd6de6332e26",Event,"/subscriptions/da2ead26-5eba-476e-90f5-13d2028a4531/resourcegroups/cloudforensics_group/providers/microsoft.compute/virtualmachines/forensicsacl2"
"d558e95b-08c4-4c42-b17a-dd6de6332e26",OpsManager,"6/26/2024, 4:50:49.145 PM","Microsoft-Windows-FilterManager",System,forensicsacl2,4,Information,"<Param>0x0</Param><Param>10</Param><Param>0</Param><Param>9</Param><Param>FileCrypt</Param><Param>2002-03-01T11:12:42.0000000Z</Param>","<DataItem Type=""System.XmlData"" time=""2024-06-26T16:50:49.1452822Z"" sourceHealthServiceId=""a0cf1214-78a1-4446-8ef1-04b39ec9b972""><EventData xmlns=""http://schemas.microsoft.com/win/2004/08/events/event""><Data Name=""FinalStatus"">0x0</Data><Data Name=""DeviceVersionMajor"">10</Data><Data Name=""DeviceVersionMinor"">0</Data><Data Name=""DeviceNameLength"">9</Data><Data Name=""DeviceName"">FileCrypt</Data><Data Name=""DeviceTime"">2002-03-01T11:12:42.0000000Z</Data></EventData></DataItem>",6,"File System Filter 'FileCrypt' (10.0, ‎2002‎-‎03‎-‎01T11:12:42.000000000Z) has successfully loaded and registered with Filter Manager.",,,0,"S-1-5-18",,"00000000-0000-0000-0000-000000000001","AOI-d558e95b-08c4-4c42-b17a-dd6de6332e26",Event,"/subscriptions/da2ead26-5eba-476e-90f5-13d2028a4531/resourcegroups/cloudforensics_group/providers/microsoft.compute/virtualmachines/forensicsacl2"
"d558e95b-08c4-4c42-b17a-dd6de6332e26",OpsManager,"6/26/2024, 4:50:49.150 PM","Microsoft-Windows-FilterManager",System,forensicsacl2,4,Information,"<Param>0x0</Param><Param>10</Param><Param>0</Param><Param>4</Param><Param>UCPD</Param><Param>2053-03-18T11:17:45.0000000Z</Param>","<DataItem Type=""System.XmlData"" time=""2024-06-26T16:50:49.1505726Z"" sourceHealthServiceId=""a0cf1214-78a1-4446-8ef1-04b39ec9b972""><EventData xmlns=""http://schemas.microsoft.com/win/2004/08/events/event""><Data Name=""FinalStatus"">0x0</Data><Data Name=""DeviceVersionMajor"">10</Data><Data Name=""DeviceVersionMinor"">0</Data><Data Name=""DeviceNameLength"">4</Data><Data Name=""DeviceName"">UCPD</Data><Data Name=""DeviceTime"">2053-03-18T11:17:45.0000000Z</Data></EventData></DataItem>",6,"File System Filter 'UCPD' (10.0, ‎2053‎-‎03‎-‎18T11:17:45.000000000Z) has successfully loaded and registered with Filter Manager.",,,0,"S-1-5-18",,"00000000-0000-0000-0000-000000000001","AOI-d558e95b-08c4-4c42-b17a-dd6de6332e26",Event,"/subscriptions/da2ead26-5eba-476e-90f5-13d2028a4531/resourcegroups/cloudforensics_group/providers/microsoft.compute/virtualmachines/forensicsacl2"
"d558e95b-08c4-4c42-b17a-dd6de6332e26",OpsManager,"6/26/2024, 4:50:49.450 PM","Microsoft-Windows-FilterManager",System,forensicsacl2,4,Information,"<Param>0x0</Param><Param>10</Param><Param>0</Param><Param>9</Param><Param>npsvctrig</Param><Param>2025-01-06T02:41:12.0000000Z</Param>","<DataItem Type=""System.XmlData"" time=""2024-06-26T16:50:49.4506262Z"" sourceHealthServiceId=""a0cf1214-78a1-4446-8ef1-04b39ec9b972""><EventData xmlns=""http://schemas.microsoft.com/win/2004/08/events/event""><Data Name=""FinalStatus"">0x0</Data><Data Name=""DeviceVersionMajor"">10</Data><Data Name=""DeviceVersionMinor"">0</Data><Data Name=""DeviceNameLength"">9</Data><Data Name=""DeviceName"">npsvctrig</Data><Data Name=""DeviceTime"">2025-01-06T02:41:12.0000000Z</Data></EventData></DataItem>",6,"File System Filter 'npsvctrig' (10.0, ‎2025‎-‎01‎-‎06T02:41:12.000000000Z) has successfully loaded and registered with Filter Manager.",,,0,"S-1-5-18",,"00000000-0000-0000-0000-000000000001","AOI-d558e95b-08c4-4c42-b17a-dd6de6332e26",Event,"/subscriptions/da2ead26-5eba-476e-90f5-13d2028a4531/resourcegroups/cloudforensics_group/providers/microsoft.compute/virtualmachines/forensicsacl2"
"d558e95b-08c4-4c42-b17a-dd6de6332e26",OpsManager,"6/26/2024, 4:50:49.877 PM","Microsoft-Windows-Kernel-Power",System,forensicsacl2,4,Information,"<Param>2</Param><Param>6</Param>","<DataItem Type=""System.XmlData"" time=""2024-06-26T16:50:49.8776211Z"" sourceHealthServiceId=""a0cf1214-78a1-4446-8ef1-04b39ec9b972""><EventData xmlns=""http://schemas.microsoft.com/win/2004/08/events/event""><Data Name=""State"">2</Data><Data Name=""Reason"">6</Data></EventData></DataItem>",172,"Connectivity state in standby: Disconnected, Reason: NIC compliance",,,203,"S-1-5-18",,"00000000-0000-0000-0000-000000000001","AOI-d558e95b-08c4-4c42-b17a-dd6de6332e26",Event,"/subscriptions/da2ead26-5eba-476e-90f5-13d2028a4531/resourcegroups/cloudforensics_group/providers/microsoft.compute/virtualmachines/forensicsacl2"
"d558e95b-08c4-4c42-b17a-dd6de6332e26",OpsManager,"6/26/2024, 4:50:50.164 PM","Microsoft-Windows-Security-Auditing",Security,forensicsacl2,0,Information,"<Param>S-1-5-18</Param><Param>-</Param><Param>-</Param><Param>0x3e7</Param><Param>0x5c</Param><Param>Registry</Param><Param>%%1936</Param><Param>0x4</Param><Param></Param><Param>S-1-0-0</Param><Param>-</Param><Param>-</Param><Param>0x0</Param><Param></Param><Param>S-1-16-16384</Param>","<DataItem Type=""System.XmlData"" time=""2024-06-26T16:50:50.1649872Z"" sourceHealthServiceId=""a0cf1214-78a1-4446-8ef1-04b39ec9b972""><EventData xmlns=""http://schemas.microsoft.com/win/2004/08/events/event""><Data Name=""SubjectUserSid"">S-1-5-18</Data><Data Name=""SubjectUserName"">-</Data><Data Name=""SubjectDomainName"">-</Data><Data Name=""SubjectLogonId"">0x3e7</Data><Data Name=""NewProcessId"">0x5c</Data><Data Name=""NewProcessName"">Registry</Data><Data Name=""TokenElevationType"">%%1936</Data><Data Name=""ProcessId"">0x4</Data><Data Name=""CommandLine"" /><Data Name=""TargetUserSid"">S-1-0-0</Data><Data Name=""TargetUserName"">-</Data><Data Name=""TargetDomainName"">-</Data><Data Name=""TargetLogonId"">0x0</Data><Data Name=""ParentProcessName"" /><Data Name=""MandatoryLabel"">S-1-16-16384</Data></EventData></DataItem>",4688,"A new process has been created.  Creator Subject: 	Security ID:		S-1-5-18 	Account Name:		- 	Account Domain:		- 	Logon ID:		0x3E7  Target Subject: 	Security ID:		S-1-0-0 	Account Name:		- 	Account Domain:		- 	Logon ID:		0x0  Process Information: 	New Process ID:		0x5c 	New Process Name:	Registry 	Token Elevation Type:	%%1936 	Mandatory Label:		S-1-16-16384 	Creator Process ID:	0x4 	Creator Process Name:	 	Process Command Line:	  Token Elevation Type indicates the type of token that was assigned to the new process in accordance with User Account Control policy.  Type 1 is a full token with no privileges removed or groups disabled.  A full token is only used if User Account Control is disabled or if the user is the built-in Administrator account or a service account.  Type 2 is an elevated token with no privileges removed or groups disabled.  An elevated token is used when User Account Control is enabled and the user chooses to start the program using Run as administrator.  An elevated token is also used when an application is configured to always require administrative privilege or to always require maximum privilege, and the user is a member of the Administrators group.  Type 3 is a limited token with administrative privileges removed and administrative groups disabled.  The limited token is used when User Account Control is enabled, the application does not require administrative privilege, and the user does not choose to start the program using Run as administrator.",,,13312,"N/A",,"00000000-0000-0000-0000-000000000001","AOI-d558e95b-08c4-4c42-b17a-dd6de6332e26",Event,"/subscriptions/da2ead26-5eba-476e-90f5-13d2028a4531/resourcegroups/cloudforensics_group/providers/microsoft.compute/virtualmachines/forensicsacl2"
"d558e95b-08c4-4c42-b17a-dd6de6332e26",OpsManager,"6/26/2024, 4:50:50.165 PM","Microsoft-Windows-Security-Auditing",Security,forensicsacl2,0,Information,"<Param>S-1-5-18</Param><Param>-</Param><Param>-</Param><Param>0x3e7</Param><Param>S-1-0-0</Param><Param>-</Param><Param>-</Param><Param>0x3e7</Param><Param>0x5c</Param><Param>Registry</Param><Param>0x4</Param><Param></Param>","<DataItem Type=""System.XmlData"" time=""2024-06-26T16:50:50.1650009Z"" sourceHealthServiceId=""a0cf1214-78a1-4446-8ef1-04b39ec9b972""><EventData xmlns=""http://schemas.microsoft.com/win/2004/08/events/event""><Data Name=""SubjectUserSid"">S-1-5-18</Data><Data Name=""SubjectUserName"">-</Data><Data Name=""SubjectDomainName"">-</Data><Data Name=""SubjectLogonId"">0x3e7</Data><Data Name=""TargetUserSid"">S-1-0-0</Data><Data Name=""TargetUserName"">-</Data><Data Name=""TargetDomainName"">-</Data><Data Name=""TargetLogonId"">0x3e7</Data><Data Name=""TargetProcessId"">0x5c</Data><Data Name=""TargetProcessName"">Registry</Data><Data Name=""ProcessId"">0x4</Data><Data Name=""ProcessName"" /></EventData></DataItem>",4696,"A primary token was assigned to process.  Subject: 	Security ID:		S-1-5-18 	Account Name:		- 	Account Domain:		- 	Logon ID:		0x3E7  Process Information: 	Process ID:	0x4 	Process Name:	  Target Process: 	Target Process ID:	0x5c 	Target Process Name:	Registry  New Token Information: 	Security ID:		S-1-0-0 	Account Name:		- 	Account Domain:		- 	Logon ID:		0x3E7",,,13312,"N/A",,"00000000-0000-0000-0000-000000000001","AOI-d558e95b-08c4-4c42-b17a-dd6de6332e26",Event,"/subscriptions/da2ead26-5eba-476e-90f5-13d2028a4531/resourcegroups/cloudforensics_group/providers/microsoft.compute/virtualmachines/forensicsacl2"
"d558e95b-08c4-4c42-b17a-dd6de6332e26",OpsManager,"6/26/2024, 4:50:50.165 PM","Microsoft-Windows-Security-Auditing",Security,forensicsacl2,0,Information,"<Param>S-1-5-18</Param><Param>-</Param><Param>-</Param><Param>0x3e7</Param><Param>-</Param><Param>%%1843</Param><Param>%%1846</Param><Param>%%1843</Param><Param>%%1843</Param><Param>%%1848</Param><Param>%%1843</Param><Param>%%1843</Param><Param>%%1843</Param><Param>-</Param><Param>%%1848</Param><Param>%%1843</Param>","<DataItem Type=""System.XmlData"" time=""2024-06-26T16:50:50.1650067Z"" sourceHealthServiceId=""a0cf1214-78a1-4446-8ef1-04b39ec9b972""><EventData xmlns=""http://schemas.microsoft.com/win/2004/08/events/event""><Data Name=""SubjectUserSid"">S-1-5-18</Data><Data Name=""SubjectUserName"">-</Data><Data Name=""SubjectDomainName"">-</Data><Data Name=""SubjectLogonId"">0x3e7</Data><Data Name=""LoadOptions"">-</Data><Data Name=""AdvancedOptions"">%%1843</Data><Data Name=""ConfigAccessPolicy"">%%1846</Data><Data Name=""RemoteEventLogging"">%%1843</Data><Data Name=""KernelDebug"">%%1843</Data><Data Name=""VsmLaunchType"">%%1848</Data><Data Name=""TestSigning"">%%1843</Data><Data Name=""FlightSigning"">%%1843</Data><Data Name=""DisableIntegrityChecks"">%%1843</Data><Data Name=""HypervisorLoadOptions"">-</Data><Data Name=""HypervisorLaunchType"">%%1848</Data><Data Name=""HypervisorDebug"">%%1843</Data></EventData></DataItem>",4826,"Boot Configuration Data loaded.  Subject: 	Security ID:		S-1-5-18 	Account Name:		- 	Account Domain:		- 	Logon ID:		0x3E7  General Settings: 	Load Options:		- 	Advanced Options:		No 	Configuration Access Policy:	Default 	System Event Logging:	No 	Kernel Debugging:	No 	VSM Launch Type:	Off  Signature Settings: 	Test Signing:		No 	Flight Signing:		No 	Disable Integrity Checks:	No  HyperVisor Settings: 	HyperVisor Load Options:	- 	HyperVisor Launch Type:	Off 	HyperVisor Debugging:	No",,,13573,"N/A",,"00000000-0000-0000-0000-000000000001","AOI-d558e95b-08c4-4c42-b17a-dd6de6332e26",Event,"/subscriptions/da2ead26-5eba-476e-90f5-13d2028a4531/resourcegroups/cloudforensics_group/providers/microsoft.compute/virtualmachines/forensicsacl2"
"d558e95b-08c4-4c42-b17a-dd6de6332e26",OpsManager,"6/26/2024, 4:50:50.601 PM","Microsoft-Windows-Security-Auditing",Security,forensicsacl2,0,Information,"<Param>S-1-5-18</Param><Param>-</Param><Param>-</Param><Param>0x3e7</Param><Param>0x1a0</Param><Param>C:\Windows\System32\smss.exe</Param><Param>%%1936</Param><Param>0x4</Param><Param></Param><Param>S-1-0-0</Param><Param>-</Param><Param>-</Param><Param>0x0</Param><Param></Param><Param>S-1-16-16384</Param>","<DataItem Type=""System.XmlData"" time=""2024-06-26T16:50:50.6016447Z"" sourceHealthServiceId=""a0cf1214-78a1-4446-8ef1-04b39ec9b972""><EventData xmlns=""http://schemas.microsoft.com/win/2004/08/events/event""><Data Name=""SubjectUserSid"">S-1-5-18</Data><Data Name=""SubjectUserName"">-</Data><Data Name=""SubjectDomainName"">-</Data><Data Name=""SubjectLogonId"">0x3e7</Data><Data Name=""NewProcessId"">0x1a0</Data><Data Name=""NewProcessName"">C:\Windows\System32\smss.exe</Data><Data Name=""TokenElevationType"">%%1936</Data><Data Name=""ProcessId"">0x4</Data><Data Name=""CommandLine"" /><Data Name=""TargetUserSid"">S-1-0-0</Data><Data Name=""TargetUserName"">-</Data><Data Name=""TargetDomainName"">-</Data><Data Name=""TargetLogonId"">0x0</Data><Data Name=""ParentProcessName"" /><Data Name=""MandatoryLabel"">S-1-16-16384</Data></EventData></DataItem>",4688,"A new process has been created.  Creator Subject: 	Security ID:		S-1-5-18 	Account Name:		- 	Account Domain:		- 	Logon ID:		0x3E7  Target Subject: 	Security ID:		S-1-0-0 	Account Name:		- 	Account Domain:		- 	Logon ID:		0x0  Process Information: 	New Process ID:		0x1a0 	New Process Name:	C:\Windows\System32\smss.exe 	Token Elevation Type:	%%1936 	Mandatory Label:		S-1-16-16384 	Creator Process ID:	0x4 	Creator Process Name:	 	Process Command Line:	  Token Elevation Type indicates the type of token that was assigned to the new process in accordance with User Account Control policy.  Type 1 is a full token with no privileges removed or groups disabled.  A full token is only used if User Account Control is disabled or if the user is the built-in Administrator account or a service account.  Type 2 is an elevated token with no privileges removed or groups disabled.  An elevated token is used when User Account Control is enabled and the user chooses to start the program using Run as administrator.  An elevated token is also used when an application is configured to always require administrative privilege or to always require maximum privilege, and the user is a member of the Administrators group.  Type 3 is a limited token with administrative privileges removed and administrative groups disabled.  The limited token is used when User Account Control is enabled, the application does not require administrative privilege, and the user does not choose to start the program using Run as administrator.",,,13312,"N/A",,"00000000-0000-0000-0000-000000000001","AOI-d558e95b-08c4-4c42-b17a-dd6de6332e26",Event,"/subscriptions/da2ead26-5eba-476e-90f5-13d2028a4531/resourcegroups/cloudforensics_group/providers/microsoft.compute/virtualmachines/forensicsacl2"
"d558e95b-08c4-4c42-b17a-dd6de6332e26",OpsManager,"6/26/2024, 4:51:09.208 PM","Microsoft-Windows-Kernel-Processor-Power",System,forensicsacl2,4,Information,"<Param>0</Param><Param>0</Param><Param>1</Param><Param>1</Param><Param>2295</Param><Param>100</Param><Param>100</Param><Param>100</Param><Param>0</Param>","<DataItem Type=""System.XmlData"" time=""2024-06-26T16:51:09.2080127Z"" sourceHealthServiceId=""a0cf1214-78a1-4446-8ef1-04b39ec9b972""><EventData xmlns=""http://schemas.microsoft.com/win/2004/08/events/event""><Data Name=""Group"">0</Data><Data Name=""Number"">0</Data><Data Name=""IdleStateCount"">1</Data><Data Name=""IdleImplementation"">1</Data><Data Name=""NominalFrequency"">2295</Data><Data Name=""MaximumPerformancePercent"">100</Data><Data Name=""MinimumPerformancePercent"">100</Data><Data Name=""MinimumThrottlePercent"">100</Data><Data Name=""PerformanceImplementation"">0</Data></EventData></DataItem>",55,"Processor 0 in group 0 exposes the following power management capabilities:  Idle state type: ACPI Idle (C) States (1 state(s))  Performance state type: None Nominal Frequency (MHz): 2295 Maximum performance percentage: 100 Minimum performance percentage: 100 Minimum throttle percentage: 100",,,47,"S-1-5-18",,"00000000-0000-0000-0000-000000000001","AOI-d558e95b-08c4-4c42-b17a-dd6de6332e26",Event,"/subscriptions/da2ead26-5eba-476e-90f5-13d2028a4531/resourcegroups/cloudforensics_group/providers/microsoft.compute/virtualmachines/forensicsacl2"
"d558e95b-08c4-4c42-b17a-dd6de6332e26",OpsManager,"6/26/2024, 4:51:09.208 PM","Microsoft-Windows-Kernel-Processor-Power",System,forensicsacl2,4,Information,"<Param>0</Param><Param>1</Param><Param>1</Param><Param>1</Param><Param>2295</Param><Param>100</Param><Param>100</Param><Param>100</Param><Param>0</Param>","<DataItem Type=""System.XmlData"" time=""2024-06-26T16:51:09.2087281Z"" sourceHealthServiceId=""a0cf1214-78a1-4446-8ef1-04b39ec9b972""><EventData xmlns=""http://schemas.microsoft.com/win/2004/08/events/event""><Data Name=""Group"">0</Data><Data Name=""Number"">1</Data><Data Name=""IdleStateCount"">1</Data><Data Name=""IdleImplementation"">1</Data><Data Name=""NominalFrequency"">2295</Data><Data Name=""MaximumPerformancePercent"">100</Data><Data Name=""MinimumPerformancePercent"">100</Data><Data Name=""MinimumThrottlePercent"">100</Data><Data Name=""PerformanceImplementation"">0</Data></EventData></DataItem>",55,"Processor 1 in group 0 exposes the following power management capabilities:  Idle state type: ACPI Idle (C) States (1 state(s))  Performance state type: None Nominal Frequency (MHz): 2295 Maximum performance percentage: 100 Minimum performance percentage: 100 Minimum throttle percentage: 100",,,47,"S-1-5-18",,"00000000-0000-0000-0000-000000000001","AOI-d558e95b-08c4-4c42-b17a-dd6de6332e26",Event,"/subscriptions/da2ead26-5eba-476e-90f5-13d2028a4531/resourcegroups/cloudforensics_group/providers/microsoft.compute/virtualmachines/forensicsacl2"
"d558e95b-08c4-4c42-b17a-dd6de6332e26",OpsManager,"6/26/2024, 4:51:09.209 PM","Microsoft-Windows-Hyper-V-Netvsc",System,forensicsacl2,4,Information,"<Param>3</Param><Param>6.1</Param><Param>0</Param>","<DataItem Type=""System.XmlData"" time=""2024-06-26T16:51:09.2090288Z"" sourceHealthServiceId=""a0cf1214-78a1-4446-8ef1-04b39ec9b972""><EventData xmlns=""http://schemas.microsoft.com/win/2004/08/events/event""><Data Name=""VersionLen"">3</Data><Data Name=""Version"">6.1</Data><Data Name=""Status"">0</Data></EventData></DataItem>",1,"The VM and host networking components successfully negotiated protocol version '6.1'",,,1001,"S-1-5-18",,"00000000-0000-0000-0000-000000000001","AOI-d558e95b-08c4-4c42-b17a-dd6de6332e26",Event,"/subscriptions/da2ead26-5eba-476e-90f5-13d2028a4531/resourcegroups/cloudforensics_group/providers/microsoft.compute/virtualmachines/forensicsacl2"
"d558e95b-08c4-4c42-b17a-dd6de6332e26",OpsManager,"6/26/2024, 4:51:09.278 PM","Microsoft-Windows-Hyper-V-Netvsc",System,forensicsacl2,4,Information,"<Param>33</Param><Param>Microsoft Hyper-V Network Adapter</Param>","<DataItem Type=""System.XmlData"" time=""2024-06-26T16:51:09.2783365Z"" sourceHealthServiceId=""a0cf1214-78a1-4446-8ef1-04b39ec9b972""><EventData xmlns=""http://schemas.microsoft.com/win/2004/08/events/event""><Data Name=""MiniportNameLen"">33</Data><Data Name=""MiniportName"">Microsoft Hyper-V Network Adapter</Data></EventData></DataItem>",3,"The miniport 'Microsoft Hyper-V Network Adapter' was successfully initialized",,,1002,"S-1-5-18",,"00000000-0000-0000-0000-000000000001","AOI-d558e95b-08c4-4c42-b17a-dd6de6332e26",Event,"/subscriptions/da2ead26-5eba-476e-90f5-13d2028a4531/resourcegroups/cloudforensics_group/providers/microsoft.compute/virtualmachines/forensicsacl2"
"d558e95b-08c4-4c42-b17a-dd6de6332e26",OpsManager,"6/26/2024, 4:51:12.315 PM","Microsoft-Windows-Security-Auditing",Security,forensicsacl2,0,Information,"<Param>S-1-5-18</Param><Param>-</Param><Param>-</Param><Param>0x3e7</Param><Param>0x1c8</Param><Param>C:\Windows\System32\autochk.exe</Param><Param>%%1936</Param><Param>0x1a0</Param><Param></Param><Param>S-1-0-0</Param><Param>-</Param><Param>-</Param><Param>0x0</Param><Param>C:\Windows\System32\smss.exe</Param><Param>S-1-16-16384</Param>","<DataItem Type=""System.XmlData"" time=""2024-06-26T16:51:12.3157490Z"" sourceHealthServiceId=""a0cf1214-78a1-4446-8ef1-04b39ec9b972""><EventData xmlns=""http://schemas.microsoft.com/win/2004/08/events/event""><Data Name=""SubjectUserSid"">S-1-5-18</Data><Data Name=""SubjectUserName"">-</Data><Data Name=""SubjectDomainName"">-</Data><Data Name=""SubjectLogonId"">0x3e7</Data><Data Name=""NewProcessId"">0x1c8</Data><Data Name=""NewProcessName"">C:\Windows\System32\autochk.exe</Data><Data Name=""TokenElevationType"">%%1936</Data><Data Name=""ProcessId"">0x1a0</Data><Data Name=""CommandLine"" /><Data Name=""TargetUserSid"">S-1-0-0</Data><Data Name=""TargetUserName"">-</Data><Data Name=""TargetDomainName"">-</Data><Data Name=""TargetLogonId"">0x0</Data><Data Name=""ParentProcessName"">C:\Windows\System32\smss.exe</Data><Data Name=""MandatoryLabel"">S-1-16-16384</Data></EventData></DataItem>",4688,"A new process has been created.  Creator Subject: 	Security ID:		S-1-5-18 	Account Name:		- 	Account Domain:		- 	Logon ID:		0x3E7  Target Subject: 	Security ID:		S-1-0-0 	Account Name:		- 	Account Domain:		- 	Logon ID:		0x0  Process Information: 	New Process ID:		0x1c8 	New Process Name:	C:\Windows\System32\autochk.exe 	Token Elevation Type:	%%1936 	Mandatory Label:		S-1-16-16384 	Creator Process ID:	0x1a0 	Creator Process Name:	C:\Windows\System32\smss.exe 	Process Command Line:	  Token Elevation Type indicates the type of token that was assigned to the new process in accordance with User Account Control policy.  Type 1 is a full token with no privileges removed or groups disabled.  A full token is only used if User Account Control is disabled or if the user is the built-in Administrator account or a service account.  Type 2 is an elevated token with no privileges removed or groups disabled.  An elevated token is used when User Account Control is enabled and the user chooses to start the program using Run as administrator.  An elevated token is also used when an application is configured to always require administrative privilege or to always require maximum privilege, and the user is a member of the Administrators group.  Type 3 is a limited token with administrative privileges removed and administrative groups disabled.  The limited token is used when User Account Control is enabled, the application does not require administrative privilege, and the user does not choose to start the program using Run as administrator.",,,13312,"N/A",,"00000000-0000-0000-0000-000000000001","AOI-d558e95b-08c4-4c42-b17a-dd6de6332e26",Event,"/subscriptions/da2ead26-5eba-476e-90f5-13d2028a4531/resourcegroups/cloudforensics_group/providers/microsoft.compute/virtualmachines/forensicsacl2"
"d558e95b-08c4-4c42-b17a-dd6de6332e26",OpsManager,"6/26/2024, 4:51:12.754 PM","Microsoft-Windows-Ntfs",System,forensicsacl2,4,Information,"<Param>\\?\Volume{dc0548ac-9b9e-4592-8abf-c10f34cc7179}</Param><Param>\Device\HarddiskVolume2</Param><Param>0</Param>","<DataItem Type=""System.XmlData"" time=""2024-06-26T16:51:12.7541981Z"" sourceHealthServiceId=""a0cf1214-78a1-4446-8ef1-04b39ec9b972""><EventData xmlns=""http://schemas.microsoft.com/win/2004/08/events/event""><Data Name=""DriveName"">\\?\Volume{dc0548ac-9b9e-4592-8abf-c10f34cc7179}</Data><Data Name=""DeviceName"">\Device\HarddiskVolume2</Data><Data Name=""CorruptionActionState"">0</Data></EventData></DataItem>",98,"Volume \\?\Volume{dc0548ac-9b9e-4592-8abf-c10f34cc7179} (\Device\HarddiskVolume2) is healthy.  No action is needed.",,,0,"S-1-5-18",,"00000000-0000-0000-0000-000000000001","AOI-d558e95b-08c4-4c42-b17a-dd6de6332e26",Event,"/subscriptions/da2ead26-5eba-476e-90f5-13d2028a4531/resourcegroups/cloudforensics_group/providers/microsoft.compute/virtualmachines/forensicsacl2"
"d558e95b-08c4-4c42-b17a-dd6de6332e26",OpsManager,"6/26/2024, 4:51:13.254 PM","Microsoft-Windows-Kernel-General",System,forensicsacl2,4,Information,"<Param>46</Param><Param>\Device\HarddiskVolume3\EFI\Microsoft\Boot\BCD</Param><Param>66</Param><Param>5</Param>","<DataItem Type=""System.XmlData"" time=""2024-06-26T16:51:13.2543564Z"" sourceHealthServiceId=""a0cf1214-78a1-4446-8ef1-04b39ec9b972""><EventData xmlns=""http://schemas.microsoft.com/win/2004/08/events/event""><Data Name=""HiveNameLength"">46</Data><Data Name=""HiveName"">\Device\HarddiskVolume3\EFI\Microsoft\Boot\BCD</Data><Data Name=""KeysUpdated"">66</Data><Data Name=""DirtyPages"">5</Data></EventData></DataItem>",16,"The access history in hive \Device\HarddiskVolume3\EFI\Microsoft\Boot\BCD was cleared updating 66 keys and creating 5 modified pages.",,,0,"S-1-5-18",,"00000000-0000-0000-0000-000000000001","AOI-d558e95b-08c4-4c42-b17a-dd6de6332e26",Event,"/subscriptions/da2ead26-5eba-476e-90f5-13d2028a4531/resourcegroups/cloudforensics_group/providers/microsoft.compute/virtualmachines/forensicsacl2"
"d558e95b-08c4-4c42-b17a-dd6de6332e26",OpsManager,"6/26/2024, 4:51:17.687 PM","Microsoft-Windows-Hyper-V-Netvsc",System,forensicsacl2,4,Information,"<Param>33</Param><Param>Microsoft Hyper-V Network Adapter</Param>","<DataItem Type=""System.XmlData"" time=""2024-06-26T16:51:17.6873860Z"" sourceHealthServiceId=""a0cf1214-78a1-4446-8ef1-04b39ec9b972""><EventData xmlns=""http://schemas.microsoft.com/win/2004/08/events/event""><Data Name=""MiniportNameLen"">33</Data><Data Name=""MiniportName"">Microsoft Hyper-V Network Adapter</Data></EventData></DataItem>",11,"Miniport NIC 'Microsoft Hyper-V Network Adapter' restarted",,,1003,"S-1-5-18",,"00000000-0000-0000-0000-000000000001","AOI-d558e95b-08c4-4c42-b17a-dd6de6332e26",Event,"/subscriptions/da2ead26-5eba-476e-90f5-13d2028a4531/resourcegroups/cloudforensics_group/providers/microsoft.compute/virtualmachines/forensicsacl2"
"d558e95b-08c4-4c42-b17a-dd6de6332e26",OpsManager,"6/26/2024, 4:51:19.944 PM","Microsoft-Windows-Kernel-General",System,forensicsacl2,4,Information,"<Param>36</Param><Param>\SystemRoot\System32\Config\SOFTWARE</Param><Param>74772480</Param><Param>74297344</Param>","<DataItem Type=""System.XmlData"" time=""2024-06-26T16:51:19.9440536Z"" sourceHealthServiceId=""a0cf1214-78a1-4446-8ef1-04b39ec9b972""><EventData xmlns=""http://schemas.microsoft.com/win/2004/08/events/event""><Data Name=""HiveNameLength"">36</Data><Data Name=""HiveName"">\SystemRoot\System32\Config\SOFTWARE</Data><Data Name=""OriginalSize"">74772480</Data><Data Name=""NewSize"">74297344</Data></EventData></DataItem>",15,"Hive \SystemRoot\System32\Config\SOFTWARE was reorganized with a starting size of 74772480 bytes and an ending size of 74297344 bytes.",,,10,"S-1-5-18",,"00000000-0000-0000-0000-000000000001","AOI-d558e95b-08c4-4c42-b17a-dd6de6332e26",Event,"/subscriptions/da2ead26-5eba-476e-90f5-13d2028a4531/resourcegroups/cloudforensics_group/providers/microsoft.compute/virtualmachines/forensicsacl2"
"d558e95b-08c4-4c42-b17a-dd6de6332e26",OpsManager,"6/26/2024, 4:51:19.978 PM","Microsoft-Windows-Kernel-General",System,forensicsacl2,4,Information,"<Param>0</Param><Param>0</Param><Param>0</Param><Param>0</Param><Param>0</Param>","<DataItem Type=""System.XmlData"" time=""2024-06-26T16:51:19.9787011Z"" sourceHealthServiceId=""a0cf1214-78a1-4446-8ef1-04b39ec9b972""><EventData xmlns=""http://schemas.microsoft.com/win/2004/08/events/event""><Data Name=""ExitReason"">0</Data><Data Name=""CurrentBias"">0</Data><Data Name=""CurrentTimeZoneID"">0</Data><Data Name=""TimeZoneInfoCacheUpdated"">0</Data><Data Name=""FirstRefresh"">0</Data></EventData></DataItem>",24,"The time zone information was refreshed with exit reason 0. Current time zone bias is 0.",,,11,"S-1-5-18",,"00000000-0000-0000-0000-000000000001","AOI-d558e95b-08c4-4c42-b17a-dd6de6332e26",Event,"/subscriptions/da2ead26-5eba-476e-90f5-13d2028a4531/resourcegroups/cloudforensics_group/providers/microsoft.compute/virtualmachines/forensicsacl2"
"d558e95b-08c4-4c42-b17a-dd6de6332e26",OpsManager,"6/26/2024, 4:51:19.979 PM","Microsoft-Windows-Security-Auditing",Security,forensicsacl2,0,Information,"<Param>S-1-5-18</Param><Param>-</Param><Param>-</Param><Param>0x3e7</Param><Param>0x20c</Param><Param>C:\Windows\System32\smss.exe</Param><Param>%%1936</Param><Param>0x1a0</Param><Param></Param><Param>S-1-0-0</Param><Param>-</Param><Param>-</Param><Param>0x0</Param><Param>C:\Windows\System32\smss.exe</Param><Param>S-1-16-16384</Param>","<DataItem Type=""System.XmlData"" time=""2024-06-26T16:51:19.9791553Z"" sourceHealthServiceId=""a0cf1214-78a1-4446-8ef1-04b39ec9b972""><EventData xmlns=""http://schemas.microsoft.com/win/2004/08/events/event""><Data Name=""SubjectUserSid"">S-1-5-18</Data><Data Name=""SubjectUserName"">-</Data><Data Name=""SubjectDomainName"">-</Data><Data Name=""SubjectLogonId"">0x3e7</Data><Data Name=""NewProcessId"">0x20c</Data><Data Name=""NewProcessName"">C:\Windows\System32\smss.exe</Data><Data Name=""TokenElevationType"">%%1936</Data><Data Name=""ProcessId"">0x1a0</Data><Data Name=""CommandLine"" /><Data Name=""TargetUserSid"">S-1-0-0</Data><Data Name=""TargetUserName"">-</Data><Data Name=""TargetDomainName"">-</Data><Data Name=""TargetLogonId"">0x0</Data><Data Name=""ParentProcessName"">C:\Windows\System32\smss.exe</Data><Data Name=""MandatoryLabel"">S-1-16-16384</Data></EventData></DataItem>",4688,"A new process has been created.  Creator Subject: 	Security ID:		S-1-5-18 	Account Name:		- 	Account Domain:		- 	Logon ID:		0x3E7  Target Subject: 	Security ID:		S-1-0-0 	Account Name:		- 	Account Domain:		- 	Logon ID:		0x0  Process Information: 	New Process ID:		0x20c 	New Process Name:	C:\Windows\System32\smss.exe 	Token Elevation Type:	%%1936 	Mandatory Label:		S-1-16-16384 	Creator Process ID:	0x1a0 	Creator Process Name:	C:\Windows\System32\smss.exe 	Process Command Line:	  Token Elevation Type indicates the type of token that was assigned to the new process in accordance with User Account Control policy.  Type 1 is a full token with no privileges removed or groups disabled.  A full token is only used if User Account Control is disabled or if the user is the built-in Administrator account or a service account.  Type 2 is an elevated token with no privileges removed or groups disabled.  An elevated token is used when User Account Control is enabled and the user chooses to start the program using Run as administrator.  An elevated token is also used when an application is configured to always require administrative privilege or to always require maximum privilege, and the user is a member of the Administrators group.  Type 3 is a limited token with administrative privileges removed and administrative groups disabled.  The limited token is used when User Account Control is enabled, the application does not require administrative privilege, and the user does not choose to start the program using Run as administrator.",,,13312,"N/A",,"00000000-0000-0000-0000-000000000001","AOI-d558e95b-08c4-4c42-b17a-dd6de6332e26",Event,"/subscriptions/da2ead26-5eba-476e-90f5-13d2028a4531/resourcegroups/cloudforensics_group/providers/microsoft.compute/virtualmachines/forensicsacl2"
