"d558e95b-08c4-4c42-b17a-dd6de6332e26",OpsManager,"6/26/2024, 5:04:51.861 PM","Microsoft-Windows-Security-Auditing",Security,forensicsacl2,0,Information,"<Param>S-1-5-18</Param><Param>forensicsacl2$</Param><Param>WORKGROUP</Param><Param>0x3e7</Param><Param>S-1-5-18</Param><Param>SYSTEM</Param><Param>NT AUTHORITY</Param><Param>0x3e7</Param><Param>5</Param><Param>Advapi  </Param><Param>Negotiate</Param><Param>-</Param><Param>{00000000-0000-0000-0000-000000000000}</Param><Param>-</Param><Param>-</Param><Param>0</Param><Param>0x2e8</Param><Param>C:\Windows\System32\services.exe</Param><Param>-</Param><Param>-</Param><Param>%%1833</Param><Param>-</Param><Param>-</Param><Param>-</Param><Param>%%1843</Param><Param>0x0</Param><Param>%%1842</Param>","<DataItem Type=""System.XmlData"" time=""2024-06-26T17:04:51.8611532Z"" sourceHealthServiceId=""a0cf1214-78a1-4446-8ef1-04b39ec9b972""><EventData xmlns=""http://schemas.microsoft.com/win/2004/08/events/event""><Data Name=""SubjectUserSid"">S-1-5-18</Data><Data Name=""SubjectUserName"">forensicsacl2$</Data><Data Name=""SubjectDomainName"">WORKGROUP</Data><Data Name=""SubjectLogonId"">0x3e7</Data><Data Name=""TargetUserSid"">S-1-5-18</Data><Data Name=""TargetUserName"">SYSTEM</Data><Data Name=""TargetDomainName"">NT AUTHORITY</Data><Data Name=""TargetLogonId"">0x3e7</Data><Data Name=""LogonType"">5</Data><Data Name=""LogonProcessName"">Advapi  </Data><Data Name=""AuthenticationPackageName"">Negotiate</Data><Data Name=""WorkstationName"">-</Data><Data Name=""LogonGuid"">{00000000-0000-0000-0000-000000000000}</Data><Data Name=""TransmittedServices"">-</Data><Data Name=""LmPackageName"">-</Data><Data Name=""KeyLength"">0</Data><Data Name=""ProcessId"">0x2e8</Data><Data Name=""ProcessName"">C:\Windows\System32\services.exe</Data><Data Name=""IpAddress"">-</Data><Data Name=""IpPort"">-</Data><Data Name=""ImpersonationLevel"">%%1833</Data><Data Name=""RestrictedAdminMode"">-</Data><Data Name=""TargetOutboundUserName"">-</Data><Data Name=""TargetOutboundDomainName"">-</Data><Data Name=""VirtualAccount"">%%1843</Data><Data Name=""TargetLinkedLogonId"">0x0</Data><Data Name=""ElevatedToken"">%%1842</Data></EventData></DataItem>",4624,"An account was successfully logged on.  Subject: 	Security ID:		S-1-5-18 	Account Name:		forensicsacl2$ 	Account Domain:		WORKGROUP 	Logon ID:		0x3E7  Logon Information: 	Logon Type:		5 	Restricted Admin Mode:	- 	Virtual Account:		No 	Elevated Token:		Yes  Impersonation Level:		Impersonation  New Logon: 	Security ID:		S-1-5-18 	Account Name:		SYSTEM 	Account Domain:		NT AUTHORITY 	Logon ID:		0x3E7 	Linked Logon ID:		0x0 	Network Account Name:	- 	Network Account Domain:	- 	Logon GUID:		{00000000-0000-0000-0000-000000000000}  Process Information: 	Process ID:		0x2e8 	Process Name:		C:\Windows\System32\services.exe  Network Information: 	Workstation Name:	- 	Source Network Address:	- 	Source Port:		-  Detailed Authentication Information: 	Logon Process:		Advapi   	Authentication Package:	Negotiate 	Transited Services:	- 	Package Name (NTLM only):	- 	Key Length:		0  This event is generated when a logon session is created. It is generated on the computer that was accessed.  The subject fields indicate the account on the local system which requested the logon. This is most commonly a service such as the Server service, or a local process such as Winlogon.exe or Services.exe.  The logon type field indicates the kind of logon that occurred. The most common types are 2 (interactive) and 3 (network).  The New Logon fields indicate the account for whom the new logon was created, i.e. the account that was logged on.  The network fields indicate where a remote logon request originated. Workstation name is not always available and may be left blank in some cases.  The impersonation level field indicates the extent to which a process in the logon session can impersonate.  The authentication information fields provide detailed information about this specific logon request. 	- Logon GUID is a unique identifier that can be used to correlate this event with a KDC event. 	- Transited services indicate which intermediate services have participated in this logon request. 	- Package name indicates which sub-protocol was used among the NTLM protocols. 	- Key length indicates the length of the generated session key. This will be 0 if no session key was requested.",,,12544,"N/A",,"00000000-0000-0000-0000-000000000001","AOI-d558e95b-08c4-4c42-b17a-dd6de6332e26",Event,"/subscriptions/da2ead26-5eba-476e-90f5-13d2028a4531/resourcegroups/cloudforensics_group/providers/microsoft.compute/virtualmachines/forensicsacl2"
"d558e95b-08c4-4c42-b17a-dd6de6332e26",OpsManager,"6/26/2024, 5:04:51.861 PM","Microsoft-Windows-Security-Auditing",Security,forensicsacl2,0,Information,"<Param>S-1-5-18</Param><Param>SYSTEM</Param><Param>NT AUTHORITY</Param><Param>0x3e7</Param><Param>SeAssignPrimaryTokenPrivilege 			SeTcbPrivilege 			SeSecurityPrivilege 			SeTakeOwnershipPrivilege 			SeLoadDriverPrivilege 			SeBackupPrivilege 			SeRestorePrivilege 			SeDebugPrivilege 			SeAuditPrivilege 			SeSystemEnvironmentPrivilege 			SeImpersonatePrivilege 			SeDelegateSessionUserImpersonatePrivilege</Param>","<DataItem Type=""System.XmlData"" time=""2024-06-26T17:04:51.8611645Z"" sourceHealthServiceId=""a0cf1214-78a1-4446-8ef1-04b39ec9b972""><EventData xmlns=""http://schemas.microsoft.com/win/2004/08/events/event""><Data Name=""SubjectUserSid"">S-1-5-18</Data><Data Name=""SubjectUserName"">SYSTEM</Data><Data Name=""SubjectDomainName"">NT AUTHORITY</Data><Data Name=""SubjectLogonId"">0x3e7</Data><Data Name=""PrivilegeList"">SeAssignPrimaryTokenPrivilege 			SeTcbPrivilege 			SeSecurityPrivilege 			SeTakeOwnershipPrivilege 			SeLoadDriverPrivilege 			SeBackupPrivilege 			SeRestorePrivilege 			SeDebugPrivilege 			SeAuditPrivilege 			SeSystemEnvironmentPrivilege 			SeImpersonatePrivilege 			SeDelegateSessionUserImpersonatePrivilege</Data></EventData></DataItem>",4672,"Special privileges assigned to new logon.  Subject: 	Security ID:		S-1-5-18 	Account Name:		SYSTEM 	Account Domain:		NT AUTHORITY 	Logon ID:		0x3E7  Privileges:		SeAssignPrimaryTokenPrivilege 			SeTcbPrivilege 			SeSecurityPrivilege 			SeTakeOwnershipPrivilege 			SeLoadDriverPrivilege 			SeBackupPrivilege 			SeRestorePrivilege 			SeDebugPrivilege 			SeAuditPrivilege 			SeSystemEnvironmentPrivilege 			SeImpersonatePrivilege 			SeDelegateSessionUserImpersonatePrivilege",,,12548,"N/A",,"00000000-0000-0000-0000-000000000001","AOI-d558e95b-08c4-4c42-b17a-dd6de6332e26",Event,"/subscriptions/da2ead26-5eba-476e-90f5-13d2028a4531/resourcegroups/cloudforensics_group/providers/microsoft.compute/virtualmachines/forensicsacl2"
"d558e95b-08c4-4c42-b17a-dd6de6332e26",OpsManager,"6/26/2024, 5:04:56.638 PM","Microsoft-Windows-Security-Auditing",Security,forensicsacl2,0,Information,"<Param>S-1-5-21-1413295808-2032686517-1925176222-500</Param><Param>forensicsacl2</Param><Param>forensicsacl2</Param><Param>0x38c895</Param><Param>OneDriveCachedCredential*</Param><Param>0</Param><Param>0</Param><Param>%%8100</Param><Param>3221226021</Param><Param>2024-06-26T17:04:37.4714927Z</Param><Param>10188</Param>","<DataItem Type=""System.XmlData"" time=""2024-06-26T17:04:56.6389835Z"" sourceHealthServiceId=""a0cf1214-78a1-4446-8ef1-04b39ec9b972""><EventData xmlns=""http://schemas.microsoft.com/win/2004/08/events/event""><Data Name=""SubjectUserSid"">S-1-5-21-1413295808-2032686517-1925176222-500</Data><Data Name=""SubjectUserName"">forensicsacl2</Data><Data Name=""SubjectDomainName"">forensicsacl2</Data><Data Name=""SubjectLogonId"">0x38c895</Data><Data Name=""TargetName"">OneDriveCachedCredential*</Data><Data Name=""Type"">0</Data><Data Name=""CountOfCredentialsReturned"">0</Data><Data Name=""ReadOperation"">%%8100</Data><Data Name=""ReturnCode"">3221226021</Data><Data Name=""ProcessCreationTime"">2024-06-26T17:04:37.4714927Z</Data><Data Name=""ClientProcessId"">10188</Data></EventData></DataItem>",5379,"Credential Manager credentials were read.  Subject: 	Security ID:		S-1-5-21-1413295808-2032686517-1925176222-500 	Account Name:		forensicsacl2 	Account Domain:		forensicsacl2 	Logon ID:		0x38C895 	Read Operation:		Enumerate Credentials  This event occurs when a user performs a read operation on stored credentials in Credential Manager.",,,13824,"N/A",,"00000000-0000-0000-0000-000000000001","AOI-d558e95b-08c4-4c42-b17a-dd6de6332e26",Event,"/subscriptions/da2ead26-5eba-476e-90f5-13d2028a4531/resourcegroups/cloudforensics_group/providers/microsoft.compute/virtualmachines/forensicsacl2"
"d558e95b-08c4-4c42-b17a-dd6de6332e26",OpsManager,"6/26/2024, 5:04:56.639 PM","Microsoft-Windows-Security-Auditing",Security,forensicsacl2,0,Information,"<Param>S-1-5-21-1413295808-2032686517-1925176222-500</Param><Param>forensicsacl2</Param><Param>forensicsacl2</Param><Param>0x38c895</Param><Param>OneDrive-INTCachedCredential*</Param><Param>0</Param><Param>0</Param><Param>%%8100</Param><Param>3221226021</Param><Param>2024-06-26T17:04:37.4714927Z</Param><Param>10188</Param>","<DataItem Type=""System.XmlData"" time=""2024-06-26T17:04:56.6391283Z"" sourceHealthServiceId=""a0cf1214-78a1-4446-8ef1-04b39ec9b972""><EventData xmlns=""http://schemas.microsoft.com/win/2004/08/events/event""><Data Name=""SubjectUserSid"">S-1-5-21-1413295808-2032686517-1925176222-500</Data><Data Name=""SubjectUserName"">forensicsacl2</Data><Data Name=""SubjectDomainName"">forensicsacl2</Data><Data Name=""SubjectLogonId"">0x38c895</Data><Data Name=""TargetName"">OneDrive-INTCachedCredential*</Data><Data Name=""Type"">0</Data><Data Name=""CountOfCredentialsReturned"">0</Data><Data Name=""ReadOperation"">%%8100</Data><Data Name=""ReturnCode"">3221226021</Data><Data Name=""ProcessCreationTime"">2024-06-26T17:04:37.4714927Z</Data><Data Name=""ClientProcessId"">10188</Data></EventData></DataItem>",5379,"Credential Manager credentials were read.  Subject: 	Security ID:		S-1-5-21-1413295808-2032686517-1925176222-500 	Account Name:		forensicsacl2 	Account Domain:		forensicsacl2 	Logon ID:		0x38C895 	Read Operation:		Enumerate Credentials  This event occurs when a user performs a read operation on stored credentials in Credential Manager.",,,13824,"N/A",,"00000000-0000-0000-0000-000000000001","AOI-d558e95b-08c4-4c42-b17a-dd6de6332e26",Event,"/subscriptions/da2ead26-5eba-476e-90f5-13d2028a4531/resourcegroups/cloudforensics_group/providers/microsoft.compute/virtualmachines/forensicsacl2"
"d558e95b-08c4-4c42-b17a-dd6de6332e26",OpsManager,"6/26/2024, 5:04:57.406 PM","Microsoft-Windows-Security-Auditing",Security,forensicsacl2,0,Information,"<Param>S-1-5-21-1413295808-2032686517-1925176222-500</Param><Param>forensicsacl2</Param><Param>forensicsacl2</Param><Param>0x38c895</Param><Param>SkyDrive Cached Credential</Param><Param>1</Param><Param>1</Param><Param>%%8099</Param><Param>3221226021</Param><Param>2024-06-26T17:04:37.4714927Z</Param><Param>10188</Param>","<DataItem Type=""System.XmlData"" time=""2024-06-26T17:04:57.4063361Z"" sourceHealthServiceId=""a0cf1214-78a1-4446-8ef1-04b39ec9b972""><EventData xmlns=""http://schemas.microsoft.com/win/2004/08/events/event""><Data Name=""SubjectUserSid"">S-1-5-21-1413295808-2032686517-1925176222-500</Data><Data Name=""SubjectUserName"">forensicsacl2</Data><Data Name=""SubjectDomainName"">forensicsacl2</Data><Data Name=""SubjectLogonId"">0x38c895</Data><Data Name=""TargetName"">SkyDrive Cached Credential</Data><Data Name=""Type"">1</Data><Data Name=""CountOfCredentialsReturned"">1</Data><Data Name=""ReadOperation"">%%8099</Data><Data Name=""ReturnCode"">3221226021</Data><Data Name=""ProcessCreationTime"">2024-06-26T17:04:37.4714927Z</Data><Data Name=""ClientProcessId"">10188</Data></EventData></DataItem>",5379,"Credential Manager credentials were read.  Subject: 	Security ID:		S-1-5-21-1413295808-2032686517-1925176222-500 	Account Name:		forensicsacl2 	Account Domain:		forensicsacl2 	Logon ID:		0x38C895 	Read Operation:		Read Credential  This event occurs when a user performs a read operation on stored credentials in Credential Manager.",,,13824,"N/A",,"00000000-0000-0000-0000-000000000001","AOI-d558e95b-08c4-4c42-b17a-dd6de6332e26",Event,"/subscriptions/da2ead26-5eba-476e-90f5-13d2028a4531/resourcegroups/cloudforensics_group/providers/microsoft.compute/virtualmachines/forensicsacl2"
"d558e95b-08c4-4c42-b17a-dd6de6332e26",OpsManager,"6/26/2024, 5:04:57.406 PM","Microsoft-Windows-Security-Auditing",Security,forensicsacl2,0,Information,"<Param>S-1-5-21-1413295808-2032686517-1925176222-500</Param><Param>forensicsacl2</Param><Param>forensicsacl2</Param><Param>0x38c895</Param><Param>SkyDrive-INT Cached Credential</Param><Param>1</Param><Param>1</Param><Param>%%8099</Param><Param>3221226021</Param><Param>2024-06-26T17:04:37.4714927Z</Param><Param>10188</Param>","<DataItem Type=""System.XmlData"" time=""2024-06-26T17:04:57.4064847Z"" sourceHealthServiceId=""a0cf1214-78a1-4446-8ef1-04b39ec9b972""><EventData xmlns=""http://schemas.microsoft.com/win/2004/08/events/event""><Data Name=""SubjectUserSid"">S-1-5-21-1413295808-2032686517-1925176222-500</Data><Data Name=""SubjectUserName"">forensicsacl2</Data><Data Name=""SubjectDomainName"">forensicsacl2</Data><Data Name=""SubjectLogonId"">0x38c895</Data><Data Name=""TargetName"">SkyDrive-INT Cached Credential</Data><Data Name=""Type"">1</Data><Data Name=""CountOfCredentialsReturned"">1</Data><Data Name=""ReadOperation"">%%8099</Data><Data Name=""ReturnCode"">3221226021</Data><Data Name=""ProcessCreationTime"">2024-06-26T17:04:37.4714927Z</Data><Data Name=""ClientProcessId"">10188</Data></EventData></DataItem>",5379,"Credential Manager credentials were read.  Subject: 	Security ID:		S-1-5-21-1413295808-2032686517-1925176222-500 	Account Name:		forensicsacl2 	Account Domain:		forensicsacl2 	Logon ID:		0x38C895 	Read Operation:		Read Credential  This event occurs when a user performs a read operation on stored credentials in Credential Manager.",,,13824,"N/A",,"00000000-0000-0000-0000-000000000001","AOI-d558e95b-08c4-4c42-b17a-dd6de6332e26",Event,"/subscriptions/da2ead26-5eba-476e-90f5-13d2028a4531/resourcegroups/cloudforensics_group/providers/microsoft.compute/virtualmachines/forensicsacl2"
"d558e95b-08c4-4c42-b17a-dd6de6332e26",OpsManager,"6/26/2024, 5:04:58.861 PM","Microsoft-Windows-Security-Auditing",Security,forensicsacl2,0,Information,"<Param>S-1-5-21-1413295808-2032686517-1925176222-500</Param><Param>forensicsacl2</Param><Param>forensicsacl2</Param><Param>0x38c895</Param><Param>OneDriveCachedCredential*</Param><Param>0</Param><Param>0</Param><Param>%%8100</Param><Param>3221226021</Param><Param>2024-06-26T17:04:37.4714927Z</Param><Param>10188</Param>","<DataItem Type=""System.XmlData"" time=""2024-06-26T17:04:58.8614518Z"" sourceHealthServiceId=""a0cf1214-78a1-4446-8ef1-04b39ec9b972""><EventData xmlns=""http://schemas.microsoft.com/win/2004/08/events/event""><Data Name=""SubjectUserSid"">S-1-5-21-1413295808-2032686517-1925176222-500</Data><Data Name=""SubjectUserName"">forensicsacl2</Data><Data Name=""SubjectDomainName"">forensicsacl2</Data><Data Name=""SubjectLogonId"">0x38c895</Data><Data Name=""TargetName"">OneDriveCachedCredential*</Data><Data Name=""Type"">0</Data><Data Name=""CountOfCredentialsReturned"">0</Data><Data Name=""ReadOperation"">%%8100</Data><Data Name=""ReturnCode"">3221226021</Data><Data Name=""ProcessCreationTime"">2024-06-26T17:04:37.4714927Z</Data><Data Name=""ClientProcessId"">10188</Data></EventData></DataItem>",5379,"Credential Manager credentials were read.  Subject: 	Security ID:		S-1-5-21-1413295808-2032686517-1925176222-500 	Account Name:		forensicsacl2 	Account Domain:		forensicsacl2 	Logon ID:		0x38C895 	Read Operation:		Enumerate Credentials  This event occurs when a user performs a read operation on stored credentials in Credential Manager.",,,13824,"N/A",,"00000000-0000-0000-0000-000000000001","AOI-d558e95b-08c4-4c42-b17a-dd6de6332e26",Event,"/subscriptions/da2ead26-5eba-476e-90f5-13d2028a4531/resourcegroups/cloudforensics_group/providers/microsoft.compute/virtualmachines/forensicsacl2"
"d558e95b-08c4-4c42-b17a-dd6de6332e26",OpsManager,"6/26/2024, 5:04:58.861 PM","Microsoft-Windows-Security-Auditing",Security,forensicsacl2,0,Information,"<Param>S-1-5-21-1413295808-2032686517-1925176222-500</Param><Param>forensicsacl2</Param><Param>forensicsacl2</Param><Param>0x38c895</Param><Param>OneDrive-INTCachedCredential*</Param><Param>0</Param><Param>0</Param><Param>%%8100</Param><Param>3221226021</Param><Param>2024-06-26T17:04:37.4714927Z</Param><Param>10188</Param>","<DataItem Type=""System.XmlData"" time=""2024-06-26T17:04:58.8616798Z"" sourceHealthServiceId=""a0cf1214-78a1-4446-8ef1-04b39ec9b972""><EventData xmlns=""http://schemas.microsoft.com/win/2004/08/events/event""><Data Name=""SubjectUserSid"">S-1-5-21-1413295808-2032686517-1925176222-500</Data><Data Name=""SubjectUserName"">forensicsacl2</Data><Data Name=""SubjectDomainName"">forensicsacl2</Data><Data Name=""SubjectLogonId"">0x38c895</Data><Data Name=""TargetName"">OneDrive-INTCachedCredential*</Data><Data Name=""Type"">0</Data><Data Name=""CountOfCredentialsReturned"">0</Data><Data Name=""ReadOperation"">%%8100</Data><Data Name=""ReturnCode"">3221226021</Data><Data Name=""ProcessCreationTime"">2024-06-26T17:04:37.4714927Z</Data><Data Name=""ClientProcessId"">10188</Data></EventData></DataItem>",5379,"Credential Manager credentials were read.  Subject: 	Security ID:		S-1-5-21-1413295808-2032686517-1925176222-500 	Account Name:		forensicsacl2 	Account Domain:		forensicsacl2 	Logon ID:		0x38C895 	Read Operation:		Enumerate Credentials  This event occurs when a user performs a read operation on stored credentials in Credential Manager.",,,13824,"N/A",,"00000000-0000-0000-0000-000000000001","AOI-d558e95b-08c4-4c42-b17a-dd6de6332e26",Event,"/subscriptions/da2ead26-5eba-476e-90f5-13d2028a4531/resourcegroups/cloudforensics_group/providers/microsoft.compute/virtualmachines/forensicsacl2"
"d558e95b-08c4-4c42-b17a-dd6de6332e26",OpsManager,"6/26/2024, 5:04:59.366 PM","Microsoft-Windows-Kernel-General",System,forensicsacl2,4,Information,"<Param>113</Param><Param>\??\C:\Users\forensicsacl2\AppData\Local\Packages\MicrosoftWindows.Client.CBS_cw5n1h2txyewy\Settings\settings.dat</Param><Param>2</Param><Param>1</Param>","<DataItem Type=""System.XmlData"" time=""2024-06-26T17:04:59.3661291Z"" sourceHealthServiceId=""a0cf1214-78a1-4446-8ef1-04b39ec9b972""><EventData xmlns=""http://schemas.microsoft.com/win/2004/08/events/event""><Data Name=""HiveNameLength"">113</Data><Data Name=""HiveName"">\??\C:\Users\forensicsacl2\AppData\Local\Packages\MicrosoftWindows.Client.CBS_cw5n1h2txyewy\Settings\settings.dat</Data><Data Name=""KeysUpdated"">2</Data><Data Name=""DirtyPages"">1</Data></EventData></DataItem>",16,"The access history in hive \??\C:\Users\forensicsacl2\AppData\Local\Packages\MicrosoftWindows.Client.CBS_cw5n1h2txyewy\Settings\settings.dat was cleared updating 2 keys and creating 1 modified pages.",,,0,"S-1-5-18",,"00000000-0000-0000-0000-000000000001","AOI-d558e95b-08c4-4c42-b17a-dd6de6332e26",Event,"/subscriptions/da2ead26-5eba-476e-90f5-13d2028a4531/resourcegroups/cloudforensics_group/providers/microsoft.compute/virtualmachines/forensicsacl2"
"d558e95b-08c4-4c42-b17a-dd6de6332e26",OpsManager,"6/26/2024, 5:05:02.336 PM","Microsoft-Windows-WindowsUpdateClient",System,forensicsacl2,2,Error,"<Param>0x80073d02</Param><Param>9NMPJ99VJBWV-Microsoft.YourPhone</Param><Param>{ffe28cbd-5a2d-4934-aabf-df52cff48a7d}</Param><Param>1</Param><Param>{855e8a7c-ecb4-4ca3-b045-1dfa50104289}</Param>","<DataItem Type=""System.XmlData"" time=""2024-06-26T17:05:02.3364339Z"" sourceHealthServiceId=""a0cf1214-78a1-4446-8ef1-04b39ec9b972""><EventData xmlns=""http://schemas.microsoft.com/win/2004/08/events/event""><Data Name=""errorCode"">0x80073d02</Data><Data Name=""updateTitle"">9NMPJ99VJBWV-Microsoft.YourPhone</Data><Data Name=""updateGuid"">{ffe28cbd-5a2d-4934-aabf-df52cff48a7d}</Data><Data Name=""updateRevisionNumber"">1</Data><Data Name=""serviceGuid"">{855e8a7c-ecb4-4ca3-b045-1dfa50104289}</Data></EventData></DataItem>",20,"Installation Failure: Windows failed to install the following update with error 0x80073D02: 9NMPJ99VJBWV-Microsoft.YourPhone.",,,1,"S-1-5-18",,"00000000-0000-0000-0000-000000000001","AOI-d558e95b-08c4-4c42-b17a-dd6de6332e26",Event,"/subscriptions/da2ead26-5eba-476e-90f5-13d2028a4531/resourcegroups/cloudforensics_group/providers/microsoft.compute/virtualmachines/forensicsacl2"
"d558e95b-08c4-4c42-b17a-dd6de6332e26",OpsManager,"6/26/2024, 5:05:04.912 PM","Microsoft-Windows-Security-Auditing",Security,forensicsacl2,0,Information,"<Param>S-1-5-21-1413295808-2032686517-1925176222-500</Param><Param>forensicsacl2</Param><Param>forensicsacl2</Param><Param>0x38c895</Param><Param>MicrosoftOffice16_Data:live:cid=*</Param><Param>0</Param><Param>0</Param><Param>%%8100</Param><Param>3221226021</Param><Param>2024-06-26T17:05:00.9140704Z</Param><Param>7800</Param>","<DataItem Type=""System.XmlData"" time=""2024-06-26T17:05:04.9126604Z"" sourceHealthServiceId=""a0cf1214-78a1-4446-8ef1-04b39ec9b972""><EventData xmlns=""http://schemas.microsoft.com/win/2004/08/events/event""><Data Name=""SubjectUserSid"">S-1-5-21-1413295808-2032686517-1925176222-500</Data><Data Name=""SubjectUserName"">forensicsacl2</Data><Data Name=""SubjectDomainName"">forensicsacl2</Data><Data Name=""SubjectLogonId"">0x38c895</Data><Data Name=""TargetName"">MicrosoftOffice16_Data:live:cid=*</Data><Data Name=""Type"">0</Data><Data Name=""CountOfCredentialsReturned"">0</Data><Data Name=""ReadOperation"">%%8100</Data><Data Name=""ReturnCode"">3221226021</Data><Data Name=""ProcessCreationTime"">2024-06-26T17:05:00.9140704Z</Data><Data Name=""ClientProcessId"">7800</Data></EventData></DataItem>",5379,"Credential Manager credentials were read.  Subject: 	Security ID:		S-1-5-21-1413295808-2032686517-1925176222-500 	Account Name:		forensicsacl2 	Account Domain:		forensicsacl2 	Logon ID:		0x38C895 	Read Operation:		Enumerate Credentials  This event occurs when a user performs a read operation on stored credentials in Credential Manager.",,,13824,"N/A",,"00000000-0000-0000-0000-000000000001","AOI-d558e95b-08c4-4c42-b17a-dd6de6332e26",Event,"/subscriptions/da2ead26-5eba-476e-90f5-13d2028a4531/resourcegroups/cloudforensics_group/providers/microsoft.compute/virtualmachines/forensicsacl2"
"d558e95b-08c4-4c42-b17a-dd6de6332e26",OpsManager,"6/26/2024, 5:05:06.344 PM","Microsoft-Windows-Security-Auditing",Security,forensicsacl2,0,Information,"<Param>S-1-5-18</Param><Param>forensicsacl2$</Param><Param>WORKGROUP</Param><Param>0x3e7</Param><Param>S-1-5-18</Param><Param>SYSTEM</Param><Param>NT AUTHORITY</Param><Param>0x3e7</Param><Param>5</Param><Param>Advapi  </Param><Param>Negotiate</Param><Param>-</Param><Param>{00000000-0000-0000-0000-000000000000}</Param><Param>-</Param><Param>-</Param><Param>0</Param><Param>0x2e8</Param><Param>C:\Windows\System32\services.exe</Param><Param>-</Param><Param>-</Param><Param>%%1833</Param><Param>-</Param><Param>-</Param><Param>-</Param><Param>%%1843</Param><Param>0x0</Param><Param>%%1842</Param>","<DataItem Type=""System.XmlData"" time=""2024-06-26T17:05:06.3447661Z"" sourceHealthServiceId=""a0cf1214-78a1-4446-8ef1-04b39ec9b972""><EventData xmlns=""http://schemas.microsoft.com/win/2004/08/events/event""><Data Name=""SubjectUserSid"">S-1-5-18</Data><Data Name=""SubjectUserName"">forensicsacl2$</Data><Data Name=""SubjectDomainName"">WORKGROUP</Data><Data Name=""SubjectLogonId"">0x3e7</Data><Data Name=""TargetUserSid"">S-1-5-18</Data><Data Name=""TargetUserName"">SYSTEM</Data><Data Name=""TargetDomainName"">NT AUTHORITY</Data><Data Name=""TargetLogonId"">0x3e7</Data><Data Name=""LogonType"">5</Data><Data Name=""LogonProcessName"">Advapi  </Data><Data Name=""AuthenticationPackageName"">Negotiate</Data><Data Name=""WorkstationName"">-</Data><Data Name=""LogonGuid"">{00000000-0000-0000-0000-000000000000}</Data><Data Name=""TransmittedServices"">-</Data><Data Name=""LmPackageName"">-</Data><Data Name=""KeyLength"">0</Data><Data Name=""ProcessId"">0x2e8</Data><Data Name=""ProcessName"">C:\Windows\System32\services.exe</Data><Data Name=""IpAddress"">-</Data><Data Name=""IpPort"">-</Data><Data Name=""ImpersonationLevel"">%%1833</Data><Data Name=""RestrictedAdminMode"">-</Data><Data Name=""TargetOutboundUserName"">-</Data><Data Name=""TargetOutboundDomainName"">-</Data><Data Name=""VirtualAccount"">%%1843</Data><Data Name=""TargetLinkedLogonId"">0x0</Data><Data Name=""ElevatedToken"">%%1842</Data></EventData></DataItem>",4624,"An account was successfully logged on.  Subject: 	Security ID:		S-1-5-18 	Account Name:		forensicsacl2$ 	Account Domain:		WORKGROUP 	Logon ID:		0x3E7  Logon Information: 	Logon Type:		5 	Restricted Admin Mode:	- 	Virtual Account:		No 	Elevated Token:		Yes  Impersonation Level:		Impersonation  New Logon: 	Security ID:		S-1-5-18 	Account Name:		SYSTEM 	Account Domain:		NT AUTHORITY 	Logon ID:		0x3E7 	Linked Logon ID:		0x0 	Network Account Name:	- 	Network Account Domain:	- 	Logon GUID:		{00000000-0000-0000-0000-000000000000}  Process Information: 	Process ID:		0x2e8 	Process Name:		C:\Windows\System32\services.exe  Network Information: 	Workstation Name:	- 	Source Network Address:	- 	Source Port:		-  Detailed Authentication Information: 	Logon Process:		Advapi   	Authentication Package:	Negotiate 	Transited Services:	- 	Package Name (NTLM only):	- 	Key Length:		0  This event is generated when a logon session is created. It is generated on the computer that was accessed.  The subject fields indicate the account on the local system which requested the logon. This is most commonly a service such as the Server service, or a local process such as Winlogon.exe or Services.exe.  The logon type field indicates the kind of logon that occurred. The most common types are 2 (interactive) and 3 (network).  The New Logon fields indicate the account for whom the new logon was created, i.e. the account that was logged on.  The network fields indicate where a remote logon request originated. Workstation name is not always available and may be left blank in some cases.  The impersonation level field indicates the extent to which a process in the logon session can impersonate.  The authentication information fields provide detailed information about this specific logon request. 	- Logon GUID is a unique identifier that can be used to correlate this event with a KDC event. 	- Transited services indicate which intermediate services have participated in this logon request. 	- Package name indicates which sub-protocol was used among the NTLM protocols. 	- Key length indicates the length of the generated session key. This will be 0 if no session key was requested.",,,12544,"N/A",,"00000000-0000-0000-0000-000000000001","AOI-d558e95b-08c4-4c42-b17a-dd6de6332e26",Event,"/subscriptions/da2ead26-5eba-476e-90f5-13d2028a4531/resourcegroups/cloudforensics_group/providers/microsoft.compute/virtualmachines/forensicsacl2"
"d558e95b-08c4-4c42-b17a-dd6de6332e26",OpsManager,"6/26/2024, 5:05:06.344 PM","Microsoft-Windows-Security-Auditing",Security,forensicsacl2,0,Information,"<Param>S-1-5-18</Param><Param>SYSTEM</Param><Param>NT AUTHORITY</Param><Param>0x3e7</Param><Param>SeAssignPrimaryTokenPrivilege 			SeTcbPrivilege 			SeSecurityPrivilege 			SeTakeOwnershipPrivilege 			SeLoadDriverPrivilege 			SeBackupPrivilege 			SeRestorePrivilege 			SeDebugPrivilege 			SeAuditPrivilege 			SeSystemEnvironmentPrivilege 			SeImpersonatePrivilege 			SeDelegateSessionUserImpersonatePrivilege</Param>","<DataItem Type=""System.XmlData"" time=""2024-06-26T17:05:06.3447754Z"" sourceHealthServiceId=""a0cf1214-78a1-4446-8ef1-04b39ec9b972""><EventData xmlns=""http://schemas.microsoft.com/win/2004/08/events/event""><Data Name=""SubjectUserSid"">S-1-5-18</Data><Data Name=""SubjectUserName"">SYSTEM</Data><Data Name=""SubjectDomainName"">NT AUTHORITY</Data><Data Name=""SubjectLogonId"">0x3e7</Data><Data Name=""PrivilegeList"">SeAssignPrimaryTokenPrivilege 			SeTcbPrivilege 			SeSecurityPrivilege 			SeTakeOwnershipPrivilege 			SeLoadDriverPrivilege 			SeBackupPrivilege 			SeRestorePrivilege 			SeDebugPrivilege 			SeAuditPrivilege 			SeSystemEnvironmentPrivilege 			SeImpersonatePrivilege 			SeDelegateSessionUserImpersonatePrivilege</Data></EventData></DataItem>",4672,"Special privileges assigned to new logon.  Subject: 	Security ID:		S-1-5-18 	Account Name:		SYSTEM 	Account Domain:		NT AUTHORITY 	Logon ID:		0x3E7  Privileges:		SeAssignPrimaryTokenPrivilege 			SeTcbPrivilege 			SeSecurityPrivilege 			SeTakeOwnershipPrivilege 			SeLoadDriverPrivilege 			SeBackupPrivilege 			SeRestorePrivilege 			SeDebugPrivilege 			SeAuditPrivilege 			SeSystemEnvironmentPrivilege 			SeImpersonatePrivilege 			SeDelegateSessionUserImpersonatePrivilege",,,12548,"N/A",,"00000000-0000-0000-0000-000000000001","AOI-d558e95b-08c4-4c42-b17a-dd6de6332e26",Event,"/subscriptions/da2ead26-5eba-476e-90f5-13d2028a4531/resourcegroups/cloudforensics_group/providers/microsoft.compute/virtualmachines/forensicsacl2"
"d558e95b-08c4-4c42-b17a-dd6de6332e26",OpsManager,"6/26/2024, 5:05:07.820 PM",SecurityCenter,Application,forensicsacl2,4,Information,"<Param>Windows Defender</Param><Param>SECURITY_PRODUCT_STATE_ON</Param>","<DataItem Type=""System.XmlData"" time=""2024-06-26T17:05:07.8204947Z"" sourceHealthServiceId=""a0cf1214-78a1-4446-8ef1-04b39ec9b972""><EventData xmlns=""http://schemas.microsoft.com/win/2004/08/events/event""><Data>Windows Defender</Data><Data>SECURITY_PRODUCT_STATE_ON</Data></EventData></DataItem>",15,"Updated Windows Defender status successfully to SECURITY_PRODUCT_STATE_ON.",,,0,"N/A",,"00000000-0000-0000-0000-000000000001","AOI-d558e95b-08c4-4c42-b17a-dd6de6332e26",Event,"/subscriptions/da2ead26-5eba-476e-90f5-13d2028a4531/resourcegroups/cloudforensics_group/providers/microsoft.compute/virtualmachines/forensicsacl2"
"d558e95b-08c4-4c42-b17a-dd6de6332e26",OpsManager,"6/26/2024, 5:05:09.992 PM",SecurityCenter,Application,forensicsacl2,4,Information,"<Param>Windows Defender</Param><Param>SECURITY_PRODUCT_STATE_ON</Param>","<DataItem Type=""System.XmlData"" time=""2024-06-26T17:05:09.9923448Z"" sourceHealthServiceId=""a0cf1214-78a1-4446-8ef1-04b39ec9b972""><EventData xmlns=""http://schemas.microsoft.com/win/2004/08/events/event""><Data>Windows Defender</Data><Data>SECURITY_PRODUCT_STATE_ON</Data></EventData></DataItem>",15,"Updated Windows Defender status successfully to SECURITY_PRODUCT_STATE_ON.",,,0,"N/A",,"00000000-0000-0000-0000-000000000001","AOI-d558e95b-08c4-4c42-b17a-dd6de6332e26",Event,"/subscriptions/da2ead26-5eba-476e-90f5-13d2028a4531/resourcegroups/cloudforensics_group/providers/microsoft.compute/virtualmachines/forensicsacl2"
"d558e95b-08c4-4c42-b17a-dd6de6332e26",OpsManager,"6/26/2024, 5:05:10.423 PM","Microsoft-Windows-Security-Auditing",Security,forensicsacl2,0,Information,"<Param>S-1-5-21-1413295808-2032686517-1925176222-500</Param><Param>forensicsacl2</Param><Param>forensicsacl2</Param><Param>0x38c895</Param><Param>MicrosoftOffice16_Data:live:cid=*</Param><Param>0</Param><Param>0</Param><Param>%%8100</Param><Param>3221226021</Param><Param>2024-06-26T17:05:00.9140704Z</Param><Param>7800</Param>","<DataItem Type=""System.XmlData"" time=""2024-06-26T17:05:10.4237797Z"" sourceHealthServiceId=""a0cf1214-78a1-4446-8ef1-04b39ec9b972""><EventData xmlns=""http://schemas.microsoft.com/win/2004/08/events/event""><Data Name=""SubjectUserSid"">S-1-5-21-1413295808-2032686517-1925176222-500</Data><Data Name=""SubjectUserName"">forensicsacl2</Data><Data Name=""SubjectDomainName"">forensicsacl2</Data><Data Name=""SubjectLogonId"">0x38c895</Data><Data Name=""TargetName"">MicrosoftOffice16_Data:live:cid=*</Data><Data Name=""Type"">0</Data><Data Name=""CountOfCredentialsReturned"">0</Data><Data Name=""ReadOperation"">%%8100</Data><Data Name=""ReturnCode"">3221226021</Data><Data Name=""ProcessCreationTime"">2024-06-26T17:05:00.9140704Z</Data><Data Name=""ClientProcessId"">7800</Data></EventData></DataItem>",5379,"Credential Manager credentials were read.  Subject: 	Security ID:		S-1-5-21-1413295808-2032686517-1925176222-500 	Account Name:		forensicsacl2 	Account Domain:		forensicsacl2 	Logon ID:		0x38C895 	Read Operation:		Enumerate Credentials  This event occurs when a user performs a read operation on stored credentials in Credential Manager.",,,13824,"N/A",,"00000000-0000-0000-0000-000000000001","AOI-d558e95b-08c4-4c42-b17a-dd6de6332e26",Event,"/subscriptions/da2ead26-5eba-476e-90f5-13d2028a4531/resourcegroups/cloudforensics_group/providers/microsoft.compute/virtualmachines/forensicsacl2"
"d558e95b-08c4-4c42-b17a-dd6de6332e26",OpsManager,"6/26/2024, 5:05:11.581 PM","Microsoft-Windows-Security-Auditing",Security,forensicsacl2,0,Information,"<Param>S-1-5-21-1413295808-2032686517-1925176222-500</Param><Param>forensicsacl2</Param><Param>forensicsacl2</Param><Param>0x38c895</Param><Param>MicrosoftOffice16_Data:live:cid=*</Param><Param>0</Param><Param>0</Param><Param>%%8100</Param><Param>3221226021</Param><Param>2024-06-26T17:05:09.1079223Z</Param><Param>4896</Param>","<DataItem Type=""System.XmlData"" time=""2024-06-26T17:05:11.5811254Z"" sourceHealthServiceId=""a0cf1214-78a1-4446-8ef1-04b39ec9b972""><EventData xmlns=""http://schemas.microsoft.com/win/2004/08/events/event""><Data Name=""SubjectUserSid"">S-1-5-21-1413295808-2032686517-1925176222-500</Data><Data Name=""SubjectUserName"">forensicsacl2</Data><Data Name=""SubjectDomainName"">forensicsacl2</Data><Data Name=""SubjectLogonId"">0x38c895</Data><Data Name=""TargetName"">MicrosoftOffice16_Data:live:cid=*</Data><Data Name=""Type"">0</Data><Data Name=""CountOfCredentialsReturned"">0</Data><Data Name=""ReadOperation"">%%8100</Data><Data Name=""ReturnCode"">3221226021</Data><Data Name=""ProcessCreationTime"">2024-06-26T17:05:09.1079223Z</Data><Data Name=""ClientProcessId"">4896</Data></EventData></DataItem>",5379,"Credential Manager credentials were read.  Subject: 	Security ID:		S-1-5-21-1413295808-2032686517-1925176222-500 	Account Name:		forensicsacl2 	Account Domain:		forensicsacl2 	Logon ID:		0x38C895 	Read Operation:		Enumerate Credentials  This event occurs when a user performs a read operation on stored credentials in Credential Manager.",,,13824,"N/A",,"00000000-0000-0000-0000-000000000001","AOI-d558e95b-08c4-4c42-b17a-dd6de6332e26",Event,"/subscriptions/da2ead26-5eba-476e-90f5-13d2028a4531/resourcegroups/cloudforensics_group/providers/microsoft.compute/virtualmachines/forensicsacl2"
"d558e95b-08c4-4c42-b17a-dd6de6332e26",OpsManager,"6/26/2024, 5:05:18.055 PM",SecurityCenter,Application,forensicsacl2,4,Information,"<Param>Windows Defender</Param><Param>SECURITY_PRODUCT_STATE_SNOOZED</Param>","<DataItem Type=""System.XmlData"" time=""2024-06-26T17:05:18.0550780Z"" sourceHealthServiceId=""a0cf1214-78a1-4446-8ef1-04b39ec9b972""><EventData xmlns=""http://schemas.microsoft.com/win/2004/08/events/event""><Data>Windows Defender</Data><Data>SECURITY_PRODUCT_STATE_SNOOZED</Data></EventData></DataItem>",15,"Updated Windows Defender status successfully to SECURITY_PRODUCT_STATE_SNOOZED.",,,0,"N/A",,"00000000-0000-0000-0000-000000000001","AOI-d558e95b-08c4-4c42-b17a-dd6de6332e26",Event,"/subscriptions/da2ead26-5eba-476e-90f5-13d2028a4531/resourcegroups/cloudforensics_group/providers/microsoft.compute/virtualmachines/forensicsacl2"
"d558e95b-08c4-4c42-b17a-dd6de6332e26",OpsManager,"6/26/2024, 5:05:20.102 PM",SecurityCenter,Application,forensicsacl2,4,Information,"<Param>Windows Defender</Param><Param>SECURITY_PRODUCT_STATE_SNOOZED</Param>","<DataItem Type=""System.XmlData"" time=""2024-06-26T17:05:20.1022173Z"" sourceHealthServiceId=""a0cf1214-78a1-4446-8ef1-04b39ec9b972""><EventData xmlns=""http://schemas.microsoft.com/win/2004/08/events/event""><Data>Windows Defender</Data><Data>SECURITY_PRODUCT_STATE_SNOOZED</Data></EventData></DataItem>",15,"Updated Windows Defender status successfully to SECURITY_PRODUCT_STATE_SNOOZED.",,,0,"N/A",,"00000000-0000-0000-0000-000000000001","AOI-d558e95b-08c4-4c42-b17a-dd6de6332e26",Event,"/subscriptions/da2ead26-5eba-476e-90f5-13d2028a4531/resourcegroups/cloudforensics_group/providers/microsoft.compute/virtualmachines/forensicsacl2"
"d558e95b-08c4-4c42-b17a-dd6de6332e26",OpsManager,"6/26/2024, 5:05:20.570 PM","Microsoft-Windows-Security-SPP",Application,forensicsacl2,4,Information,"<Param>2024-07-03T16:53:20Z</Param><Param>RulesEngine</Param>","<DataItem Type=""System.XmlData"" time=""2024-06-26T17:05:20.5707501Z"" sourceHealthServiceId=""a0cf1214-78a1-4446-8ef1-04b39ec9b972""><EventData xmlns=""http://schemas.microsoft.com/win/2004/08/events/event""><Data>2024-07-03T16:53:20Z</Data><Data>RulesEngine</Data></EventData></DataItem>",16384,"Successfully scheduled Software Protection service for re-start at 2024-07-03T16:53:20Z. Reason: RulesEngine.",,,0,"N/A",,"00000000-0000-0000-0000-000000000001","AOI-d558e95b-08c4-4c42-b17a-dd6de6332e26",Event,"/subscriptions/da2ead26-5eba-476e-90f5-13d2028a4531/resourcegroups/cloudforensics_group/providers/microsoft.compute/virtualmachines/forensicsacl2"
"d558e95b-08c4-4c42-b17a-dd6de6332e26",OpsManager,"6/26/2024, 5:05:22.148 PM",SecurityCenter,Application,forensicsacl2,4,Information,"<Param>Windows Defender</Param><Param>SECURITY_PRODUCT_STATE_SNOOZED</Param>","<DataItem Type=""System.XmlData"" time=""2024-06-26T17:05:22.1485725Z"" sourceHealthServiceId=""a0cf1214-78a1-4446-8ef1-04b39ec9b972""><EventData xmlns=""http://schemas.microsoft.com/win/2004/08/events/event""><Data>Windows Defender</Data><Data>SECURITY_PRODUCT_STATE_SNOOZED</Data></EventData></DataItem>",15,"Updated Windows Defender status successfully to SECURITY_PRODUCT_STATE_SNOOZED.",,,0,"N/A",,"00000000-0000-0000-0000-000000000001","AOI-d558e95b-08c4-4c42-b17a-dd6de6332e26",Event,"/subscriptions/da2ead26-5eba-476e-90f5-13d2028a4531/resourcegroups/cloudforensics_group/providers/microsoft.compute/virtualmachines/forensicsacl2"
"d558e95b-08c4-4c42-b17a-dd6de6332e26",OpsManager,"6/26/2024, 5:05:24.164 PM",SecurityCenter,Application,forensicsacl2,4,Information,"<Param>Windows Defender</Param><Param>SECURITY_PRODUCT_STATE_SNOOZED</Param>","<DataItem Type=""System.XmlData"" time=""2024-06-26T17:05:24.1642751Z"" sourceHealthServiceId=""a0cf1214-78a1-4446-8ef1-04b39ec9b972""><EventData xmlns=""http://schemas.microsoft.com/win/2004/08/events/event""><Data>Windows Defender</Data><Data>SECURITY_PRODUCT_STATE_SNOOZED</Data></EventData></DataItem>",15,"Updated Windows Defender status successfully to SECURITY_PRODUCT_STATE_SNOOZED.",,,0,"N/A",,"00000000-0000-0000-0000-000000000001","AOI-d558e95b-08c4-4c42-b17a-dd6de6332e26",Event,"/subscriptions/da2ead26-5eba-476e-90f5-13d2028a4531/resourcegroups/cloudforensics_group/providers/microsoft.compute/virtualmachines/forensicsacl2"
"d558e95b-08c4-4c42-b17a-dd6de6332e26",OpsManager,"6/26/2024, 5:05:31.075 PM",edgeupdate,Application,forensicsacl2,4,Information,"<Param>Service stopped</Param>","<DataItem Type=""System.XmlData"" time=""2024-06-26T17:05:31.0755735Z"" sourceHealthServiceId=""a0cf1214-78a1-4446-8ef1-04b39ec9b972""><EventData xmlns=""http://schemas.microsoft.com/win/2004/08/events/event""><Data>Service stopped</Data></EventData></DataItem>",0,"Service stopped.",,,0,"N/A",,"00000000-0000-0000-0000-000000000001","AOI-d558e95b-08c4-4c42-b17a-dd6de6332e26",Event,"/subscriptions/da2ead26-5eba-476e-90f5-13d2028a4531/resourcegroups/cloudforensics_group/providers/microsoft.compute/virtualmachines/forensicsacl2"
"d558e95b-08c4-4c42-b17a-dd6de6332e26",OpsManager,"6/26/2024, 5:05:41.172 PM","Microsoft-Windows-Security-Auditing",Security,forensicsacl2,0,Information,"<Param>forensicsacl2</Param><Param>forensicsacl2</Param><Param>S-1-5-21-1413295808-2032686517-1925176222-500</Param><Param>S-1-5-21-1413295808-2032686517-1925176222-500</Param><Param>forensicsacl2</Param><Param>forensicsacl2</Param><Param>0x38c895</Param><Param>0xc9c</Param><Param>C:\Windows\explorer.exe</Param>","<DataItem Type=""System.XmlData"" time=""2024-06-26T17:05:41.1724851Z"" sourceHealthServiceId=""a0cf1214-78a1-4446-8ef1-04b39ec9b972""><EventData xmlns=""http://schemas.microsoft.com/win/2004/08/events/event""><Data Name=""TargetUserName"">forensicsacl2</Data><Data Name=""TargetDomainName"">forensicsacl2</Data><Data Name=""TargetSid"">S-1-5-21-1413295808-2032686517-1925176222-500</Data><Data Name=""SubjectUserSid"">S-1-5-21-1413295808-2032686517-1925176222-500</Data><Data Name=""SubjectUserName"">forensicsacl2</Data><Data Name=""SubjectDomainName"">forensicsacl2</Data><Data Name=""SubjectLogonId"">0x38c895</Data><Data Name=""CallerProcessId"">0xc9c</Data><Data Name=""CallerProcessName"">C:\Windows\explorer.exe</Data></EventData></DataItem>",4798,"A user's local group membership was enumerated.  Subject: 	Security ID:		S-1-5-21-1413295808-2032686517-1925176222-500 	Account Name:		forensicsacl2 	Account Domain:		forensicsacl2 	Logon ID:		0x38C895  User: 	Security ID:		S-1-5-21-1413295808-2032686517-1925176222-500 	Account Name:		forensicsacl2 	Account Domain:		forensicsacl2  Process Information: 	Process ID:		0xc9c 	Process Name:		C:\Windows\explorer.exe",,,13824,"N/A",,"00000000-0000-0000-0000-000000000001","AOI-d558e95b-08c4-4c42-b17a-dd6de6332e26",Event,"/subscriptions/da2ead26-5eba-476e-90f5-13d2028a4531/resourcegroups/cloudforensics_group/providers/microsoft.compute/virtualmachines/forensicsacl2"
"d558e95b-08c4-4c42-b17a-dd6de6332e26",OpsManager,"6/26/2024, 5:05:44.810 PM","Microsoft-Windows-Security-Auditing",Security,forensicsacl2,0,Information,"<Param>forensicsacl2</Param><Param>forensicsacl2</Param><Param>S-1-5-21-1413295808-2032686517-1925176222-500</Param><Param>S-1-5-21-1413295808-2032686517-1925176222-500</Param><Param>forensicsacl2</Param><Param>forensicsacl2</Param><Param>0x38c895</Param><Param>0xc9c</Param><Param>C:\Windows\explorer.exe</Param>","<DataItem Type=""System.XmlData"" time=""2024-06-26T17:05:44.8108335Z"" sourceHealthServiceId=""a0cf1214-78a1-4446-8ef1-04b39ec9b972""><EventData xmlns=""http://schemas.microsoft.com/win/2004/08/events/event""><Data Name=""TargetUserName"">forensicsacl2</Data><Data Name=""TargetDomainName"">forensicsacl2</Data><Data Name=""TargetSid"">S-1-5-21-1413295808-2032686517-1925176222-500</Data><Data Name=""SubjectUserSid"">S-1-5-21-1413295808-2032686517-1925176222-500</Data><Data Name=""SubjectUserName"">forensicsacl2</Data><Data Name=""SubjectDomainName"">forensicsacl2</Data><Data Name=""SubjectLogonId"">0x38c895</Data><Data Name=""CallerProcessId"">0xc9c</Data><Data Name=""CallerProcessName"">C:\Windows\explorer.exe</Data></EventData></DataItem>",4798,"A user's local group membership was enumerated.  Subject: 	Security ID:		S-1-5-21-1413295808-2032686517-1925176222-500 	Account Name:		forensicsacl2 	Account Domain:		forensicsacl2 	Logon ID:		0x38C895  User: 	Security ID:		S-1-5-21-1413295808-2032686517-1925176222-500 	Account Name:		forensicsacl2 	Account Domain:		forensicsacl2  Process Information: 	Process ID:		0xc9c 	Process Name:		C:\Windows\explorer.exe",,,13824,"N/A",,"00000000-0000-0000-0000-000000000001","AOI-d558e95b-08c4-4c42-b17a-dd6de6332e26",Event,"/subscriptions/da2ead26-5eba-476e-90f5-13d2028a4531/resourcegroups/cloudforensics_group/providers/microsoft.compute/virtualmachines/forensicsacl2"
