"d558e95b-08c4-4c42-b17a-dd6de6332e26",OpsManager,"6/26/2024, 5:05:45.831 PM","Microsoft-Windows-Security-Auditing",Security,forensicsacl2,0,Information,"<Param>forensicsacl2</Param><Param>forensicsacl2</Param><Param>S-1-5-21-1413295808-2032686517-1925176222-500</Param><Param>S-1-5-21-1413295808-2032686517-1925176222-500</Param><Param>forensicsacl2</Param><Param>forensicsacl2</Param><Param>0x38c895</Param><Param>0xc9c</Param><Param>C:\Windows\explorer.exe</Param>","<DataItem Type=""System.XmlData"" time=""2024-06-26T17:05:45.8319635Z"" sourceHealthServiceId=""a0cf1214-78a1-4446-8ef1-04b39ec9b972""><EventData xmlns=""http://schemas.microsoft.com/win/2004/08/events/event""><Data Name=""TargetUserName"">forensicsacl2</Data><Data Name=""TargetDomainName"">forensicsacl2</Data><Data Name=""TargetSid"">S-1-5-21-1413295808-2032686517-1925176222-500</Data><Data Name=""SubjectUserSid"">S-1-5-21-1413295808-2032686517-1925176222-500</Data><Data Name=""SubjectUserName"">forensicsacl2</Data><Data Name=""SubjectDomainName"">forensicsacl2</Data><Data Name=""SubjectLogonId"">0x38c895</Data><Data Name=""CallerProcessId"">0xc9c</Data><Data Name=""CallerProcessName"">C:\Windows\explorer.exe</Data></EventData></DataItem>",4798,"A user's local group membership was enumerated.  Subject: 	Security ID:		S-1-5-21-1413295808-2032686517-1925176222-500 	Account Name:		forensicsacl2 	Account Domain:		forensicsacl2 	Logon ID:		0x38C895  User: 	Security ID:		S-1-5-21-1413295808-2032686517-1925176222-500 	Account Name:		forensicsacl2 	Account Domain:		forensicsacl2  Process Information: 	Process ID:		0xc9c 	Process Name:		C:\Windows\explorer.exe",,,13824,"N/A",,"00000000-0000-0000-0000-000000000001","AOI-d558e95b-08c4-4c42-b17a-dd6de6332e26",Event,"/subscriptions/da2ead26-5eba-476e-90f5-13d2028a4531/resourcegroups/cloudforensics_group/providers/microsoft.compute/virtualmachines/forensicsacl2"
"d558e95b-08c4-4c42-b17a-dd6de6332e26",OpsManager,"6/26/2024, 5:05:58.761 PM","Microsoft-Windows-Kernel-General",System,forensicsacl2,4,Information,"<Param>123</Param><Param>\??\C:\Users\forensicsacl2\AppData\Local\Packages\Microsoft.Windows.ShellExperienceHost_cw5n1h2txyewy\Settings\settings.dat</Param><Param>2</Param><Param>1</Param>","<DataItem Type=""System.XmlData"" time=""2024-06-26T17:05:58.7615237Z"" sourceHealthServiceId=""a0cf1214-78a1-4446-8ef1-04b39ec9b972""><EventData xmlns=""http://schemas.microsoft.com/win/2004/08/events/event""><Data Name=""HiveNameLength"">123</Data><Data Name=""HiveName"">\??\C:\Users\forensicsacl2\AppData\Local\Packages\Microsoft.Windows.ShellExperienceHost_cw5n1h2txyewy\Settings\settings.dat</Data><Data Name=""KeysUpdated"">2</Data><Data Name=""DirtyPages"">1</Data></EventData></DataItem>",16,"The access history in hive \??\C:\Users\forensicsacl2\AppData\Local\Packages\Microsoft.Windows.ShellExperienceHost_cw5n1h2txyewy\Settings\settings.dat was cleared updating 2 keys and creating 1 modified pages.",,,0,"S-1-5-18",,"00000000-0000-0000-0000-000000000001","AOI-d558e95b-08c4-4c42-b17a-dd6de6332e26",Event,"/subscriptions/da2ead26-5eba-476e-90f5-13d2028a4531/resourcegroups/cloudforensics_group/providers/microsoft.compute/virtualmachines/forensicsacl2"
"d558e95b-08c4-4c42-b17a-dd6de6332e26",OpsManager,"6/26/2024, 5:05:58.936 PM","Microsoft-Windows-Kernel-General",System,forensicsacl2,4,Information,"<Param>121</Param><Param>\??\C:\Users\forensicsacl2\AppData\Local\Packages\microsoft.windowscommunicationsapps_8wekyb3d8bbwe\Settings\settings.dat</Param><Param>32</Param><Param>2</Param>","<DataItem Type=""System.XmlData"" time=""2024-06-26T17:05:58.9368408Z"" sourceHealthServiceId=""a0cf1214-78a1-4446-8ef1-04b39ec9b972""><EventData xmlns=""http://schemas.microsoft.com/win/2004/08/events/event""><Data Name=""HiveNameLength"">121</Data><Data Name=""HiveName"">\??\C:\Users\forensicsacl2\AppData\Local\Packages\microsoft.windowscommunicationsapps_8wekyb3d8bbwe\Settings\settings.dat</Data><Data Name=""KeysUpdated"">32</Data><Data Name=""DirtyPages"">2</Data></EventData></DataItem>",16,"The access history in hive \??\C:\Users\forensicsacl2\AppData\Local\Packages\microsoft.windowscommunicationsapps_8wekyb3d8bbwe\Settings\settings.dat was cleared updating 32 keys and creating 2 modified pages.",,,0,"S-1-5-18",,"00000000-0000-0000-0000-000000000001","AOI-d558e95b-08c4-4c42-b17a-dd6de6332e26",Event,"/subscriptions/da2ead26-5eba-476e-90f5-13d2028a4531/resourcegroups/cloudforensics_group/providers/microsoft.compute/virtualmachines/forensicsacl2"
"d558e95b-08c4-4c42-b17a-dd6de6332e26",OpsManager,"6/26/2024, 5:05:58.945 PM","Microsoft-Windows-DistributedCOM",System,forensicsacl2,3,Warning,"<Param>machine-default</Param><Param>Local</Param><Param>Activation</Param><Param>{C2F03A33-21F5-47FA-B4BB-156362A2F239}</Param><Param>{316CDED5-E4AE-4B15-9113-7055D84DCC97}</Param><Param>forensicsacl2</Param><Param>forensicsacl2</Param><Param>S-1-5-21-1413295808-2032686517-1925176222-500</Param><Param>LocalHost (Using LRPC)</Param><Param>Microsoft.Windows.ShellExperienceHost_10.0.19041.4239_neutral_neutral_cw5n1h2txyewy</Param><Param>S-1-15-2-155514346-2573954481-755741238-1654018636-1233331829-3075935687-2861478708</Param>","<DataItem Type=""System.XmlData"" time=""2024-06-26T17:05:58.9454891Z"" sourceHealthServiceId=""a0cf1214-78a1-4446-8ef1-04b39ec9b972""><EventData xmlns=""http://schemas.microsoft.com/win/2004/08/events/event""><Data Name=""param1"">machine-default</Data><Data Name=""param2"">Local</Data><Data Name=""param3"">Activation</Data><Data Name=""param4"">{C2F03A33-21F5-47FA-B4BB-156362A2F239}</Data><Data Name=""param5"">{316CDED5-E4AE-4B15-9113-7055D84DCC97}</Data><Data Name=""param6"">forensicsacl2</Data><Data Name=""param7"">forensicsacl2</Data><Data Name=""param8"">S-1-5-21-1413295808-2032686517-1925176222-500</Data><Data Name=""param9"">LocalHost (Using LRPC)</Data><Data Name=""param10"">Microsoft.Windows.ShellExperienceHost_10.0.19041.4239_neutral_neutral_cw5n1h2txyewy</Data><Data Name=""param11"">S-1-15-2-155514346-2573954481-755741238-1654018636-1233331829-3075935687-2861478708</Data></EventData></DataItem>",10016,"The machine-default permission settings do not grant Local Activation permission for the COM Server application with CLSID  {C2F03A33-21F5-47FA-B4BB-156362A2F239}  and APPID  {316CDED5-E4AE-4B15-9113-7055D84DCC97}  to the user forensicsacl2\forensicsacl2 SID (S-1-5-21-1413295808-2032686517-1925176222-500) from address LocalHost (Using LRPC) running in the application container Microsoft.Windows.ShellExperienceHost_10.0.19041.4239_neutral_neutral_cw5n1h2txyewy SID (S-1-15-2-155514346-2573954481-755741238-1654018636-1233331829-3075935687-2861478708). This security permission can be modified using the Component Services administrative tool.",,,0,"S-1-5-21-1413295808-2032686517-1925176222-500",,"00000000-0000-0000-0000-000000000001","AOI-d558e95b-08c4-4c42-b17a-dd6de6332e26",Event,"/subscriptions/da2ead26-5eba-476e-90f5-13d2028a4531/resourcegroups/cloudforensics_group/providers/microsoft.compute/virtualmachines/forensicsacl2"
"d558e95b-08c4-4c42-b17a-dd6de6332e26",OpsManager,"6/26/2024, 5:05:59.050 PM","Microsoft-Windows-Kernel-General",System,forensicsacl2,4,Information,"<Param>126</Param><Param>\??\C:\Users\forensicsacl2\AppData\Local\Packages\Microsoft.Windows.ContentDeliveryManager_cw5n1h2txyewy\Settings\settings.dat</Param><Param>246</Param><Param>32</Param>","<DataItem Type=""System.XmlData"" time=""2024-06-26T17:05:59.0506719Z"" sourceHealthServiceId=""a0cf1214-78a1-4446-8ef1-04b39ec9b972""><EventData xmlns=""http://schemas.microsoft.com/win/2004/08/events/event""><Data Name=""HiveNameLength"">126</Data><Data Name=""HiveName"">\??\C:\Users\forensicsacl2\AppData\Local\Packages\Microsoft.Windows.ContentDeliveryManager_cw5n1h2txyewy\Settings\settings.dat</Data><Data Name=""KeysUpdated"">246</Data><Data Name=""DirtyPages"">32</Data></EventData></DataItem>",16,"The access history in hive \??\C:\Users\forensicsacl2\AppData\Local\Packages\Microsoft.Windows.ContentDeliveryManager_cw5n1h2txyewy\Settings\settings.dat was cleared updating 246 keys and creating 32 modified pages.",,,0,"S-1-5-18",,"00000000-0000-0000-0000-000000000001","AOI-d558e95b-08c4-4c42-b17a-dd6de6332e26",Event,"/subscriptions/da2ead26-5eba-476e-90f5-13d2028a4531/resourcegroups/cloudforensics_group/providers/microsoft.compute/virtualmachines/forensicsacl2"
"d558e95b-08c4-4c42-b17a-dd6de6332e26",OpsManager,"6/26/2024, 5:05:59.270 PM","Microsoft-Windows-Security-Auditing",Security,forensicsacl2,0,Information,"<Param>S-1-5-21-1413295808-2032686517-1925176222-500</Param><Param>forensicsacl2</Param><Param>forensicsacl2</Param><Param>0x38c895</Param><Param>MicrosoftAccount:user=02alysbxkrazhqmm</Param><Param>0</Param><Param>0</Param><Param>%%8100</Param><Param>3221226021</Param><Param>2024-06-26T17:01:07.0391904Z</Param><Param>5396</Param>","<DataItem Type=""System.XmlData"" time=""2024-06-26T17:05:59.2704328Z"" sourceHealthServiceId=""a0cf1214-78a1-4446-8ef1-04b39ec9b972""><EventData xmlns=""http://schemas.microsoft.com/win/2004/08/events/event""><Data Name=""SubjectUserSid"">S-1-5-21-1413295808-2032686517-1925176222-500</Data><Data Name=""SubjectUserName"">forensicsacl2</Data><Data Name=""SubjectDomainName"">forensicsacl2</Data><Data Name=""SubjectLogonId"">0x38c895</Data><Data Name=""TargetName"">MicrosoftAccount:user=02alysbxkrazhqmm</Data><Data Name=""Type"">0</Data><Data Name=""CountOfCredentialsReturned"">0</Data><Data Name=""ReadOperation"">%%8100</Data><Data Name=""ReturnCode"">3221226021</Data><Data Name=""ProcessCreationTime"">2024-06-26T17:01:07.0391904Z</Data><Data Name=""ClientProcessId"">5396</Data></EventData></DataItem>",5379,"Credential Manager credentials were read.  Subject: 	Security ID:		S-1-5-21-1413295808-2032686517-1925176222-500 	Account Name:		forensicsacl2 	Account Domain:		forensicsacl2 	Logon ID:		0x38C895 	Read Operation:		Enumerate Credentials  This event occurs when a user performs a read operation on stored credentials in Credential Manager.",,,13824,"N/A",,"00000000-0000-0000-0000-000000000001","AOI-d558e95b-08c4-4c42-b17a-dd6de6332e26",Event,"/subscriptions/da2ead26-5eba-476e-90f5-13d2028a4531/resourcegroups/cloudforensics_group/providers/microsoft.compute/virtualmachines/forensicsacl2"
"d558e95b-08c4-4c42-b17a-dd6de6332e26",OpsManager,"6/26/2024, 5:05:59.270 PM","Microsoft-Windows-Security-Auditing",Security,forensicsacl2,0,Information,"<Param>S-1-5-21-1413295808-2032686517-1925176222-500</Param><Param>forensicsacl2</Param><Param>forensicsacl2</Param><Param>0x38c895</Param><Param>WindowsLive:(token):name=02alysbxkrazhqmm;serviceuri=*</Param><Param>0</Param><Param>0</Param><Param>%%8100</Param><Param>3221226021</Param><Param>2024-06-26T17:01:07.0391904Z</Param><Param>5396</Param>","<DataItem Type=""System.XmlData"" time=""2024-06-26T17:05:59.2705616Z"" sourceHealthServiceId=""a0cf1214-78a1-4446-8ef1-04b39ec9b972""><EventData xmlns=""http://schemas.microsoft.com/win/2004/08/events/event""><Data Name=""SubjectUserSid"">S-1-5-21-1413295808-2032686517-1925176222-500</Data><Data Name=""SubjectUserName"">forensicsacl2</Data><Data Name=""SubjectDomainName"">forensicsacl2</Data><Data Name=""SubjectLogonId"">0x38c895</Data><Data Name=""TargetName"">WindowsLive:(token):name=02alysbxkrazhqmm;serviceuri=*</Data><Data Name=""Type"">0</Data><Data Name=""CountOfCredentialsReturned"">0</Data><Data Name=""ReadOperation"">%%8100</Data><Data Name=""ReturnCode"">3221226021</Data><Data Name=""ProcessCreationTime"">2024-06-26T17:01:07.0391904Z</Data><Data Name=""ClientProcessId"">5396</Data></EventData></DataItem>",5379,"Credential Manager credentials were read.  Subject: 	Security ID:		S-1-5-21-1413295808-2032686517-1925176222-500 	Account Name:		forensicsacl2 	Account Domain:		forensicsacl2 	Logon ID:		0x38C895 	Read Operation:		Enumerate Credentials  This event occurs when a user performs a read operation on stored credentials in Credential Manager.",,,13824,"N/A",,"00000000-0000-0000-0000-000000000001","AOI-d558e95b-08c4-4c42-b17a-dd6de6332e26",Event,"/subscriptions/da2ead26-5eba-476e-90f5-13d2028a4531/resourcegroups/cloudforensics_group/providers/microsoft.compute/virtualmachines/forensicsacl2"
"d558e95b-08c4-4c42-b17a-dd6de6332e26",OpsManager,"6/26/2024, 5:05:59.271 PM","Microsoft-Windows-Security-Auditing",Security,forensicsacl2,0,Information,"<Param>S-1-5-21-1413295808-2032686517-1925176222-500</Param><Param>forensicsacl2</Param><Param>forensicsacl2</Param><Param>0x38c895</Param><Param>WindowsLive:(cert):name=02alysbxkrazhqmm;serviceuri=*</Param><Param>0</Param><Param>0</Param><Param>%%8100</Param><Param>3221226021</Param><Param>2024-06-26T17:01:07.0391904Z</Param><Param>5396</Param>","<DataItem Type=""System.XmlData"" time=""2024-06-26T17:05:59.2716301Z"" sourceHealthServiceId=""a0cf1214-78a1-4446-8ef1-04b39ec9b972""><EventData xmlns=""http://schemas.microsoft.com/win/2004/08/events/event""><Data Name=""SubjectUserSid"">S-1-5-21-1413295808-2032686517-1925176222-500</Data><Data Name=""SubjectUserName"">forensicsacl2</Data><Data Name=""SubjectDomainName"">forensicsacl2</Data><Data Name=""SubjectLogonId"">0x38c895</Data><Data Name=""TargetName"">WindowsLive:(cert):name=02alysbxkrazhqmm;serviceuri=*</Data><Data Name=""Type"">0</Data><Data Name=""CountOfCredentialsReturned"">0</Data><Data Name=""ReadOperation"">%%8100</Data><Data Name=""ReturnCode"">3221226021</Data><Data Name=""ProcessCreationTime"">2024-06-26T17:01:07.0391904Z</Data><Data Name=""ClientProcessId"">5396</Data></EventData></DataItem>",5379,"Credential Manager credentials were read.  Subject: 	Security ID:		S-1-5-21-1413295808-2032686517-1925176222-500 	Account Name:		forensicsacl2 	Account Domain:		forensicsacl2 	Logon ID:		0x38C895 	Read Operation:		Enumerate Credentials  This event occurs when a user performs a read operation on stored credentials in Credential Manager.",,,13824,"N/A",,"00000000-0000-0000-0000-000000000001","AOI-d558e95b-08c4-4c42-b17a-dd6de6332e26",Event,"/subscriptions/da2ead26-5eba-476e-90f5-13d2028a4531/resourcegroups/cloudforensics_group/providers/microsoft.compute/virtualmachines/forensicsacl2"
"d558e95b-08c4-4c42-b17a-dd6de6332e26",OpsManager,"6/26/2024, 5:05:59.525 PM","Microsoft-Windows-Security-Auditing",Security,forensicsacl2,0,Information,"<Param>S-1-5-21-1413295808-2032686517-1925176222-500</Param><Param>forensicsacl2</Param><Param>forensicsacl2</Param><Param>0x38c895</Param><Param>MicrosoftAccount:user=02alysbxkrazhqmm</Param><Param>0</Param><Param>0</Param><Param>%%8100</Param><Param>3221226021</Param><Param>2024-06-26T17:01:07.0391904Z</Param><Param>5396</Param>","<DataItem Type=""System.XmlData"" time=""2024-06-26T17:05:59.5259867Z"" sourceHealthServiceId=""a0cf1214-78a1-4446-8ef1-04b39ec9b972""><EventData xmlns=""http://schemas.microsoft.com/win/2004/08/events/event""><Data Name=""SubjectUserSid"">S-1-5-21-1413295808-2032686517-1925176222-500</Data><Data Name=""SubjectUserName"">forensicsacl2</Data><Data Name=""SubjectDomainName"">forensicsacl2</Data><Data Name=""SubjectLogonId"">0x38c895</Data><Data Name=""TargetName"">MicrosoftAccount:user=02alysbxkrazhqmm</Data><Data Name=""Type"">0</Data><Data Name=""CountOfCredentialsReturned"">0</Data><Data Name=""ReadOperation"">%%8100</Data><Data Name=""ReturnCode"">3221226021</Data><Data Name=""ProcessCreationTime"">2024-06-26T17:01:07.0391904Z</Data><Data Name=""ClientProcessId"">5396</Data></EventData></DataItem>",5379,"Credential Manager credentials were read.  Subject: 	Security ID:		S-1-5-21-1413295808-2032686517-1925176222-500 	Account Name:		forensicsacl2 	Account Domain:		forensicsacl2 	Logon ID:		0x38C895 	Read Operation:		Enumerate Credentials  This event occurs when a user performs a read operation on stored credentials in Credential Manager.",,,13824,"N/A",,"00000000-0000-0000-0000-000000000001","AOI-d558e95b-08c4-4c42-b17a-dd6de6332e26",Event,"/subscriptions/da2ead26-5eba-476e-90f5-13d2028a4531/resourcegroups/cloudforensics_group/providers/microsoft.compute/virtualmachines/forensicsacl2"
"d558e95b-08c4-4c42-b17a-dd6de6332e26",OpsManager,"6/26/2024, 5:05:59.534 PM","Microsoft-Windows-Security-Auditing",Security,forensicsacl2,0,Information,"<Param>S-1-5-21-1413295808-2032686517-1925176222-500</Param><Param>forensicsacl2</Param><Param>forensicsacl2</Param><Param>0x38c895</Param><Param>MicrosoftAccount:user=02alysbxkrazhqmm</Param><Param>0</Param><Param>0</Param><Param>%%8100</Param><Param>3221226021</Param><Param>2024-06-26T17:01:07.0391904Z</Param><Param>5396</Param>","<DataItem Type=""System.XmlData"" time=""2024-06-26T17:05:59.5348103Z"" sourceHealthServiceId=""a0cf1214-78a1-4446-8ef1-04b39ec9b972""><EventData xmlns=""http://schemas.microsoft.com/win/2004/08/events/event""><Data Name=""SubjectUserSid"">S-1-5-21-1413295808-2032686517-1925176222-500</Data><Data Name=""SubjectUserName"">forensicsacl2</Data><Data Name=""SubjectDomainName"">forensicsacl2</Data><Data Name=""SubjectLogonId"">0x38c895</Data><Data Name=""TargetName"">MicrosoftAccount:user=02alysbxkrazhqmm</Data><Data Name=""Type"">0</Data><Data Name=""CountOfCredentialsReturned"">0</Data><Data Name=""ReadOperation"">%%8100</Data><Data Name=""ReturnCode"">3221226021</Data><Data Name=""ProcessCreationTime"">2024-06-26T17:01:07.0391904Z</Data><Data Name=""ClientProcessId"">5396</Data></EventData></DataItem>",5379,"Credential Manager credentials were read.  Subject: 	Security ID:		S-1-5-21-1413295808-2032686517-1925176222-500 	Account Name:		forensicsacl2 	Account Domain:		forensicsacl2 	Logon ID:		0x38C895 	Read Operation:		Enumerate Credentials  This event occurs when a user performs a read operation on stored credentials in Credential Manager.",,,13824,"N/A",,"00000000-0000-0000-0000-000000000001","AOI-d558e95b-08c4-4c42-b17a-dd6de6332e26",Event,"/subscriptions/da2ead26-5eba-476e-90f5-13d2028a4531/resourcegroups/cloudforensics_group/providers/microsoft.compute/virtualmachines/forensicsacl2"
"d558e95b-08c4-4c42-b17a-dd6de6332e26",OpsManager,"6/26/2024, 5:05:59.538 PM","Microsoft-Windows-Security-Auditing",Security,forensicsacl2,0,Information,"<Param>S-1-5-21-1413295808-2032686517-1925176222-500</Param><Param>forensicsacl2</Param><Param>forensicsacl2</Param><Param>0x38c895</Param><Param>MicrosoftAccount:user=02alysbxkrazhqmm</Param><Param>0</Param><Param>0</Param><Param>%%8100</Param><Param>3221226021</Param><Param>2024-06-26T17:01:07.0391904Z</Param><Param>5396</Param>","<DataItem Type=""System.XmlData"" time=""2024-06-26T17:05:59.5386688Z"" sourceHealthServiceId=""a0cf1214-78a1-4446-8ef1-04b39ec9b972""><EventData xmlns=""http://schemas.microsoft.com/win/2004/08/events/event""><Data Name=""SubjectUserSid"">S-1-5-21-1413295808-2032686517-1925176222-500</Data><Data Name=""SubjectUserName"">forensicsacl2</Data><Data Name=""SubjectDomainName"">forensicsacl2</Data><Data Name=""SubjectLogonId"">0x38c895</Data><Data Name=""TargetName"">MicrosoftAccount:user=02alysbxkrazhqmm</Data><Data Name=""Type"">0</Data><Data Name=""CountOfCredentialsReturned"">0</Data><Data Name=""ReadOperation"">%%8100</Data><Data Name=""ReturnCode"">3221226021</Data><Data Name=""ProcessCreationTime"">2024-06-26T17:01:07.0391904Z</Data><Data Name=""ClientProcessId"">5396</Data></EventData></DataItem>",5379,"Credential Manager credentials were read.  Subject: 	Security ID:		S-1-5-21-1413295808-2032686517-1925176222-500 	Account Name:		forensicsacl2 	Account Domain:		forensicsacl2 	Logon ID:		0x38C895 	Read Operation:		Enumerate Credentials  This event occurs when a user performs a read operation on stored credentials in Credential Manager.",,,13824,"N/A",,"00000000-0000-0000-0000-000000000001","AOI-d558e95b-08c4-4c42-b17a-dd6de6332e26",Event,"/subscriptions/da2ead26-5eba-476e-90f5-13d2028a4531/resourcegroups/cloudforensics_group/providers/microsoft.compute/virtualmachines/forensicsacl2"
"d558e95b-08c4-4c42-b17a-dd6de6332e26",OpsManager,"6/26/2024, 5:05:59.538 PM","Microsoft-Windows-Security-Auditing",Security,forensicsacl2,0,Information,"<Param>S-1-5-21-1413295808-2032686517-1925176222-500</Param><Param>forensicsacl2</Param><Param>forensicsacl2</Param><Param>0x38c895</Param><Param>MicrosoftAccount:user=02alysbxkrazhqmm</Param><Param>0</Param><Param>0</Param><Param>%%8100</Param><Param>3221226021</Param><Param>2024-06-26T17:01:07.0391904Z</Param><Param>5396</Param>","<DataItem Type=""System.XmlData"" time=""2024-06-26T17:05:59.5387962Z"" sourceHealthServiceId=""a0cf1214-78a1-4446-8ef1-04b39ec9b972""><EventData xmlns=""http://schemas.microsoft.com/win/2004/08/events/event""><Data Name=""SubjectUserSid"">S-1-5-21-1413295808-2032686517-1925176222-500</Data><Data Name=""SubjectUserName"">forensicsacl2</Data><Data Name=""SubjectDomainName"">forensicsacl2</Data><Data Name=""SubjectLogonId"">0x38c895</Data><Data Name=""TargetName"">MicrosoftAccount:user=02alysbxkrazhqmm</Data><Data Name=""Type"">0</Data><Data Name=""CountOfCredentialsReturned"">0</Data><Data Name=""ReadOperation"">%%8100</Data><Data Name=""ReturnCode"">3221226021</Data><Data Name=""ProcessCreationTime"">2024-06-26T17:01:07.0391904Z</Data><Data Name=""ClientProcessId"">5396</Data></EventData></DataItem>",5379,"Credential Manager credentials were read.  Subject: 	Security ID:		S-1-5-21-1413295808-2032686517-1925176222-500 	Account Name:		forensicsacl2 	Account Domain:		forensicsacl2 	Logon ID:		0x38C895 	Read Operation:		Enumerate Credentials  This event occurs when a user performs a read operation on stored credentials in Credential Manager.",,,13824,"N/A",,"00000000-0000-0000-0000-000000000001","AOI-d558e95b-08c4-4c42-b17a-dd6de6332e26",Event,"/subscriptions/da2ead26-5eba-476e-90f5-13d2028a4531/resourcegroups/cloudforensics_group/providers/microsoft.compute/virtualmachines/forensicsacl2"
"d558e95b-08c4-4c42-b17a-dd6de6332e26",OpsManager,"6/26/2024, 5:06:03.964 PM","Microsoft-Windows-Security-Auditing",Security,forensicsacl2,0,Information,"<Param>S-1-5-18</Param><Param>forensicsacl2$</Param><Param>WORKGROUP</Param><Param>0x3e7</Param><Param>S-1-5-18</Param><Param>SYSTEM</Param><Param>NT AUTHORITY</Param><Param>0x3e7</Param><Param>5</Param><Param>Advapi  </Param><Param>Negotiate</Param><Param>-</Param><Param>{00000000-0000-0000-0000-000000000000}</Param><Param>-</Param><Param>-</Param><Param>0</Param><Param>0x2e8</Param><Param>C:\Windows\System32\services.exe</Param><Param>-</Param><Param>-</Param><Param>%%1833</Param><Param>-</Param><Param>-</Param><Param>-</Param><Param>%%1843</Param><Param>0x0</Param><Param>%%1842</Param>","<DataItem Type=""System.XmlData"" time=""2024-06-26T17:06:03.9641161Z"" sourceHealthServiceId=""a0cf1214-78a1-4446-8ef1-04b39ec9b972""><EventData xmlns=""http://schemas.microsoft.com/win/2004/08/events/event""><Data Name=""SubjectUserSid"">S-1-5-18</Data><Data Name=""SubjectUserName"">forensicsacl2$</Data><Data Name=""SubjectDomainName"">WORKGROUP</Data><Data Name=""SubjectLogonId"">0x3e7</Data><Data Name=""TargetUserSid"">S-1-5-18</Data><Data Name=""TargetUserName"">SYSTEM</Data><Data Name=""TargetDomainName"">NT AUTHORITY</Data><Data Name=""TargetLogonId"">0x3e7</Data><Data Name=""LogonType"">5</Data><Data Name=""LogonProcessName"">Advapi  </Data><Data Name=""AuthenticationPackageName"">Negotiate</Data><Data Name=""WorkstationName"">-</Data><Data Name=""LogonGuid"">{00000000-0000-0000-0000-000000000000}</Data><Data Name=""TransmittedServices"">-</Data><Data Name=""LmPackageName"">-</Data><Data Name=""KeyLength"">0</Data><Data Name=""ProcessId"">0x2e8</Data><Data Name=""ProcessName"">C:\Windows\System32\services.exe</Data><Data Name=""IpAddress"">-</Data><Data Name=""IpPort"">-</Data><Data Name=""ImpersonationLevel"">%%1833</Data><Data Name=""RestrictedAdminMode"">-</Data><Data Name=""TargetOutboundUserName"">-</Data><Data Name=""TargetOutboundDomainName"">-</Data><Data Name=""VirtualAccount"">%%1843</Data><Data Name=""TargetLinkedLogonId"">0x0</Data><Data Name=""ElevatedToken"">%%1842</Data></EventData></DataItem>",4624,"An account was successfully logged on.  Subject: 	Security ID:		S-1-5-18 	Account Name:		forensicsacl2$ 	Account Domain:		WORKGROUP 	Logon ID:		0x3E7  Logon Information: 	Logon Type:		5 	Restricted Admin Mode:	- 	Virtual Account:		No 	Elevated Token:		Yes  Impersonation Level:		Impersonation  New Logon: 	Security ID:		S-1-5-18 	Account Name:		SYSTEM 	Account Domain:		NT AUTHORITY 	Logon ID:		0x3E7 	Linked Logon ID:		0x0 	Network Account Name:	- 	Network Account Domain:	- 	Logon GUID:		{00000000-0000-0000-0000-000000000000}  Process Information: 	Process ID:		0x2e8 	Process Name:		C:\Windows\System32\services.exe  Network Information: 	Workstation Name:	- 	Source Network Address:	- 	Source Port:		-  Detailed Authentication Information: 	Logon Process:		Advapi   	Authentication Package:	Negotiate 	Transited Services:	- 	Package Name (NTLM only):	- 	Key Length:		0  This event is generated when a logon session is created. It is generated on the computer that was accessed.  The subject fields indicate the account on the local system which requested the logon. This is most commonly a service such as the Server service, or a local process such as Winlogon.exe or Services.exe.  The logon type field indicates the kind of logon that occurred. The most common types are 2 (interactive) and 3 (network).  The New Logon fields indicate the account for whom the new logon was created, i.e. the account that was logged on.  The network fields indicate where a remote logon request originated. Workstation name is not always available and may be left blank in some cases.  The impersonation level field indicates the extent to which a process in the logon session can impersonate.  The authentication information fields provide detailed information about this specific logon request. 	- Logon GUID is a unique identifier that can be used to correlate this event with a KDC event. 	- Transited services indicate which intermediate services have participated in this logon request. 	- Package name indicates which sub-protocol was used among the NTLM protocols. 	- Key length indicates the length of the generated session key. This will be 0 if no session key was requested.",,,12544,"N/A",,"00000000-0000-0000-0000-000000000001","AOI-d558e95b-08c4-4c42-b17a-dd6de6332e26",Event,"/subscriptions/da2ead26-5eba-476e-90f5-13d2028a4531/resourcegroups/cloudforensics_group/providers/microsoft.compute/virtualmachines/forensicsacl2"
"d558e95b-08c4-4c42-b17a-dd6de6332e26",OpsManager,"6/26/2024, 5:06:03.964 PM","Microsoft-Windows-Security-Auditing",Security,forensicsacl2,0,Information,"<Param>S-1-5-18</Param><Param>SYSTEM</Param><Param>NT AUTHORITY</Param><Param>0x3e7</Param><Param>SeAssignPrimaryTokenPrivilege 			SeTcbPrivilege 			SeSecurityPrivilege 			SeTakeOwnershipPrivilege 			SeLoadDriverPrivilege 			SeBackupPrivilege 			SeRestorePrivilege 			SeDebugPrivilege 			SeAuditPrivilege 			SeSystemEnvironmentPrivilege 			SeImpersonatePrivilege 			SeDelegateSessionUserImpersonatePrivilege</Param>","<DataItem Type=""System.XmlData"" time=""2024-06-26T17:06:03.9641270Z"" sourceHealthServiceId=""a0cf1214-78a1-4446-8ef1-04b39ec9b972""><EventData xmlns=""http://schemas.microsoft.com/win/2004/08/events/event""><Data Name=""SubjectUserSid"">S-1-5-18</Data><Data Name=""SubjectUserName"">SYSTEM</Data><Data Name=""SubjectDomainName"">NT AUTHORITY</Data><Data Name=""SubjectLogonId"">0x3e7</Data><Data Name=""PrivilegeList"">SeAssignPrimaryTokenPrivilege 			SeTcbPrivilege 			SeSecurityPrivilege 			SeTakeOwnershipPrivilege 			SeLoadDriverPrivilege 			SeBackupPrivilege 			SeRestorePrivilege 			SeDebugPrivilege 			SeAuditPrivilege 			SeSystemEnvironmentPrivilege 			SeImpersonatePrivilege 			SeDelegateSessionUserImpersonatePrivilege</Data></EventData></DataItem>",4672,"Special privileges assigned to new logon.  Subject: 	Security ID:		S-1-5-18 	Account Name:		SYSTEM 	Account Domain:		NT AUTHORITY 	Logon ID:		0x3E7  Privileges:		SeAssignPrimaryTokenPrivilege 			SeTcbPrivilege 			SeSecurityPrivilege 			SeTakeOwnershipPrivilege 			SeLoadDriverPrivilege 			SeBackupPrivilege 			SeRestorePrivilege 			SeDebugPrivilege 			SeAuditPrivilege 			SeSystemEnvironmentPrivilege 			SeImpersonatePrivilege 			SeDelegateSessionUserImpersonatePrivilege",,,12548,"N/A",,"00000000-0000-0000-0000-000000000001","AOI-d558e95b-08c4-4c42-b17a-dd6de6332e26",Event,"/subscriptions/da2ead26-5eba-476e-90f5-13d2028a4531/resourcegroups/cloudforensics_group/providers/microsoft.compute/virtualmachines/forensicsacl2"
"d558e95b-08c4-4c42-b17a-dd6de6332e26",OpsManager,"6/26/2024, 5:06:04.046 PM","Microsoft-Windows-Security-Auditing",Security,forensicsacl2,0,Information,"<Param>S-1-5-21-1413295808-2032686517-1925176222-500</Param><Param>forensicsacl2</Param><Param>forensicsacl2</Param><Param>0x38c895</Param><Param>MicrosoftAccount:user=02alysbxkrazhqmm</Param><Param>0</Param><Param>0</Param><Param>%%8100</Param><Param>3221226021</Param><Param>2024-06-26T17:01:07.0391904Z</Param><Param>5396</Param>","<DataItem Type=""System.XmlData"" time=""2024-06-26T17:06:04.0462866Z"" sourceHealthServiceId=""a0cf1214-78a1-4446-8ef1-04b39ec9b972""><EventData xmlns=""http://schemas.microsoft.com/win/2004/08/events/event""><Data Name=""SubjectUserSid"">S-1-5-21-1413295808-2032686517-1925176222-500</Data><Data Name=""SubjectUserName"">forensicsacl2</Data><Data Name=""SubjectDomainName"">forensicsacl2</Data><Data Name=""SubjectLogonId"">0x38c895</Data><Data Name=""TargetName"">MicrosoftAccount:user=02alysbxkrazhqmm</Data><Data Name=""Type"">0</Data><Data Name=""CountOfCredentialsReturned"">0</Data><Data Name=""ReadOperation"">%%8100</Data><Data Name=""ReturnCode"">3221226021</Data><Data Name=""ProcessCreationTime"">2024-06-26T17:01:07.0391904Z</Data><Data Name=""ClientProcessId"">5396</Data></EventData></DataItem>",5379,"Credential Manager credentials were read.  Subject: 	Security ID:		S-1-5-21-1413295808-2032686517-1925176222-500 	Account Name:		forensicsacl2 	Account Domain:		forensicsacl2 	Logon ID:		0x38C895 	Read Operation:		Enumerate Credentials  This event occurs when a user performs a read operation on stored credentials in Credential Manager.",,,13824,"N/A",,"00000000-0000-0000-0000-000000000001","AOI-d558e95b-08c4-4c42-b17a-dd6de6332e26",Event,"/subscriptions/da2ead26-5eba-476e-90f5-13d2028a4531/resourcegroups/cloudforensics_group/providers/microsoft.compute/virtualmachines/forensicsacl2"
"d558e95b-08c4-4c42-b17a-dd6de6332e26",OpsManager,"6/26/2024, 5:06:04.046 PM","Microsoft-Windows-Security-Auditing",Security,forensicsacl2,0,Information,"<Param>S-1-5-21-1413295808-2032686517-1925176222-500</Param><Param>forensicsacl2</Param><Param>forensicsacl2</Param><Param>0x38c895</Param><Param>WindowsLive:(token):name=02alysbxkrazhqmm;serviceuri=*</Param><Param>0</Param><Param>0</Param><Param>%%8100</Param><Param>3221226021</Param><Param>2024-06-26T17:01:07.0391904Z</Param><Param>5396</Param>","<DataItem Type=""System.XmlData"" time=""2024-06-26T17:06:04.0464273Z"" sourceHealthServiceId=""a0cf1214-78a1-4446-8ef1-04b39ec9b972""><EventData xmlns=""http://schemas.microsoft.com/win/2004/08/events/event""><Data Name=""SubjectUserSid"">S-1-5-21-1413295808-2032686517-1925176222-500</Data><Data Name=""SubjectUserName"">forensicsacl2</Data><Data Name=""SubjectDomainName"">forensicsacl2</Data><Data Name=""SubjectLogonId"">0x38c895</Data><Data Name=""TargetName"">WindowsLive:(token):name=02alysbxkrazhqmm;serviceuri=*</Data><Data Name=""Type"">0</Data><Data Name=""CountOfCredentialsReturned"">0</Data><Data Name=""ReadOperation"">%%8100</Data><Data Name=""ReturnCode"">3221226021</Data><Data Name=""ProcessCreationTime"">2024-06-26T17:01:07.0391904Z</Data><Data Name=""ClientProcessId"">5396</Data></EventData></DataItem>",5379,"Credential Manager credentials were read.  Subject: 	Security ID:		S-1-5-21-1413295808-2032686517-1925176222-500 	Account Name:		forensicsacl2 	Account Domain:		forensicsacl2 	Logon ID:		0x38C895 	Read Operation:		Enumerate Credentials  This event occurs when a user performs a read operation on stored credentials in Credential Manager.",,,13824,"N/A",,"00000000-0000-0000-0000-000000000001","AOI-d558e95b-08c4-4c42-b17a-dd6de6332e26",Event,"/subscriptions/da2ead26-5eba-476e-90f5-13d2028a4531/resourcegroups/cloudforensics_group/providers/microsoft.compute/virtualmachines/forensicsacl2"
"d558e95b-08c4-4c42-b17a-dd6de6332e26",OpsManager,"6/26/2024, 5:06:04.047 PM","Microsoft-Windows-Security-Auditing",Security,forensicsacl2,0,Information,"<Param>S-1-5-21-1413295808-2032686517-1925176222-500</Param><Param>forensicsacl2</Param><Param>forensicsacl2</Param><Param>0x38c895</Param><Param>WindowsLive:(cert):name=02alysbxkrazhqmm;serviceuri=*</Param><Param>0</Param><Param>0</Param><Param>%%8100</Param><Param>3221226021</Param><Param>2024-06-26T17:01:07.0391904Z</Param><Param>5396</Param>","<DataItem Type=""System.XmlData"" time=""2024-06-26T17:06:04.0473445Z"" sourceHealthServiceId=""a0cf1214-78a1-4446-8ef1-04b39ec9b972""><EventData xmlns=""http://schemas.microsoft.com/win/2004/08/events/event""><Data Name=""SubjectUserSid"">S-1-5-21-1413295808-2032686517-1925176222-500</Data><Data Name=""SubjectUserName"">forensicsacl2</Data><Data Name=""SubjectDomainName"">forensicsacl2</Data><Data Name=""SubjectLogonId"">0x38c895</Data><Data Name=""TargetName"">WindowsLive:(cert):name=02alysbxkrazhqmm;serviceuri=*</Data><Data Name=""Type"">0</Data><Data Name=""CountOfCredentialsReturned"">0</Data><Data Name=""ReadOperation"">%%8100</Data><Data Name=""ReturnCode"">3221226021</Data><Data Name=""ProcessCreationTime"">2024-06-26T17:01:07.0391904Z</Data><Data Name=""ClientProcessId"">5396</Data></EventData></DataItem>",5379,"Credential Manager credentials were read.  Subject: 	Security ID:		S-1-5-21-1413295808-2032686517-1925176222-500 	Account Name:		forensicsacl2 	Account Domain:		forensicsacl2 	Logon ID:		0x38C895 	Read Operation:		Enumerate Credentials  This event occurs when a user performs a read operation on stored credentials in Credential Manager.",,,13824,"N/A",,"00000000-0000-0000-0000-000000000001","AOI-d558e95b-08c4-4c42-b17a-dd6de6332e26",Event,"/subscriptions/da2ead26-5eba-476e-90f5-13d2028a4531/resourcegroups/cloudforensics_group/providers/microsoft.compute/virtualmachines/forensicsacl2"
"d558e95b-08c4-4c42-b17a-dd6de6332e26",OpsManager,"6/26/2024, 5:06:04.048 PM","Microsoft-Windows-Security-Auditing",Security,forensicsacl2,0,Information,"<Param>S-1-5-21-1413295808-2032686517-1925176222-500</Param><Param>forensicsacl2</Param><Param>forensicsacl2</Param><Param>0x38c895</Param><Param>MicrosoftAccount:user=02alysbxkrazhqmm</Param><Param>0</Param><Param>0</Param><Param>%%8100</Param><Param>3221226021</Param><Param>2024-06-26T17:01:07.0391904Z</Param><Param>5396</Param>","<DataItem Type=""System.XmlData"" time=""2024-06-26T17:06:04.0482554Z"" sourceHealthServiceId=""a0cf1214-78a1-4446-8ef1-04b39ec9b972""><EventData xmlns=""http://schemas.microsoft.com/win/2004/08/events/event""><Data Name=""SubjectUserSid"">S-1-5-21-1413295808-2032686517-1925176222-500</Data><Data Name=""SubjectUserName"">forensicsacl2</Data><Data Name=""SubjectDomainName"">forensicsacl2</Data><Data Name=""SubjectLogonId"">0x38c895</Data><Data Name=""TargetName"">MicrosoftAccount:user=02alysbxkrazhqmm</Data><Data Name=""Type"">0</Data><Data Name=""CountOfCredentialsReturned"">0</Data><Data Name=""ReadOperation"">%%8100</Data><Data Name=""ReturnCode"">3221226021</Data><Data Name=""ProcessCreationTime"">2024-06-26T17:01:07.0391904Z</Data><Data Name=""ClientProcessId"">5396</Data></EventData></DataItem>",5379,"Credential Manager credentials were read.  Subject: 	Security ID:		S-1-5-21-1413295808-2032686517-1925176222-500 	Account Name:		forensicsacl2 	Account Domain:		forensicsacl2 	Logon ID:		0x38C895 	Read Operation:		Enumerate Credentials  This event occurs when a user performs a read operation on stored credentials in Credential Manager.",,,13824,"N/A",,"00000000-0000-0000-0000-000000000001","AOI-d558e95b-08c4-4c42-b17a-dd6de6332e26",Event,"/subscriptions/da2ead26-5eba-476e-90f5-13d2028a4531/resourcegroups/cloudforensics_group/providers/microsoft.compute/virtualmachines/forensicsacl2"
"d558e95b-08c4-4c42-b17a-dd6de6332e26",OpsManager,"6/26/2024, 5:06:04.048 PM","Microsoft-Windows-Security-Auditing",Security,forensicsacl2,0,Information,"<Param>S-1-5-21-1413295808-2032686517-1925176222-500</Param><Param>forensicsacl2</Param><Param>forensicsacl2</Param><Param>0x38c895</Param><Param>WindowsLive:(token):name=02alysbxkrazhqmm;serviceuri=*</Param><Param>0</Param><Param>0</Param><Param>%%8100</Param><Param>3221226021</Param><Param>2024-06-26T17:01:07.0391904Z</Param><Param>5396</Param>","<DataItem Type=""System.XmlData"" time=""2024-06-26T17:06:04.0483845Z"" sourceHealthServiceId=""a0cf1214-78a1-4446-8ef1-04b39ec9b972""><EventData xmlns=""http://schemas.microsoft.com/win/2004/08/events/event""><Data Name=""SubjectUserSid"">S-1-5-21-1413295808-2032686517-1925176222-500</Data><Data Name=""SubjectUserName"">forensicsacl2</Data><Data Name=""SubjectDomainName"">forensicsacl2</Data><Data Name=""SubjectLogonId"">0x38c895</Data><Data Name=""TargetName"">WindowsLive:(token):name=02alysbxkrazhqmm;serviceuri=*</Data><Data Name=""Type"">0</Data><Data Name=""CountOfCredentialsReturned"">0</Data><Data Name=""ReadOperation"">%%8100</Data><Data Name=""ReturnCode"">3221226021</Data><Data Name=""ProcessCreationTime"">2024-06-26T17:01:07.0391904Z</Data><Data Name=""ClientProcessId"">5396</Data></EventData></DataItem>",5379,"Credential Manager credentials were read.  Subject: 	Security ID:		S-1-5-21-1413295808-2032686517-1925176222-500 	Account Name:		forensicsacl2 	Account Domain:		forensicsacl2 	Logon ID:		0x38C895 	Read Operation:		Enumerate Credentials  This event occurs when a user performs a read operation on stored credentials in Credential Manager.",,,13824,"N/A",,"00000000-0000-0000-0000-000000000001","AOI-d558e95b-08c4-4c42-b17a-dd6de6332e26",Event,"/subscriptions/da2ead26-5eba-476e-90f5-13d2028a4531/resourcegroups/cloudforensics_group/providers/microsoft.compute/virtualmachines/forensicsacl2"
"d558e95b-08c4-4c42-b17a-dd6de6332e26",OpsManager,"6/26/2024, 5:06:04.048 PM","Microsoft-Windows-Security-Auditing",Security,forensicsacl2,0,Information,"<Param>S-1-5-21-1413295808-2032686517-1925176222-500</Param><Param>forensicsacl2</Param><Param>forensicsacl2</Param><Param>0x38c895</Param><Param>WindowsLive:(cert):name=02alysbxkrazhqmm;serviceuri=*</Param><Param>0</Param><Param>0</Param><Param>%%8100</Param><Param>3221226021</Param><Param>2024-06-26T17:01:07.0391904Z</Param><Param>5396</Param>","<DataItem Type=""System.XmlData"" time=""2024-06-26T17:06:04.0487451Z"" sourceHealthServiceId=""a0cf1214-78a1-4446-8ef1-04b39ec9b972""><EventData xmlns=""http://schemas.microsoft.com/win/2004/08/events/event""><Data Name=""SubjectUserSid"">S-1-5-21-1413295808-2032686517-1925176222-500</Data><Data Name=""SubjectUserName"">forensicsacl2</Data><Data Name=""SubjectDomainName"">forensicsacl2</Data><Data Name=""SubjectLogonId"">0x38c895</Data><Data Name=""TargetName"">WindowsLive:(cert):name=02alysbxkrazhqmm;serviceuri=*</Data><Data Name=""Type"">0</Data><Data Name=""CountOfCredentialsReturned"">0</Data><Data Name=""ReadOperation"">%%8100</Data><Data Name=""ReturnCode"">3221226021</Data><Data Name=""ProcessCreationTime"">2024-06-26T17:01:07.0391904Z</Data><Data Name=""ClientProcessId"">5396</Data></EventData></DataItem>",5379,"Credential Manager credentials were read.  Subject: 	Security ID:		S-1-5-21-1413295808-2032686517-1925176222-500 	Account Name:		forensicsacl2 	Account Domain:		forensicsacl2 	Logon ID:		0x38C895 	Read Operation:		Enumerate Credentials  This event occurs when a user performs a read operation on stored credentials in Credential Manager.",,,13824,"N/A",,"00000000-0000-0000-0000-000000000001","AOI-d558e95b-08c4-4c42-b17a-dd6de6332e26",Event,"/subscriptions/da2ead26-5eba-476e-90f5-13d2028a4531/resourcegroups/cloudforensics_group/providers/microsoft.compute/virtualmachines/forensicsacl2"
"d558e95b-08c4-4c42-b17a-dd6de6332e26",OpsManager,"6/26/2024, 5:06:04.090 PM","Microsoft-Windows-Security-Auditing",Security,forensicsacl2,0,Information,"<Param>S-1-5-21-1413295808-2032686517-1925176222-500</Param><Param>forensicsacl2</Param><Param>forensicsacl2</Param><Param>0x38c895</Param><Param>MicrosoftAccount:user=02alysbxkrazhqmm</Param><Param>0</Param><Param>0</Param><Param>%%8100</Param><Param>3221226021</Param><Param>2024-06-26T17:01:07.0391904Z</Param><Param>5396</Param>","<DataItem Type=""System.XmlData"" time=""2024-06-26T17:06:04.0908795Z"" sourceHealthServiceId=""a0cf1214-78a1-4446-8ef1-04b39ec9b972""><EventData xmlns=""http://schemas.microsoft.com/win/2004/08/events/event""><Data Name=""SubjectUserSid"">S-1-5-21-1413295808-2032686517-1925176222-500</Data><Data Name=""SubjectUserName"">forensicsacl2</Data><Data Name=""SubjectDomainName"">forensicsacl2</Data><Data Name=""SubjectLogonId"">0x38c895</Data><Data Name=""TargetName"">MicrosoftAccount:user=02alysbxkrazhqmm</Data><Data Name=""Type"">0</Data><Data Name=""CountOfCredentialsReturned"">0</Data><Data Name=""ReadOperation"">%%8100</Data><Data Name=""ReturnCode"">3221226021</Data><Data Name=""ProcessCreationTime"">2024-06-26T17:01:07.0391904Z</Data><Data Name=""ClientProcessId"">5396</Data></EventData></DataItem>",5379,"Credential Manager credentials were read.  Subject: 	Security ID:		S-1-5-21-1413295808-2032686517-1925176222-500 	Account Name:		forensicsacl2 	Account Domain:		forensicsacl2 	Logon ID:		0x38C895 	Read Operation:		Enumerate Credentials  This event occurs when a user performs a read operation on stored credentials in Credential Manager.",,,13824,"N/A",,"00000000-0000-0000-0000-000000000001","AOI-d558e95b-08c4-4c42-b17a-dd6de6332e26",Event,"/subscriptions/da2ead26-5eba-476e-90f5-13d2028a4531/resourcegroups/cloudforensics_group/providers/microsoft.compute/virtualmachines/forensicsacl2"
"d558e95b-08c4-4c42-b17a-dd6de6332e26",OpsManager,"6/26/2024, 5:06:04.091 PM","Microsoft-Windows-Security-Auditing",Security,forensicsacl2,0,Information,"<Param>S-1-5-21-1413295808-2032686517-1925176222-500</Param><Param>forensicsacl2</Param><Param>forensicsacl2</Param><Param>0x38c895</Param><Param>WindowsLive:(token):name=02alysbxkrazhqmm;serviceuri=*</Param><Param>0</Param><Param>0</Param><Param>%%8100</Param><Param>3221226021</Param><Param>2024-06-26T17:01:07.0391904Z</Param><Param>5396</Param>","<DataItem Type=""System.XmlData"" time=""2024-06-26T17:06:04.0910089Z"" sourceHealthServiceId=""a0cf1214-78a1-4446-8ef1-04b39ec9b972""><EventData xmlns=""http://schemas.microsoft.com/win/2004/08/events/event""><Data Name=""SubjectUserSid"">S-1-5-21-1413295808-2032686517-1925176222-500</Data><Data Name=""SubjectUserName"">forensicsacl2</Data><Data Name=""SubjectDomainName"">forensicsacl2</Data><Data Name=""SubjectLogonId"">0x38c895</Data><Data Name=""TargetName"">WindowsLive:(token):name=02alysbxkrazhqmm;serviceuri=*</Data><Data Name=""Type"">0</Data><Data Name=""CountOfCredentialsReturned"">0</Data><Data Name=""ReadOperation"">%%8100</Data><Data Name=""ReturnCode"">3221226021</Data><Data Name=""ProcessCreationTime"">2024-06-26T17:01:07.0391904Z</Data><Data Name=""ClientProcessId"">5396</Data></EventData></DataItem>",5379,"Credential Manager credentials were read.  Subject: 	Security ID:		S-1-5-21-1413295808-2032686517-1925176222-500 	Account Name:		forensicsacl2 	Account Domain:		forensicsacl2 	Logon ID:		0x38C895 	Read Operation:		Enumerate Credentials  This event occurs when a user performs a read operation on stored credentials in Credential Manager.",,,13824,"N/A",,"00000000-0000-0000-0000-000000000001","AOI-d558e95b-08c4-4c42-b17a-dd6de6332e26",Event,"/subscriptions/da2ead26-5eba-476e-90f5-13d2028a4531/resourcegroups/cloudforensics_group/providers/microsoft.compute/virtualmachines/forensicsacl2"
"d558e95b-08c4-4c42-b17a-dd6de6332e26",OpsManager,"6/26/2024, 5:06:04.091 PM","Microsoft-Windows-Security-Auditing",Security,forensicsacl2,0,Information,"<Param>S-1-5-21-1413295808-2032686517-1925176222-500</Param><Param>forensicsacl2</Param><Param>forensicsacl2</Param><Param>0x38c895</Param><Param>WindowsLive:(cert):name=02alysbxkrazhqmm;serviceuri=*</Param><Param>0</Param><Param>0</Param><Param>%%8100</Param><Param>3221226021</Param><Param>2024-06-26T17:01:07.0391904Z</Param><Param>5396</Param>","<DataItem Type=""System.XmlData"" time=""2024-06-26T17:06:04.0915578Z"" sourceHealthServiceId=""a0cf1214-78a1-4446-8ef1-04b39ec9b972""><EventData xmlns=""http://schemas.microsoft.com/win/2004/08/events/event""><Data Name=""SubjectUserSid"">S-1-5-21-1413295808-2032686517-1925176222-500</Data><Data Name=""SubjectUserName"">forensicsacl2</Data><Data Name=""SubjectDomainName"">forensicsacl2</Data><Data Name=""SubjectLogonId"">0x38c895</Data><Data Name=""TargetName"">WindowsLive:(cert):name=02alysbxkrazhqmm;serviceuri=*</Data><Data Name=""Type"">0</Data><Data Name=""CountOfCredentialsReturned"">0</Data><Data Name=""ReadOperation"">%%8100</Data><Data Name=""ReturnCode"">3221226021</Data><Data Name=""ProcessCreationTime"">2024-06-26T17:01:07.0391904Z</Data><Data Name=""ClientProcessId"">5396</Data></EventData></DataItem>",5379,"Credential Manager credentials were read.  Subject: 	Security ID:		S-1-5-21-1413295808-2032686517-1925176222-500 	Account Name:		forensicsacl2 	Account Domain:		forensicsacl2 	Logon ID:		0x38C895 	Read Operation:		Enumerate Credentials  This event occurs when a user performs a read operation on stored credentials in Credential Manager.",,,13824,"N/A",,"00000000-0000-0000-0000-000000000001","AOI-d558e95b-08c4-4c42-b17a-dd6de6332e26",Event,"/subscriptions/da2ead26-5eba-476e-90f5-13d2028a4531/resourcegroups/cloudforensics_group/providers/microsoft.compute/virtualmachines/forensicsacl2"
"d558e95b-08c4-4c42-b17a-dd6de6332e26",OpsManager,"6/26/2024, 5:06:04.136 PM","Microsoft-Windows-Security-Auditing",Security,forensicsacl2,0,Information,"<Param>S-1-5-21-1413295808-2032686517-1925176222-500</Param><Param>forensicsacl2</Param><Param>forensicsacl2</Param><Param>0x38c895</Param><Param>MicrosoftAccount:user=02alysbxkrazhqmm</Param><Param>0</Param><Param>0</Param><Param>%%8100</Param><Param>3221226021</Param><Param>2024-06-26T17:01:07.0391904Z</Param><Param>5396</Param>","<DataItem Type=""System.XmlData"" time=""2024-06-26T17:06:04.1360306Z"" sourceHealthServiceId=""a0cf1214-78a1-4446-8ef1-04b39ec9b972""><EventData xmlns=""http://schemas.microsoft.com/win/2004/08/events/event""><Data Name=""SubjectUserSid"">S-1-5-21-1413295808-2032686517-1925176222-500</Data><Data Name=""SubjectUserName"">forensicsacl2</Data><Data Name=""SubjectDomainName"">forensicsacl2</Data><Data Name=""SubjectLogonId"">0x38c895</Data><Data Name=""TargetName"">MicrosoftAccount:user=02alysbxkrazhqmm</Data><Data Name=""Type"">0</Data><Data Name=""CountOfCredentialsReturned"">0</Data><Data Name=""ReadOperation"">%%8100</Data><Data Name=""ReturnCode"">3221226021</Data><Data Name=""ProcessCreationTime"">2024-06-26T17:01:07.0391904Z</Data><Data Name=""ClientProcessId"">5396</Data></EventData></DataItem>",5379,"Credential Manager credentials were read.  Subject: 	Security ID:		S-1-5-21-1413295808-2032686517-1925176222-500 	Account Name:		forensicsacl2 	Account Domain:		forensicsacl2 	Logon ID:		0x38C895 	Read Operation:		Enumerate Credentials  This event occurs when a user performs a read operation on stored credentials in Credential Manager.",,,13824,"N/A",,"00000000-0000-0000-0000-000000000001","AOI-d558e95b-08c4-4c42-b17a-dd6de6332e26",Event,"/subscriptions/da2ead26-5eba-476e-90f5-13d2028a4531/resourcegroups/cloudforensics_group/providers/microsoft.compute/virtualmachines/forensicsacl2"
"d558e95b-08c4-4c42-b17a-dd6de6332e26",OpsManager,"6/26/2024, 5:06:04.136 PM","Microsoft-Windows-Security-Auditing",Security,forensicsacl2,0,Information,"<Param>S-1-5-21-1413295808-2032686517-1925176222-500</Param><Param>forensicsacl2</Param><Param>forensicsacl2</Param><Param>0x38c895</Param><Param>WindowsLive:(token):name=02alysbxkrazhqmm;serviceuri=*</Param><Param>0</Param><Param>0</Param><Param>%%8100</Param><Param>3221226021</Param><Param>2024-06-26T17:01:07.0391904Z</Param><Param>5396</Param>","<DataItem Type=""System.XmlData"" time=""2024-06-26T17:06:04.1361603Z"" sourceHealthServiceId=""a0cf1214-78a1-4446-8ef1-04b39ec9b972""><EventData xmlns=""http://schemas.microsoft.com/win/2004/08/events/event""><Data Name=""SubjectUserSid"">S-1-5-21-1413295808-2032686517-1925176222-500</Data><Data Name=""SubjectUserName"">forensicsacl2</Data><Data Name=""SubjectDomainName"">forensicsacl2</Data><Data Name=""SubjectLogonId"">0x38c895</Data><Data Name=""TargetName"">WindowsLive:(token):name=02alysbxkrazhqmm;serviceuri=*</Data><Data Name=""Type"">0</Data><Data Name=""CountOfCredentialsReturned"">0</Data><Data Name=""ReadOperation"">%%8100</Data><Data Name=""ReturnCode"">3221226021</Data><Data Name=""ProcessCreationTime"">2024-06-26T17:01:07.0391904Z</Data><Data Name=""ClientProcessId"">5396</Data></EventData></DataItem>",5379,"Credential Manager credentials were read.  Subject: 	Security ID:		S-1-5-21-1413295808-2032686517-1925176222-500 	Account Name:		forensicsacl2 	Account Domain:		forensicsacl2 	Logon ID:		0x38C895 	Read Operation:		Enumerate Credentials  This event occurs when a user performs a read operation on stored credentials in Credential Manager.",,,13824,"N/A",,"00000000-0000-0000-0000-000000000001","AOI-d558e95b-08c4-4c42-b17a-dd6de6332e26",Event,"/subscriptions/da2ead26-5eba-476e-90f5-13d2028a4531/resourcegroups/cloudforensics_group/providers/microsoft.compute/virtualmachines/forensicsacl2"
