"d558e95b-08c4-4c42-b17a-dd6de6332e26",OpsManager,"6/26/2024, 4:52:36.794 PM","Microsoft-Windows-Security-Auditing",Security,forensicsacl2,0,Information,"<Param>forensicsacl2</Param><Param>forensicsacl2</Param><Param>S-1-5-21-1413295808-2032686517-1925176222-500</Param><Param>S-1-5-18</Param><Param>forensicsacl2$</Param><Param>WORKGROUP</Param><Param>0x3e7</Param><Param>0x1174</Param><Param>C:\Windows\System32\wbem\WmiPrvSE.exe</Param>","<DataItem Type=""System.XmlData"" time=""2024-06-26T16:52:36.7941462Z"" sourceHealthServiceId=""a0cf1214-78a1-4446-8ef1-04b39ec9b972""><EventData xmlns=""http://schemas.microsoft.com/win/2004/08/events/event""><Data Name=""TargetUserName"">forensicsacl2</Data><Data Name=""TargetDomainName"">forensicsacl2</Data><Data Name=""TargetSid"">S-1-5-21-1413295808-2032686517-1925176222-500</Data><Data Name=""SubjectUserSid"">S-1-5-18</Data><Data Name=""SubjectUserName"">forensicsacl2$</Data><Data Name=""SubjectDomainName"">WORKGROUP</Data><Data Name=""SubjectLogonId"">0x3e7</Data><Data Name=""CallerProcessId"">0x1174</Data><Data Name=""CallerProcessName"">C:\Windows\System32\wbem\WmiPrvSE.exe</Data></EventData></DataItem>",4798,"A user's local group membership was enumerated.  Subject: 	Security ID:		S-1-5-18 	Account Name:		forensicsacl2$ 	Account Domain:		WORKGROUP 	Logon ID:		0x3E7  User: 	Security ID:		S-1-5-21-1413295808-2032686517-1925176222-500 	Account Name:		forensicsacl2 	Account Domain:		forensicsacl2  Process Information: 	Process ID:		0x1174 	Process Name:		C:\Windows\System32\wbem\WmiPrvSE.exe",,,13824,"N/A",,"00000000-0000-0000-0000-000000000001","AOI-d558e95b-08c4-4c42-b17a-dd6de6332e26",Event,"/subscriptions/da2ead26-5eba-476e-90f5-13d2028a4531/resourcegroups/cloudforensics_group/providers/microsoft.compute/virtualmachines/forensicsacl2"
"d558e95b-08c4-4c42-b17a-dd6de6332e26",OpsManager,"6/26/2024, 4:52:36.794 PM","Microsoft-Windows-Security-Auditing",Security,forensicsacl2,0,Information,"<Param>Guest</Param><Param>forensicsacl2</Param><Param>S-1-5-21-1413295808-2032686517-1925176222-501</Param><Param>S-1-5-18</Param><Param>forensicsacl2$</Param><Param>WORKGROUP</Param><Param>0x3e7</Param><Param>0x1174</Param><Param>C:\Windows\System32\wbem\WmiPrvSE.exe</Param>","<DataItem Type=""System.XmlData"" time=""2024-06-26T16:52:36.7944491Z"" sourceHealthServiceId=""a0cf1214-78a1-4446-8ef1-04b39ec9b972""><EventData xmlns=""http://schemas.microsoft.com/win/2004/08/events/event""><Data Name=""TargetUserName"">Guest</Data><Data Name=""TargetDomainName"">forensicsacl2</Data><Data Name=""TargetSid"">S-1-5-21-1413295808-2032686517-1925176222-501</Data><Data Name=""SubjectUserSid"">S-1-5-18</Data><Data Name=""SubjectUserName"">forensicsacl2$</Data><Data Name=""SubjectDomainName"">WORKGROUP</Data><Data Name=""SubjectLogonId"">0x3e7</Data><Data Name=""CallerProcessId"">0x1174</Data><Data Name=""CallerProcessName"">C:\Windows\System32\wbem\WmiPrvSE.exe</Data></EventData></DataItem>",4798,"A user's local group membership was enumerated.  Subject: 	Security ID:		S-1-5-18 	Account Name:		forensicsacl2$ 	Account Domain:		WORKGROUP 	Logon ID:		0x3E7  User: 	Security ID:		S-1-5-21-1413295808-2032686517-1925176222-501 	Account Name:		Guest 	Account Domain:		forensicsacl2  Process Information: 	Process ID:		0x1174 	Process Name:		C:\Windows\System32\wbem\WmiPrvSE.exe",,,13824,"N/A",,"00000000-0000-0000-0000-000000000001","AOI-d558e95b-08c4-4c42-b17a-dd6de6332e26",Event,"/subscriptions/da2ead26-5eba-476e-90f5-13d2028a4531/resourcegroups/cloudforensics_group/providers/microsoft.compute/virtualmachines/forensicsacl2"
"d558e95b-08c4-4c42-b17a-dd6de6332e26",OpsManager,"6/26/2024, 4:52:36.794 PM","Microsoft-Windows-Security-Auditing",Security,forensicsacl2,0,Information,"<Param>WDAGUtilityAccount</Param><Param>forensicsacl2</Param><Param>S-1-5-21-1413295808-2032686517-1925176222-504</Param><Param>S-1-5-18</Param><Param>forensicsacl2$</Param><Param>WORKGROUP</Param><Param>0x3e7</Param><Param>0x1174</Param><Param>C:\Windows\System32\wbem\WmiPrvSE.exe</Param>","<DataItem Type=""System.XmlData"" time=""2024-06-26T16:52:36.7947648Z"" sourceHealthServiceId=""a0cf1214-78a1-4446-8ef1-04b39ec9b972""><EventData xmlns=""http://schemas.microsoft.com/win/2004/08/events/event""><Data Name=""TargetUserName"">WDAGUtilityAccount</Data><Data Name=""TargetDomainName"">forensicsacl2</Data><Data Name=""TargetSid"">S-1-5-21-1413295808-2032686517-1925176222-504</Data><Data Name=""SubjectUserSid"">S-1-5-18</Data><Data Name=""SubjectUserName"">forensicsacl2$</Data><Data Name=""SubjectDomainName"">WORKGROUP</Data><Data Name=""SubjectLogonId"">0x3e7</Data><Data Name=""CallerProcessId"">0x1174</Data><Data Name=""CallerProcessName"">C:\Windows\System32\wbem\WmiPrvSE.exe</Data></EventData></DataItem>",4798,"A user's local group membership was enumerated.  Subject: 	Security ID:		S-1-5-18 	Account Name:		forensicsacl2$ 	Account Domain:		WORKGROUP 	Logon ID:		0x3E7  User: 	Security ID:		S-1-5-21-1413295808-2032686517-1925176222-504 	Account Name:		WDAGUtilityAccount 	Account Domain:		forensicsacl2  Process Information: 	Process ID:		0x1174 	Process Name:		C:\Windows\System32\wbem\WmiPrvSE.exe",,,13824,"N/A",,"00000000-0000-0000-0000-000000000001","AOI-d558e95b-08c4-4c42-b17a-dd6de6332e26",Event,"/subscriptions/da2ead26-5eba-476e-90f5-13d2028a4531/resourcegroups/cloudforensics_group/providers/microsoft.compute/virtualmachines/forensicsacl2"
"d558e95b-08c4-4c42-b17a-dd6de6332e26",OpsManager,"6/26/2024, 4:52:37.559 PM","Microsoft-Windows-Security-Auditing",Security,forensicsacl2,0,Information,"<Param>S-1-5-18</Param><Param>forensicsacl2$</Param><Param>WORKGROUP</Param><Param>0x3e7</Param><Param>S-1-5-18</Param><Param>SYSTEM</Param><Param>NT AUTHORITY</Param><Param>0x3e7</Param><Param>5</Param><Param>Advapi  </Param><Param>Negotiate</Param><Param>-</Param><Param>{00000000-0000-0000-0000-000000000000}</Param><Param>-</Param><Param>-</Param><Param>0</Param><Param>0x2e8</Param><Param>C:\Windows\System32\services.exe</Param><Param>-</Param><Param>-</Param><Param>%%1833</Param><Param>-</Param><Param>-</Param><Param>-</Param><Param>%%1843</Param><Param>0x0</Param><Param>%%1842</Param>","<DataItem Type=""System.XmlData"" time=""2024-06-26T16:52:37.5592674Z"" sourceHealthServiceId=""a0cf1214-78a1-4446-8ef1-04b39ec9b972""><EventData xmlns=""http://schemas.microsoft.com/win/2004/08/events/event""><Data Name=""SubjectUserSid"">S-1-5-18</Data><Data Name=""SubjectUserName"">forensicsacl2$</Data><Data Name=""SubjectDomainName"">WORKGROUP</Data><Data Name=""SubjectLogonId"">0x3e7</Data><Data Name=""TargetUserSid"">S-1-5-18</Data><Data Name=""TargetUserName"">SYSTEM</Data><Data Name=""TargetDomainName"">NT AUTHORITY</Data><Data Name=""TargetLogonId"">0x3e7</Data><Data Name=""LogonType"">5</Data><Data Name=""LogonProcessName"">Advapi  </Data><Data Name=""AuthenticationPackageName"">Negotiate</Data><Data Name=""WorkstationName"">-</Data><Data Name=""LogonGuid"">{00000000-0000-0000-0000-000000000000}</Data><Data Name=""TransmittedServices"">-</Data><Data Name=""LmPackageName"">-</Data><Data Name=""KeyLength"">0</Data><Data Name=""ProcessId"">0x2e8</Data><Data Name=""ProcessName"">C:\Windows\System32\services.exe</Data><Data Name=""IpAddress"">-</Data><Data Name=""IpPort"">-</Data><Data Name=""ImpersonationLevel"">%%1833</Data><Data Name=""RestrictedAdminMode"">-</Data><Data Name=""TargetOutboundUserName"">-</Data><Data Name=""TargetOutboundDomainName"">-</Data><Data Name=""VirtualAccount"">%%1843</Data><Data Name=""TargetLinkedLogonId"">0x0</Data><Data Name=""ElevatedToken"">%%1842</Data></EventData></DataItem>",4624,"An account was successfully logged on.  Subject: 	Security ID:		S-1-5-18 	Account Name:		forensicsacl2$ 	Account Domain:		WORKGROUP 	Logon ID:		0x3E7  Logon Information: 	Logon Type:		5 	Restricted Admin Mode:	- 	Virtual Account:		No 	Elevated Token:		Yes  Impersonation Level:		Impersonation  New Logon: 	Security ID:		S-1-5-18 	Account Name:		SYSTEM 	Account Domain:		NT AUTHORITY 	Logon ID:		0x3E7 	Linked Logon ID:		0x0 	Network Account Name:	- 	Network Account Domain:	- 	Logon GUID:		{00000000-0000-0000-0000-000000000000}  Process Information: 	Process ID:		0x2e8 	Process Name:		C:\Windows\System32\services.exe  Network Information: 	Workstation Name:	- 	Source Network Address:	- 	Source Port:		-  Detailed Authentication Information: 	Logon Process:		Advapi   	Authentication Package:	Negotiate 	Transited Services:	- 	Package Name (NTLM only):	- 	Key Length:		0  This event is generated when a logon session is created. It is generated on the computer that was accessed.  The subject fields indicate the account on the local system which requested the logon. This is most commonly a service such as the Server service, or a local process such as Winlogon.exe or Services.exe.  The logon type field indicates the kind of logon that occurred. The most common types are 2 (interactive) and 3 (network).  The New Logon fields indicate the account for whom the new logon was created, i.e. the account that was logged on.  The network fields indicate where a remote logon request originated. Workstation name is not always available and may be left blank in some cases.  The impersonation level field indicates the extent to which a process in the logon session can impersonate.  The authentication information fields provide detailed information about this specific logon request. 	- Logon GUID is a unique identifier that can be used to correlate this event with a KDC event. 	- Transited services indicate which intermediate services have participated in this logon request. 	- Package name indicates which sub-protocol was used among the NTLM protocols. 	- Key length indicates the length of the generated session key. This will be 0 if no session key was requested.",,,12544,"N/A",,"00000000-0000-0000-0000-000000000001","AOI-d558e95b-08c4-4c42-b17a-dd6de6332e26",Event,"/subscriptions/da2ead26-5eba-476e-90f5-13d2028a4531/resourcegroups/cloudforensics_group/providers/microsoft.compute/virtualmachines/forensicsacl2"
"d558e95b-08c4-4c42-b17a-dd6de6332e26",OpsManager,"6/26/2024, 4:52:37.559 PM","Microsoft-Windows-Security-Auditing",Security,forensicsacl2,0,Information,"<Param>S-1-5-18</Param><Param>SYSTEM</Param><Param>NT AUTHORITY</Param><Param>0x3e7</Param><Param>SeAssignPrimaryTokenPrivilege 			SeTcbPrivilege 			SeSecurityPrivilege 			SeTakeOwnershipPrivilege 			SeLoadDriverPrivilege 			SeBackupPrivilege 			SeRestorePrivilege 			SeDebugPrivilege 			SeAuditPrivilege 			SeSystemEnvironmentPrivilege 			SeImpersonatePrivilege 			SeDelegateSessionUserImpersonatePrivilege</Param>","<DataItem Type=""System.XmlData"" time=""2024-06-26T16:52:37.5592771Z"" sourceHealthServiceId=""a0cf1214-78a1-4446-8ef1-04b39ec9b972""><EventData xmlns=""http://schemas.microsoft.com/win/2004/08/events/event""><Data Name=""SubjectUserSid"">S-1-5-18</Data><Data Name=""SubjectUserName"">SYSTEM</Data><Data Name=""SubjectDomainName"">NT AUTHORITY</Data><Data Name=""SubjectLogonId"">0x3e7</Data><Data Name=""PrivilegeList"">SeAssignPrimaryTokenPrivilege 			SeTcbPrivilege 			SeSecurityPrivilege 			SeTakeOwnershipPrivilege 			SeLoadDriverPrivilege 			SeBackupPrivilege 			SeRestorePrivilege 			SeDebugPrivilege 			SeAuditPrivilege 			SeSystemEnvironmentPrivilege 			SeImpersonatePrivilege 			SeDelegateSessionUserImpersonatePrivilege</Data></EventData></DataItem>",4672,"Special privileges assigned to new logon.  Subject: 	Security ID:		S-1-5-18 	Account Name:		SYSTEM 	Account Domain:		NT AUTHORITY 	Logon ID:		0x3E7  Privileges:		SeAssignPrimaryTokenPrivilege 			SeTcbPrivilege 			SeSecurityPrivilege 			SeTakeOwnershipPrivilege 			SeLoadDriverPrivilege 			SeBackupPrivilege 			SeRestorePrivilege 			SeDebugPrivilege 			SeAuditPrivilege 			SeSystemEnvironmentPrivilege 			SeImpersonatePrivilege 			SeDelegateSessionUserImpersonatePrivilege",,,12548,"N/A",,"00000000-0000-0000-0000-000000000001","AOI-d558e95b-08c4-4c42-b17a-dd6de6332e26",Event,"/subscriptions/da2ead26-5eba-476e-90f5-13d2028a4531/resourcegroups/cloudforensics_group/providers/microsoft.compute/virtualmachines/forensicsacl2"
"d558e95b-08c4-4c42-b17a-dd6de6332e26",OpsManager,"6/26/2024, 4:52:38.330 PM","Service Control Manager",System,forensicsacl2,4,Information,"<Param>Background Intelligent Transfer Service</Param><Param>demand start</Param><Param>auto start</Param><Param>BITS</Param>","<DataItem Type=""System.XmlData"" time=""2024-06-26T16:52:38.3303957Z"" sourceHealthServiceId=""a0cf1214-78a1-4446-8ef1-04b39ec9b972""><EventData xmlns=""http://schemas.microsoft.com/win/2004/08/events/event""><Data Name=""param1"">Background Intelligent Transfer Service</Data><Data Name=""param2"">demand start</Data><Data Name=""param3"">auto start</Data><Data Name=""param4"">BITS</Data></EventData></DataItem>",7040,"The start type of the Background Intelligent Transfer Service service was changed from demand start to auto start.",,,0,"S-1-5-18",,"00000000-0000-0000-0000-000000000001","AOI-d558e95b-08c4-4c42-b17a-dd6de6332e26",Event,"/subscriptions/da2ead26-5eba-476e-90f5-13d2028a4531/resourcegroups/cloudforensics_group/providers/microsoft.compute/virtualmachines/forensicsacl2"
"d558e95b-08c4-4c42-b17a-dd6de6332e26",OpsManager,"6/26/2024, 4:52:39.114 PM","Microsoft-Windows-Security-Auditing",Security,forensicsacl2,0,Information,"<Param>forensicsacl2</Param><Param>forensicsacl2</Param><Param>S-1-5-21-1413295808-2032686517-1925176222-500</Param><Param>S-1-5-18</Param><Param>forensicsacl2$</Param><Param>WORKGROUP</Param><Param>0x3e7</Param><Param>0xbe8</Param><Param>C:\WindowsAzure\GuestAgent_2.7.41491.1121_2024-05-21_204044\WaAppAgent.exe</Param>","<DataItem Type=""System.XmlData"" time=""2024-06-26T16:52:39.1149111Z"" sourceHealthServiceId=""a0cf1214-78a1-4446-8ef1-04b39ec9b972""><EventData xmlns=""http://schemas.microsoft.com/win/2004/08/events/event""><Data Name=""TargetUserName"">forensicsacl2</Data><Data Name=""TargetDomainName"">forensicsacl2</Data><Data Name=""TargetSid"">S-1-5-21-1413295808-2032686517-1925176222-500</Data><Data Name=""SubjectUserSid"">S-1-5-18</Data><Data Name=""SubjectUserName"">forensicsacl2$</Data><Data Name=""SubjectDomainName"">WORKGROUP</Data><Data Name=""SubjectLogonId"">0x3e7</Data><Data Name=""CallerProcessId"">0xbe8</Data><Data Name=""CallerProcessName"">C:\WindowsAzure\GuestAgent_2.7.41491.1121_2024-05-21_204044\WaAppAgent.exe</Data></EventData></DataItem>",4798,"A user's local group membership was enumerated.  Subject: 	Security ID:		S-1-5-18 	Account Name:		forensicsacl2$ 	Account Domain:		WORKGROUP 	Logon ID:		0x3E7  User: 	Security ID:		S-1-5-21-1413295808-2032686517-1925176222-500 	Account Name:		forensicsacl2 	Account Domain:		forensicsacl2  Process Information: 	Process ID:		0xbe8 	Process Name:		C:\WindowsAzure\GuestAgent_2.7.41491.1121_2024-05-21_204044\WaAppAgent.exe",,,13824,"N/A",,"00000000-0000-0000-0000-000000000001","AOI-d558e95b-08c4-4c42-b17a-dd6de6332e26",Event,"/subscriptions/da2ead26-5eba-476e-90f5-13d2028a4531/resourcegroups/cloudforensics_group/providers/microsoft.compute/virtualmachines/forensicsacl2"
"d558e95b-08c4-4c42-b17a-dd6de6332e26",OpsManager,"6/26/2024, 4:52:39.121 PM","Microsoft-Windows-Security-Auditing",Security,forensicsacl2,0,Information,"<Param>forensicsacl2</Param><Param>forensicsacl2</Param><Param>S-1-5-21-1413295808-2032686517-1925176222-500</Param><Param>S-1-5-18</Param><Param>forensicsacl2$</Param><Param>WORKGROUP</Param><Param>0x3e7</Param><Param>0x0</Param><Param>-</Param>","<DataItem Type=""System.XmlData"" time=""2024-06-26T16:52:39.1213208Z"" sourceHealthServiceId=""a0cf1214-78a1-4446-8ef1-04b39ec9b972""><EventData xmlns=""http://schemas.microsoft.com/win/2004/08/events/event""><Data Name=""TargetUserName"">forensicsacl2</Data><Data Name=""TargetDomainName"">forensicsacl2</Data><Data Name=""TargetSid"">S-1-5-21-1413295808-2032686517-1925176222-500</Data><Data Name=""SubjectUserSid"">S-1-5-18</Data><Data Name=""SubjectUserName"">forensicsacl2$</Data><Data Name=""SubjectDomainName"">WORKGROUP</Data><Data Name=""SubjectLogonId"">0x3e7</Data><Data Name=""CallerProcessId"">0x0</Data><Data Name=""CallerProcessName"">-</Data></EventData></DataItem>",4798,"A user's local group membership was enumerated.  Subject: 	Security ID:		S-1-5-18 	Account Name:		forensicsacl2$ 	Account Domain:		WORKGROUP 	Logon ID:		0x3E7  User: 	Security ID:		S-1-5-21-1413295808-2032686517-1925176222-500 	Account Name:		forensicsacl2 	Account Domain:		forensicsacl2  Process Information: 	Process ID:		0x0 	Process Name:		-",,,13824,"N/A",,"00000000-0000-0000-0000-000000000001","AOI-d558e95b-08c4-4c42-b17a-dd6de6332e26",Event,"/subscriptions/da2ead26-5eba-476e-90f5-13d2028a4531/resourcegroups/cloudforensics_group/providers/microsoft.compute/virtualmachines/forensicsacl2"
"d558e95b-08c4-4c42-b17a-dd6de6332e26",OpsManager,"6/26/2024, 4:52:45.496 PM","Microsoft-Windows-Security-Auditing",Security,forensicsacl2,0,Information,"<Param>Administrators</Param><Param>Builtin</Param><Param>S-1-5-32-544</Param><Param>S-1-5-18</Param><Param>forensicsacl2$</Param><Param>WORKGROUP</Param><Param>0x3e7</Param><Param>0x63c</Param><Param>C:\Windows\System32\svchost.exe</Param>","<DataItem Type=""System.XmlData"" time=""2024-06-26T16:52:45.4962972Z"" sourceHealthServiceId=""a0cf1214-78a1-4446-8ef1-04b39ec9b972""><EventData xmlns=""http://schemas.microsoft.com/win/2004/08/events/event""><Data Name=""TargetUserName"">Administrators</Data><Data Name=""TargetDomainName"">Builtin</Data><Data Name=""TargetSid"">S-1-5-32-544</Data><Data Name=""SubjectUserSid"">S-1-5-18</Data><Data Name=""SubjectUserName"">forensicsacl2$</Data><Data Name=""SubjectDomainName"">WORKGROUP</Data><Data Name=""SubjectLogonId"">0x3e7</Data><Data Name=""CallerProcessId"">0x63c</Data><Data Name=""CallerProcessName"">C:\Windows\System32\svchost.exe</Data></EventData></DataItem>",4799,"A security-enabled local group membership was enumerated.  Subject: 	Security ID:		S-1-5-18 	Account Name:		forensicsacl2$ 	Account Domain:		WORKGROUP 	Logon ID:		0x3E7  Group: 	Security ID:		S-1-5-32-544 	Group Name:		Administrators 	Group Domain:		Builtin  Process Information: 	Process ID:		0x63c 	Process Name:		C:\Windows\System32\svchost.exe",,,13826,"N/A",,"00000000-0000-0000-0000-000000000001","AOI-d558e95b-08c4-4c42-b17a-dd6de6332e26",Event,"/subscriptions/da2ead26-5eba-476e-90f5-13d2028a4531/resourcegroups/cloudforensics_group/providers/microsoft.compute/virtualmachines/forensicsacl2"
"d558e95b-08c4-4c42-b17a-dd6de6332e26",OpsManager,"6/26/2024, 4:52:45.497 PM","Microsoft-Windows-Security-Auditing",Security,forensicsacl2,0,Information,"<Param>Backup Operators</Param><Param>Builtin</Param><Param>S-1-5-32-551</Param><Param>S-1-5-18</Param><Param>forensicsacl2$</Param><Param>WORKGROUP</Param><Param>0x3e7</Param><Param>0x63c</Param><Param>C:\Windows\System32\svchost.exe</Param>","<DataItem Type=""System.XmlData"" time=""2024-06-26T16:52:45.4978381Z"" sourceHealthServiceId=""a0cf1214-78a1-4446-8ef1-04b39ec9b972""><EventData xmlns=""http://schemas.microsoft.com/win/2004/08/events/event""><Data Name=""TargetUserName"">Backup Operators</Data><Data Name=""TargetDomainName"">Builtin</Data><Data Name=""TargetSid"">S-1-5-32-551</Data><Data Name=""SubjectUserSid"">S-1-5-18</Data><Data Name=""SubjectUserName"">forensicsacl2$</Data><Data Name=""SubjectDomainName"">WORKGROUP</Data><Data Name=""SubjectLogonId"">0x3e7</Data><Data Name=""CallerProcessId"">0x63c</Data><Data Name=""CallerProcessName"">C:\Windows\System32\svchost.exe</Data></EventData></DataItem>",4799,"A security-enabled local group membership was enumerated.  Subject: 	Security ID:		S-1-5-18 	Account Name:		forensicsacl2$ 	Account Domain:		WORKGROUP 	Logon ID:		0x3E7  Group: 	Security ID:		S-1-5-32-551 	Group Name:		Backup Operators 	Group Domain:		Builtin  Process Information: 	Process ID:		0x63c 	Process Name:		C:\Windows\System32\svchost.exe",,,13826,"N/A",,"00000000-0000-0000-0000-000000000001","AOI-d558e95b-08c4-4c42-b17a-dd6de6332e26",Event,"/subscriptions/da2ead26-5eba-476e-90f5-13d2028a4531/resourcegroups/cloudforensics_group/providers/microsoft.compute/virtualmachines/forensicsacl2"
"d558e95b-08c4-4c42-b17a-dd6de6332e26",OpsManager,"6/26/2024, 4:52:57.391 PM","Microsoft-Windows-TPM-WMI",System,forensicsacl2,4,Information,,"<DataItem Type=""System.XmlData"" time=""2024-06-26T16:52:57.3916828Z"" sourceHealthServiceId=""a0cf1214-78a1-4446-8ef1-04b39ec9b972""><EventData xmlns=""http://schemas.microsoft.com/win/2004/08/events/event"" /></DataItem>",1282,"The TBS device identifier has been generated.",,,0,"S-1-5-18",,"00000000-0000-0000-0000-000000000001","AOI-d558e95b-08c4-4c42-b17a-dd6de6332e26",Event,"/subscriptions/da2ead26-5eba-476e-90f5-13d2028a4531/resourcegroups/cloudforensics_group/providers/microsoft.compute/virtualmachines/forensicsacl2"
"d558e95b-08c4-4c42-b17a-dd6de6332e26",OpsManager,"6/26/2024, 4:52:57.886 PM","Microsoft-Windows-TPM-WMI",System,forensicsacl2,4,Information,,"<DataItem Type=""System.XmlData"" time=""2024-06-26T16:52:57.8868471Z"" sourceHealthServiceId=""a0cf1214-78a1-4446-8ef1-04b39ec9b972""><EventData xmlns=""http://schemas.microsoft.com/win/2004/08/events/event"" /></DataItem>",1025,"The TPM was successfully provisioned and is now ready for use.",,,0,"S-1-5-18",,"00000000-0000-0000-0000-000000000001","AOI-d558e95b-08c4-4c42-b17a-dd6de6332e26",Event,"/subscriptions/da2ead26-5eba-476e-90f5-13d2028a4531/resourcegroups/cloudforensics_group/providers/microsoft.compute/virtualmachines/forensicsacl2"
"d558e95b-08c4-4c42-b17a-dd6de6332e26",OpsManager,"6/26/2024, 4:52:57.995 PM","Microsoft-Windows-Security-Auditing",Security,forensicsacl2,0,Information,"<Param>S-1-5-18</Param><Param>forensicsacl2$</Param><Param>WORKGROUP</Param><Param>0x3e7</Param><Param>S-1-5-18</Param><Param>SYSTEM</Param><Param>NT AUTHORITY</Param><Param>0x3e7</Param><Param>5</Param><Param>Advapi  </Param><Param>Negotiate</Param><Param>-</Param><Param>{00000000-0000-0000-0000-000000000000}</Param><Param>-</Param><Param>-</Param><Param>0</Param><Param>0x2e8</Param><Param>C:\Windows\System32\services.exe</Param><Param>-</Param><Param>-</Param><Param>%%1833</Param><Param>-</Param><Param>-</Param><Param>-</Param><Param>%%1843</Param><Param>0x0</Param><Param>%%1842</Param>","<DataItem Type=""System.XmlData"" time=""2024-06-26T16:52:57.9953628Z"" sourceHealthServiceId=""a0cf1214-78a1-4446-8ef1-04b39ec9b972""><EventData xmlns=""http://schemas.microsoft.com/win/2004/08/events/event""><Data Name=""SubjectUserSid"">S-1-5-18</Data><Data Name=""SubjectUserName"">forensicsacl2$</Data><Data Name=""SubjectDomainName"">WORKGROUP</Data><Data Name=""SubjectLogonId"">0x3e7</Data><Data Name=""TargetUserSid"">S-1-5-18</Data><Data Name=""TargetUserName"">SYSTEM</Data><Data Name=""TargetDomainName"">NT AUTHORITY</Data><Data Name=""TargetLogonId"">0x3e7</Data><Data Name=""LogonType"">5</Data><Data Name=""LogonProcessName"">Advapi  </Data><Data Name=""AuthenticationPackageName"">Negotiate</Data><Data Name=""WorkstationName"">-</Data><Data Name=""LogonGuid"">{00000000-0000-0000-0000-000000000000}</Data><Data Name=""TransmittedServices"">-</Data><Data Name=""LmPackageName"">-</Data><Data Name=""KeyLength"">0</Data><Data Name=""ProcessId"">0x2e8</Data><Data Name=""ProcessName"">C:\Windows\System32\services.exe</Data><Data Name=""IpAddress"">-</Data><Data Name=""IpPort"">-</Data><Data Name=""ImpersonationLevel"">%%1833</Data><Data Name=""RestrictedAdminMode"">-</Data><Data Name=""TargetOutboundUserName"">-</Data><Data Name=""TargetOutboundDomainName"">-</Data><Data Name=""VirtualAccount"">%%1843</Data><Data Name=""TargetLinkedLogonId"">0x0</Data><Data Name=""ElevatedToken"">%%1842</Data></EventData></DataItem>",4624,"An account was successfully logged on.  Subject: 	Security ID:		S-1-5-18 	Account Name:		forensicsacl2$ 	Account Domain:		WORKGROUP 	Logon ID:		0x3E7  Logon Information: 	Logon Type:		5 	Restricted Admin Mode:	- 	Virtual Account:		No 	Elevated Token:		Yes  Impersonation Level:		Impersonation  New Logon: 	Security ID:		S-1-5-18 	Account Name:		SYSTEM 	Account Domain:		NT AUTHORITY 	Logon ID:		0x3E7 	Linked Logon ID:		0x0 	Network Account Name:	- 	Network Account Domain:	- 	Logon GUID:		{00000000-0000-0000-0000-000000000000}  Process Information: 	Process ID:		0x2e8 	Process Name:		C:\Windows\System32\services.exe  Network Information: 	Workstation Name:	- 	Source Network Address:	- 	Source Port:		-  Detailed Authentication Information: 	Logon Process:		Advapi   	Authentication Package:	Negotiate 	Transited Services:	- 	Package Name (NTLM only):	- 	Key Length:		0  This event is generated when a logon session is created. It is generated on the computer that was accessed.  The subject fields indicate the account on the local system which requested the logon. This is most commonly a service such as the Server service, or a local process such as Winlogon.exe or Services.exe.  The logon type field indicates the kind of logon that occurred. The most common types are 2 (interactive) and 3 (network).  The New Logon fields indicate the account for whom the new logon was created, i.e. the account that was logged on.  The network fields indicate where a remote logon request originated. Workstation name is not always available and may be left blank in some cases.  The impersonation level field indicates the extent to which a process in the logon session can impersonate.  The authentication information fields provide detailed information about this specific logon request. 	- Logon GUID is a unique identifier that can be used to correlate this event with a KDC event. 	- Transited services indicate which intermediate services have participated in this logon request. 	- Package name indicates which sub-protocol was used among the NTLM protocols. 	- Key length indicates the length of the generated session key. This will be 0 if no session key was requested.",,,12544,"N/A",,"00000000-0000-0000-0000-000000000001","AOI-d558e95b-08c4-4c42-b17a-dd6de6332e26",Event,"/subscriptions/da2ead26-5eba-476e-90f5-13d2028a4531/resourcegroups/cloudforensics_group/providers/microsoft.compute/virtualmachines/forensicsacl2"
"d558e95b-08c4-4c42-b17a-dd6de6332e26",OpsManager,"6/26/2024, 4:52:57.995 PM","Microsoft-Windows-Security-Auditing",Security,forensicsacl2,0,Information,"<Param>S-1-5-18</Param><Param>SYSTEM</Param><Param>NT AUTHORITY</Param><Param>0x3e7</Param><Param>SeAssignPrimaryTokenPrivilege 			SeTcbPrivilege 			SeSecurityPrivilege 			SeTakeOwnershipPrivilege 			SeLoadDriverPrivilege 			SeBackupPrivilege 			SeRestorePrivilege 			SeDebugPrivilege 			SeAuditPrivilege 			SeSystemEnvironmentPrivilege 			SeImpersonatePrivilege 			SeDelegateSessionUserImpersonatePrivilege</Param>","<DataItem Type=""System.XmlData"" time=""2024-06-26T16:52:57.9953724Z"" sourceHealthServiceId=""a0cf1214-78a1-4446-8ef1-04b39ec9b972""><EventData xmlns=""http://schemas.microsoft.com/win/2004/08/events/event""><Data Name=""SubjectUserSid"">S-1-5-18</Data><Data Name=""SubjectUserName"">SYSTEM</Data><Data Name=""SubjectDomainName"">NT AUTHORITY</Data><Data Name=""SubjectLogonId"">0x3e7</Data><Data Name=""PrivilegeList"">SeAssignPrimaryTokenPrivilege 			SeTcbPrivilege 			SeSecurityPrivilege 			SeTakeOwnershipPrivilege 			SeLoadDriverPrivilege 			SeBackupPrivilege 			SeRestorePrivilege 			SeDebugPrivilege 			SeAuditPrivilege 			SeSystemEnvironmentPrivilege 			SeImpersonatePrivilege 			SeDelegateSessionUserImpersonatePrivilege</Data></EventData></DataItem>",4672,"Special privileges assigned to new logon.  Subject: 	Security ID:		S-1-5-18 	Account Name:		SYSTEM 	Account Domain:		NT AUTHORITY 	Logon ID:		0x3E7  Privileges:		SeAssignPrimaryTokenPrivilege 			SeTcbPrivilege 			SeSecurityPrivilege 			SeTakeOwnershipPrivilege 			SeLoadDriverPrivilege 			SeBackupPrivilege 			SeRestorePrivilege 			SeDebugPrivilege 			SeAuditPrivilege 			SeSystemEnvironmentPrivilege 			SeImpersonatePrivilege 			SeDelegateSessionUserImpersonatePrivilege",,,12548,"N/A",,"00000000-0000-0000-0000-000000000001","AOI-d558e95b-08c4-4c42-b17a-dd6de6332e26",Event,"/subscriptions/da2ead26-5eba-476e-90f5-13d2028a4531/resourcegroups/cloudforensics_group/providers/microsoft.compute/virtualmachines/forensicsacl2"
"d558e95b-08c4-4c42-b17a-dd6de6332e26",OpsManager,"6/26/2024, 4:52:59.387 PM","Microsoft-Windows-Security-Auditing",Security,forensicsacl2,0,Information,"<Param>S-1-5-18</Param><Param>forensicsacl2$</Param><Param>WORKGROUP</Param><Param>0x3e7</Param><Param>448</Param><Param>2024-06-26T16:51:48.0859236Z</Param><Param>Microsoft Software Key Storage Provider</Param><Param>RSA</Param><Param>RdCertificateFactory-Key2024f55b-423d-4ea3-b5f5-7587768d42a6</Param><Param>%%2500</Param><Param>C:\ProgramData\Microsoft\Crypto\SystemKeys\d308963dbd49a1dcee1c094840d28318_e9afd256-1fd1-4baa-a174-1332b04491b7</Param><Param>%%2459</Param><Param>0x0</Param>","<DataItem Type=""System.XmlData"" time=""2024-06-26T16:52:59.3879632Z"" sourceHealthServiceId=""a0cf1214-78a1-4446-8ef1-04b39ec9b972""><EventData xmlns=""http://schemas.microsoft.com/win/2004/08/events/event""><Data Name=""SubjectUserSid"">S-1-5-18</Data><Data Name=""SubjectUserName"">forensicsacl2$</Data><Data Name=""SubjectDomainName"">WORKGROUP</Data><Data Name=""SubjectLogonId"">0x3e7</Data><Data Name=""ClientProcessId"">448</Data><Data Name=""ClientCreationTime"">2024-06-26T16:51:48.0859236Z</Data><Data Name=""ProviderName"">Microsoft Software Key Storage Provider</Data><Data Name=""AlgorithmName"">RSA</Data><Data Name=""KeyName"">RdCertificateFactory-Key2024f55b-423d-4ea3-b5f5-7587768d42a6</Data><Data Name=""KeyType"">%%2500</Data><Data Name=""KeyFilePath"">C:\ProgramData\Microsoft\Crypto\SystemKeys\d308963dbd49a1dcee1c094840d28318_e9afd256-1fd1-4baa-a174-1332b04491b7</Data><Data Name=""Operation"">%%2459</Data><Data Name=""ReturnCode"">0x0</Data></EventData></DataItem>",5058,"Key file operation.  Subject: 	Security ID:		S-1-5-18 	Account Name:		forensicsacl2$ 	Account Domain:		WORKGROUP 	Logon ID:		0x3E7  Process Information: 	Process ID:		448 	Process Creation Time:	‎2024‎-‎06‎-‎26T16:51:48.085923600Z  Cryptographic Parameters: 	Provider Name:	Microsoft Software Key Storage Provider 	Algorithm Name:	RSA 	Key Name:	RdCertificateFactory-Key2024f55b-423d-4ea3-b5f5-7587768d42a6 	Key Type:	User key.  Key File Operation Information: 	File Path:	C:\ProgramData\Microsoft\Crypto\SystemKeys\d308963dbd49a1dcee1c094840d28318_e9afd256-1fd1-4baa-a174-1332b04491b7 	Operation:	Write persisted key to file. 	Return Code:	0x0",,,12292,"N/A",,"00000000-0000-0000-0000-000000000001","AOI-d558e95b-08c4-4c42-b17a-dd6de6332e26",Event,"/subscriptions/da2ead26-5eba-476e-90f5-13d2028a4531/resourcegroups/cloudforensics_group/providers/microsoft.compute/virtualmachines/forensicsacl2"
"d558e95b-08c4-4c42-b17a-dd6de6332e26",OpsManager,"6/26/2024, 4:52:59.389 PM","Microsoft-Windows-Security-Auditing",Security,forensicsacl2,0,Information,"<Param>S-1-5-18</Param><Param>forensicsacl2$</Param><Param>WORKGROUP</Param><Param>0x3e7</Param><Param>Microsoft Software Key Storage Provider</Param><Param>RSA</Param><Param>RdCertificateFactory-Key2024f55b-423d-4ea3-b5f5-7587768d42a6</Param><Param>%%2500</Param><Param>%%2481</Param><Param>0x0</Param>","<DataItem Type=""System.XmlData"" time=""2024-06-26T16:52:59.3891154Z"" sourceHealthServiceId=""a0cf1214-78a1-4446-8ef1-04b39ec9b972""><EventData xmlns=""http://schemas.microsoft.com/win/2004/08/events/event""><Data Name=""SubjectUserSid"">S-1-5-18</Data><Data Name=""SubjectUserName"">forensicsacl2$</Data><Data Name=""SubjectDomainName"">WORKGROUP</Data><Data Name=""SubjectLogonId"">0x3e7</Data><Data Name=""ProviderName"">Microsoft Software Key Storage Provider</Data><Data Name=""AlgorithmName"">RSA</Data><Data Name=""KeyName"">RdCertificateFactory-Key2024f55b-423d-4ea3-b5f5-7587768d42a6</Data><Data Name=""KeyType"">%%2500</Data><Data Name=""Operation"">%%2481</Data><Data Name=""ReturnCode"">0x0</Data></EventData></DataItem>",5061,"Cryptographic operation.  Subject: 	Security ID:		S-1-5-18 	Account Name:		forensicsacl2$ 	Account Domain:		WORKGROUP 	Logon ID:		0x3E7  Cryptographic Parameters: 	Provider Name:	Microsoft Software Key Storage Provider 	Algorithm Name:	RSA 	Key Name:	RdCertificateFactory-Key2024f55b-423d-4ea3-b5f5-7587768d42a6 	Key Type:	User key.  Cryptographic Operation: 	Operation:	Create Key. 	Return Code:	0x0",,,12290,"N/A",,"00000000-0000-0000-0000-000000000001","AOI-d558e95b-08c4-4c42-b17a-dd6de6332e26",Event,"/subscriptions/da2ead26-5eba-476e-90f5-13d2028a4531/resourcegroups/cloudforensics_group/providers/microsoft.compute/virtualmachines/forensicsacl2"
"d558e95b-08c4-4c42-b17a-dd6de6332e26",OpsManager,"6/26/2024, 4:52:59.393 PM","Microsoft-Windows-Security-Auditing",Security,forensicsacl2,0,Information,"<Param>S-1-5-18</Param><Param>forensicsacl2$</Param><Param>WORKGROUP</Param><Param>0x3e7</Param><Param>448</Param><Param>2024-06-26T16:51:48.0859236Z</Param><Param>Microsoft Software Key Storage Provider</Param><Param>RSA</Param><Param>RdCertificateFactory-Key2024f55b-423d-4ea3-b5f5-7587768d42a6</Param><Param>%%2500</Param><Param>%%2464</Param><Param>0x0</Param>","<DataItem Type=""System.XmlData"" time=""2024-06-26T16:52:59.3938502Z"" sourceHealthServiceId=""a0cf1214-78a1-4446-8ef1-04b39ec9b972""><EventData xmlns=""http://schemas.microsoft.com/win/2004/08/events/event""><Data Name=""SubjectUserSid"">S-1-5-18</Data><Data Name=""SubjectUserName"">forensicsacl2$</Data><Data Name=""SubjectDomainName"">WORKGROUP</Data><Data Name=""SubjectLogonId"">0x3e7</Data><Data Name=""ClientProcessId"">448</Data><Data Name=""ClientCreationTime"">2024-06-26T16:51:48.0859236Z</Data><Data Name=""ProviderName"">Microsoft Software Key Storage Provider</Data><Data Name=""AlgorithmName"">RSA</Data><Data Name=""KeyName"">RdCertificateFactory-Key2024f55b-423d-4ea3-b5f5-7587768d42a6</Data><Data Name=""KeyType"">%%2500</Data><Data Name=""Operation"">%%2464</Data><Data Name=""ReturnCode"">0x0</Data></EventData></DataItem>",5059,"Key migration operation.  Subject: 	Security ID:		S-1-5-18 	Account Name:		forensicsacl2$ 	Account Domain:		WORKGROUP 	Logon ID:		0x3E7  Process Information: 	Process ID:		448 	Process Creation Time:	‎2024‎-‎06‎-‎26T16:51:48.085923600Z  Cryptographic Parameters: 	Provider Name:	Microsoft Software Key Storage Provider 	Algorithm Name:	RSA 	Key Name:	RdCertificateFactory-Key2024f55b-423d-4ea3-b5f5-7587768d42a6 	Key Type:	User key.  Additional Information: 	Operation:	Export of persistent cryptographic key. 	Return Code:	0x0",,,12292,"N/A",,"00000000-0000-0000-0000-000000000001","AOI-d558e95b-08c4-4c42-b17a-dd6de6332e26",Event,"/subscriptions/da2ead26-5eba-476e-90f5-13d2028a4531/resourcegroups/cloudforensics_group/providers/microsoft.compute/virtualmachines/forensicsacl2"
"d558e95b-08c4-4c42-b17a-dd6de6332e26",OpsManager,"6/26/2024, 4:52:59.394 PM","Microsoft-Windows-Security-Auditing",Security,forensicsacl2,0,Information,"<Param>S-1-5-18</Param><Param>forensicsacl2$</Param><Param>WORKGROUP</Param><Param>0x3e7</Param><Param>448</Param><Param>2024-06-26T16:51:48.0859236Z</Param><Param>Microsoft Software Key Storage Provider</Param><Param>RSA</Param><Param>RdCertificateFactory-Key2024f55b-423d-4ea3-b5f5-7587768d42a6</Param><Param>%%2500</Param><Param>%%2464</Param><Param>0x0</Param>","<DataItem Type=""System.XmlData"" time=""2024-06-26T16:52:59.3940001Z"" sourceHealthServiceId=""a0cf1214-78a1-4446-8ef1-04b39ec9b972""><EventData xmlns=""http://schemas.microsoft.com/win/2004/08/events/event""><Data Name=""SubjectUserSid"">S-1-5-18</Data><Data Name=""SubjectUserName"">forensicsacl2$</Data><Data Name=""SubjectDomainName"">WORKGROUP</Data><Data Name=""SubjectLogonId"">0x3e7</Data><Data Name=""ClientProcessId"">448</Data><Data Name=""ClientCreationTime"">2024-06-26T16:51:48.0859236Z</Data><Data Name=""ProviderName"">Microsoft Software Key Storage Provider</Data><Data Name=""AlgorithmName"">RSA</Data><Data Name=""KeyName"">RdCertificateFactory-Key2024f55b-423d-4ea3-b5f5-7587768d42a6</Data><Data Name=""KeyType"">%%2500</Data><Data Name=""Operation"">%%2464</Data><Data Name=""ReturnCode"">0x0</Data></EventData></DataItem>",5059,"Key migration operation.  Subject: 	Security ID:		S-1-5-18 	Account Name:		forensicsacl2$ 	Account Domain:		WORKGROUP 	Logon ID:		0x3E7  Process Information: 	Process ID:		448 	Process Creation Time:	‎2024‎-‎06‎-‎26T16:51:48.085923600Z  Cryptographic Parameters: 	Provider Name:	Microsoft Software Key Storage Provider 	Algorithm Name:	RSA 	Key Name:	RdCertificateFactory-Key2024f55b-423d-4ea3-b5f5-7587768d42a6 	Key Type:	User key.  Additional Information: 	Operation:	Export of persistent cryptographic key. 	Return Code:	0x0",,,12292,"N/A",,"00000000-0000-0000-0000-000000000001","AOI-d558e95b-08c4-4c42-b17a-dd6de6332e26",Event,"/subscriptions/da2ead26-5eba-476e-90f5-13d2028a4531/resourcegroups/cloudforensics_group/providers/microsoft.compute/virtualmachines/forensicsacl2"
"d558e95b-08c4-4c42-b17a-dd6de6332e26",OpsManager,"6/26/2024, 4:52:59.398 PM","Microsoft-Windows-Security-Auditing",Security,forensicsacl2,0,Information,"<Param>S-1-5-18</Param><Param>forensicsacl2$</Param><Param>WORKGROUP</Param><Param>0x3e7</Param><Param>448</Param><Param>2024-06-26T16:51:48.0859236Z</Param><Param>Microsoft Software Key Storage Provider</Param><Param>RSA</Param><Param>RdCertificateFactory-Key2024f55b-423d-4ea3-b5f5-7587768d42a6</Param><Param>%%2500</Param><Param>%%2464</Param><Param>0x0</Param>","<DataItem Type=""System.XmlData"" time=""2024-06-26T16:52:59.3980273Z"" sourceHealthServiceId=""a0cf1214-78a1-4446-8ef1-04b39ec9b972""><EventData xmlns=""http://schemas.microsoft.com/win/2004/08/events/event""><Data Name=""SubjectUserSid"">S-1-5-18</Data><Data Name=""SubjectUserName"">forensicsacl2$</Data><Data Name=""SubjectDomainName"">WORKGROUP</Data><Data Name=""SubjectLogonId"">0x3e7</Data><Data Name=""ClientProcessId"">448</Data><Data Name=""ClientCreationTime"">2024-06-26T16:51:48.0859236Z</Data><Data Name=""ProviderName"">Microsoft Software Key Storage Provider</Data><Data Name=""AlgorithmName"">RSA</Data><Data Name=""KeyName"">RdCertificateFactory-Key2024f55b-423d-4ea3-b5f5-7587768d42a6</Data><Data Name=""KeyType"">%%2500</Data><Data Name=""Operation"">%%2464</Data><Data Name=""ReturnCode"">0x0</Data></EventData></DataItem>",5059,"Key migration operation.  Subject: 	Security ID:		S-1-5-18 	Account Name:		forensicsacl2$ 	Account Domain:		WORKGROUP 	Logon ID:		0x3E7  Process Information: 	Process ID:		448 	Process Creation Time:	‎2024‎-‎06‎-‎26T16:51:48.085923600Z  Cryptographic Parameters: 	Provider Name:	Microsoft Software Key Storage Provider 	Algorithm Name:	RSA 	Key Name:	RdCertificateFactory-Key2024f55b-423d-4ea3-b5f5-7587768d42a6 	Key Type:	User key.  Additional Information: 	Operation:	Export of persistent cryptographic key. 	Return Code:	0x0",,,12292,"N/A",,"00000000-0000-0000-0000-000000000001","AOI-d558e95b-08c4-4c42-b17a-dd6de6332e26",Event,"/subscriptions/da2ead26-5eba-476e-90f5-13d2028a4531/resourcegroups/cloudforensics_group/providers/microsoft.compute/virtualmachines/forensicsacl2"
"d558e95b-08c4-4c42-b17a-dd6de6332e26",OpsManager,"6/26/2024, 4:52:59.398 PM","Microsoft-Windows-Security-Auditing",Security,forensicsacl2,0,Information,"<Param>S-1-5-18</Param><Param>forensicsacl2$</Param><Param>WORKGROUP</Param><Param>0x3e7</Param><Param>448</Param><Param>2024-06-26T16:51:48.0859236Z</Param><Param>Microsoft Software Key Storage Provider</Param><Param>RSA</Param><Param>RdCertificateFactory-Key2024f55b-423d-4ea3-b5f5-7587768d42a6</Param><Param>%%2500</Param><Param>%%2464</Param><Param>0x0</Param>","<DataItem Type=""System.XmlData"" time=""2024-06-26T16:52:59.3981942Z"" sourceHealthServiceId=""a0cf1214-78a1-4446-8ef1-04b39ec9b972""><EventData xmlns=""http://schemas.microsoft.com/win/2004/08/events/event""><Data Name=""SubjectUserSid"">S-1-5-18</Data><Data Name=""SubjectUserName"">forensicsacl2$</Data><Data Name=""SubjectDomainName"">WORKGROUP</Data><Data Name=""SubjectLogonId"">0x3e7</Data><Data Name=""ClientProcessId"">448</Data><Data Name=""ClientCreationTime"">2024-06-26T16:51:48.0859236Z</Data><Data Name=""ProviderName"">Microsoft Software Key Storage Provider</Data><Data Name=""AlgorithmName"">RSA</Data><Data Name=""KeyName"">RdCertificateFactory-Key2024f55b-423d-4ea3-b5f5-7587768d42a6</Data><Data Name=""KeyType"">%%2500</Data><Data Name=""Operation"">%%2464</Data><Data Name=""ReturnCode"">0x0</Data></EventData></DataItem>",5059,"Key migration operation.  Subject: 	Security ID:		S-1-5-18 	Account Name:		forensicsacl2$ 	Account Domain:		WORKGROUP 	Logon ID:		0x3E7  Process Information: 	Process ID:		448 	Process Creation Time:	‎2024‎-‎06‎-‎26T16:51:48.085923600Z  Cryptographic Parameters: 	Provider Name:	Microsoft Software Key Storage Provider 	Algorithm Name:	RSA 	Key Name:	RdCertificateFactory-Key2024f55b-423d-4ea3-b5f5-7587768d42a6 	Key Type:	User key.  Additional Information: 	Operation:	Export of persistent cryptographic key. 	Return Code:	0x0",,,12292,"N/A",,"00000000-0000-0000-0000-000000000001","AOI-d558e95b-08c4-4c42-b17a-dd6de6332e26",Event,"/subscriptions/da2ead26-5eba-476e-90f5-13d2028a4531/resourcegroups/cloudforensics_group/providers/microsoft.compute/virtualmachines/forensicsacl2"
"d558e95b-08c4-4c42-b17a-dd6de6332e26",OpsManager,"6/26/2024, 4:52:59.534 PM","Microsoft-Windows-Security-Auditing",Security,forensicsacl2,0,Information,"<Param>S-1-5-18</Param><Param>forensicsacl2$</Param><Param>WORKGROUP</Param><Param>0x3e7</Param><Param>448</Param><Param>2024-06-26T16:51:48.0859236Z</Param><Param>Microsoft Software Key Storage Provider</Param><Param>UNKNOWN</Param><Param>RdCertificateFactory-Key2024f55b-423d-4ea3-b5f5-7587768d42a6</Param><Param>%%2500</Param><Param>C:\ProgramData\Microsoft\Crypto\SystemKeys\d308963dbd49a1dcee1c094840d28318_e9afd256-1fd1-4baa-a174-1332b04491b7</Param><Param>%%2458</Param><Param>0x0</Param>","<DataItem Type=""System.XmlData"" time=""2024-06-26T16:52:59.5340608Z"" sourceHealthServiceId=""a0cf1214-78a1-4446-8ef1-04b39ec9b972""><EventData xmlns=""http://schemas.microsoft.com/win/2004/08/events/event""><Data Name=""SubjectUserSid"">S-1-5-18</Data><Data Name=""SubjectUserName"">forensicsacl2$</Data><Data Name=""SubjectDomainName"">WORKGROUP</Data><Data Name=""SubjectLogonId"">0x3e7</Data><Data Name=""ClientProcessId"">448</Data><Data Name=""ClientCreationTime"">2024-06-26T16:51:48.0859236Z</Data><Data Name=""ProviderName"">Microsoft Software Key Storage Provider</Data><Data Name=""AlgorithmName"">UNKNOWN</Data><Data Name=""KeyName"">RdCertificateFactory-Key2024f55b-423d-4ea3-b5f5-7587768d42a6</Data><Data Name=""KeyType"">%%2500</Data><Data Name=""KeyFilePath"">C:\ProgramData\Microsoft\Crypto\SystemKeys\d308963dbd49a1dcee1c094840d28318_e9afd256-1fd1-4baa-a174-1332b04491b7</Data><Data Name=""Operation"">%%2458</Data><Data Name=""ReturnCode"">0x0</Data></EventData></DataItem>",5058,"Key file operation.  Subject: 	Security ID:		S-1-5-18 	Account Name:		forensicsacl2$ 	Account Domain:		WORKGROUP 	Logon ID:		0x3E7  Process Information: 	Process ID:		448 	Process Creation Time:	‎2024‎-‎06‎-‎26T16:51:48.085923600Z  Cryptographic Parameters: 	Provider Name:	Microsoft Software Key Storage Provider 	Algorithm Name:	UNKNOWN 	Key Name:	RdCertificateFactory-Key2024f55b-423d-4ea3-b5f5-7587768d42a6 	Key Type:	User key.  Key File Operation Information: 	File Path:	C:\ProgramData\Microsoft\Crypto\SystemKeys\d308963dbd49a1dcee1c094840d28318_e9afd256-1fd1-4baa-a174-1332b04491b7 	Operation:	Read persisted key from file. 	Return Code:	0x0",,,12292,"N/A",,"00000000-0000-0000-0000-000000000001","AOI-d558e95b-08c4-4c42-b17a-dd6de6332e26",Event,"/subscriptions/da2ead26-5eba-476e-90f5-13d2028a4531/resourcegroups/cloudforensics_group/providers/microsoft.compute/virtualmachines/forensicsacl2"
"d558e95b-08c4-4c42-b17a-dd6de6332e26",OpsManager,"6/26/2024, 4:52:59.534 PM","Microsoft-Windows-Security-Auditing",Security,forensicsacl2,0,Information,"<Param>S-1-5-18</Param><Param>forensicsacl2$</Param><Param>WORKGROUP</Param><Param>0x3e7</Param><Param>Microsoft Software Key Storage Provider</Param><Param>RSA</Param><Param>RdCertificateFactory-Key2024f55b-423d-4ea3-b5f5-7587768d42a6</Param><Param>%%2500</Param><Param>%%2480</Param><Param>0x0</Param>","<DataItem Type=""System.XmlData"" time=""2024-06-26T16:52:59.5344512Z"" sourceHealthServiceId=""a0cf1214-78a1-4446-8ef1-04b39ec9b972""><EventData xmlns=""http://schemas.microsoft.com/win/2004/08/events/event""><Data Name=""SubjectUserSid"">S-1-5-18</Data><Data Name=""SubjectUserName"">forensicsacl2$</Data><Data Name=""SubjectDomainName"">WORKGROUP</Data><Data Name=""SubjectLogonId"">0x3e7</Data><Data Name=""ProviderName"">Microsoft Software Key Storage Provider</Data><Data Name=""AlgorithmName"">RSA</Data><Data Name=""KeyName"">RdCertificateFactory-Key2024f55b-423d-4ea3-b5f5-7587768d42a6</Data><Data Name=""KeyType"">%%2500</Data><Data Name=""Operation"">%%2480</Data><Data Name=""ReturnCode"">0x0</Data></EventData></DataItem>",5061,"Cryptographic operation.  Subject: 	Security ID:		S-1-5-18 	Account Name:		forensicsacl2$ 	Account Domain:		WORKGROUP 	Logon ID:		0x3E7  Cryptographic Parameters: 	Provider Name:	Microsoft Software Key Storage Provider 	Algorithm Name:	RSA 	Key Name:	RdCertificateFactory-Key2024f55b-423d-4ea3-b5f5-7587768d42a6 	Key Type:	User key.  Cryptographic Operation: 	Operation:	Open Key. 	Return Code:	0x0",,,12290,"N/A",,"00000000-0000-0000-0000-000000000001","AOI-d558e95b-08c4-4c42-b17a-dd6de6332e26",Event,"/subscriptions/da2ead26-5eba-476e-90f5-13d2028a4531/resourcegroups/cloudforensics_group/providers/microsoft.compute/virtualmachines/forensicsacl2"
"d558e95b-08c4-4c42-b17a-dd6de6332e26",OpsManager,"6/26/2024, 4:52:59.594 PM","Microsoft-Windows-Security-Auditing",Security,forensicsacl2,0,Information,"<Param>S-1-5-18</Param><Param>forensicsacl2$</Param><Param>WORKGROUP</Param><Param>0x3e7</Param><Param>448</Param><Param>2024-06-26T16:51:48.0859236Z</Param><Param>Microsoft Software Key Storage Provider</Param><Param>RSA</Param><Param>RdCertificateFactory-Key2024f55b-423d-4ea3-b5f5-7587768d42a6</Param><Param>%%2500</Param><Param>%%2464</Param><Param>0x0</Param>","<DataItem Type=""System.XmlData"" time=""2024-06-26T16:52:59.5940626Z"" sourceHealthServiceId=""a0cf1214-78a1-4446-8ef1-04b39ec9b972""><EventData xmlns=""http://schemas.microsoft.com/win/2004/08/events/event""><Data Name=""SubjectUserSid"">S-1-5-18</Data><Data Name=""SubjectUserName"">forensicsacl2$</Data><Data Name=""SubjectDomainName"">WORKGROUP</Data><Data Name=""SubjectLogonId"">0x3e7</Data><Data Name=""ClientProcessId"">448</Data><Data Name=""ClientCreationTime"">2024-06-26T16:51:48.0859236Z</Data><Data Name=""ProviderName"">Microsoft Software Key Storage Provider</Data><Data Name=""AlgorithmName"">RSA</Data><Data Name=""KeyName"">RdCertificateFactory-Key2024f55b-423d-4ea3-b5f5-7587768d42a6</Data><Data Name=""KeyType"">%%2500</Data><Data Name=""Operation"">%%2464</Data><Data Name=""ReturnCode"">0x0</Data></EventData></DataItem>",5059,"Key migration operation.  Subject: 	Security ID:		S-1-5-18 	Account Name:		forensicsacl2$ 	Account Domain:		WORKGROUP 	Logon ID:		0x3E7  Process Information: 	Process ID:		448 	Process Creation Time:	‎2024‎-‎06‎-‎26T16:51:48.085923600Z  Cryptographic Parameters: 	Provider Name:	Microsoft Software Key Storage Provider 	Algorithm Name:	RSA 	Key Name:	RdCertificateFactory-Key2024f55b-423d-4ea3-b5f5-7587768d42a6 	Key Type:	User key.  Additional Information: 	Operation:	Export of persistent cryptographic key. 	Return Code:	0x0",,,12292,"N/A",,"00000000-0000-0000-0000-000000000001","AOI-d558e95b-08c4-4c42-b17a-dd6de6332e26",Event,"/subscriptions/da2ead26-5eba-476e-90f5-13d2028a4531/resourcegroups/cloudforensics_group/providers/microsoft.compute/virtualmachines/forensicsacl2"
